spk_ver/v00/v0000	SES146	0.0156141	-0.0191965	-0.0348106
spk_ver/v00/v0001	SES002	-0.000286043	-0.0911528	-0.0908668
spk_ver/v00/v0002	SES002	-0.00720729	-0.0594799	-0.0522726
spk_ver/v00/v0003	SES002	-0.00572772	-0.0841967	-0.0784689
spk_ver/v00/v0004	SES002	0.00943176	-0.0674029	-0.0768347
spk_ver/v00/v0005	SES002	0.0116038	-0.0580314	-0.0696351
spk_ver/v00/v0006	SES002	0.0106453	-0.028465	-0.0391103
spk_ver/v00/v0007	SES002	0.00138808	-0.0863998	-0.0877879
spk_ver/v00/v0008	SES146	0.0131891	-0.0836733	-0.0968624
spk_ver/v00/v0009	SES002	0.0110887	-0.0389783	-0.050067
spk_ver/v00/v0010	SES002	0.00698709	-0.0265269	-0.033514
spk_ver/v00/v0011	SES002	0.0168174	-0.106729	-0.123547
spk_ver/v00/v0012	SES002	-0.00509232	0.0159564	0.0210487
spk_ver/v00/v0013	SES002	-0.00169309	-0.0123721	-0.010679
spk_ver/v00/v0014	SES002	0.00740821	-0.0583339	-0.0657421
spk_ver/v00/v0015	SES002	-0.0083735	-0.0442695	-0.035896
spk_ver/v00/v0016	SES275	0.0153829	-0.0281942	-0.043577
spk_ver/v00/v0017	SES002	0.0193866	-0.0488555	-0.0682421
spk_ver/v00/v0018	SES002	-0.00522168	-0.010177	-0.00495529
spk_ver/v00/v0019	SES002	0.0108648	-0.0842095	-0.0950744
spk_ver/v00/v0020	SES002	-0.00422836	-0.0771499	-0.0729215
spk_ver/v00/v0021	SES002	0.00237205	-0.0622298	-0.0646019
spk_ver/v00/v0022	SES002	0.0192825	-0.0976067	-0.116889
spk_ver/v00/v0023	SES002	0.0023905	-0.00986114	-0.0122516
spk_ver/v00/v0024	SES002	0.00520255	-0.0681272	-0.0733298
spk_ver/v00/v0025	SES002	-0.00781807	0.00363256	0.0114506
spk_ver/v00/v0026	SES002	0.017523	0.0123368	-0.00518615
spk_ver/v00/v0027	SES129	0.0345396	0.00160375	-0.0329359
spk_ver/v00/v0028	SES007	0.00679943	-0.034568	-0.0413674
spk_ver/v00/v0029	SES083	0.0156734	0.0193205	0.00364712
spk_ver/v00/v0030	SES019	0.0388731	-0.109393	-0.148266
spk_ver/v00/v0031	SES007	0.00614416	0.00227755	-0.00386661
spk_ver/v00/v0032	SES270	0.0212542	-0.0766846	-0.0979388
spk_ver/v00/v0033	SES007	0.0116859	-0.0325536	-0.0442395
spk_ver/v00/v0034	SES007	0.00795152	-0.0523418	-0.0602933
spk_ver/v00/v0035	SES007	0.00985834	0.0114319	0.00157357
spk_ver/v00/v0036	SES007	0.0063152	0.176171	0.169856
spk_ver/v00/v0037	SES007	0.0123837	-0.0429905	-0.0553742
spk_ver/v00/v0038	SES259	0.023381	0.0321232	0.00874213
spk_ver/v00/v0039	SES007	0.0102493	-0.0800826	-0.0903319
spk_ver/v00/v0040	SES007	0.0120239	-0.043415	-0.0554389
spk_ver/v00/v0041	SES007	0.0121207	-0.0596492	-0.07177
spk_ver/v00/v0042	SES007	0.00783758	-0.063971	-0.0718085
spk_ver/v00/v0043	SES007	0.015756	-0.0331985	-0.0489545
spk_ver/v00/v0044	SES007	0.00717218	-0.0277288	-0.034901
spk_ver/v00/v0045	SES007	0.00664994	0.0184672	0.0118172
spk_ver/v00/v0046	SES007	0.00723719	0.05929	0.0520528
spk_ver/v00/v0047	SES172	0.0150877	0.00349232	-0.0115954
spk_ver/v00/v0048	SES105	0.0169991	-0.00944852	-0.0264476
spk_ver/v00/v0049	SES007	0.0124193	-0.0163737	-0.028793
spk_ver/v00/v0050	SES292	0.0115735	0.0130216	0.00144813
spk_ver/v00/v0051	SES007	0.0118584	-0.0238483	-0.0357067
spk_ver/v00/v0052	SES068	0.0198855	-0.0086568	-0.0285423
spk_ver/v00/v0053	SES008	0.00740155	0.0307235	0.0233219
spk_ver/v00/v0054	SES008	0.0129249	-0.0143698	-0.0272947
spk_ver/v00/v0055	SES008	0.0208509	0.0127291	-0.00812181
spk_ver/v00/v0056	SES008	-0.00903717	-0.0688597	-0.0598225
spk_ver/v00/v0057	SES008	-0.00335004	-0.0149174	-0.0115673
spk_ver/v00/v0058	SES083	0.0194523	0.0134316	-0.00602076
spk_ver/v00/v0059	SES158	0.0264306	-0.0684004	-0.094831
spk_ver/v00/v0060	SES008	-0.0101249	-0.0605116	-0.0503867
spk_ver/v00/v0061	SES101	0.0163753	-0.0704501	-0.0868254
spk_ver/v00/v0062	SES008	0.0043053	-0.0403267	-0.044632
spk_ver/v00/v0063	SES008	-0.00145138	-0.0167659	-0.0153145
spk_ver/v00/v0064	SES117	0.0194433	0.0257229	0.00627958
spk_ver/v00/v0065	SES149	0.0213005	0.00867499	-0.0126255
spk_ver/v00/v0066	SES008	0.0152567	0.0280185	0.0127618
spk_ver/v00/v0067	SES008	0.00880703	-0.0472201	-0.0560271
spk_ver/v00/v0068	SES162	0.0199457	-0.064362	-0.0843077
spk_ver/v00/v0069	SES008	0.0176105	-0.0498048	-0.0674153
spk_ver/v00/v0070	SES008	0.0166049	-0.0474409	-0.0640457
spk_ver/v00/v0071	SES008	0.0221089	-0.0528885	-0.0749974
spk_ver/v00/v0072	SES008	0.021199	0.0160225	-0.00517656
spk_ver/v00/v0073	SES008	0.0176768	0.00932102	-0.00835583
spk_ver/v00/v0074	SES008	-0.00207566	-0.0157057	-0.01363
spk_ver/v00/v0075	SES008	-0.0118662	-0.141336	-0.12947
spk_ver/v00/v0076	SES167	0.0374547	0.0753388	0.037884
spk_ver/v00/v0077	SES008	0.0164488	0.0145258	-0.00192301
spk_ver/v00/v0078	SES177	0.0132484	0.0204899	0.00724152
spk_ver/v00/v0079	SES008	0.0262801	-0.081349	-0.107629
spk_ver/v00/v0080	SES008	0.0052448	-0.0497609	-0.0550057
spk_ver/v00/v0081	SES008	0.00980518	-0.0647496	-0.0745548
spk_ver/v00/v0082	SES008	0.01309	-0.0647365	-0.0778265
spk_ver/v00/v0083	SES008	0.00469102	-0.14543	-0.150121
spk_ver/v00/v0084	SES144	0.0260044	-0.0208262	-0.0468306
spk_ver/v00/v0085	SES008	0.02351	-0.0474531	-0.0709631
spk_ver/v00/v0086	SES008	0.0098718	0.0624282	0.0525564
spk_ver/v00/v0087	SES008	-0.00131337	-0.0665637	-0.0652503
spk_ver/v00/v0088	SES008	0.016302	-0.00365323	-0.0199552
spk_ver/v00/v0089	SES008	0.0170465	-0.0464548	-0.0635013
spk_ver/v00/v0090	SES142	0.0244958	-0.050141	-0.0746369
spk_ver/v00/v0091	SES008	0.00908146	-0.0937269	-0.102808
spk_ver/v00/v0092	SES158	0.027245	-0.0324973	-0.0597423
spk_ver/v00/v0093	SES014	0.012962	0.0179869	0.00502486
spk_ver/v00/v0094	SES014	0.0107002	-0.0724541	-0.0831542
spk_ver/v00/v0095	SES014	0.0170273	-0.00241387	-0.0194411
spk_ver/v00/v0096	SES014	0.0178453	-0.00789798	-0.0257433
spk_ver/v00/v0097	SES014	0.0118398	-0.113339	-0.125179
spk_ver/v00/v0098	SES014	0.0145447	0.0191286	0.00458398
spk_ver/v00/v0099	SES014	-0.00201917	-0.0382174	-0.0361982
spk_ver/v01/v0100	SES127	0.0146804	-0.019273	-0.0339534
spk_ver/v01/v0101	SES014	-0.0200011	-0.0558139	-0.0358128
spk_ver/v01/v0102	SES014	-0.00937644	-0.074435	-0.0650585
spk_ver/v01/v0103	SES014	0.0138124	-0.0456068	-0.0594191
spk_ver/v01/v0104	SES014	0.00532057	-0.0777186	-0.0830392
spk_ver/v01/v0105	SES014	0.00797578	-0.0411808	-0.0491566
spk_ver/v01/v0106	SES014	0.00634909	-0.103626	-0.109975
spk_ver/v01/v0107	SES014	0.00437339	-0.0717092	-0.0760826
spk_ver/v01/v0108	SES014	0.000760593	-0.0864943	-0.0872549
spk_ver/v01/v0109	SES014	0.00102311	-0.0411233	-0.0421464
spk_ver/v01/v0110	SES014	0.000475533	-0.0888205	-0.0892961
spk_ver/v01/v0111	SES014	0.0151535	-0.0455929	-0.0607464
spk_ver/v01/v0112	SES014	0.0109717	-0.0343719	-0.0453436
spk_ver/v01/v0113	SES104	0.0220381	-0.00307344	-0.0251115
spk_ver/v01/v0114	SES082	0.0200119	-0.0287425	-0.0487544
spk_ver/v01/v0115	SES087	0.0226653	-0.0101488	-0.0328141
spk_ver/v01/v0116	SES014	0.0213274	-0.0542569	-0.0755843
spk_ver/v01/v0117	SES177	0.0172398	6.98473e-05	-0.01717
spk_ver/v01/v0118	SES014	0.0089626	-0.0229536	-0.0319162
spk_ver/v01/v0119	SES014	0.0141526	-0.0444594	-0.058612
spk_ver/v01/v0120	SES014	-0.00120315	-0.0569696	-0.0557665
spk_ver/v01/v0121	SES146	0.0142363	-0.0222663	-0.0365026
spk_ver/v01/v0122	SES014	0.0314917	-0.00988324	-0.041375
spk_ver/v01/v0123	SES014	0.00789639	-0.0337665	-0.0416629
spk_ver/v01/v0124	SES014	-0.00272615	-0.0674198	-0.0646937
spk_ver/v01/v0125	SES014	0.0216197	-0.00463475	-0.0262544
spk_ver/v01/v0126	SES016	0.0202103	-0.00343261	-0.0236429
spk_ver/v01/v0127	SES016	0.0228175	-0.0179777	-0.0407952
spk_ver/v01/v0128	SES106	0.023095	-0.0480605	-0.0711555
spk_ver/v01/v0129	SES016	0.0221241	-0.0321963	-0.0543204
spk_ver/v01/v0130	SES016	0.0127019	-0.0448086	-0.0575105
spk_ver/v01/v0131	SES016	0.013158	-0.085535	-0.098693
spk_ver/v01/v0132	SES016	0.0214429	-0.012708	-0.034151
spk_ver/v01/v0133	SES016	0.0201208	-0.0381626	-0.0582834
spk_ver/v01/v0134	SES016	0.0189982	-0.0411187	-0.0601169
spk_ver/v01/v0135	SES016	0.00379518	-0.0343383	-0.0381335
spk_ver/v01/v0136	SES016	0.00151409	-0.0505213	-0.0520354
spk_ver/v01/v0137	SES007	0.0130498	-0.0935687	-0.106619
spk_ver/v01/v0138	SES016	0.0183342	-0.0110936	-0.0294278
spk_ver/v01/v0139	SES016	0.0162584	-0.0220478	-0.0383063
spk_ver/v01/v0140	SES016	0.0172229	-0.0448755	-0.0620984
spk_ver/v01/v0141	SES016	0.00655127	-0.181145	-0.187696
spk_ver/v01/v0142	SES016	0.0229555	-0.0652307	-0.0881862
spk_ver/v01/v0143	SES016	0.0159415	-0.0606226	-0.0765641
spk_ver/v01/v0144	SES016	0.00388649	-0.0505557	-0.0544422
spk_ver/v01/v0145	SES016	-0.0108522	-0.0349494	-0.0240972
spk_ver/v01/v0146	SES016	0.0129766	0.0109409	-0.00203572
spk_ver/v01/v0147	SES016	0.0217681	0.00334178	-0.0184263
spk_ver/v01/v0148	SES127	0.0203207	-0.0312828	-0.0516036
spk_ver/v01/v0149	SES016	0.015534	0.0372323	0.0216983
spk_ver/v01/v0150	SES016	0.0159184	-0.0162985	-0.032217
spk_ver/v01/v0151	SES147	0.0235061	-0.0760497	-0.0995557
spk_ver/v01/v0152	SES016	0.0157898	-0.0142477	-0.0300375
spk_ver/v01/v0153	SES104	0.0193491	-0.0235442	-0.0428933
spk_ver/v01/v0154	SES016	0.0110975	-0.0865262	-0.0976236
spk_ver/v01/v0155	SES016	0.0113238	-0.066723	-0.0780468
spk_ver/v01/v0156	SES019	0.0154572	-0.0573219	-0.0727792
spk_ver/v01/v0157	SES019	-0.0174053	-0.00121197	0.0161934
spk_ver/v01/v0158	SES019	0.021666	-0.084236	-0.105902
spk_ver/v01/v0159	SES007	0.0213447	-0.0380577	-0.0594024
spk_ver/v01/v0160	SES019	-0.0169186	-0.0322362	-0.0153176
spk_ver/v01/v0161	SES019	0.00543091	-0.10469	-0.110121
spk_ver/v01/v0162	SES019	-0.0193484	0.0212224	0.0405707
spk_ver/v01/v0163	SES189	0.0260974	0.0175782	-0.00851916
spk_ver/v01/v0164	SES019	0.00705532	-0.0381708	-0.0452262
spk_ver/v01/v0165	SES019	0.0175491	-0.179209	-0.196758
spk_ver/v01/v0166	SES019	-0.0106266	0.00663192	0.0172585
spk_ver/v01/v0167	SES019	0.00721353	-0.0489368	-0.0561503
spk_ver/v01/v0168	SES019	0.0175411	-0.0820606	-0.0996017
spk_ver/v01/v0169	SES019	-0.0510584	-0.13612	-0.0850618
spk_ver/v01/v0170	SES270	0.0190637	-0.0630062	-0.0820699
spk_ver/v01/v0171	SES019	-0.0143522	-0.0561013	-0.0417491
spk_ver/v01/v0172	SES019	-0.0147978	-0.0317187	-0.0169209
spk_ver/v01/v0173	SES206	0.0162605	-0.0581372	-0.0743976
spk_ver/v01/v0174	SES019	-0.00930963	-0.0621871	-0.0528775
spk_ver/v01/v0175	SES014	0.0331078	-0.00219378	-0.0353015
spk_ver/v01/v0176	SES019	-0.0181313	-0.0381672	-0.0200359
spk_ver/v01/v0177	SES120	0.0165507	-0.0489927	-0.0655434
spk_ver/v01/v0178	SES019	0.0223057	-0.0671025	-0.0894081
spk_ver/v01/v0179	SES019	0.00815036	-0.0423724	-0.0505228
spk_ver/v01/v0180	SES175	0.0213372	-0.000439579	-0.0217768
spk_ver/v01/v0181	SES019	-0.0185993	-0.0938954	-0.0752961
spk_ver/v01/v0182	SES019	-0.00643525	-0.0387942	-0.0323589
spk_ver/v01/v0183	SES029	0.0111089	-0.0281852	-0.0392941
spk_ver/v01/v0184	SES029	0.0145699	-0.0528621	-0.0674321
spk_ver/v01/v0185	SES029	0.0112128	-0.0835	-0.0947128
spk_ver/v01/v0186	SES068	0.0171543	-0.0366806	-0.0538348
spk_ver/v01/v0187	SES029	0.00539593	-0.0485739	-0.0539698
spk_ver/v01/v0188	SES029	0.0168888	-0.0044871	-0.0213759
spk_ver/v01/v0189	SES149	0.0134431	0.0182466	0.00480357
spk_ver/v01/v0190	SES029	0.00771507	-0.00879952	-0.0165146
spk_ver/v01/v0191	SES029	0.0175665	-0.0529235	-0.07049
spk_ver/v01/v0192	SES183	0.0156891	0.0170083	0.00131921
spk_ver/v01/v0193	SES029	0.00225858	-0.0692472	-0.0715058
spk_ver/v01/v0194	SES016	0.0181784	-0.0458645	-0.0640429
spk_ver/v01/v0195	SES029	0.00778851	-0.00693985	-0.0147284
spk_ver/v01/v0196	SES029	0.0233855	-0.0849188	-0.108304
spk_ver/v01/v0197	SES029	0.0115036	-0.0146995	-0.0262031
spk_ver/v01/v0198	SES146	0.016631	-0.0377599	-0.0543909
spk_ver/v01/v0199	SES029	0.00263587	-0.0712268	-0.0738627
spk_ver/v02/v0200	SES029	0.0091726	0.042892	0.0337194
spk_ver/v02/v0201	SES068	0.0240416	-0.00397561	-0.0280172
spk_ver/v02/v0202	SES148	0.0269983	0.0145923	-0.0124059
spk_ver/v02/v0203	SES029	0.00137365	0.054204	0.0528303
spk_ver/v02/v0204	SES029	0.0121641	-0.031849	-0.0440132
spk_ver/v02/v0205	SES060	0.0136608	-0.0178703	-0.0315311
spk_ver/v02/v0206	SES127	0.0217604	-0.00421643	-0.0259769
spk_ver/v02/v0207	SES029	0.00758497	-0.092872	-0.100457
spk_ver/v02/v0208	SES048	0.015247	-0.0750619	-0.0903089
spk_ver/v02/v0209	SES029	0.00959288	-0.0111332	-0.020726
spk_ver/v02/v0210	SES029	0.00523733	-0.00951878	-0.0147561
spk_ver/v02/v0211	SES029	0.00521359	0.00646224	0.00124865
spk_ver/v02/v0212	SES042	-0.0286268	-0.104059	-0.0754324
spk_ver/v02/v0213	SES085	0.0108522	-0.0330958	-0.043948
spk_ver/v02/v0214	SES206	0.0276169	-0.00448034	-0.0320972
spk_ver/v02/v0215	SES144	0.0210148	0.00328729	-0.0177276
spk_ver/v02/v0216	SES042	-0.00528153	-0.083717	-0.0784354
spk_ver/v02/v0217	SES042	0.00552537	-0.1932	-0.198725
spk_ver/v02/v0218	SES042	0.014126	-0.00988293	-0.0240089
spk_ver/v02/v0219	SES206	0.0121186	-0.0188434	-0.030962
spk_ver/v02/v0220	SES019	0.0382829	-0.119536	-0.157819
spk_ver/v02/v0221	SES007	0.0131012	-0.0238428	-0.036944
spk_ver/v02/v0222	SES042	0.00605712	-0.0484404	-0.0544975
spk_ver/v02/v0223	SES147	0.0222642	-0.0471207	-0.0693849
spk_ver/v02/v0224	SES105	0.0217405	-0.0396898	-0.0614303
spk_ver/v02/v0225	SES042	0.0147752	-0.0491003	-0.0638755
spk_ver/v02/v0226	SES275	0.0149997	-0.0101959	-0.0251956
spk_ver/v02/v0227	SES042	0.00182673	-0.0564505	-0.0582772
spk_ver/v02/v0228	SES042	0.000123004	-0.0112491	-0.0113721
spk_ver/v02/v0229	SES042	-0.0171538	-0.0371399	-0.0199861
spk_ver/v02/v0230	SES085	0.0144892	0.0280847	0.0135955
spk_ver/v02/v0231	SES014	0.0320416	-0.0158281	-0.0478697
spk_ver/v02/v0232	SES042	0.0135706	-0.0208711	-0.0344417
spk_ver/v02/v0233	SES048	0.00844732	-0.0373249	-0.0457723
spk_ver/v02/v0234	SES048	0.00175227	-0.0512334	-0.0529857
spk_ver/v02/v0235	SES029	0.0144577	-0.018224	-0.0326817
spk_ver/v02/v0236	SES048	0.00179099	-0.0236774	-0.0254683
spk_ver/v02/v0237	SES048	0.00868636	-0.0638277	-0.072514
spk_ver/v02/v0238	SES048	0.00310837	-0.0235551	-0.0266635
spk_ver/v02/v0239	SES060	0.0192781	0.0364719	0.0171938
spk_ver/v02/v0240	SES048	-0.00129146	-0.0506085	-0.0493171
spk_ver/v02/v0241	SES048	-0.0036178	-0.00920936	-0.00559155
spk_ver/v02/v0242	SES189	0.0227668	-0.0036416	-0.0264084
spk_ver/v02/v0243	SES162	0.0206369	-0.0123605	-0.0329974
spk_ver/v02/v0244	SES048	-0.0023502	-0.0753585	-0.0730083
spk_ver/v02/v0245	SES048	0.00170818	-0.128041	-0.129749
spk_ver/v02/v0246	SES048	0.00292461	-0.0640219	-0.0669465
spk_ver/v02/v0247	SES048	0.00606394	-0.0850334	-0.0910974
spk_ver/v02/v0248	SES226	0.0186779	-0.0112864	-0.0299644
spk_ver/v02/v0249	SES048	0.0046996	0.00704792	0.00234832
spk_ver/v02/v0250	SES048	0.0110632	-0.066125	-0.0771881
spk_ver/v02/v0251	SES048	0.0061449	-0.0377278	-0.0438727
spk_ver/v02/v0252	SES060	0.00910117	-0.00145009	-0.0105513
spk_ver/v02/v0253	SES060	0.00190692	-0.0768377	-0.0787446
spk_ver/v02/v0254	SES259	0.0168024	0.0140565	-0.00274595
spk_ver/v02/v0255	SES060	0.0103692	-0.031937	-0.0423062
spk_ver/v02/v0256	SES202	0.0209886	0.0329835	0.0119949
spk_ver/v02/v0257	SES148	0.0231478	0.0127207	-0.0104271
spk_ver/v02/v0258	SES060	-0.010133	-0.157617	-0.147484
spk_ver/v02/v0259	SES060	0.0149474	0.0250261	0.0100787
spk_ver/v02/v0260	SES060	0.00422384	-0.0140943	-0.0183181
spk_ver/v02/v0261	SES099	0.0172422	-0.0305676	-0.0478098
spk_ver/v02/v0262	SES060	0.024429	-0.0160151	-0.0404442
spk_ver/v02/v0263	SES060	0.011821	-0.00866685	-0.0204878
spk_ver/v02/v0264	SES292	0.0145864	-0.0250558	-0.0396422
spk_ver/v02/v0265	SES060	0.00782969	-0.0507248	-0.0585545
spk_ver/v02/v0266	SES060	-0.00624337	-0.0946353	-0.0883919
spk_ver/v02/v0267	SES060	-0.000450529	-0.0651622	-0.0647116
spk_ver/v02/v0268	SES060	0.0176159	-0.0394739	-0.0570898
spk_ver/v02/v0269	SES127	0.0240032	-0.0227327	-0.0467359
spk_ver/v02/v0270	SES060	-0.00213465	-0.0674007	-0.065266
spk_ver/v02/v0271	SES060	0.0175726	-0.0632414	-0.080814
spk_ver/v02/v0272	SES060	0.00872759	-0.0500307	-0.0587583
spk_ver/v02/v0273	SES087	0.0165995	-0.0352484	-0.0518479
spk_ver/v02/v0274	SES146	0.0264143	-0.00472627	-0.0311406
spk_ver/v02/v0275	SES060	0.00691189	0.028428	0.0215161
spk_ver/v02/v0276	SES002	0.029488	-0.091489	-0.120977
spk_ver/v02/v0277	SES060	0.00768247	-0.0422582	-0.0499406
spk_ver/v02/v0278	SES060	0.00210185	-0.122523	-0.124625
spk_ver/v02/v0279	SES060	0.00602215	-0.0781834	-0.0842055
spk_ver/v02/v0280	SES129	0.0241371	0.0163342	-0.00780295
spk_ver/v02/v0281	SES162	0.0228124	0.0122739	-0.0105385
spk_ver/v02/v0282	SES060	0.00949778	-0.0428408	-0.0523386
spk_ver/v02/v0283	SES060	0.0105253	0.0235949	0.0130696
spk_ver/v02/v0284	SES062	0.00709329	-0.00225836	-0.00935165
spk_ver/v02/v0285	SES062	0.00976893	-0.0434135	-0.0531824
spk_ver/v02/v0286	SES120	0.0115851	-0.0969728	-0.108558
spk_ver/v02/v0287	SES062	0.0158639	-0.0216041	-0.037468
spk_ver/v02/v0288	SES062	-0.00187921	-0.0926514	-0.0907722
spk_ver/v02/v0289	SES062	0.0154109	0.00956297	-0.00584789
spk_ver/v02/v0290	SES062	0.0193039	0.0229133	0.00360949
spk_ver/v02/v0291	SES275	0.0181021	-0.00425949	-0.0223616
spk_ver/v02/v0292	SES062	0.00765688	-0.0652036	-0.0728605
spk_ver/v02/v0293	SES062	0.0157002	0.0195586	0.00385837
spk_ver/v02/v0294	SES062	0.017574	-0.106762	-0.124336
spk_ver/v02/v0295	SES062	0.016033	-0.0379424	-0.0539755
spk_ver/v02/v0296	SES062	0.0119125	-0.0508116	-0.0627241
spk_ver/v02/v0297	SES062	0.00703651	0.0114381	0.00440159
spk_ver/v02/v0298	SES062	-0.00156785	-0.120877	-0.119309
spk_ver/v02/v0299	SES062	0.00922449	-0.0541545	-0.063379
spk_ver/v03/v0300	SES062	0.0103925	-0.0508906	-0.0612831
spk_ver/v03/v0301	SES062	0.0131685	0.0388203	0.0256518
spk_ver/v03/v0302	SES172	0.013091	0.0301625	0.0170715
spk_ver/v03/v0303	SES062	0.00917167	-0.0415981	-0.0507698
spk_ver/v03/v0304	SES062	0.00497204	-0.0705869	-0.075559
spk_ver/v03/v0305	SES062	0.00846479	-0.0329567	-0.0414215
spk_ver/v03/v0306	SES062	0.0169261	-0.0828246	-0.0997508
spk_ver/v03/v0307	SES062	0.00796819	-0.0637963	-0.0717645
spk_ver/v03/v0308	SES062	0.00443818	-0.0172339	-0.0216721
spk_ver/v03/v0309	SES062	0.0150283	-0.0288337	-0.043862
spk_ver/v03/v0310	SES125	0.0187562	-0.0105846	-0.0293408
spk_ver/v03/v0311	SES062	0.00337575	-0.0113767	-0.0147525
spk_ver/v03/v0312	SES062	0.000500418	-0.0317399	-0.0322403
spk_ver/v03/v0313	SES062	0.016708	-0.0664509	-0.0831589
spk_ver/v03/v0314	SES068	0.0135474	-0.0562413	-0.0697888
spk_ver/v03/v0315	SES068	0.0138554	0.00883657	-0.00501884
spk_ver/v03/v0316	SES068	0.0127682	-0.0502081	-0.0629763
spk_ver/v03/v0317	SES068	0.0115529	-0.0659664	-0.0775193
spk_ver/v03/v0318	SES068	0.00911447	-0.0415249	-0.0506394
spk_ver/v03/v0319	SES068	0.00806373	-0.121688	-0.129752
spk_ver/v03/v0320	SES068	0.0186057	-0.00364864	-0.0222543
spk_ver/v03/v0321	SES068	0.0145252	-0.0526874	-0.0672126
spk_ver/v03/v0322	SES068	0.0138229	-0.0443602	-0.0581831
spk_ver/v03/v0323	SES068	-0.00176257	-0.0222967	-0.0205341
spk_ver/v03/v0324	SES144	0.0224414	-0.0602128	-0.0826542
spk_ver/v03/v0325	SES068	0.0130152	-0.0120889	-0.0251041
spk_ver/v03/v0326	SES068	0.0165784	0.0284151	0.0118367
spk_ver/v03/v0327	SES068	0.0172425	-0.0187032	-0.0359457
spk_ver/v03/v0328	SES068	0.00956475	-0.0747467	-0.0843114
spk_ver/v03/v0329	SES068	0.0010216	-0.0172597	-0.0182813
spk_ver/v03/v0330	SES180	0.0192359	-0.0186426	-0.0378785
spk_ver/v03/v0331	SES068	0.00834746	-0.0589002	-0.0672476
spk_ver/v03/v0332	SES275	0.0135836	-0.0110897	-0.0246733
spk_ver/v03/v0333	SES062	0.0223579	-0.00224355	-0.0246015
spk_ver/v03/v0334	SES270	0.0203365	-0.0523462	-0.0726827
spk_ver/v03/v0335	SES068	0.000346985	-0.0587029	-0.0590499
spk_ver/v03/v0336	SES068	0.0137205	0.0232983	0.00957778
spk_ver/v03/v0337	SES068	0.00447071	-0.0246889	-0.0291596
spk_ver/v03/v0338	SES068	0.0103703	-0.0569187	-0.067289
spk_ver/v03/v0339	SES068	0.0131024	-0.00379245	-0.0168948
spk_ver/v03/v0340	SES068	0.0171921	-0.0173378	-0.03453
spk_ver/v03/v0341	SES016	0.0196863	-0.026156	-0.0458423
spk_ver/v03/v0342	SES068	0.0183694	-0.00596257	-0.0243319
spk_ver/v03/v0343	SES068	0.0131961	-0.0423496	-0.0555457
spk_ver/v03/v0344	SES125	0.0171468	-0.030601	-0.0477478
spk_ver/v03/v0345	SES187	0.0152218	-0.0174845	-0.0327063
spk_ver/v03/v0346	SES068	0.0108551	-0.0234557	-0.0343108
spk_ver/v03/v0347	SES143	0.0311422	-0.0482512	-0.0793933
spk_ver/v03/v0348	SES292	0.0155955	-0.0169108	-0.0325063
spk_ver/v03/v0349	SES082	0.0186503	0.00363835	-0.015012
spk_ver/v03/v0350	SES101	0.0147639	-0.00398239	-0.0187463
spk_ver/v03/v0351	SES082	0.0183824	-0.0957412	-0.114124
spk_ver/v03/v0352	SES082	0.0282384	-0.104224	-0.132462
spk_ver/v03/v0353	SES082	0.0138099	-0.0275624	-0.0413723
spk_ver/v03/v0354	SES082	-0.000929609	-0.129492	-0.128563
spk_ver/v03/v0355	SES083	0.0207731	-0.00233367	-0.0231068
spk_ver/v03/v0356	SES082	0.00762005	-0.0669044	-0.0745245
spk_ver/v03/v0357	SES082	0.000541659	-0.0300344	-0.0305761
spk_ver/v03/v0358	SES082	0.0215205	-0.0420998	-0.0636204
spk_ver/v03/v0359	SES117	0.0229876	-0.0524761	-0.0754637
spk_ver/v03/v0360	SES082	-0.000759047	0.0368616	0.0376206
spk_ver/v03/v0361	SES082	0.00798947	0.0380842	0.0300947
spk_ver/v03/v0362	SES007	0.010905	-0.0164182	-0.0273232
spk_ver/v03/v0363	SES082	0.00392043	-0.051512	-0.0554324
spk_ver/v03/v0364	SES019	0.0330215	-0.0604143	-0.0934358
spk_ver/v03/v0365	SES082	0.0166195	-0.0812437	-0.0978633
spk_ver/v03/v0366	SES226	0.0183079	-0.0568281	-0.0751361
spk_ver/v03/v0367	SES167	0.0365442	0.0584312	0.021887
spk_ver/v03/v0368	SES082	0.00259186	-0.0380825	-0.0406744
spk_ver/v03/v0369	SES042	0.0286695	0.01084	-0.0178295
spk_ver/v03/v0370	SES042	0.0244569	-0.0464123	-0.0708693
spk_ver/v03/v0371	SES082	0.00999935	-0.0383976	-0.0483969
spk_ver/v03/v0372	SES082	0.00794925	-0.111793	-0.119742
spk_ver/v03/v0373	SES082	0.00731083	-0.0103455	-0.0176564
spk_ver/v03/v0374	SES083	0.014317	0.00993814	-0.00437887
spk_ver/v03/v0375	SES292	0.0162763	-0.00900862	-0.0252849
spk_ver/v03/v0376	SES083	0.0166498	-0.00701706	-0.0236668
spk_ver/v03/v0377	SES083	0.00959291	-0.125889	-0.135482
spk_ver/v03/v0378	SES083	0.0171869	-0.00579366	-0.0229805
spk_ver/v03/v0379	SES083	0.0205992	0.0264297	0.0058305
spk_ver/v03/v0380	SES083	0.0103797	-0.00522891	-0.0156086
spk_ver/v03/v0381	SES083	0.00652975	-0.00867828	-0.015208
spk_ver/v03/v0382	SES148	0.00861336	-0.000289718	-0.00890308
spk_ver/v03/v0383	SES083	0.0142649	0.0122809	-0.00198398
spk_ver/v03/v0384	SES226	0.0221531	-0.082541	-0.104694
spk_ver/v03/v0385	SES226	0.0141267	-0.0313703	-0.045497
spk_ver/v03/v0386	SES087	0.0178692	-0.038702	-0.0565711
spk_ver/v03/v0387	SES029	0.0195532	-0.0356207	-0.0551739
spk_ver/v03/v0388	SES147	0.0126859	-0.0623114	-0.0749972
spk_ver/v03/v0389	SES083	0.0108512	-0.068032	-0.0788832
spk_ver/v03/v0390	SES189	0.024254	0.0074601	-0.0167939
spk_ver/v03/v0391	SES083	0.0109506	-0.052029	-0.0629796
spk_ver/v03/v0392	SES083	0.0119418	0.0113579	-0.000583832
spk_ver/v03/v0393	SES083	0.0118227	-0.0192036	-0.0310264
spk_ver/v03/v0394	SES083	0.00756267	-0.101928	-0.10949
spk_ver/v03/v0395	SES083	0.00895546	-0.0483011	-0.0572566
spk_ver/v03/v0396	SES014	0.0282154	0.00867813	-0.0195373
spk_ver/v03/v0397	SES085	0.0179342	-0.0060656	-0.0239998
spk_ver/v03/v0398	SES085	0.014672	0.00750783	-0.00716419
spk_ver/v03/v0399	SES085	0.00436118	-0.0578172	-0.0621783
spk_ver/v04/v0400	SES106	0.0304132	-0.0175985	-0.0480117
spk_ver/v04/v0401	SES085	0.0133775	-0.0639526	-0.0773301
spk_ver/v04/v0402	SES085	-0.0274189	-0.147861	-0.120442
spk_ver/v04/v0403	SES085	0.0136044	-0.0126263	-0.0262307
spk_ver/v04/v0404	SES180	0.0135489	-0.0590294	-0.0725783
spk_ver/v04/v0405	SES129	0.0209058	0.0383792	0.0174734
spk_ver/v04/v0406	SES085	0.00925548	-0.108507	-0.117762
spk_ver/v04/v0407	SES146	0.0142812	-0.0168333	-0.0311146
spk_ver/v04/v0408	SES085	0.0132158	0.0181111	0.00489537
spk_ver/v04/v0409	SES085	0.015078	-0.066832	-0.08191
spk_ver/v04/v0410	SES085	0.00967679	-0.0273887	-0.0370655
spk_ver/v04/v0411	SES292	0.0139278	-0.0191171	-0.0330449
spk_ver/v04/v0412	SES085	0.00776014	0.00841773	0.000657591
spk_ver/v04/v0413	SES125	0.00612855	-0.061789	-0.0679175
spk_ver/v04/v0414	SES085	0.0137935	-0.06909	-0.0828834
spk_ver/v04/v0415	SES085	0.0136307	-0.00711817	-0.0207488
spk_ver/v04/v0416	SES085	0.0126501	-0.0115671	-0.0242172
spk_ver/v04/v0417	SES062	0.0181244	0.0149501	-0.00317428
spk_ver/v04/v0418	SES060	0.0242289	-0.0188349	-0.0430638
spk_ver/v04/v0419	SES085	0.00896017	-0.0677555	-0.0767157
spk_ver/v04/v0420	SES085	0.0273117	-0.0984713	-0.125783
spk_ver/v04/v0421	SES085	-3.68878e-05	-0.0828946	-0.0828578
spk_ver/v04/v0422	SES085	0.0122953	-0.0390195	-0.0513148
spk_ver/v04/v0423	SES085	0.00521778	-0.0635747	-0.0687925
spk_ver/v04/v0424	SES085	-0.000956118	-0.108437	-0.107481
spk_ver/v04/v0425	SES183	0.0135027	-0.0235511	-0.0370539
spk_ver/v04/v0426	SES085	0.0118918	-0.0475612	-0.059453
spk_ver/v04/v0427	SES087	0.0054901	-0.0774642	-0.0829543
spk_ver/v04/v0428	SES162	0.0168965	-0.0299043	-0.0468008
spk_ver/v04/v0429	SES087	0.0089507	-0.0046822	-0.0136329
spk_ver/v04/v0430	SES087	0.00252786	-0.0388109	-0.0413388
spk_ver/v04/v0431	SES087	-0.00549101	-0.0462415	-0.0407505
spk_ver/v04/v0432	SES087	0.0210462	-0.026545	-0.0475913
spk_ver/v04/v0433	SES087	0.00192033	-0.00937206	-0.0112924
spk_ver/v04/v0434	SES142	0.0208383	-0.0276075	-0.0484458
spk_ver/v04/v0435	SES087	-0.0149643	-0.0737383	-0.058774
spk_ver/v04/v0436	SES099	0.017018	-0.0199837	-0.0370017
spk_ver/v04/v0437	SES087	-0.00187044	-0.0249654	-0.023095
spk_ver/v04/v0438	SES087	0.010772	0.00100833	-0.00976371
spk_ver/v04/v0439	SES087	0.00531959	-0.0397626	-0.0450822
spk_ver/v04/v0440	SES087	0.00282514	-0.0279136	-0.0307387
spk_ver/v04/v0441	SES087	-0.0121377	-0.0767129	-0.0645752
spk_ver/v04/v0442	SES187	0.0226397	-0.0250315	-0.0476712
spk_ver/v04/v0443	SES172	0.0192645	-0.0353418	-0.0546064
spk_ver/v04/v0444	SES087	0.00834725	-0.0410799	-0.0494271
spk_ver/v04/v0445	SES087	-0.0203131	-0.0594226	-0.0391096
spk_ver/v04/v0446	SES087	0.0118204	-0.0457664	-0.0575868
spk_ver/v04/v0447	SES087	-0.00793489	-0.0630537	-0.0551188
spk_ver/v04/v0448	SES106	0.0174478	-0.0641653	-0.0816131
spk_ver/v04/v0449	SES146	0.0175454	-0.0479787	-0.0655241
spk_ver/v04/v0450	SES087	-0.0235304	-0.107617	-0.084087
spk_ver/v04/v0451	SES087	0.00590661	-0.0838706	-0.0897772
spk_ver/v04/v0452	SES007	0.0154484	-0.0667627	-0.082211
spk_ver/v04/v0453	SES087	0.00909371	-0.0956886	-0.104782
spk_ver/v04/v0454	SES087	-0.00553206	-0.0434322	-0.0379002
spk_ver/v04/v0455	SES180	0.0150337	-0.023901	-0.0389347
spk_ver/v04/v0456	SES099	0.010626	-0.0297788	-0.0404047
spk_ver/v04/v0457	SES042	0.033386	-0.0154858	-0.0488718
spk_ver/v04/v0458	SES099	0.00800863	-0.0853403	-0.0933489
spk_ver/v04/v0459	SES099	-0.00622558	-0.0120743	-0.00584873
spk_ver/v04/v0460	SES099	0.00255368	0.0116661	0.00911241
spk_ver/v04/v0461	SES099	-0.0111457	-0.0528335	-0.0416878
spk_ver/v04/v0462	SES082	0.0190125	0.000628289	-0.0183842
spk_ver/v04/v0463	SES099	0.0191921	-0.0266351	-0.0458272
spk_ver/v04/v0464	SES099	0.0119259	-0.0229518	-0.0348777
spk_ver/v04/v0465	SES099	-0.00443595	-0.0314448	-0.0270089
spk_ver/v04/v0466	SES099	0.0109937	-0.0327844	-0.043778
spk_ver/v04/v0467	SES099	0.0108998	-0.0495283	-0.0604281
spk_ver/v04/v0468	SES129	0.0247729	0.021141	-0.00363188
spk_ver/v04/v0469	SES101	0.0268627	-0.0052803	-0.032143
spk_ver/v04/v0470	SES099	0.00779462	-0.0540148	-0.0618094
spk_ver/v04/v0471	SES172	0.0135123	-0.00867886	-0.0221911
spk_ver/v04/v0472	SES099	0.0170961	-0.00890907	-0.0260051
spk_ver/v04/v0473	SES270	0.0170921	0.0149371	-0.00215503
spk_ver/v04/v0474	SES099	-0.0187425	0.0160362	0.0347787
spk_ver/v04/v0475	SES099	0.0100942	0.0528474	0.0427533
spk_ver/v04/v0476	SES099	-0.00397955	-0.162684	-0.158704
spk_ver/v04/v0477	SES002	0.0158814	-0.0515226	-0.067404
spk_ver/v04/v0478	SES099	0.0215496	-0.0165431	-0.0380928
spk_ver/v04/v0479	SES007	0.016408	-0.0527905	-0.0691985
spk_ver/v04/v0480	SES101	0.0167415	-0.0609236	-0.0776651
spk_ver/v04/v0481	SES101	-0.000673857	-0.0459863	-0.0453124
spk_ver/v04/v0482	SES175	0.0216084	-0.0259846	-0.0475929
spk_ver/v04/v0483	SES101	-0.000373945	-0.0959084	-0.0955344
spk_ver/v04/v0484	SES101	0.00988234	-0.0266231	-0.0365054
spk_ver/v04/v0485	SES101	0.00619083	-0.0271999	-0.0333907
spk_ver/v04/v0486	SES101	0.0111819	-0.0870365	-0.0982183
spk_ver/v04/v0487	SES101	0.00357227	-0.0293952	-0.0329674
spk_ver/v04/v0488	SES101	0.0112046	-0.107835	-0.11904
spk_ver/v04/v0489	SES147	0.0159038	-0.0973817	-0.113286
spk_ver/v04/v0490	SES085	0.0215144	-0.0294054	-0.0509198
spk_ver/v04/v0491	SES101	0.00285725	-0.0772437	-0.0801009
spk_ver/v04/v0492	SES101	0.0135366	-0.0533397	-0.0668764
spk_ver/v04/v0493	SES101	-0.00154331	-0.0550079	-0.0534646
spk_ver/v04/v0494	SES101	0.00195087	-0.0394296	-0.0413805
spk_ver/v04/v0495	SES101	0.00812356	0.0564924	0.0483689
spk_ver/v04/v0496	SES101	0.00946204	0.0237693	0.0143072
spk_ver/v04/v0497	SES014	0.0308269	-0.0106969	-0.0415238
spk_ver/v04/v0498	SES101	0.00893341	0.00396513	-0.00496827
spk_ver/v04/v0499	SES101	0.0027228	0.00795825	0.00523545
spk_ver/v05/v0500	SES085	0.0208411	-0.00423622	-0.0250774
spk_ver/v05/v0501	SES101	0.0086748	-0.0694598	-0.0781346
spk_ver/v05/v0502	SES275	0.0170563	-0.00589241	-0.0229487
spk_ver/v05/v0503	SES117	0.0266647	-0.0469223	-0.073587
spk_ver/v05/v0504	SES101	0.0116564	-0.00691224	-0.0185686
spk_ver/v05/v0505	SES101	0.00237273	-0.0690038	-0.0713765
spk_ver/v05/v0506	SES101	-0.000661895	-0.0574809	-0.056819
spk_ver/v05/v0507	SES048	0.0187106	-0.00193447	-0.0206451
spk_ver/v05/v0508	SES117	0.0233536	-0.0964488	-0.119802
spk_ver/v05/v0509	SES202	0.0288978	-0.019911	-0.0488088
spk_ver/v05/v0510	SES104	0.000687025	-0.10017	-0.100857
spk_ver/v05/v0511	SES008	0.0266809	-0.0505437	-0.0772247
spk_ver/v05/v0512	SES104	0.0210065	-0.07453	-0.0955364
spk_ver/v05/v0513	SES104	-0.000262611	-0.0395807	-0.0393181
spk_ver/v05/v0514	SES104	-0.00799379	0.0176329	0.0256267
spk_ver/v05/v0515	SES104	-0.00215326	-0.0727143	-0.0705611
spk_ver/v05/v0516	SES104	0.0124388	-0.0639438	-0.0763826
spk_ver/v05/v0517	SES060	0.0139182	0.0174255	0.00350734
spk_ver/v05/v0518	SES104	0.00779149	-0.0386762	-0.0464677
spk_ver/v05/v0519	SES104	-0.00510949	-0.0702066	-0.0650971
spk_ver/v05/v0520	SES104	0.00709093	-0.0584477	-0.0655386
spk_ver/v05/v0521	SES008	0.0203905	-0.0209933	-0.0413837
spk_ver/v05/v0522	SES068	0.015467	-0.0484587	-0.0639257
spk_ver/v05/v0523	SES087	0.0182052	0.00264367	-0.0155615
spk_ver/v05/v0524	SES104	0.00869674	-0.094912	-0.103609
spk_ver/v05/v0525	SES104	0.0161769	-0.111085	-0.127262
spk_ver/v05/v0526	SES104	0.007312	-0.0277876	-0.0350996
spk_ver/v05/v0527	SES083	0.0120984	-0.00315289	-0.0152513
spk_ver/v05/v0528	SES148	0.0259081	0.00865292	-0.0172552
spk_ver/v05/v0529	SES104	0.00956583	-0.0899908	-0.0995566
spk_ver/v05/v0530	SES104	0.000191499	-0.0501065	-0.050298
spk_ver/v05/v0531	SES125	0.0197291	-0.0559954	-0.0757245
spk_ver/v05/v0532	SES104	-0.00959307	-0.0985315	-0.0889384
spk_ver/v05/v0533	SES149	0.010753	-0.0210432	-0.0317962
spk_ver/v05/v0534	SES104	-0.00369259	-0.00577286	-0.00208026
spk_ver/v05/v0535	SES187	0.0167127	-0.0277778	-0.0444905
spk_ver/v05/v0536	SES104	0.0054772	-0.0984119	-0.103889
spk_ver/v05/v0537	SES104	0.000378527	-0.0927042	-0.0930827
spk_ver/v05/v0538	SES167	0.0349111	0.0068784	-0.0280327
spk_ver/v05/v0539	SES104	0.0137591	-0.0827075	-0.0964666
spk_ver/v05/v0540	SES104	-0.00046262	0.00227319	0.00273581
spk_ver/v05/v0541	SES183	0.00998977	-0.0666483	-0.0766381
spk_ver/v05/v0542	SES104	0.0147803	-0.0604498	-0.0752301
spk_ver/v05/v0543	SES104	0.00668305	-0.035081	-0.041764
spk_ver/v05/v0544	SES105	-0.0129163	-0.107949	-0.0950328
spk_ver/v05/v0545	SES105	8.14199e-05	-0.073365	-0.0734465
spk_ver/v05/v0546	SES105	0.00708982	-0.0740198	-0.0811097
spk_ver/v05/v0547	SES105	-0.00991281	-0.0405615	-0.0306487
spk_ver/v05/v0548	SES019	0.0383164	-0.103243	-0.141559
spk_ver/v05/v0549	SES105	-0.00504233	-0.0289838	-0.0239415
spk_ver/v05/v0550	SES105	0.00123093	-0.0407902	-0.0420212
spk_ver/v05/v0551	SES202	0.0194784	-0.0761285	-0.095607
spk_ver/v05/v0552	SES105	-0.0134323	-0.0898936	-0.0764613
spk_ver/v05/v0553	SES105	0.00570889	-0.0285393	-0.0342482
spk_ver/v05/v0554	SES105	0.00514744	0.0302292	0.0250818
spk_ver/v05/v0555	SES105	0.00133483	-0.0741465	-0.0754814
spk_ver/v05/v0556	SES082	0.0186905	-0.0836245	-0.102315
spk_ver/v05/v0557	SES105	0.00164006	-0.0354836	-0.0371236
spk_ver/v05/v0558	SES014	0.0279245	-0.0131964	-0.0411208
spk_ver/v05/v0559	SES105	0.00778756	0.00723133	-0.000556224
spk_ver/v05/v0560	SES177	0.0141019	0.0203753	0.00627333
spk_ver/v05/v0561	SES189	0.0198976	-0.140401	-0.160299
spk_ver/v05/v0562	SES105	0.00278635	-0.0217242	-0.0245105
spk_ver/v05/v0563	SES099	0.00841933	-0.110942	-0.119361
spk_ver/v05/v0564	SES105	-0.00755383	-0.0269442	-0.0193904
spk_ver/v05/v0565	SES105	0.00392025	-0.0402047	-0.044125
spk_ver/v05/v0566	SES105	-0.00575746	-0.0415719	-0.0358145
spk_ver/v05/v0567	SES142	0.0231391	-0.0155323	-0.0386714
spk_ver/v05/v0568	SES048	0.011915	-0.0204843	-0.0323993
spk_ver/v05/v0569	SES105	0.00334794	-0.0292072	-0.0325552
spk_ver/v05/v0570	SES105	0.00335381	-0.0536698	-0.0570236
spk_ver/v05/v0571	SES105	-0.00875962	-0.0831868	-0.0744272
spk_ver/v05/v0572	SES105	0.00169988	-0.0771652	-0.0788651
spk_ver/v05/v0573	SES105	-0.00273007	-0.0865932	-0.0838631
spk_ver/v05/v0574	SES105	0.0132151	0.0172483	0.00403321
spk_ver/v05/v0575	SES105	0.0104773	-0.0377279	-0.0482052
spk_ver/v05/v0576	SES106	0.002525	-0.0563023	-0.0588273
spk_ver/v05/v0577	SES106	0.00627554	-0.0384556	-0.0447311
spk_ver/v05/v0578	SES106	0.0165252	-0.0384873	-0.0550124
spk_ver/v05/v0579	SES106	-0.00627116	-0.080442	-0.0741708
spk_ver/v05/v0580	SES106	0.00982422	0.016769	0.00694483
spk_ver/v05/v0581	SES106	-0.00782288	-0.0323585	-0.0245357
spk_ver/v05/v0582	SES106	0.0148477	-0.104459	-0.119306
spk_ver/v05/v0583	SES106	0.00628159	0.0282633	0.0219817
spk_ver/v05/v0584	SES106	-0.0149878	-0.0509864	-0.0359987
spk_ver/v05/v0585	SES106	0.00468144	-0.172899	-0.177581
spk_ver/v05/v0586	SES106	-0.00518078	-0.0309218	-0.0257411
spk_ver/v05/v0587	SES106	0.0035616	-0.047061	-0.0506226
spk_ver/v05/v0588	SES106	-0.00863136	-0.000834812	0.00779655
spk_ver/v05/v0589	SES106	-0.0093254	-0.0267384	-0.017413
spk_ver/v05/v0590	SES082	0.0157906	-0.0612672	-0.0770577
spk_ver/v05/v0591	SES180	0.017077	-0.0219336	-0.0390107
spk_ver/v05/v0592	SES106	0.0189814	-0.0769501	-0.0959315
spk_ver/v05/v0593	SES106	-0.0131537	-0.0790271	-0.0658733
spk_ver/v05/v0594	SES292	0.0143449	-0.00899423	-0.0233391
spk_ver/v05/v0595	SES106	0.000597328	-0.0352182	-0.0358155
spk_ver/v05/v0596	SES106	-0.00752849	-0.00685712	0.000671367
spk_ver/v05/v0597	SES106	-0.0133084	-0.102209	-0.0889006
spk_ver/v05/v0598	SES042	0.0173417	-0.0734773	-0.090819
spk_ver/v05/v0599	SES106	-0.0172631	-0.102382	-0.0851186
spk_ver/v06/v0600	SES106	0.0197257	-0.0451963	-0.064922
spk_ver/v06/v0601	SES106	0.0143618	-0.0459922	-0.0603541
spk_ver/v06/v0602	SES106	0.000650808	-0.0484573	-0.0491081
spk_ver/v06/v0603	SES106	-0.0200486	-0.0761235	-0.0560749
spk_ver/v06/v0604	SES106	-0.0114376	-0.0381068	-0.0266692
spk_ver/v06/v0605	SES106	0.00297773	-0.0383962	-0.0413739
spk_ver/v06/v0606	SES048	0.0210433	0.0291754	0.00813209
spk_ver/v06/v0607	SES167	0.044227	0.0656628	0.0214358
spk_ver/v06/v0608	SES106	0.00547661	-0.0380936	-0.0435702
spk_ver/v06/v0609	SES143	0.018561	-0.0349561	-0.0535171
spk_ver/v06/v0610	SES106	-0.00896713	-0.0291429	-0.0201758
spk_ver/v06/v0611	SES106	-0.0130566	-0.0198446	-0.00678795
spk_ver/v06/v0612	SES106	-0.0279701	-0.0536768	-0.0257066
spk_ver/v06/v0613	SES117	0.00243064	-0.0360022	-0.0384328
spk_ver/v06/v0614	SES117	-0.003633	-0.0570765	-0.0534435
spk_ver/v06/v0615	SES117	0.0178159	-0.0395381	-0.057354
spk_ver/v06/v0616	SES106	0.0288124	-0.00947882	-0.0382912
spk_ver/v06/v0617	SES142	0.0259002	-0.0735965	-0.0994967
spk_ver/v06/v0618	SES048	0.0237596	0.0425235	0.0187639
spk_ver/v06/v0619	SES175	0.0240218	-0.0310082	-0.05503
spk_ver/v06/v0620	SES180	0.02051	0.018855	-0.00165508
spk_ver/v06/v0621	SES117	0.0158226	-0.0501442	-0.0659667
spk_ver/v06/v0622	SES029	0.0176335	-0.027888	-0.0455215
spk_ver/v06/v0623	SES117	0.0222314	-0.0398556	-0.062087
spk_ver/v06/v0624	SES117	0.00568002	-0.0622791	-0.0679591
spk_ver/v06/v0625	SES117	-0.000625841	-0.062732	-0.0621061
spk_ver/v06/v0626	SES106	0.0247015	-0.0119206	-0.0366221
spk_ver/v06/v0627	SES226	0.020729	-0.0116321	-0.0323611
spk_ver/v06/v0628	SES117	0.0217501	0.00550781	-0.0162423
spk_ver/v06/v0629	SES117	0.0035568	0.0501109	0.0465541
spk_ver/v06/v0630	SES117	0.00264125	-0.0243622	-0.0270034
spk_ver/v06/v0631	SES117	0.00931513	-0.0853766	-0.0946917
spk_ver/v06/v0632	SES117	0.0148453	-0.00530969	-0.020155
spk_ver/v06/v0633	SES099	0.0151526	-0.0857963	-0.100949
spk_ver/v06/v0634	SES105	0.0262014	-0.00816454	-0.034366
spk_ver/v06/v0635	SES167	0.0227145	-0.00952118	-0.0322356
spk_ver/v06/v0636	SES117	0.0296138	-0.0367592	-0.066373
spk_ver/v06/v0637	SES202	0.0243725	0.00641913	-0.0179534
spk_ver/v06/v0638	SES117	0.011806	0.0202848	0.00847886
spk_ver/v06/v0639	SES167	0.027951	0.0314718	0.00352083
spk_ver/v06/v0640	SES117	0.018355	-0.0321548	-0.0505098
spk_ver/v06/v0641	SES117	0.0128023	-0.0436175	-0.0564197
spk_ver/v06/v0642	SES101	0.0216721	0.0120215	-0.00965063
spk_ver/v06/v0643	SES068	0.0118809	-0.0610465	-0.0729273
spk_ver/v06/v0644	SES120	0.013242	-0.0829822	-0.0962242
spk_ver/v06/v0645	SES120	0.00816924	-1.05347e-06	-0.00817029
spk_ver/v06/v0646	SES172	0.0177874	-0.025706	-0.0434934
spk_ver/v06/v0647	SES120	0.0103711	-0.0399761	-0.0503473
spk_ver/v06/v0648	SES120	0.00965683	0.00355768	-0.00609915
spk_ver/v06/v0649	SES120	0.0148262	-0.0697679	-0.0845942
spk_ver/v06/v0650	SES087	0.0177648	-0.0319841	-0.0497489
spk_ver/v06/v0651	SES120	0.0137817	-0.0446063	-0.0583881
spk_ver/v06/v0652	SES104	0.0217728	-0.0159492	-0.037722
spk_ver/v06/v0653	SES129	0.0213595	0.0599763	0.0386168
spk_ver/v06/v0654	SES120	0.0154756	0.0214769	0.00600138
spk_ver/v06/v0655	SES120	0.0121559	-0.126263	-0.138419
spk_ver/v06/v0656	SES120	0.00404278	0.00671315	0.00267037
spk_ver/v06/v0657	SES147	0.0163161	0.00425636	-0.0120597
spk_ver/v06/v0658	SES120	0.0120298	-0.0749675	-0.0869973
spk_ver/v06/v0659	SES120	0.011463	-0.0137344	-0.0251974
spk_ver/v06/v0660	SES120	0.00908126	-0.0202436	-0.0293249
spk_ver/v06/v0661	SES120	0.0103239	-0.0490628	-0.0593867
spk_ver/v06/v0662	SES120	0.013149	-0.00727081	-0.0204198
spk_ver/v06/v0663	SES120	0.0103621	-0.0695869	-0.079949
spk_ver/v06/v0664	SES147	0.018062	-0.0282678	-0.0463298
spk_ver/v06/v0665	SES162	0.016464	-0.0300971	-0.0465611
spk_ver/v06/v0666	SES120	0.0110521	-0.0133742	-0.0244262
spk_ver/v06/v0667	SES120	0.0142113	-0.0235779	-0.0377893
spk_ver/v06/v0668	SES120	0.0169259	-0.0546689	-0.0715948
spk_ver/v06/v0669	SES142	0.0379578	-0.00712123	-0.045079
spk_ver/v06/v0670	SES106	0.0215818	-0.0567203	-0.0783021
spk_ver/v06/v0671	SES183	0.0190433	-0.0357855	-0.0548288
spk_ver/v06/v0672	SES120	0.0171356	-0.059083	-0.0762185
spk_ver/v06/v0673	SES029	0.0235563	-0.0685187	-0.092075
spk_ver/v06/v0674	SES120	0.0108582	-0.0902263	-0.101084
spk_ver/v06/v0675	SES008	0.0285938	-0.0486332	-0.077227
spk_ver/v06/v0676	SES125	-0.00235173	-0.105746	-0.103394
spk_ver/v06/v0677	SES143	0.0223908	-0.0386731	-0.0610639
spk_ver/v06/v0678	SES125	-0.00249667	-0.0603038	-0.0578071
spk_ver/v06/v0679	SES162	0.01228	-0.0289886	-0.0412687
spk_ver/v06/v0680	SES125	0.00130743	-0.0390542	-0.0403617
spk_ver/v06/v0681	SES125	0.00713597	-0.10642	-0.113556
spk_ver/v06/v0682	SES125	0.00795754	-0.00140178	-0.00935931
spk_ver/v06/v0683	SES226	0.014731	-0.031669	-0.0463999
spk_ver/v06/v0684	SES125	0.00268795	-0.076117	-0.0788049
spk_ver/v06/v0685	SES125	0.00176603	-0.0381396	-0.0399056
spk_ver/v06/v0686	SES120	0.0120092	-0.00534907	-0.0173582
spk_ver/v06/v0687	SES125	0.00897153	-0.0896539	-0.0986255
spk_ver/v06/v0688	SES158	0.0258843	-0.0784311	-0.104315
spk_ver/v06/v0689	SES125	-0.00388049	-0.0785139	-0.0746334
spk_ver/v06/v0690	SES105	0.0150291	-0.0325148	-0.0475439
spk_ver/v06/v0691	SES125	0.021962	-0.0650902	-0.0870522
spk_ver/v06/v0692	SES125	-0.00115126	-0.0388093	-0.037658
spk_ver/v06/v0693	SES180	0.020077	0.0180197	-0.00205721
spk_ver/v06/v0694	SES125	-0.00172643	-0.0471136	-0.0453871
spk_ver/v06/v0695	SES125	0.0172159	0.0334519	0.016236
spk_ver/v06/v0696	SES125	-0.0122109	-0.0348417	-0.0226308
spk_ver/v06/v0697	SES125	-0.000758927	-0.0461932	-0.0454342
spk_ver/v06/v0698	SES083	0.0161947	0.0129671	-0.00322755
spk_ver/v06/v0699	SES125	0.00376509	0.010454	0.00668894
spk_ver/v07/v0700	SES014	0.0229546	-0.0483736	-0.0713282
spk_ver/v07/v0701	SES125	-0.0178331	-0.0413237	-0.0234906
spk_ver/v07/v0702	SES127	0.0117859	-0.0293949	-0.0411807
spk_ver/v07/v0703	SES127	0.0248644	-0.0404527	-0.0653171
spk_ver/v07/v0704	SES206	0.0136195	-0.0544369	-0.0680564
spk_ver/v07/v0705	SES127	0.0149916	-0.0159113	-0.0309029
spk_ver/v07/v0706	SES127	0.0158186	0.0265526	0.010734
spk_ver/v07/v0707	SES127	0.00224691	-0.0582463	-0.0604932
spk_ver/v07/v0708	SES275	0.0151873	0.00095042	-0.0142368
spk_ver/v07/v0709	SES127	0.00558164	0.0077335	0.00215186
spk_ver/v07/v0710	SES105	0.0176991	-0.00671458	-0.0244137
spk_ver/v07/v0711	SES127	-0.0106951	-0.0607718	-0.0500767
spk_ver/v07/v0712	SES127	-0.012442	-0.069679	-0.057237
spk_ver/v07/v0713	SES127	0.0054579	-0.0590254	-0.0644833
spk_ver/v07/v0714	SES019	0.0279183	-0.163903	-0.191821
spk_ver/v07/v0715	SES127	-0.00752765	-0.102721	-0.0951931
spk_ver/v07/v0716	SES148	0.0152108	-0.000167568	-0.0153784
spk_ver/v07/v0717	SES162	0.0180103	-0.0371585	-0.0551689
spk_ver/v07/v0718	SES189	0.0262043	0.00719004	-0.0190142
spk_ver/v07/v0719	SES149	0.0102266	0.0455944	0.0353678
spk_ver/v07/v0720	SES175	0.0284805	0.0237961	-0.00468441
spk_ver/v07/v0721	SES127	0.00164069	-0.0439455	-0.0455862
spk_ver/v07/v0722	SES127	0.0228503	0.00696942	-0.0158809
spk_ver/v07/v0723	SES127	-0.00611556	-0.030893	-0.0247774
spk_ver/v07/v0724	SES127	0.00816555	0.0276028	0.0194372
spk_ver/v07/v0725	SES127	0.00725365	0.0259272	0.0186736
spk_ver/v07/v0726	SES259	0.0270905	0.0544992	0.0274087
spk_ver/v07/v0727	SES127	-0.0085451	-0.0391511	-0.030606
spk_ver/v07/v0728	SES127	0.0227021	-0.021074	-0.0437761
spk_ver/v07/v0729	SES127	0.0116473	-0.0728267	-0.0844741
spk_ver/v07/v0730	SES127	0.0128207	-0.0811779	-0.0939986
spk_ver/v07/v0731	SES129	-0.00360692	-0.0070529	-0.00344598
spk_ver/v07/v0732	SES129	0.00820202	-0.0399525	-0.0481545
spk_ver/v07/v0733	SES129	0.0171689	-0.0329047	-0.0500736
spk_ver/v07/v0734	SES129	-0.00333882	-0.0697096	-0.0663708
spk_ver/v07/v0735	SES183	0.0191593	-0.0245714	-0.0437307
spk_ver/v07/v0736	SES129	-0.00609397	-0.0763039	-0.07021
spk_ver/v07/v0737	SES129	0.0132595	-0.00124736	-0.0145068
spk_ver/v07/v0738	SES129	0.00214167	-0.0708951	-0.0730368
spk_ver/v07/v0739	SES129	-0.0112244	-0.0989672	-0.0877428
spk_ver/v07/v0740	SES167	0.0145269	0.0476216	0.0330947
spk_ver/v07/v0741	SES129	0.018456	-0.0355034	-0.0539593
spk_ver/v07/v0742	SES129	0.00417183	0.0163631	0.0121913
spk_ver/v07/v0743	SES129	0.00466755	0.0135611	0.00889359
spk_ver/v07/v0744	SES129	-0.0103304	-0.0626287	-0.0522983
spk_ver/v07/v0745	SES180	0.0237482	-0.00135811	-0.0251063
spk_ver/v07/v0746	SES129	0.00320483	-0.0331791	-0.036384
spk_ver/v07/v0747	SES292	0.0146036	0.0251118	0.0105083
spk_ver/v07/v0748	SES202	0.0236649	-0.0187774	-0.0424423
spk_ver/v07/v0749	SES270	0.0271298	-0.0670992	-0.094229
spk_ver/v07/v0750	SES129	-0.0140983	-0.0818741	-0.0677758
spk_ver/v07/v0751	SES129	0.0073439	-0.0629067	-0.0702506
spk_ver/v07/v0752	SES060	0.0174493	0.00193808	-0.0155112
spk_ver/v07/v0753	SES129	0.000559296	-0.0357452	-0.0363045
spk_ver/v07/v0754	SES129	-0.00112011	-0.0733731	-0.072253
spk_ver/v07/v0755	SES129	0.00106198	-0.0718934	-0.0729554
spk_ver/v07/v0756	SES175	0.0213368	-0.0353631	-0.0566999
spk_ver/v07/v0757	SES129	0.0186573	-0.119423	-0.138081
spk_ver/v07/v0758	SES129	-0.00582645	-0.0722869	-0.0664604
spk_ver/v07/v0759	SES129	-0.00502838	-0.0891807	-0.0841523
spk_ver/v07/v0760	SES129	0.00886278	-0.0243213	-0.0331841
spk_ver/v07/v0761	SES129	0.0078991	-0.00951932	-0.0174184
spk_ver/v07/v0762	SES172	0.0106775	-0.0629445	-0.073622
spk_ver/v07/v0763	SES129	0.000186324	-0.126821	-0.127007
spk_ver/v07/v0764	SES129	-0.000335885	-0.0216393	-0.0213034
spk_ver/v07/v0765	SES175	0.0266517	0.00212396	-0.0245277
spk_ver/v07/v0766	SES129	0.0112719	0.00634518	-0.00492673
spk_ver/v07/v0767	SES129	0.00620071	-0.0396719	-0.0458726
spk_ver/v07/v0768	SES042	0.0223272	-0.0363617	-0.0586889
spk_ver/v07/v0769	SES099	0.0249451	-0.0399432	-0.0648883
spk_ver/v07/v0770	SES142	-0.0159022	-0.0239961	-0.00809384
spk_ver/v07/v0771	SES142	-0.00163787	-0.00896933	-0.00733146
spk_ver/v07/v0772	SES101	0.016073	-0.00875724	-0.0248302
spk_ver/v07/v0773	SES142	-0.00821826	-0.132661	-0.124442
spk_ver/v07/v0774	SES142	-0.01528	-0.0688325	-0.0535525
spk_ver/v07/v0775	SES142	0.00583798	-0.0372738	-0.0431118
spk_ver/v07/v0776	SES142	-0.0092383	-0.0445649	-0.0353266
spk_ver/v07/v0777	SES142	-0.0141223	-0.00941254	0.0047098
spk_ver/v07/v0778	SES142	0.0196283	-0.0308358	-0.0504641
spk_ver/v07/v0779	SES142	-0.0103542	-0.0621302	-0.0517761
spk_ver/v07/v0780	SES142	0.00909925	-0.0718212	-0.0809205
spk_ver/v07/v0781	SES142	-0.00188721	-0.0375705	-0.0356833
spk_ver/v07/v0782	SES101	0.0210832	-0.0212949	-0.0423781
spk_ver/v07/v0783	SES142	0.00779938	0.0502323	0.0424329
spk_ver/v07/v0784	SES187	0.0177977	-0.0801623	-0.09796
spk_ver/v07/v0785	SES143	0.0248269	-0.0587024	-0.0835293
spk_ver/v07/v0786	SES142	0.00227784	-0.00296225	-0.00524009
spk_ver/v07/v0787	SES144	0.0173129	0.00593905	-0.0113739
spk_ver/v07/v0788	SES275	0.0120972	-0.00302554	-0.0151227
spk_ver/v07/v0789	SES142	-0.00264922	-0.0836544	-0.0810051
spk_ver/v07/v0790	SES099	0.0254855	-0.010775	-0.0362605
spk_ver/v07/v0791	SES142	-0.0140213	-0.119881	-0.10586
spk_ver/v07/v0792	SES142	0.00790272	-0.0179372	-0.0258399
spk_ver/v07/v0793	SES142	0.0113489	-0.0780616	-0.0894105
spk_ver/v07/v0794	SES014	0.0247157	-0.0373824	-0.0620981
spk_ver/v07/v0795	SES142	0.00245779	-0.0523785	-0.0548363
spk_ver/v07/v0796	SES142	-0.00727535	-0.0606043	-0.0533289
spk_ver/v07/v0797	SES143	0.0216303	-0.00613949	-0.0277698
spk_ver/v07/v0798	SES206	0.00952415	-0.0532177	-0.0627418
spk_ver/v07/v0799	SES143	-0.00556871	-0.0990329	-0.0934642
spk_ver/v08/v0800	SES143	0.0196245	-0.0267265	-0.046351
spk_ver/v08/v0801	SES143	0.0238297	0.0577775	0.0339478
spk_ver/v08/v0802	SES143	0.00960125	-0.0485082	-0.0581095
spk_ver/v08/v0803	SES143	0.0110516	-0.0396127	-0.0506643
spk_ver/v08/v0804	SES143	0.00551951	-0.0527258	-0.0582453
spk_ver/v08/v0805	SES143	0.00810279	-0.0262929	-0.0343957
spk_ver/v08/v0806	SES143	-0.0039575	-0.115977	-0.112019
spk_ver/v08/v0807	SES177	0.0181853	0.0054099	-0.0127754
spk_ver/v08/v0808	SES149	0.0145759	0.0303687	0.0157929
spk_ver/v08/v0809	SES143	0.00379186	-0.0202434	-0.0240353
spk_ver/v08/v0810	SES158	0.0287199	-0.0577459	-0.0864658
spk_ver/v08/v0811	SES143	-0.00274773	-0.0656913	-0.0629436
spk_ver/v08/v0812	SES062	0.016268	0.00725244	-0.00901552
spk_ver/v08/v0813	SES259	0.0221983	0.0077503	-0.014448
spk_ver/v08/v0814	SES143	-0.00161549	-0.0543982	-0.0527827
spk_ver/v08/v0815	SES143	0.00398565	-0.077773	-0.0817586
spk_ver/v08/v0816	SES143	0.0106634	-0.0157099	-0.0263734
spk_ver/v08/v0817	SES144	0.0143081	-0.014428	-0.0287361
spk_ver/v08/v0818	SES143	0.0178941	-0.00177171	-0.0196658
spk_ver/v08/v0819	SES143	-0.00811289	-0.0575806	-0.0494677
spk_ver/v08/v0820	SES143	0.0158284	-0.0206546	-0.0364831
spk_ver/v08/v0821	SES143	0.031621	-0.0225711	-0.0541921
spk_ver/v08/v0822	SES143	0.012243	-0.0725875	-0.0848305
spk_ver/v08/v0823	SES104	0.0189158	0.017428	-0.00148778
spk_ver/v08/v0824	SES143	-0.00935306	-0.0784915	-0.0691384
spk_ver/v08/v0825	SES143	0.0154634	-0.0498898	-0.0653531
spk_ver/v08/v0826	SES144	0.00434667	-0.0510981	-0.0554448
spk_ver/v08/v0827	SES144	0.0132823	-0.0264511	-0.0397334
spk_ver/v08/v0828	SES144	0.014981	-0.000711546	-0.0156926
spk_ver/v08/v0829	SES172	0.00763641	-0.0222244	-0.0298608
spk_ver/v08/v0830	SES144	0.0173159	-0.0297824	-0.0470983
spk_ver/v08/v0831	SES183	0.0184929	-0.00667958	-0.0251725
spk_ver/v08/v0832	SES144	-0.011226	-0.119806	-0.10858
spk_ver/v08/v0833	SES144	-0.00944679	-0.0263269	-0.0168801
spk_ver/v08/v0834	SES144	0.00714382	0.0120811	0.00493727
spk_ver/v08/v0835	SES144	-0.00613207	-0.0607437	-0.0546116
spk_ver/v08/v0836	SES144	0.0110375	-0.0165208	-0.0275582
spk_ver/v08/v0837	SES144	0.00666805	0.0197493	0.0130813
spk_ver/v08/v0838	SES144	-0.0102019	-0.0320061	-0.0218042
spk_ver/v08/v0839	SES085	0.0155662	-0.00342077	-0.018987
spk_ver/v08/v0840	SES144	0.0255625	0.00556149	-0.020001
spk_ver/v08/v0841	SES144	0.00809726	-0.0971714	-0.105269
spk_ver/v08/v0842	SES144	0.00330099	-0.0951439	-0.0984449
spk_ver/v08/v0843	SES144	0.0164828	-0.0228455	-0.0393284
spk_ver/v08/v0844	SES144	0.00462042	-0.0676268	-0.0722472
spk_ver/v08/v0845	SES144	0.0106607	0.00113397	-0.00952676
spk_ver/v08/v0846	SES104	0.0185575	-0.0129623	-0.0315199
spk_ver/v08/v0847	SES144	0.00887129	0.0137868	0.00491553
spk_ver/v08/v0848	SES144	0.0199104	0.0300981	0.0101877
spk_ver/v08/v0849	SES144	-0.00683207	-0.0676437	-0.0608116
spk_ver/v08/v0850	SES144	0.00262266	-0.0555111	-0.0581337
spk_ver/v08/v0851	SES144	0.0113571	-0.039702	-0.0510591
spk_ver/v08/v0852	SES144	0.0167944	0.0337497	0.0169553
spk_ver/v08/v0853	SES144	-0.0128026	-0.0485666	-0.035764
spk_ver/v08/v0854	SES144	0.0232136	-0.0452139	-0.0684275
spk_ver/v08/v0855	SES144	0.0158934	0.0101364	-0.005757
spk_ver/v08/v0856	SES082	0.0103268	-0.134949	-0.145276
spk_ver/v08/v0857	SES142	0.0270869	-0.0128927	-0.0399796
spk_ver/v08/v0858	SES144	0.0188521	-0.0599808	-0.0788328
spk_ver/v08/v0859	SES144	0.0150666	-0.0275855	-0.0426521
spk_ver/v08/v0860	SES146	-0.00563531	-0.116835	-0.1112
spk_ver/v08/v0861	SES146	0.00578587	-0.119162	-0.124947
spk_ver/v08/v0862	SES146	-0.0125	-0.118665	-0.106165
spk_ver/v08/v0863	SES146	0.0103154	-0.0635078	-0.0738232
spk_ver/v08/v0864	SES146	0.00371448	-0.0297628	-0.0334773
spk_ver/v08/v0865	SES008	0.0310566	-0.053986	-0.0850427
spk_ver/v08/v0866	SES142	0.026158	0.00156181	-0.0245962
spk_ver/v08/v0867	SES146	-0.00301111	-0.0716083	-0.0685972
spk_ver/v08/v0868	SES082	0.0182144	0.0180961	-0.000118286
spk_ver/v08/v0869	SES146	0.00345182	-0.0102415	-0.0136933
spk_ver/v08/v0870	SES146	0.000268213	-0.0893832	-0.0896514
spk_ver/v08/v0871	SES146	0.00643063	-0.0782327	-0.0846633
spk_ver/v08/v0872	SES146	0.00257694	-0.101701	-0.104278
spk_ver/v08/v0873	SES082	0.021935	0.0117082	-0.0102268
spk_ver/v08/v0874	SES146	-0.000210202	-0.012172	-0.0119618
spk_ver/v08/v0875	SES144	0.0206832	-0.0320059	-0.0526891
spk_ver/v08/v0876	SES146	0.00334178	0.0451295	0.0417877
spk_ver/v08/v0877	SES146	0.00280514	-0.124837	-0.127642
spk_ver/v08/v0878	SES146	0.0100792	-0.0436379	-0.0537171
spk_ver/v08/v0879	SES146	0.00844246	-0.0335365	-0.041979
spk_ver/v08/v0880	SES146	0.00822562	-0.103426	-0.111652
spk_ver/v08/v0881	SES143	0.0204139	-0.0262813	-0.0466952
spk_ver/v08/v0882	SES146	0.00236608	-0.0619678	-0.0643339
spk_ver/v08/v0883	SES147	0.00174561	-0.052151	-0.0538966
spk_ver/v08/v0884	SES147	0.0129478	-0.0320828	-0.0450306
spk_ver/v08/v0885	SES016	0.0283632	-0.0630726	-0.0914358
spk_ver/v08/v0886	SES147	0.0125802	-0.0642536	-0.0768338
spk_ver/v08/v0887	SES147	0.00082607	-0.027223	-0.028049
spk_ver/v08/v0888	SES147	0.00901198	-0.092872	-0.101884
spk_ver/v08/v0889	SES019	0.0198519	-0.0785705	-0.0984224
spk_ver/v08/v0890	SES147	0.0120842	-0.0216194	-0.0337036
spk_ver/v08/v0891	SES147	0.0160436	0.00892556	-0.007118
spk_ver/v08/v0892	SES147	0.0183628	-0.0453514	-0.0637142
spk_ver/v08/v0893	SES270	0.0209707	-0.121513	-0.142484
spk_ver/v08/v0894	SES029	0.0195821	-0.0492192	-0.0688013
spk_ver/v08/v0895	SES147	0.0118483	-0.0490557	-0.060904
spk_ver/v08/v0896	SES117	0.0207123	-0.0263657	-0.047078
spk_ver/v08/v0897	SES183	0.0177488	-0.0678169	-0.0855656
spk_ver/v08/v0898	SES147	-0.00346802	0.0167149	0.020183
spk_ver/v08/v0899	SES147	0.00448376	-0.101013	-0.105497
spk_ver/v09/v0900	SES087	0.016413	-0.0107573	-0.0271703
spk_ver/v09/v0901	SES147	0.00154108	-0.0866772	-0.0882182
spk_ver/v09/v0902	SES147	0.0150273	-0.0665125	-0.0815398
spk_ver/v09/v0903	SES147	0.0077479	-0.044926	-0.0526739
spk_ver/v09/v0904	SES147	0.0124835	-0.00184716	-0.0143307
spk_ver/v09/v0905	SES143	0.0208963	-0.0299311	-0.0508275
spk_ver/v09/v0906	SES149	0.0126078	0.00729411	-0.00531367
spk_ver/v09/v0907	SES148	0.00427973	0.0209499	0.0166702
spk_ver/v09/v0908	SES148	0.0108942	0.00447472	-0.00641952
spk_ver/v09/v0909	SES106	0.0234146	-0.0750014	-0.098416
spk_ver/v09/v0910	SES148	0.00825198	-0.0230938	-0.0313458
spk_ver/v09/v0911	SES148	0.00646785	-0.0606546	-0.0671224
spk_ver/v09/v0912	SES142	0.0226462	-0.0339647	-0.0566109
spk_ver/v09/v0913	SES148	0.00943026	-0.0608155	-0.0702457
spk_ver/v09/v0914	SES148	-0.00482976	-0.057751	-0.0529212
spk_ver/v09/v0915	SES148	0.0111945	-0.0367027	-0.0478972
spk_ver/v09/v0916	SES148	0.00587481	-0.0603735	-0.0662483
spk_ver/v09/v0917	SES148	0.0220151	0.020644	-0.0013712
spk_ver/v09/v0918	SES148	0.0215286	0.00637576	-0.0151528
spk_ver/v09/v0919	SES270	0.0222512	-0.0709542	-0.0932055
spk_ver/v09/v0920	SES148	0.00585563	0.000909748	-0.00494588
spk_ver/v09/v0921	SES148	-0.00626261	-0.080795	-0.0745324
spk_ver/v09/v0922	SES129	0.0190745	0.047808	0.0287334
spk_ver/v09/v0923	SES117	0.024069	0.000845532	-0.0232235
spk_ver/v09/v0924	SES042	0.0351171	-0.0704228	-0.10554
spk_ver/v09/v0925	SES148	0.00662728	-0.0732101	-0.0798373
spk_ver/v09/v0926	SES148	-0.0104133	-0.125839	-0.115425
spk_ver/v09/v0927	SES144	0.0230671	0.00598371	-0.0170834
spk_ver/v09/v0928	SES007	0.0145198	-0.0532598	-0.0677796
spk_ver/v09/v0929	SES148	0.00533942	0.00149618	-0.00384323
spk_ver/v09/v0930	SES148	0.00367634	-0.0280875	-0.0317639
spk_ver/v09/v0931	SES148	0.00509356	-0.0752717	-0.0803653
spk_ver/v09/v0932	SES202	0.0280822	0.0299967	0.00191451
spk_ver/v09/v0933	SES148	0.0132439	0.0333293	0.0200854
spk_ver/v09/v0934	SES148	0.00141111	-0.0429996	-0.0444107
spk_ver/v09/v0935	SES060	0.0241507	0.022086	-0.00206472
spk_ver/v09/v0936	SES060	0.0132847	-0.0482434	-0.0615281
spk_ver/v09/v0937	SES148	0.0122146	-0.023023	-0.0352376
spk_ver/v09/v0938	SES148	0.00831502	-0.011308	-0.019623
spk_ver/v09/v0939	SES148	0.00517262	-0.0506874	-0.05586
spk_ver/v09/v0940	SES148	0.0172359	-0.00116563	-0.0184015
spk_ver/v09/v0941	SES149	0.0111167	-0.0640304	-0.0751471
spk_ver/v09/v0942	SES149	0.000310935	-0.0433663	-0.0436772
spk_ver/v09/v0943	SES149	0.0147679	0.00875421	-0.00601369
spk_ver/v09/v0944	SES149	0.0143854	-0.048117	-0.0625024
spk_ver/v09/v0945	SES105	0.0266295	0.045904	0.0192746
spk_ver/v09/v0946	SES149	0.0177219	-0.00797265	-0.0256945
spk_ver/v09/v0947	SES149	0.0122416	0.00880615	-0.0034355
spk_ver/v09/v0948	SES149	0.00622281	-0.0105611	-0.0167839
spk_ver/v09/v0949	SES149	0.0114999	0.0325633	0.0210634
spk_ver/v09/v0950	SES226	0.0196798	-0.0210691	-0.040749
spk_ver/v09/v0951	SES149	0.0129098	0.00296671	-0.00994313
spk_ver/v09/v0952	SES149	0.00177401	-0.0835703	-0.0853443
spk_ver/v09/v0953	SES062	0.0160413	-0.0114261	-0.0274674
spk_ver/v09/v0954	SES149	0.00940317	0.00553883	-0.00386433
spk_ver/v09/v0955	SES048	0.0225387	0.0810213	0.0584826
spk_ver/v09/v0956	SES158	-0.00326205	-0.0433895	-0.0401275
spk_ver/v09/v0957	SES158	0.0169459	-0.0603149	-0.0772608
spk_ver/v09/v0958	SES158	0.00737631	-0.00189584	-0.00927215
spk_ver/v09/v0959	SES158	-0.0095355	-0.104654	-0.095118
spk_ver/v09/v0960	SES158	-0.00302085	-0.0541351	-0.0511142
spk_ver/v09/v0961	SES147	0.0129838	-0.0290291	-0.0420129
spk_ver/v09/v0962	SES158	-0.00940195	-0.0558402	-0.0464382
spk_ver/v09/v0963	SES292	0.0155863	-0.0169139	-0.0325003
spk_ver/v09/v0964	SES060	0.0123245	-0.0231195	-0.0354441
spk_ver/v09/v0965	SES002	0.0144634	-0.0552579	-0.0697213
spk_ver/v09/v0966	SES149	0.0137302	-0.00145975	-0.01519
spk_ver/v09/v0967	SES158	0.00703482	-0.053043	-0.0600778
spk_ver/v09/v0968	SES158	-0.0125697	-0.134248	-0.121678
spk_ver/v09/v0969	SES275	0.0175988	-0.022488	-0.0400867
spk_ver/v09/v0970	SES158	-0.0128229	0.0209343	0.0337572
spk_ver/v09/v0971	SES158	-0.00721827	-0.0307284	-0.0235101
spk_ver/v09/v0972	SES002	0.0206765	-0.0530074	-0.0736839
spk_ver/v09/v0973	SES158	0.000595935	-0.0642493	-0.0648452
spk_ver/v09/v0974	SES202	0.0184314	-0.0262603	-0.0446917
spk_ver/v09/v0975	SES158	-0.00740046	-0.0935795	-0.0861791
spk_ver/v09/v0976	SES158	-0.000906415	-0.0780955	-0.0771891
spk_ver/v09/v0977	SES162	0.00636759	-0.0133256	-0.0196932
spk_ver/v09/v0978	SES162	0.00715689	-0.0842048	-0.0913617
spk_ver/v09/v0979	SES162	0.0019775	-0.0694399	-0.0714174
spk_ver/v09/v0980	SES162	-0.000147752	-0.0679493	-0.0678015
spk_ver/v09/v0981	SES162	0.003189	-0.0673687	-0.0705577
spk_ver/v09/v0982	SES259	0.0181836	-0.0142612	-0.0324448
spk_ver/v09/v0983	SES162	-0.0136508	-0.181195	-0.167544
spk_ver/v09/v0984	SES162	0.00730296	0.0144349	0.00713197
spk_ver/v09/v0985	SES162	0.00992213	-0.020753	-0.0306751
spk_ver/v09/v0986	SES062	0.0148728	0.00323297	-0.0116398
spk_ver/v09/v0987	SES162	0.0140685	-0.0662114	-0.0802799
spk_ver/v09/v0988	SES162	0.0012459	-0.0236409	-0.0248868
spk_ver/v09/v0989	SES162	-0.00551521	-0.0860559	-0.0805407
spk_ver/v09/v0990	SES162	-0.00593766	0.0171284	0.0230661
spk_ver/v09/v0991	SES087	0.0188415	-0.0311132	-0.0499547
spk_ver/v09/v0992	SES120	0.0164723	-0.0713827	-0.087855
spk_ver/v09/v0993	SES162	0.0103264	-0.00700027	-0.0173267
spk_ver/v09/v0994	SES162	0.0130582	-0.0133017	-0.0263599
spk_ver/v09/v0995	SES162	0.00361537	-0.0387736	-0.0423889
spk_ver/v09/v0996	SES162	0.00562645	0.00718939	0.00156293
spk_ver/v09/v0997	SES162	0.0108331	-0.0260683	-0.0369014
spk_ver/v09/v0998	SES162	0.0145872	-0.00281809	-0.0174053
spk_ver/v09/v0999	SES162	-0.0115666	-0.0505039	-0.0389373
spk_ver/v10/v1000	SES162	-0.00331701	-0.107297	-0.10398
spk_ver/v10/v1001	SES148	0.0186641	0.00266689	-0.0159972
spk_ver/v10/v1002	SES162	0.0123327	-0.0325455	-0.0448782
spk_ver/v10/v1003	SES162	-0.00118861	-0.072713	-0.0715244
spk_ver/v10/v1004	SES162	0.00829952	-0.0771158	-0.0854153
spk_ver/v10/v1005	SES162	-0.00402829	-0.117108	-0.113079
spk_ver/v10/v1006	SES162	-9.39413e-05	0.00268012	0.00277406
spk_ver/v10/v1007	SES162	0.0115772	-0.0301944	-0.0417716
spk_ver/v10/v1008	SES162	-0.0258094	-0.16827	-0.142461
spk_ver/v10/v1009	SES162	0.00505013	0.0025546	-0.00249553
spk_ver/v10/v1010	SES167	-0.00163451	-0.00645389	-0.00481939
spk_ver/v10/v1011	SES167	0.0211584	-0.0219916	-0.04315
spk_ver/v10/v1012	SES167	0.00590107	-0.0249567	-0.0308578
spk_ver/v10/v1013	SES167	-0.0430749	-0.127178	-0.0841029
spk_ver/v10/v1014	SES167	0.00334044	0.00902181	0.00568137
spk_ver/v10/v1015	SES167	-0.000366095	-0.0390182	-0.0386521
spk_ver/v10/v1016	SES167	0.00768416	-0.0186512	-0.0263354
spk_ver/v10/v1017	SES167	0.00168546	-0.0631003	-0.0647858
spk_ver/v10/v1018	SES167	-0.00508051	-0.01478	-0.00969952
spk_ver/v10/v1019	SES167	-0.0115817	-0.0479976	-0.0364159
spk_ver/v10/v1020	SES167	-0.0283594	-0.0454501	-0.0170907
spk_ver/v10/v1021	SES167	0.0209989	-0.0379161	-0.058915
spk_ver/v10/v1022	SES167	-0.044632	-0.0929394	-0.0483074
spk_ver/v10/v1023	SES167	-0.0212995	-0.0856973	-0.0643979
spk_ver/v10/v1024	SES167	-0.0375528	-0.0830395	-0.0454867
spk_ver/v10/v1025	SES167	0.00586308	0.0157988	0.00993571
spk_ver/v10/v1026	SES167	-0.00886799	-0.0728142	-0.0639462
spk_ver/v10/v1027	SES167	0.00249732	0.0161119	0.0136146
spk_ver/v10/v1028	SES167	-0.00788918	-0.125505	-0.117616
spk_ver/v10/v1029	SES167	-0.0393826	-0.073713	-0.0343304
spk_ver/v10/v1030	SES167	-0.0111555	-0.0473894	-0.0362339
spk_ver/v10/v1031	SES167	-0.00356426	-0.0287782	-0.0252139
spk_ver/v10/v1032	SES167	0.00257342	-0.0483025	-0.0508759
spk_ver/v10/v1033	SES167	-0.0141015	-0.0550989	-0.0409974
spk_ver/v10/v1034	SES002	0.0228602	-0.0305012	-0.0533614
spk_ver/v10/v1035	SES167	0.00719175	0.00225205	-0.00493969
spk_ver/v10/v1036	SES083	0.0143697	0.00381704	-0.0105527
spk_ver/v10/v1037	SES167	-0.00190463	-0.0425816	-0.040677
spk_ver/v10/v1038	SES167	0.00685006	-0.000760436	-0.0076105
spk_ver/v10/v1039	SES167	-0.00351856	-0.0404913	-0.0369727
spk_ver/v10/v1040	SES167	-0.0283922	-0.0669663	-0.0385741
spk_ver/v10/v1041	SES167	0.0208751	0.0144896	-0.00638548
spk_ver/v10/v1042	SES087	0.0199351	-0.0473534	-0.0672885
spk_ver/v10/v1043	SES029	0.0251716	-0.0614012	-0.0865727
spk_ver/v10/v1044	SES206	0.0120968	-0.0339269	-0.0460237
spk_ver/v10/v1045	SES172	0.00811437	-0.0135448	-0.0216592
spk_ver/v10/v1046	SES172	0.0170744	0.0260727	0.00899831
spk_ver/v10/v1047	SES172	0.013957	-0.00371254	-0.0176695
spk_ver/v10/v1048	SES259	0.0101968	-0.0132867	-0.0234836
spk_ver/v10/v1049	SES172	0.00514574	-0.00563391	-0.0107796
spk_ver/v10/v1050	SES120	0.0139632	-0.0696452	-0.0836084
spk_ver/v10/v1051	SES172	0.000808127	-0.0484149	-0.049223
spk_ver/v10/v1052	SES172	0.00544802	-0.0190097	-0.0244577
spk_ver/v10/v1053	SES172	0.00673536	0.0228705	0.0161351
spk_ver/v10/v1054	SES172	-0.000602115	-0.00509601	-0.00449389
spk_ver/v10/v1055	SES189	0.00832457	-0.0596839	-0.0680084
spk_ver/v10/v1056	SES172	0.0104836	-0.0379311	-0.0484148
spk_ver/v10/v1057	SES172	0.00644227	-0.054791	-0.0612332
spk_ver/v10/v1058	SES172	0.0161885	-0.00405855	-0.020247
spk_ver/v10/v1059	SES172	0.00751374	-0.064739	-0.0722527
spk_ver/v10/v1060	SES029	0.0125201	0.0105316	-0.00198844
spk_ver/v10/v1061	SES175	-0.00679381	-0.168713	-0.161919
spk_ver/v10/v1062	SES187	0.0154246	0.0171015	0.00167692
spk_ver/v10/v1063	SES019	0.039802	-0.12989	-0.169692
spk_ver/v10/v1064	SES175	-0.0131963	-0.0397152	-0.0265188
spk_ver/v10/v1065	SES175	-0.00522037	-0.0408964	-0.0356761
spk_ver/v10/v1066	SES175	-0.0204676	-0.130632	-0.110164
spk_ver/v10/v1067	SES175	0.00367729	-0.0469791	-0.0506564
spk_ver/v10/v1068	SES175	0.00156575	-0.0754588	-0.0770245
spk_ver/v10/v1069	SES016	0.01595	-0.0651024	-0.0810524
spk_ver/v10/v1070	SES175	0.00147627	-0.0230823	-0.0245586
spk_ver/v10/v1071	SES175	0.0148465	-0.0145957	-0.0294421
spk_ver/v10/v1072	SES175	-0.00134883	-0.0194659	-0.0181171
spk_ver/v10/v1073	SES029	0.0196782	-0.0452722	-0.0649504
spk_ver/v10/v1074	SES175	0.00424367	-0.0634552	-0.0676988
spk_ver/v10/v1075	SES175	0.00897469	0.0177151	0.00874038
spk_ver/v10/v1076	SES175	0.0131376	0.0159108	0.0027732
spk_ver/v10/v1077	SES175	0.00518096	-0.0100462	-0.0152272
spk_ver/v10/v1078	SES127	0.0170092	0.0315558	0.0145467
spk_ver/v10/v1079	SES175	0.00472888	-0.043357	-0.0480859
spk_ver/v10/v1080	SES175	0.000841171	-0.0541481	-0.0549893
spk_ver/v10/v1081	SES175	-0.00296555	-0.0318375	-0.028872
spk_ver/v10/v1082	SES175	0.00584035	-0.0428735	-0.0487139
spk_ver/v10/v1083	SES007	0.0155566	-0.0713043	-0.0868609
spk_ver/v10/v1084	SES068	0.0104053	-0.0398629	-0.0502682
spk_ver/v10/v1085	SES008	0.0170956	-0.0220947	-0.0391903
spk_ver/v10/v1086	SES175	0.0170825	0.0464579	0.0293755
spk_ver/v10/v1087	SES175	-0.00123866	-0.0827721	-0.0815334
spk_ver/v10/v1088	SES008	0.0183777	-0.0139449	-0.0323226
spk_ver/v10/v1089	SES177	0.0039845	-0.00456883	-0.00855333
spk_ver/v10/v1090	SES177	-0.00437003	-0.0834892	-0.0791192
spk_ver/v10/v1091	SES177	0.00378411	-0.068859	-0.0726431
spk_ver/v10/v1092	SES177	0.0112137	-0.00995522	-0.0211689
spk_ver/v10/v1093	SES177	0.00245695	-0.0509708	-0.0534277
spk_ver/v10/v1094	SES002	0.0140275	-0.036118	-0.0501455
spk_ver/v10/v1095	SES104	0.0196401	0.0130899	-0.00655021
spk_ver/v10/v1096	SES177	0.0112513	-0.0211836	-0.0324349
spk_ver/v10/v1097	SES177	0.0029643	-0.0915338	-0.0944981
spk_ver/v10/v1098	SES177	0.00171413	-0.0189538	-0.020668
spk_ver/v10/v1099	SES177	0.00884821	0.00587508	-0.00297312
spk_ver/v11/v1100	SES177	-0.00348911	-0.0338761	-0.030387
spk_ver/v11/v1101	SES085	0.0156902	0.00164431	-0.0140459
spk_ver/v11/v1102	SES187	0.0179498	-0.027989	-0.0459388
spk_ver/v11/v1103	SES177	0.00824147	-0.0722091	-0.0804506
spk_ver/v11/v1104	SES177	0.0155772	0.0145859	-0.000991382
spk_ver/v11/v1105	SES177	0.00730352	-0.00476548	-0.012069
spk_ver/v11/v1106	SES177	0.00240028	-0.0409363	-0.0433366
spk_ver/v11/v1107	SES177	0.0142829	2.24399e-05	-0.0142605
spk_ver/v11/v1108	SES177	0.0127925	0.0157121	0.00291957
spk_ver/v11/v1109	SES125	0.0208043	-0.00761622	-0.0284205
spk_ver/v11/v1110	SES177	0.00489216	-0.00420353	-0.00909569
spk_ver/v11/v1111	SES177	0.0107851	-0.0264844	-0.0372695
spk_ver/v11/v1112	SES177	0.00295918	-0.0610725	-0.0640317
spk_ver/v11/v1113	SES177	0.00858235	-0.049531	-0.0581134
spk_ver/v11/v1114	SES177	0.0109298	-0.0161637	-0.0270935
spk_ver/v11/v1115	SES177	0.00880285	-0.059857	-0.0686598
spk_ver/v11/v1116	SES085	0.0255861	0.00883196	-0.0167542
spk_ver/v11/v1117	SES147	0.0161901	0.0135492	-0.00264087
spk_ver/v11/v1118	SES177	0.0155721	-0.030713	-0.0462851
spk_ver/v11/v1119	SES177	0.00555491	-0.0691403	-0.0746953
spk_ver/v11/v1120	SES180	-0.00888899	-0.111803	-0.102914
spk_ver/v11/v1121	SES189	0.015667	-0.00650564	-0.0221727
spk_ver/v11/v1122	SES117	0.0111295	-0.0703505	-0.0814799
spk_ver/v11/v1123	SES129	0.0203994	-0.0148677	-0.0352672
spk_ver/v11/v1124	SES180	0.00152609	-0.084369	-0.085895
spk_ver/v11/v1125	SES180	0.00581109	-0.0240219	-0.0298329
spk_ver/v11/v1126	SES180	0.0122926	-0.0608721	-0.0731648
spk_ver/v11/v1127	SES180	-2.11149e-05	-0.0416948	-0.0416737
spk_ver/v11/v1128	SES016	0.0189494	-0.0397986	-0.058748
spk_ver/v11/v1129	SES158	0.0187904	-0.0647727	-0.0835631
spk_ver/v11/v1130	SES180	0.00230426	-0.0633867	-0.0656909
spk_ver/v11/v1131	SES180	0.0120651	0.00273704	-0.00932809
spk_ver/v11/v1132	SES180	0.0251108	0.0125931	-0.0125178
spk_ver/v11/v1133	SES180	-0.00179598	-7.56129e-05	0.00172037
spk_ver/v11/v1134	SES180	0.00929007	-0.0770798	-0.0863699
spk_ver/v11/v1135	SES180	0.0197483	0.0197926	4.42816e-05
spk_ver/v11/v1136	SES180	-0.0241516	-0.123696	-0.0995444
spk_ver/v11/v1137	SES148	0.011557	-0.00473336	-0.0162904
spk_ver/v11/v1138	SES104	0.0188212	0.00683077	-0.0119904
spk_ver/v11/v1139	SES180	0.00139385	-0.0879534	-0.0893472
spk_ver/v11/v1140	SES083	0.011366	-0.0115736	-0.0229397
spk_ver/v11/v1141	SES180	-0.00568511	-0.0410954	-0.0354103
spk_ver/v11/v1142	SES180	0.00316451	-0.0275203	-0.0306848
spk_ver/v11/v1143	SES180	0.0156216	-0.0425094	-0.058131
spk_ver/v11/v1144	SES099	0.0204851	-0.103954	-0.12444
spk_ver/v11/v1145	SES180	0.00765416	-0.0696565	-0.0773107
spk_ver/v11/v1146	SES183	0.00725094	-0.0238677	-0.0311187
spk_ver/v11/v1147	SES183	0.0130965	0.0437077	0.0306112
spk_ver/v11/v1148	SES183	-0.000751831	-0.0831643	-0.0824125
spk_ver/v11/v1149	SES183	0.00328475	-0.0936737	-0.0969585
spk_ver/v11/v1150	SES183	-0.000128806	-0.128434	-0.128306
spk_ver/v11/v1151	SES082	0.0219923	-0.00351509	-0.0255074
spk_ver/v11/v1152	SES183	0.00783215	-0.120133	-0.127965
spk_ver/v11/v1153	SES183	0.00467502	-0.0631851	-0.0678601
spk_ver/v11/v1154	SES002	0.0142608	0.00365652	-0.0106043
spk_ver/v11/v1155	SES183	0.0110052	-0.0337731	-0.0447784
spk_ver/v11/v1156	SES183	0.00531206	-0.0288812	-0.0341932
spk_ver/v11/v1157	SES183	-0.00793713	0.00394308	0.0118802
spk_ver/v11/v1158	SES183	0.0137654	0.0213897	0.00762434
spk_ver/v11/v1159	SES183	0.0124165	0.0124465	3.00435e-05
spk_ver/v11/v1160	SES183	0.004499	-0.00583653	-0.0103355
spk_ver/v11/v1161	SES183	0.00708365	-0.0868864	-0.09397
spk_ver/v11/v1162	SES105	0.0242688	0.0455338	0.021265
spk_ver/v11/v1163	SES183	0.000724185	-0.0319177	-0.0326419
spk_ver/v11/v1164	SES259	0.0178987	-0.014028	-0.0319267
spk_ver/v11/v1165	SES183	0.00527284	-0.0174947	-0.0227675
spk_ver/v11/v1166	SES183	0.00138718	-0.0614353	-0.0628225
spk_ver/v11/v1167	SES183	0.0133767	-0.0884413	-0.101818
spk_ver/v11/v1168	SES183	0.0111517	-0.00331794	-0.0144696
spk_ver/v11/v1169	SES183	0.00320783	-0.0425263	-0.0457341
spk_ver/v11/v1170	SES183	0.00304148	-0.0687081	-0.0717496
spk_ver/v11/v1171	SES183	-0.000910059	-0.119166	-0.118256
spk_ver/v11/v1172	SES187	0.00411423	-0.0495024	-0.0536166
spk_ver/v11/v1173	SES019	0.0250291	-0.118117	-0.143146
spk_ver/v11/v1174	SES187	-0.00165819	-0.115587	-0.113929
spk_ver/v11/v1175	SES187	0.00761078	-0.0122221	-0.0198329
spk_ver/v11/v1176	SES083	0.0180346	0.0126486	-0.00538602
spk_ver/v11/v1177	SES187	0.00638863	-0.0657262	-0.0721149
spk_ver/v11/v1178	SES187	-0.00321882	-0.0326796	-0.0294608
spk_ver/v11/v1179	SES187	0.00271162	0.000441596	-0.00227003
spk_ver/v11/v1180	SES187	0.00918253	-0.0361145	-0.045297
spk_ver/v11/v1181	SES187	0.00381032	-0.0826016	-0.0864119
spk_ver/v11/v1182	SES187	0.0160705	0.00581075	-0.0102598
spk_ver/v11/v1183	SES187	-0.00272164	-0.0415437	-0.038822
spk_ver/v11/v1184	SES187	0.0144677	0.0165371	0.0020694
spk_ver/v11/v1185	SES127	0.0277447	-0.0302004	-0.0579452
spk_ver/v11/v1186	SES187	0.00423007	-0.0186702	-0.0229002
spk_ver/v11/v1187	SES187	0.0096387	0.0149279	0.00528917
spk_ver/v11/v1188	SES187	0.0144773	-0.026926	-0.0414033
spk_ver/v11/v1189	SES042	0.0238307	0.0122691	-0.0115616
spk_ver/v11/v1190	SES187	0.00616435	-0.0489524	-0.0551167
spk_ver/v11/v1191	SES187	0.0059846	-0.0692732	-0.0752578
spk_ver/v11/v1192	SES187	0.000594169	-0.130793	-0.131387
spk_ver/v11/v1193	SES183	0.0180217	-0.0327007	-0.0507223
spk_ver/v11/v1194	SES187	0.00880143	-0.0776713	-0.0864727
spk_ver/v11/v1195	SES187	0.0047968	-0.0655638	-0.0703606
spk_ver/v11/v1196	SES146	0.022725	-0.0475994	-0.0703244
spk_ver/v11/v1197	SES189	0.00178443	0.0327432	0.0309587
spk_ver/v11/v1198	SES175	0.0221381	-0.0201582	-0.0422963
spk_ver/v11/v1199	SES189	-0.00951459	-0.0573452	-0.0478306
spk_ver/v12/v1200	SES189	0.000494663	0.0326641	0.0321695
spk_ver/v12/v1201	SES177	0.0173131	0.0123819	-0.0049311
spk_ver/v12/v1202	SES189	0.00252546	-0.0771255	-0.079651
spk_ver/v12/v1203	SES143	0.0253573	-0.0170079	-0.0423652
spk_ver/v12/v1204	SES189	-0.00281779	-0.00886897	-0.00605119
spk_ver/v12/v1205	SES189	0.00234915	-0.00775695	-0.0101061
spk_ver/v12/v1206	SES189	-0.00424975	-0.14177	-0.13752
spk_ver/v12/v1207	SES189	-0.00727528	-0.0255209	-0.0182456
spk_ver/v12/v1208	SES189	-0.0141915	-0.0248927	-0.0107013
spk_ver/v12/v1209	SES189	-0.0180309	-0.130986	-0.112955
spk_ver/v12/v1210	SES189	0.00866199	-0.0151868	-0.0238488
spk_ver/v12/v1211	SES062	0.0157083	-0.00852991	-0.0242382
spk_ver/v12/v1212	SES189	-0.013558	-0.0772293	-0.0636713
spk_ver/v12/v1213	SES048	0.0141839	-0.00218748	-0.0163714
spk_ver/v12/v1214	SES042	0.0249027	-0.0573186	-0.0822213
spk_ver/v12/v1215	SES008	0.0306992	-0.039012	-0.0697112
spk_ver/v12/v1216	SES202	-0.00785937	-0.0877756	-0.0799162
spk_ver/v12/v1217	SES202	0.0169555	-0.0271983	-0.0441538
spk_ver/v12/v1218	SES085	0.0248076	0.0069161	-0.0178915
spk_ver/v12/v1219	SES202	0.0121929	0.00796018	-0.00423275
spk_ver/v12/v1220	SES202	-0.00438654	0.0059992	0.0103857
spk_ver/v12/v1221	SES202	-0.00300685	-0.066124	-0.0631172
spk_ver/v12/v1222	SES202	-0.00894509	-0.145103	-0.136158
spk_ver/v12/v1223	SES158	0.0156604	-0.0595341	-0.0751945
spk_ver/v12/v1224	SES202	0.0141913	-0.0510073	-0.0651986
spk_ver/v12/v1225	SES202	4.17233e-05	-0.0372756	-0.0373173
spk_ver/v12/v1226	SES202	0.0133205	-0.00615431	-0.0194748
spk_ver/v12/v1227	SES202	-0.000120052	-0.0096715	-0.00955144
spk_ver/v12/v1228	SES177	0.0130455	-0.0248727	-0.0379182
spk_ver/v12/v1229	SES202	0.000829752	-0.00317119	-0.00400094
spk_ver/v12/v1230	SES202	0.010474	-0.044383	-0.0548571
spk_ver/v12/v1231	SES202	0.00146725	0.0118203	0.010353
spk_ver/v12/v1232	SES202	0.00222765	-0.0570643	-0.059292
spk_ver/v12/v1233	SES206	0.0186779	-0.0180393	-0.0367171
spk_ver/v12/v1234	SES202	-0.0075588	-0.0577081	-0.0501493
spk_ver/v12/v1235	SES202	0.0140624	0.00921752	-0.00484491
spk_ver/v12/v1236	SES125	0.0253863	-0.0556402	-0.0810265
spk_ver/v12/v1237	SES127	0.0186287	-0.00956941	-0.0281981
spk_ver/v12/v1238	SES202	0.0304946	0.032476	0.00198136
spk_ver/v12/v1239	SES167	0.0380211	0.0676986	0.0296774
spk_ver/v12/v1240	SES206	-0.00568349	0.00609935	0.0117828
spk_ver/v12/v1241	SES206	-0.0125938	-0.0633395	-0.0507457
spk_ver/v12/v1242	SES206	0.00860893	0.000958115	-0.00765081
spk_ver/v12/v1243	SES206	0.00546942	-0.0950901	-0.10056
spk_ver/v12/v1244	SES259	0.0159065	-0.0230009	-0.0389075
spk_ver/v12/v1245	SES206	0.0169291	0.00539257	-0.0115365
spk_ver/v12/v1246	SES206	0.00324567	0.00440759	0.00116192
spk_ver/v12/v1247	SES206	0.00908659	-0.0315101	-0.0405967
spk_ver/v12/v1248	SES206	-0.0187842	-0.0545622	-0.0357779
spk_ver/v12/v1249	SES270	0.0227641	-0.0580602	-0.0808243
spk_ver/v12/v1250	SES206	-0.00612858	-0.0333547	-0.0272261
spk_ver/v12/v1251	SES206	-0.000965558	-0.0223442	-0.0213787
spk_ver/v12/v1252	SES206	0.00549579	-0.0563966	-0.0618924
spk_ver/v12/v1253	SES206	0.01596	-0.0355475	-0.0515075
spk_ver/v12/v1254	SES206	0.0208753	0.000443175	-0.0204322
spk_ver/v12/v1255	SES125	0.0302583	-0.0232412	-0.0534995
spk_ver/v12/v1256	SES206	-0.00216585	-0.0509072	-0.0487414
spk_ver/v12/v1257	SES206	0.000884057	0.013043	0.012159
spk_ver/v12/v1258	SES206	0.0154596	-0.0825352	-0.0979947
spk_ver/v12/v1259	SES206	-0.00497702	-0.0828267	-0.0778497
spk_ver/v12/v1260	SES206	-0.0033952	-0.0638309	-0.0604357
spk_ver/v12/v1261	SES206	-0.00368839	-0.0981558	-0.0944674
spk_ver/v12/v1262	SES206	-0.00526547	-0.0518416	-0.0465761
spk_ver/v12/v1263	SES206	-0.004855	-0.0420362	-0.0371812
spk_ver/v12/v1264	SES149	0.0149965	0.00883026	-0.00616628
spk_ver/v12/v1265	SES206	0.0231811	-0.0831264	-0.106307
spk_ver/v12/v1266	SES206	0.0012152	-0.0156449	-0.0168601
spk_ver/v12/v1267	SES206	0.0295861	-0.112621	-0.142207
spk_ver/v12/v1268	SES206	0.0243855	-0.0318185	-0.056204
spk_ver/v12/v1269	SES206	-0.011339	-0.0579041	-0.0465651
spk_ver/v12/v1270	SES206	-0.02469	-0.144125	-0.119435
spk_ver/v12/v1271	SES226	0.00800488	-0.043071	-0.0510759
spk_ver/v12/v1272	SES226	0.0134724	-0.0324955	-0.0459679
spk_ver/v12/v1273	SES226	0.00680371	-0.0204411	-0.0272448
spk_ver/v12/v1274	SES226	-0.0054609	-0.0680081	-0.0625472
spk_ver/v12/v1275	SES226	0.0193999	-0.130487	-0.149887
spk_ver/v12/v1276	SES226	0.00348632	-0.0651751	-0.0686615
spk_ver/v12/v1277	SES226	0.0088313	-0.0609511	-0.0697824
spk_ver/v12/v1278	SES226	0.0151517	-0.0278878	-0.0430394
spk_ver/v12/v1279	SES226	8.58819e-05	0.0135291	0.0134432
spk_ver/v12/v1280	SES226	0.00277817	-0.00701536	-0.00979353
spk_ver/v12/v1281	SES226	0.0187513	-0.0689152	-0.0876665
spk_ver/v12/v1282	SES226	-0.00139716	0.014801	0.0161982
spk_ver/v12/v1283	SES143	0.0211166	-0.0328236	-0.0539401
spk_ver/v12/v1284	SES226	0.00884348	0.0300568	0.0212133
spk_ver/v12/v1285	SES226	0.0111658	-0.137121	-0.148287
spk_ver/v12/v1286	SES226	0.00361736	-0.0722796	-0.075897
spk_ver/v12/v1287	SES226	0.0167139	0.0367561	0.0200422
spk_ver/v12/v1288	SES226	0.00733139	-0.043443	-0.0507744
spk_ver/v12/v1289	SES104	0.0166301	-0.0108376	-0.0274677
spk_ver/v12/v1290	SES008	0.0201648	-0.0213318	-0.0414966
spk_ver/v12/v1291	SES226	0.0128707	-0.0206747	-0.0335454
spk_ver/v12/v1292	SES259	0.0116792	-0.098272	-0.109951
spk_ver/v12/v1293	SES062	0.0142929	-0.0291623	-0.0434551
spk_ver/v12/v1294	SES099	0.0147975	-0.102924	-0.117721
spk_ver/v12/v1295	SES158	0.0307949	-0.0220687	-0.0528636
spk_ver/v12/v1296	SES259	-0.0105398	0.00537218	0.0159119
spk_ver/v12/v1297	SES259	-0.0565856	-0.101069	-0.0444833
spk_ver/v12/v1298	SES259	0.0113136	-0.0433449	-0.0546586
spk_ver/v12/v1299	SES259	0.0146515	-0.0619065	-0.0765579
spk_ver/v13/v1300	SES120	0.0175965	-0.0797555	-0.097352
spk_ver/v13/v1301	SES259	-0.0559242	-0.128978	-0.0730536
spk_ver/v13/v1302	SES259	0.00637174	-0.0788475	-0.0852192
spk_ver/v13/v1303	SES129	0.0205384	0.0025532	-0.0179851
spk_ver/v13/v1304	SES259	-0.00376729	-0.0487833	-0.045016
spk_ver/v13/v1305	SES259	-0.0107315	-0.0197172	-0.00898564
spk_ver/v13/v1306	SES106	0.0354382	0.00319052	-0.0322477
spk_ver/v13/v1307	SES259	-0.00349582	-0.0119108	-0.00841493
spk_ver/v13/v1308	SES259	-0.000584148	-0.105159	-0.104575
spk_ver/v13/v1309	SES259	-0.00276669	-0.04351	-0.0407433
spk_ver/v13/v1310	SES259	-0.0139094	-0.0557402	-0.0418309
spk_ver/v13/v1311	SES259	0.0230665	0.038503	0.0154364
spk_ver/v13/v1312	SES259	-0.0117817	-0.04748	-0.0356983
spk_ver/v13/v1313	SES144	0.0240583	-0.0151245	-0.0391828
spk_ver/v13/v1314	SES259	-0.00921323	-0.0695378	-0.0603246
spk_ver/v13/v1315	SES162	0.0117145	-0.0374583	-0.0491728
spk_ver/v13/v1316	SES206	0.0191502	-0.0353972	-0.0545473
spk_ver/v13/v1317	SES175	0.0196847	-0.0135831	-0.0332678
spk_ver/v13/v1318	SES259	0.0142356	0.0384213	0.0241857
spk_ver/v13/v1319	SES259	-0.00317552	-0.0415509	-0.0383754
spk_ver/v13/v1320	SES270	0.00913347	-0.0615192	-0.0706527
spk_ver/v13/v1321	SES101	0.00664571	-0.0198195	-0.0264652
spk_ver/v13/v1322	SES177	0.0183616	0.0500299	0.0316683
spk_ver/v13/v1323	SES127	0.0137146	0.0133415	-0.00037307
spk_ver/v13/v1324	SES270	0.0083112	-0.0303995	-0.0387107
spk_ver/v13/v1325	SES062	0.015741	-0.0332785	-0.0490195
spk_ver/v13/v1326	SES270	0.0140473	0.00472921	-0.00931813
spk_ver/v13/v1327	SES120	0.0148179	-0.0957351	-0.110553
spk_ver/v13/v1328	SES270	0.00871795	-0.0679282	-0.0766461
spk_ver/v13/v1329	SES270	0.00748312	0.00695828	-0.000524844
spk_ver/v13/v1330	SES270	0.00143072	-0.0683561	-0.0697868
spk_ver/v13/v1331	SES270	0.00754926	0.0244122	0.0168629
spk_ver/v13/v1332	SES270	0.0206433	-0.0278536	-0.048497
spk_ver/v13/v1333	SES270	-0.00219214	-0.0446462	-0.0424541
spk_ver/v13/v1334	SES270	0.0100848	-0.00647591	-0.0165607
spk_ver/v13/v1335	SES270	0.0106159	0.000878741	-0.00973719
spk_ver/v13/v1336	SES270	0.0130244	-0.113067	-0.126091
spk_ver/v13/v1337	SES016	0.0221423	-0.0630326	-0.0851749
spk_ver/v13/v1338	SES270	-0.00188493	0.0190336	0.0209186
spk_ver/v13/v1339	SES002	0.0272535	-0.0450215	-0.072275
spk_ver/v13/v1340	SES105	0.0222543	-0.00862872	-0.030883
spk_ver/v13/v1341	SES275	0.0151426	-0.0450116	-0.0601542
spk_ver/v13/v1342	SES187	0.021483	-0.0129346	-0.0344175
spk_ver/v13/v1343	SES275	0.00706731	-0.0428978	-0.0499651
spk_ver/v13/v1344	SES275	0.00637777	-0.066129	-0.0725068
spk_ver/v13/v1345	SES275	0.00890511	-0.0561988	-0.0651039
spk_ver/v13/v1346	SES275	0.00605425	-0.114465	-0.120519
spk_ver/v13/v1347	SES275	0.00522128	-0.076713	-0.0819342
spk_ver/v13/v1348	SES180	0.0217974	-0.00882214	-0.0306196
spk_ver/v13/v1349	SES275	0.00730614	-0.0645311	-0.0718372
spk_ver/v13/v1350	SES275	0.00630357	0.0207374	0.0144339
spk_ver/v13/v1351	SES275	0.00814269	-0.105971	-0.114114
spk_ver/v13/v1352	SES275	0.00637225	-0.0034191	-0.00979136
spk_ver/v13/v1353	SES275	0.0116381	-0.0736471	-0.0852852
spk_ver/v13/v1354	SES189	0.0165385	-0.0178464	-0.0343848
spk_ver/v13/v1355	SES068	0.015758	0.0272055	0.0114475
spk_ver/v13/v1356	SES275	0.00522719	-0.103203	-0.10843
spk_ver/v13/v1357	SES048	0.0105427	-0.00240971	-0.0129524
spk_ver/v13/v1358	SES226	0.0138314	0.00624669	-0.00758468
spk_ver/v13/v1359	SES016	0.0149739	-0.0203286	-0.0353025
spk_ver/v13/v1360	SES275	0.00459661	-0.0695069	-0.0741035
spk_ver/v13/v1361	SES068	0.0169554	-0.0146365	-0.0315919
spk_ver/v13/v1362	SES275	0.0097222	-0.0593869	-0.0691091
spk_ver/v13/v1363	SES275	0.00936426	-0.0188362	-0.0282004
spk_ver/v13/v1364	SES275	0.010672	-0.0516116	-0.0622837
spk_ver/v13/v1365	SES275	0.00920222	0.0105645	0.00136228
spk_ver/v13/v1366	SES187	0.0183532	-0.00712425	-0.0254775
spk_ver/v13/v1367	SES275	0.00992133	-0.122816	-0.132737
spk_ver/v13/v1368	SES125	0.0215291	-0.0154356	-0.0369648
spk_ver/v13/v1369	SES275	0.00463291	-0.0790128	-0.0836457
spk_ver/v13/v1370	SES292	0.00936212	-0.0768612	-0.0862233
spk_ver/v13/v1371	SES292	0.0119843	-0.041917	-0.0539013
spk_ver/v13/v1372	SES292	0.00664362	-0.0904521	-0.0970957
spk_ver/v13/v1373	SES292	0.0110655	-0.0530991	-0.0641646
spk_ver/v13/v1374	SES101	0.0164569	-0.0363235	-0.0527803
spk_ver/v13/v1375	SES292	0.0121466	0.0105422	-0.00160443
spk_ver/v13/v1376	SES292	0.0119129	0.012266	0.000353111
spk_ver/v13/v1377	SES292	0.0120743	-0.0171581	-0.0292325
spk_ver/v13/v1378	SES292	0.0129437	0.00609796	-0.00684573
spk_ver/v13/v1379	SES292	0.0137527	-0.015963	-0.0297157
spk_ver/v13/v1380	SES292	0.00811793	0.032997	0.024879
spk_ver/v13/v1381	SES292	0.0133317	-0.0187267	-0.0320585
spk_ver/v13/v1382	SES292	0.0105498	-0.0427228	-0.0532726
spk_ver/v13/v1383	SES292	0.00635821	-0.0415984	-0.0479566
spk_ver/v13/v1384	SES292	0.0175628	-0.0394311	-0.0569939
spk_ver/v13/v1385	SES292	0.0157535	0.0236304	0.00787688
spk_ver/v13/v1386	SES292	0.0105737	-0.0463825	-0.0569561
spk_ver/v13/v1387	SES158	0.0315696	-0.0818782	-0.113448
spk_ver/v13/v1388	SES292	0.0157007	0.00961727	-0.00608339
spk_ver/v13/v1389	SES292	0.0136971	0.0197452	0.00604806
spk_ver/v13/v1390	SES292	0.0137679	-0.0838839	-0.0976518
spk_ver/v13/v1391	SES292	0.0123405	-0.00947885	-0.0218193
spk_ver/v13/v1392	SES292	0.0138409	-0.00487938	-0.0187203
spk_ver/v13/v1393	SES292	0.00527936	-0.0145312	-0.0198106
spk_ver/v13/v1394	SES292	0.0157891	-0.033535	-0.0493242
spk_ver/v13/v1395	SES292	0.00577298	-0.038263	-0.044036
spk_ver/v13/v1396	SES117	0.0249068	-0.0525559	-0.0774627
spk_ver/v13/v1397	SES292	0.0107661	-0.0511602	-0.0619264
spk_ver/v13/v1398	SES292	0.00896867	0.00387432	-0.00509435
spk_ver/v13/v1399	SES292	0.0144434	0.0385153	0.024072
