spk_ver/v00/v0000	SES146	0.866798	-55.0571	-55.9239
spk_ver/v00/v0001	SES002	-7.88327	-64.5718	-56.6885
spk_ver/v00/v0002	SES002	-5.93599	-62.2266	-56.2906
spk_ver/v00/v0003	SES002	-9.74775	-67.1604	-57.4127
spk_ver/v00/v0004	SES002	-2.05241	-57.6564	-55.604
spk_ver/v00/v0005	SES002	-2.75885	-58.6357	-55.8768
spk_ver/v00/v0006	SES002	-4.92133	-59.9737	-55.0524
spk_ver/v00/v0007	SES002	-5.20595	-62.3205	-57.1146
spk_ver/v00/v0008	SES146	0.455524	-55.6214	-56.0769
spk_ver/v00/v0009	SES002	-1.73747	-56.1335	-54.396
spk_ver/v00/v0010	SES002	-2.56058	-57.6574	-55.0968
spk_ver/v00/v0011	SES002	-1.29857	-57.7567	-56.4581
spk_ver/v00/v0012	SES002	-5.32319	-59.7708	-54.4476
spk_ver/v00/v0013	SES002	-3.57161	-58.1047	-54.5331
spk_ver/v00/v0014	SES002	-0.742496	-56.0558	-55.3133
spk_ver/v00/v0015	SES002	-0.873959	-55.735	-54.861
spk_ver/v00/v0016	SES275	0.730766	-56.1463	-56.877
spk_ver/v00/v0017	SES002	-0.124912	-54.4221	-54.2972
spk_ver/v00/v0018	SES002	-8.91755	-66.3045	-57.3869
spk_ver/v00/v0019	SES002	-1.50484	-56.5039	-54.9991
spk_ver/v00/v0020	SES002	-7.10006	-63.7756	-56.6755
spk_ver/v00/v0021	SES002	-5.75274	-61.8345	-56.0818
spk_ver/v00/v0022	SES002	-1.66332	-56.4396	-54.7763
spk_ver/v00/v0023	SES002	-5.57135	-60.1478	-54.5765
spk_ver/v00/v0024	SES002	-7.53153	-63.9977	-56.4662
spk_ver/v00/v0025	SES002	-6.00873	-61.4818	-55.473
spk_ver/v00/v0026	SES002	-3.52811	-57.7006	-54.1724
spk_ver/v00/v0027	SES129	1.54295	-53.6159	-55.1589
spk_ver/v00/v0028	SES007	-1.98519	-57.0459	-55.0608
spk_ver/v00/v0029	SES083	-0.0249863	-54.6766	-54.6516
spk_ver/v00/v0030	SES019	2.1997	-53.75	-55.9497
spk_ver/v00/v0031	SES007	-1.82741	-58.2038	-56.3764
spk_ver/v00/v0032	SES270	1.1314	-54.13	-55.2614
spk_ver/v00/v0033	SES007	-2.31669	-57.9599	-55.6432
spk_ver/v00/v0034	SES007	-2.13971	-59.08	-56.9403
spk_ver/v00/v0035	SES007	-0.735634	-56.0209	-55.2853
spk_ver/v00/v0036	SES007	-1.04005	-54.7654	-53.7254
spk_ver/v00/v0037	SES007	-2.45065	-56.6075	-54.1569
spk_ver/v00/v0038	SES259	1.82989	-52.3377	-54.1676
spk_ver/v00/v0039	SES007	-2.37272	-57.9391	-55.5664
spk_ver/v00/v0040	SES007	-2.50471	-56.6074	-54.1027
spk_ver/v00/v0041	SES007	-1.88556	-56.7689	-54.8833
spk_ver/v00/v0042	SES007	-1.02773	-57.1753	-56.1476
spk_ver/v00/v0043	SES007	-0.231884	-55.1588	-54.9269
spk_ver/v00/v0044	SES007	-2.25545	-55.6296	-53.3742
spk_ver/v00/v0045	SES007	-0.827187	-55.7418	-54.9146
spk_ver/v00/v0046	SES007	-1.06028	-55.8979	-54.8376
spk_ver/v00/v0047	SES172	0.406349	-55.0386	-55.4449
spk_ver/v00/v0048	SES105	1.2952	-54.2989	-55.5941
spk_ver/v00/v0049	SES007	-0.426414	-55.2076	-54.7812
spk_ver/v00/v0050	SES292	-0.0159531	-55.1142	-55.0983
spk_ver/v00/v0051	SES007	-1.61309	-57.2729	-55.6598
spk_ver/v00/v0052	SES068	0.764198	-53.8434	-54.6076
spk_ver/v00/v0053	SES008	-0.98111	-55.1816	-54.2005
spk_ver/v00/v0054	SES008	-3.85357	-61.0682	-57.2147
spk_ver/v00/v0055	SES008	-1.47068	-56.0346	-54.5639
spk_ver/v00/v0056	SES008	-4.54395	-59.73	-55.186
spk_ver/v00/v0057	SES008	-3.48059	-58.3495	-54.8689
spk_ver/v00/v0058	SES083	0.634796	-54.4566	-55.0914
spk_ver/v00/v0059	SES158	1.46346	-53.5409	-55.0044
spk_ver/v00/v0060	SES008	-1.79468	-57.0111	-55.2164
spk_ver/v00/v0061	SES101	0.401451	-54.9704	-55.3719
spk_ver/v00/v0062	SES008	-3.06741	-59.2296	-56.1622
spk_ver/v00/v0063	SES008	-1.5778	-57.185	-55.6072
spk_ver/v00/v0064	SES117	1.05346	-55.6909	-56.7443
spk_ver/v00/v0065	SES149	1.82422	-52.5833	-54.4075
spk_ver/v00/v0066	SES008	-0.435558	-54.8169	-54.3813
spk_ver/v00/v0067	SES008	-2.07676	-58.2117	-56.1349
spk_ver/v00/v0068	SES162	1.74606	-54.8998	-56.6459
spk_ver/v00/v0069	SES008	-3.89138	-58.0502	-54.1589
spk_ver/v00/v0070	SES008	-0.474411	-55.1265	-54.6521
spk_ver/v00/v0071	SES008	-2.4334	-57.8402	-55.4068
spk_ver/v00/v0072	SES008	-0.760029	-55.4015	-54.6414
spk_ver/v00/v0073	SES008	-2.05641	-56.1029	-54.0465
spk_ver/v00/v0074	SES008	-2.48815	-57.2631	-54.775
spk_ver/v00/v0075	SES008	-4.48217	-60.1895	-55.7073
spk_ver/v00/v0076	SES167	1.18026	-54.4679	-55.6482
spk_ver/v00/v0077	SES008	-1.56873	-56.267	-54.6983
spk_ver/v00/v0078	SES177	0.979156	-54.0743	-55.0535
spk_ver/v00/v0079	SES008	-1.53616	-57.5294	-55.9933
spk_ver/v00/v0080	SES008	-2.63893	-59.2602	-56.6212
spk_ver/v00/v0081	SES008	-3.79064	-59.9768	-56.1861
spk_ver/v00/v0082	SES008	-2.0961	-56.5741	-54.478
spk_ver/v00/v0083	SES008	-4.58598	-60.1742	-55.5882
spk_ver/v00/v0084	SES144	1.0141	-55.4057	-56.4198
spk_ver/v00/v0085	SES008	-1.78587	-57.3412	-55.5554
spk_ver/v00/v0086	SES008	-1.25888	-55.2446	-53.9857
spk_ver/v00/v0087	SES008	-2.86637	-58.609	-55.7426
spk_ver/v00/v0088	SES008	-2.57929	-58.0934	-55.5142
spk_ver/v00/v0089	SES008	-1.21829	-57.3966	-56.1783
spk_ver/v00/v0090	SES142	2.62704	-54.2094	-56.8365
spk_ver/v00/v0091	SES008	-3.78139	-58.2646	-54.4832
spk_ver/v00/v0092	SES158	0.525417	-54.4776	-55.003
spk_ver/v00/v0093	SES014	-2.57833	-57.1525	-54.5741
spk_ver/v00/v0094	SES014	-3.11314	-59.6704	-56.5573
spk_ver/v00/v0095	SES014	-0.702198	-54.5139	-53.8117
spk_ver/v00/v0096	SES014	-2.34767	-56.8372	-54.4896
spk_ver/v00/v0097	SES014	-0.64785	-57.0061	-56.3582
spk_ver/v00/v0098	SES014	-1.27884	-55.4355	-54.1566
spk_ver/v00/v0099	SES014	-5.82664	-62.3492	-56.5225
spk_ver/v01/v0100	SES127	1.01811	-54.5436	-55.5617
spk_ver/v01/v0101	SES014	-6.5559	-63.5358	-56.9799
spk_ver/v01/v0102	SES014	-7.62744	-64.7867	-57.1593
spk_ver/v01/v0103	SES014	-3.88199	-60.2858	-56.4038
spk_ver/v01/v0104	SES014	-6.14566	-62.9364	-56.7908
spk_ver/v01/v0105	SES014	-2.09564	-58.6627	-56.5671
spk_ver/v01/v0106	SES014	-1.4227	-57.1635	-55.7408
spk_ver/v01/v0107	SES014	-6.23493	-61.5645	-55.3296
spk_ver/v01/v0108	SES014	-8.97351	-65.8132	-56.8397
spk_ver/v01/v0109	SES014	-6.02648	-63.2903	-57.2638
spk_ver/v01/v0110	SES014	-2.09283	-58.1412	-56.0484
spk_ver/v01/v0111	SES014	-0.854282	-55.4375	-54.5832
spk_ver/v01/v0112	SES014	-5.04132	-60.1386	-55.0973
spk_ver/v01/v0113	SES104	0.291599	-54.9166	-55.2082
spk_ver/v01/v0114	SES082	0.657726	-53.5446	-54.2024
spk_ver/v01/v0115	SES087	1.4697	-53.5804	-55.0501
spk_ver/v01/v0116	SES014	-1.02663	-56.1118	-55.0852
spk_ver/v01/v0117	SES177	0.462948	-55.6497	-56.1127
spk_ver/v01/v0118	SES014	-5.54428	-62.158	-56.6138
spk_ver/v01/v0119	SES014	-0.920223	-55.6981	-54.7779
spk_ver/v01/v0120	SES014	-8.70105	-65.8946	-57.1935
spk_ver/v01/v0121	SES146	0.598717	-54.9427	-55.5415
spk_ver/v01/v0122	SES014	1.46798	-52.3663	-53.8343
spk_ver/v01/v0123	SES014	-1.15404	-55.9419	-54.7878
spk_ver/v01/v0124	SES014	-6.01251	-61.6152	-55.6027
spk_ver/v01/v0125	SES014	-4.4266	-59.9782	-55.5516
spk_ver/v01/v0126	SES016	-1.5104	-57.69	-56.1796
spk_ver/v01/v0127	SES016	-1.86214	-59.2751	-57.413
spk_ver/v01/v0128	SES106	1.85621	-52.9824	-54.8386
spk_ver/v01/v0129	SES016	-2.98515	-57.1611	-54.1759
spk_ver/v01/v0130	SES016	-2.04394	-58.3279	-56.2839
spk_ver/v01/v0131	SES016	-2.92457	-57.9833	-55.0587
spk_ver/v01/v0132	SES016	-1.25813	-56.4559	-55.1977
spk_ver/v01/v0133	SES016	-1.81485	-57.9042	-56.0894
spk_ver/v01/v0134	SES016	-1.67458	-55.9284	-54.2538
spk_ver/v01/v0135	SES016	-2.78065	-59.5079	-56.7272
spk_ver/v01/v0136	SES016	-2.17069	-57.753	-55.5823
spk_ver/v01/v0137	SES007	0.669525	-55.3054	-55.975
spk_ver/v01/v0138	SES016	-0.491768	-56.0104	-55.5187
spk_ver/v01/v0139	SES016	-1.17801	-55.901	-54.723
spk_ver/v01/v0140	SES016	1.38292	-54.3735	-55.7564
spk_ver/v01/v0141	SES016	-5.535	-62.7404	-57.2054
spk_ver/v01/v0142	SES016	-2.42971	-57.3993	-54.9696
spk_ver/v01/v0143	SES016	-3.84146	-60.0399	-56.1984
spk_ver/v01/v0144	SES016	-2.19127	-56.7737	-54.5824
spk_ver/v01/v0145	SES016	-2.31617	-58.1315	-55.8154
spk_ver/v01/v0146	SES016	-0.889526	-55.3446	-54.4551
spk_ver/v01/v0147	SES016	-1.20361	-56.3964	-55.1927
spk_ver/v01/v0148	SES127	0.453945	-54.8214	-55.2754
spk_ver/v01/v0149	SES016	-2.93096	-57.4531	-54.5222
spk_ver/v01/v0150	SES016	-1.64958	-56.9999	-55.3503
spk_ver/v01/v0151	SES147	0.969166	-55.6468	-56.616
spk_ver/v01/v0152	SES016	-1.25126	-57.4953	-56.244
spk_ver/v01/v0153	SES104	1.07099	-52.536	-53.607
spk_ver/v01/v0154	SES016	-2.14457	-58.1411	-55.9966
spk_ver/v01/v0155	SES016	-1.97601	-58.9574	-56.9814
spk_ver/v01/v0156	SES019	-0.807045	-56.5109	-55.7039
spk_ver/v01/v0157	SES019	-2.38139	-56.4529	-54.0715
spk_ver/v01/v0158	SES019	-0.683628	-55.9326	-55.249
spk_ver/v01/v0159	SES007	0.475304	-54.7606	-55.2359
spk_ver/v01/v0160	SES019	-2.2263	-56.3665	-54.1402
spk_ver/v01/v0161	SES019	-2.09924	-57.7571	-55.6579
spk_ver/v01/v0162	SES019	-5.13823	-59.8283	-54.6901
spk_ver/v01/v0163	SES189	1.34464	-55.6653	-57.01
spk_ver/v01/v0164	SES019	-1.76265	-56.248	-54.4853
spk_ver/v01/v0165	SES019	-0.560795	-56.6352	-56.0744
spk_ver/v01/v0166	SES019	-5.11948	-59.7029	-54.5834
spk_ver/v01/v0167	SES019	-6.0563	-62.6399	-56.5836
spk_ver/v01/v0168	SES019	-1.28863	-57.4341	-56.1455
spk_ver/v01/v0169	SES019	-2.73474	-58.0166	-55.2819
spk_ver/v01/v0170	SES270	0.876167	-54.3432	-55.2193
spk_ver/v01/v0171	SES019	-2.06534	-57.1302	-55.0649
spk_ver/v01/v0172	SES019	-6.83634	-63.5873	-56.7509
spk_ver/v01/v0173	SES206	1.37458	-53.6735	-55.0481
spk_ver/v01/v0174	SES019	-1.31923	-56.768	-55.4488
spk_ver/v01/v0175	SES014	1.09326	-52.6656	-53.7589
spk_ver/v01/v0176	SES019	-4.52183	-59.3339	-54.8121
spk_ver/v01/v0177	SES120	1.13626	-54.9654	-56.1016
spk_ver/v01/v0178	SES019	-1.08466	-57.4114	-56.3268
spk_ver/v01/v0179	SES019	-6.50207	-60.8142	-54.3121
spk_ver/v01/v0180	SES175	1.00395	-55.0258	-56.0297
spk_ver/v01/v0181	SES019	-5.25407	-62.1502	-56.8961
spk_ver/v01/v0182	SES019	-3.60209	-57.7478	-54.1457
spk_ver/v01/v0183	SES029	-1.55922	-56.183	-54.6238
spk_ver/v01/v0184	SES029	-3.58923	-58.4125	-54.8233
spk_ver/v01/v0185	SES029	-1.42794	-56.4012	-54.9732
spk_ver/v01/v0186	SES068	1.09568	-53.5103	-54.606
spk_ver/v01/v0187	SES029	-3.06936	-57.4681	-54.3988
spk_ver/v01/v0188	SES029	-1.96768	-55.8777	-53.91
spk_ver/v01/v0189	SES149	1.91382	-52.4708	-54.3846
spk_ver/v01/v0190	SES029	-2.5712	-56.7778	-54.2066
spk_ver/v01/v0191	SES029	-2.52631	-57.6895	-55.1632
spk_ver/v01/v0192	SES183	1.33706	-53.3791	-54.7161
spk_ver/v01/v0193	SES029	-0.424755	-56.1284	-55.7037
spk_ver/v01/v0194	SES016	1.54284	-53.9532	-55.4961
spk_ver/v01/v0195	SES029	-1.576	-56.7625	-55.1865
spk_ver/v01/v0196	SES029	-0.527699	-56.3381	-55.8104
spk_ver/v01/v0197	SES029	-2.93923	-57.2582	-54.3189
spk_ver/v01/v0198	SES146	0.409618	-55.5567	-55.9663
spk_ver/v01/v0199	SES029	-2.64759	-58.1591	-55.5115
spk_ver/v02/v0200	SES029	-1.31236	-56.869	-55.5566
spk_ver/v02/v0201	SES068	0.985916	-54.1547	-55.1406
spk_ver/v02/v0202	SES148	1.64539	-54.0048	-55.6502
spk_ver/v02/v0203	SES029	-1.79412	-56.6928	-54.8986
spk_ver/v02/v0204	SES029	-0.413864	-56.1667	-55.7528
spk_ver/v02/v0205	SES060	1.00801	-53.6081	-54.6161
spk_ver/v02/v0206	SES127	1.01625	-54.2016	-55.2179
spk_ver/v02/v0207	SES029	-2.8424	-58.2483	-55.4059
spk_ver/v02/v0208	SES048	1.43242	-54.3401	-55.7725
spk_ver/v02/v0209	SES029	-0.909378	-56.3639	-55.4545
spk_ver/v02/v0210	SES029	-2.57513	-57.6985	-55.1234
spk_ver/v02/v0211	SES029	-2.45427	-56.9951	-54.5408
spk_ver/v02/v0212	SES042	-9.01379	-65.9082	-56.8945
spk_ver/v02/v0213	SES085	1.31783	-54.58	-55.8978
spk_ver/v02/v0214	SES206	1.53126	-52.7978	-54.3291
spk_ver/v02/v0215	SES144	0.296783	-55.5725	-55.8692
spk_ver/v02/v0216	SES042	-2.78444	-57.6221	-54.8376
spk_ver/v02/v0217	SES042	-2.68978	-60.911	-58.2213
spk_ver/v02/v0218	SES042	-0.898514	-54.8496	-53.9511
spk_ver/v02/v0219	SES206	1.23105	-52.9479	-54.1789
spk_ver/v02/v0220	SES019	3.55861	-52.6381	-56.1967
spk_ver/v02/v0221	SES007	0.262463	-55.1105	-55.3729
spk_ver/v02/v0222	SES042	-7.90197	-64.893	-56.991
spk_ver/v02/v0223	SES147	1.04796	-55.6713	-56.7192
spk_ver/v02/v0224	SES105	1.22162	-54.7611	-55.9827
spk_ver/v02/v0225	SES042	-1.58929	-56.6168	-55.0275
spk_ver/v02/v0226	SES275	0.867493	-54.8933	-55.7608
spk_ver/v02/v0227	SES042	-3.70817	-59.3221	-55.6139
spk_ver/v02/v0228	SES042	-5.92442	-60.9396	-55.0152
spk_ver/v02/v0229	SES042	-8.72861	-63.7577	-55.0291
spk_ver/v02/v0230	SES085	0.69849	-53.3388	-54.0373
spk_ver/v02/v0231	SES014	1.67684	-52.1025	-53.7794
spk_ver/v02/v0232	SES042	-0.998611	-55.284	-54.2854
spk_ver/v02/v0233	SES048	-3.09489	-57.8843	-54.7894
spk_ver/v02/v0234	SES048	-4.02614	-60.96	-56.9339
spk_ver/v02/v0235	SES029	0.803925	-54.6671	-55.471
spk_ver/v02/v0236	SES048	-2.26075	-56.7452	-54.4844
spk_ver/v02/v0237	SES048	-3.4987	-58.2784	-54.7797
spk_ver/v02/v0238	SES048	-2.88179	-58.6081	-55.7263
spk_ver/v02/v0239	SES060	0.83931	-53.9327	-54.772
spk_ver/v02/v0240	SES048	-3.57076	-60.1119	-56.5411
spk_ver/v02/v0241	SES048	-3.98898	-60.273	-56.284
spk_ver/v02/v0242	SES189	2.88064	-55.2726	-58.1532
spk_ver/v02/v0243	SES162	1.14448	-55.54	-56.6845
spk_ver/v02/v0244	SES048	-3.26781	-57.2859	-54.018
spk_ver/v02/v0245	SES048	-2.9226	-57.4621	-54.5395
spk_ver/v02/v0246	SES048	-2.74855	-56.7682	-54.0196
spk_ver/v02/v0247	SES048	-3.32139	-59.4061	-56.0847
spk_ver/v02/v0248	SES226	1.93704	-53.0153	-54.9524
spk_ver/v02/v0249	SES048	-2.45127	-58.2261	-55.7748
spk_ver/v02/v0250	SES048	-2.24109	-58.4436	-56.2025
spk_ver/v02/v0251	SES048	-3.11446	-58.5915	-55.477
spk_ver/v02/v0252	SES060	-4.31017	-61.2105	-56.9003
spk_ver/v02/v0253	SES060	-3.36062	-58.3068	-54.9462
spk_ver/v02/v0254	SES259	2.09196	-52.1322	-54.2242
spk_ver/v02/v0255	SES060	-2.99545	-59.8888	-56.8933
spk_ver/v02/v0256	SES202	0.97797	-55.5165	-56.4945
spk_ver/v02/v0257	SES148	0.919044	-53.8963	-54.8154
spk_ver/v02/v0258	SES060	-3.61219	-60.7919	-57.1797
spk_ver/v02/v0259	SES060	-1.40073	-55.8673	-54.4666
spk_ver/v02/v0260	SES060	-1.73935	-57.2487	-55.5093
spk_ver/v02/v0261	SES099	1.9546	-53.0991	-55.0537
spk_ver/v02/v0262	SES060	-2.71412	-58.6137	-55.8996
spk_ver/v02/v0263	SES060	-1.76518	-56.2367	-54.4715
spk_ver/v02/v0264	SES292	0.0284691	-55.3258	-55.3543
spk_ver/v02/v0265	SES060	-0.795315	-56.2512	-55.4558
spk_ver/v02/v0266	SES060	-3.53753	-59.1268	-55.5893
spk_ver/v02/v0267	SES060	-3.94166	-59.4383	-55.4966
spk_ver/v02/v0268	SES060	-3.91331	-60.7631	-56.8498
spk_ver/v02/v0269	SES127	0.688751	-54.4071	-55.0959
spk_ver/v02/v0270	SES060	-1.7733	-57.6396	-55.8663
spk_ver/v02/v0271	SES060	-0.653111	-55.6937	-55.0406
spk_ver/v02/v0272	SES060	-2.7407	-58.9636	-56.2228
spk_ver/v02/v0273	SES087	1.53987	-53.4519	-54.9917
spk_ver/v02/v0274	SES146	0.584648	-55.3827	-55.9673
spk_ver/v02/v0275	SES060	-3.70446	-59.52	-55.8155
spk_ver/v02/v0276	SES002	2.12192	-52.4795	-54.6015
spk_ver/v02/v0277	SES060	-0.785286	-55.9045	-55.1193
spk_ver/v02/v0278	SES060	-3.72832	-59.0799	-55.3516
spk_ver/v02/v0279	SES060	-4.0858	-58.4033	-54.3175
spk_ver/v02/v0280	SES129	1.97698	-53.1898	-55.1668
spk_ver/v02/v0281	SES162	1.10745	-55.0785	-56.1859
spk_ver/v02/v0282	SES060	-2.46442	-57.4267	-54.9623
spk_ver/v02/v0283	SES060	-2.51428	-57.7708	-55.2565
spk_ver/v02/v0284	SES062	-2.5999	-58.5981	-55.9982
spk_ver/v02/v0285	SES062	-3.03981	-57.907	-54.8672
spk_ver/v02/v0286	SES120	0.228451	-55.8443	-56.0728
spk_ver/v02/v0287	SES062	-2.84608	-58.7845	-55.9384
spk_ver/v02/v0288	SES062	-2.92528	-58.5907	-55.6654
spk_ver/v02/v0289	SES062	-2.24347	-55.8439	-53.6004
spk_ver/v02/v0290	SES062	-1.67241	-56.771	-55.0986
spk_ver/v02/v0291	SES275	0.257648	-55.2049	-55.4626
spk_ver/v02/v0292	SES062	-2.64487	-58.5251	-55.8802
spk_ver/v02/v0293	SES062	-3.52044	-59.775	-56.2545
spk_ver/v02/v0294	SES062	-2.19725	-57.0488	-54.8515
spk_ver/v02/v0295	SES062	-2.3301	-57.8471	-55.517
spk_ver/v02/v0296	SES062	-2.78565	-58.3331	-55.5474
spk_ver/v02/v0297	SES062	-3.61704	-59.6833	-56.0663
spk_ver/v02/v0298	SES062	-1.71173	-57.1696	-55.4579
spk_ver/v02/v0299	SES062	-1.62685	-57.4583	-55.8314
spk_ver/v03/v0300	SES062	-3.93566	-60.7921	-56.8564
spk_ver/v03/v0301	SES062	-1.86346	-56.9866	-55.1231
spk_ver/v03/v0302	SES172	0.702637	-53.6231	-54.3257
spk_ver/v03/v0303	SES062	-1.16522	-56.0869	-54.9217
spk_ver/v03/v0304	SES062	-1.78236	-56.7545	-54.9721
spk_ver/v03/v0305	SES062	-2.14363	-57.1487	-55.0051
spk_ver/v03/v0306	SES062	-4.29233	-61.1295	-56.8372
spk_ver/v03/v0307	SES062	-3.03833	-57.4811	-54.4427
spk_ver/v03/v0308	SES062	-4.22422	-61.2013	-56.977
spk_ver/v03/v0309	SES062	-2.26038	-58.9347	-56.6743
spk_ver/v03/v0310	SES125	1.28547	-52.6939	-53.9794
spk_ver/v03/v0311	SES062	-1.81833	-55.9899	-54.1716
spk_ver/v03/v0312	SES062	-4.36936	-61.2005	-56.8311
spk_ver/v03/v0313	SES062	-1.55926	-57.2396	-55.6803
spk_ver/v03/v0314	SES068	-2.99508	-57.7799	-54.7848
spk_ver/v03/v0315	SES068	-2.35089	-56.3119	-53.961
spk_ver/v03/v0316	SES068	-2.2594	-59.5448	-57.2854
spk_ver/v03/v0317	SES068	-0.82935	-57.3464	-56.517
spk_ver/v03/v0318	SES068	-2.74007	-57.195	-54.4549
spk_ver/v03/v0319	SES068	-4.89663	-60.7659	-55.8692
spk_ver/v03/v0320	SES068	-1.23938	-55.7945	-54.5551
spk_ver/v03/v0321	SES068	-0.554134	-56.0899	-55.5358
spk_ver/v03/v0322	SES068	-0.937309	-56.6951	-55.7578
spk_ver/v03/v0323	SES068	-1.76897	-57.2734	-55.5044
spk_ver/v03/v0324	SES144	0.305805	-56.6946	-57.0004
spk_ver/v03/v0325	SES068	-1.38938	-56.0447	-54.6553
spk_ver/v03/v0326	SES068	-0.464008	-54.789	-54.325
spk_ver/v03/v0327	SES068	-1.0225	-56.3706	-55.3481
spk_ver/v03/v0328	SES068	-3.2316	-58.2487	-55.0171
spk_ver/v03/v0329	SES068	-0.867058	-55.9258	-55.0587
spk_ver/v03/v0330	SES180	0.462582	-55.4436	-55.9062
spk_ver/v03/v0331	SES068	-0.645126	-56.1331	-55.488
spk_ver/v03/v0332	SES275	1.23825	-54.2646	-55.5029
spk_ver/v03/v0333	SES062	1.53868	-52.5674	-54.1061
spk_ver/v03/v0334	SES270	1.41513	-53.8882	-55.3033
spk_ver/v03/v0335	SES068	-3.88386	-59.9473	-56.0635
spk_ver/v03/v0336	SES068	-1.10872	-55.2853	-54.1766
spk_ver/v03/v0337	SES068	-1.37609	-57.6486	-56.2725
spk_ver/v03/v0338	SES068	-1.78445	-58.905	-57.1206
spk_ver/v03/v0339	SES068	-1.03632	-55.9805	-54.9442
spk_ver/v03/v0340	SES068	-1.92747	-58.8377	-56.9102
spk_ver/v03/v0341	SES016	0.980064	-53.9703	-54.9504
spk_ver/v03/v0342	SES068	-2.29002	-58.5702	-56.2802
spk_ver/v03/v0343	SES068	-1.67075	-57.4032	-55.7325
spk_ver/v03/v0344	SES125	1.31853	-53.4589	-54.7774
spk_ver/v03/v0345	SES187	0.625786	-55.0374	-55.6632
spk_ver/v03/v0346	SES068	-1.55851	-56.25	-54.6915
spk_ver/v03/v0347	SES143	0.823372	-54.8529	-55.6762
spk_ver/v03/v0348	SES292	0.853115	-54.4989	-55.352
spk_ver/v03/v0349	SES082	-3.87786	-58.6406	-54.7627
spk_ver/v03/v0350	SES101	0.942684	-53.4466	-54.3893
spk_ver/v03/v0351	SES082	0.132488	-54.9325	-55.065
spk_ver/v03/v0352	SES082	-1.10165	-56.5044	-55.4028
spk_ver/v03/v0353	SES082	-3.78001	-59.2736	-55.4936
spk_ver/v03/v0354	SES082	-7.29704	-64.2992	-57.0021
spk_ver/v03/v0355	SES083	0.392994	-53.3376	-53.7306
spk_ver/v03/v0356	SES082	-1.68022	-57.3258	-55.6456
spk_ver/v03/v0357	SES082	-5.6929	-61.9446	-56.2517
spk_ver/v03/v0358	SES082	-1.12107	-56.0578	-54.9368
spk_ver/v03/v0359	SES117	0.630798	-57.2583	-57.8891
spk_ver/v03/v0360	SES082	-5.19215	-60.212	-55.0199
spk_ver/v03/v0361	SES082	-1.27794	-56.7692	-55.4913
spk_ver/v03/v0362	SES007	1.00853	-54.1188	-55.1273
spk_ver/v03/v0363	SES082	-1.99295	-56.5853	-54.5924
spk_ver/v03/v0364	SES019	2.11018	-53.5654	-55.6756
spk_ver/v03/v0365	SES082	-0.611359	-55.8604	-55.2491
spk_ver/v03/v0366	SES226	1.59425	-53.5575	-55.1517
spk_ver/v03/v0367	SES167	1.34165	-53.6557	-54.9974
spk_ver/v03/v0368	SES082	-2.08096	-55.9069	-53.8259
spk_ver/v03/v0369	SES042	3.11722	-50.5633	-53.6806
spk_ver/v03/v0370	SES042	2.33346	-51.6265	-53.96
spk_ver/v03/v0371	SES082	-4.49508	-59.4158	-54.9208
spk_ver/v03/v0372	SES082	-1.29248	-55.6275	-54.335
spk_ver/v03/v0373	SES082	-4.811	-60.554	-55.743
spk_ver/v03/v0374	SES083	-0.950741	-54.7983	-53.8476
spk_ver/v03/v0375	SES292	0.54657	-54.6273	-55.1739
spk_ver/v03/v0376	SES083	-2.92101	-57.4646	-54.5436
spk_ver/v03/v0377	SES083	-2.35199	-57.8381	-55.4861
spk_ver/v03/v0378	SES083	-0.817856	-56.6749	-55.857
spk_ver/v03/v0379	SES083	-0.988544	-56.6454	-55.6569
spk_ver/v03/v0380	SES083	-1.37908	-58.0263	-56.6472
spk_ver/v03/v0381	SES083	-1.30977	-55.9245	-54.6148
spk_ver/v03/v0382	SES148	0.99865	-54.1851	-55.1838
spk_ver/v03/v0383	SES083	-0.653339	-55.2968	-54.6434
spk_ver/v03/v0384	SES226	1.6616	-53.1497	-54.8113
spk_ver/v03/v0385	SES226	1.45267	-52.9501	-54.4028
spk_ver/v03/v0386	SES087	1.5707	-53.3571	-54.9278
spk_ver/v03/v0387	SES029	0.504395	-54.9119	-55.4163
spk_ver/v03/v0388	SES147	0.994267	-55.1382	-56.1325
spk_ver/v03/v0389	SES083	-3.5717	-59.7539	-56.1822
spk_ver/v03/v0390	SES189	1.27271	-55.2825	-56.5552
spk_ver/v03/v0391	SES083	-0.946999	-56.8441	-55.8971
spk_ver/v03/v0392	SES083	0.118446	-53.9985	-54.117
spk_ver/v03/v0393	SES083	-1.60447	-56.539	-54.9345
spk_ver/v03/v0394	SES083	-2.76091	-58.0746	-55.3137
spk_ver/v03/v0395	SES083	-0.751816	-56.1898	-55.438
spk_ver/v03/v0396	SES014	2.03234	-51.4709	-53.5033
spk_ver/v03/v0397	SES085	-0.278557	-54.5643	-54.2857
spk_ver/v03/v0398	SES085	-1.20715	-55.6318	-54.4247
spk_ver/v03/v0399	SES085	-2.97409	-57.2757	-54.3016
spk_ver/v04/v0400	SES106	1.77994	-52.2399	-54.0198
spk_ver/v04/v0401	SES085	-3.00451	-57.9735	-54.969
spk_ver/v04/v0402	SES085	-5.12773	-60.9875	-55.8597
spk_ver/v04/v0403	SES085	0.111191	-54.8163	-54.9275
spk_ver/v04/v0404	SES180	1.13861	-54.0877	-55.2263
spk_ver/v04/v0405	SES129	1.55504	-52.8433	-54.3983
spk_ver/v04/v0406	SES085	-3.19018	-58.4621	-55.2719
spk_ver/v04/v0407	SES146	0.233311	-55.9536	-56.1869
spk_ver/v04/v0408	SES085	-0.576256	-55.1699	-54.5937
spk_ver/v04/v0409	SES085	-2.45531	-57.4841	-55.0288
spk_ver/v04/v0410	SES085	-3.93273	-58.5785	-54.6458
spk_ver/v04/v0411	SES292	0.721825	-54.8538	-55.5757
spk_ver/v04/v0412	SES085	-1.09595	-55.6809	-54.5849
spk_ver/v04/v0413	SES125	1.59367	-52.4742	-54.0679
spk_ver/v04/v0414	SES085	-1.89254	-59.2579	-57.3654
spk_ver/v04/v0415	SES085	-1.20581	-57.107	-55.9012
spk_ver/v04/v0416	SES085	-1.83246	-56.243	-54.4105
spk_ver/v04/v0417	SES062	0.58329	-53.6031	-54.1864
spk_ver/v04/v0418	SES060	1.94907	-53.1395	-55.0886
spk_ver/v04/v0419	SES085	-0.163704	-54.9857	-54.822
spk_ver/v04/v0420	SES085	-3.88621	-59.1276	-55.2414
spk_ver/v04/v0421	SES085	-4.41116	-60.3389	-55.9278
spk_ver/v04/v0422	SES085	-0.963066	-57.4462	-56.4831
spk_ver/v04/v0423	SES085	-3.35454	-58.8577	-55.5031
spk_ver/v04/v0424	SES085	-2.26001	-58.8898	-56.6298
spk_ver/v04/v0425	SES183	0.999809	-55.0891	-56.0889
spk_ver/v04/v0426	SES085	-3.42051	-58.1044	-54.6839
spk_ver/v04/v0427	SES087	-2.35729	-57.578	-55.2207
spk_ver/v04/v0428	SES162	1.21511	-55.3262	-56.5413
spk_ver/v04/v0429	SES087	-0.749046	-55.2363	-54.4872
spk_ver/v04/v0430	SES087	-4.92397	-60.6061	-55.6821
spk_ver/v04/v0431	SES087	-6.81526	-63.8255	-57.0102
spk_ver/v04/v0432	SES087	-1.37606	-56.6421	-55.2661
spk_ver/v04/v0433	SES087	-4.55947	-59.6018	-55.0423
spk_ver/v04/v0434	SES142	2.90004	-53.6879	-56.588
spk_ver/v04/v0435	SES087	-5.51755	-62.1037	-56.5861
spk_ver/v04/v0436	SES099	1.24496	-53.6347	-54.8796
spk_ver/v04/v0437	SES087	-2.01484	-56.1691	-54.1543
spk_ver/v04/v0438	SES087	-4.88997	-59.837	-54.9471
spk_ver/v04/v0439	SES087	-1.41285	-55.6642	-54.2514
spk_ver/v04/v0440	SES087	-3.9616	-59.0994	-55.1378
spk_ver/v04/v0441	SES087	-6.50121	-62.72	-56.2188
spk_ver/v04/v0442	SES187	1.6483	-54.8836	-56.5319
spk_ver/v04/v0443	SES172	1.70352	-54.0633	-55.7668
spk_ver/v04/v0444	SES087	-1.68142	-56.6087	-54.9273
spk_ver/v04/v0445	SES087	-1.51347	-55.7066	-54.1931
spk_ver/v04/v0446	SES087	-0.290035	-54.7713	-54.4812
spk_ver/v04/v0447	SES087	-1.1079	-56.0106	-54.9027
spk_ver/v04/v0448	SES106	1.70816	-53.2944	-55.0025
spk_ver/v04/v0449	SES146	1.15926	-55.2862	-56.4455
spk_ver/v04/v0450	SES087	-5.40289	-61.4267	-56.0239
spk_ver/v04/v0451	SES087	-0.861347	-55.5067	-54.6454
spk_ver/v04/v0452	SES007	1.0318	-54.668	-55.6998
spk_ver/v04/v0453	SES087	-1.87753	-57.3571	-55.4796
spk_ver/v04/v0454	SES087	-5.39459	-61.1188	-55.7242
spk_ver/v04/v0455	SES180	0.96133	-54.9128	-55.8741
spk_ver/v04/v0456	SES099	-4.71793	-60.4921	-55.7742
spk_ver/v04/v0457	SES042	1.77137	-52.5961	-54.3675
spk_ver/v04/v0458	SES099	-0.263283	-55.5721	-55.3089
spk_ver/v04/v0459	SES099	-6.71466	-62.9607	-56.246
spk_ver/v04/v0460	SES099	-6.08839	-62.9309	-56.8425
spk_ver/v04/v0461	SES099	-1.04985	-55.3002	-54.2503
spk_ver/v04/v0462	SES082	1.86553	-52.7235	-54.589
spk_ver/v04/v0463	SES099	-0.0606995	-55.0438	-54.9831
spk_ver/v04/v0464	SES099	0.783817	-53.7127	-54.4965
spk_ver/v04/v0465	SES099	-6.6759	-62.4581	-55.7822
spk_ver/v04/v0466	SES099	-0.309689	-54.8805	-54.5708
spk_ver/v04/v0467	SES099	-0.177441	-55.5944	-55.4169
spk_ver/v04/v0468	SES129	1.88345	-53.6274	-55.5108
spk_ver/v04/v0469	SES101	0.324574	-54.4522	-54.7768
spk_ver/v04/v0470	SES099	-5.04734	-61.6091	-56.5617
spk_ver/v04/v0471	SES172	0.927597	-54.6255	-55.5531
spk_ver/v04/v0472	SES099	0.0109138	-54.5449	-54.5558
spk_ver/v04/v0473	SES270	1.90421	-53.3259	-55.2301
spk_ver/v04/v0474	SES099	-3.39806	-58.0124	-54.6144
spk_ver/v04/v0475	SES099	-1.51155	-55.9403	-54.4287
spk_ver/v04/v0476	SES099	-2.15142	-59.1704	-57.019
spk_ver/v04/v0477	SES002	1.61333	-52.862	-54.4754
spk_ver/v04/v0478	SES099	0.237148	-54.845	-55.0822
spk_ver/v04/v0479	SES007	-0.223625	-56.1923	-55.9686
spk_ver/v04/v0480	SES101	-3.22671	-57.3322	-54.1054
spk_ver/v04/v0481	SES101	-2.94629	-59.9729	-57.0266
spk_ver/v04/v0482	SES175	0.288834	-55.6335	-55.9223
spk_ver/v04/v0483	SES101	-1.5727	-56.8206	-55.2479
spk_ver/v04/v0484	SES101	-3.05841	-56.6576	-53.5992
spk_ver/v04/v0485	SES101	-1.4839	-57.8904	-56.4065
spk_ver/v04/v0486	SES101	-1.10921	-58.1664	-57.0572
spk_ver/v04/v0487	SES101	-1.45728	-58.0566	-56.5993
spk_ver/v04/v0488	SES101	-2.91563	-58.7335	-55.8179
spk_ver/v04/v0489	SES147	0.579948	-56.6113	-57.1912
spk_ver/v04/v0490	SES085	0.424572	-55.3487	-55.7732
spk_ver/v04/v0491	SES101	-1.76703	-59.1299	-57.3628
spk_ver/v04/v0492	SES101	-2.91254	-59.5202	-56.6077
spk_ver/v04/v0493	SES101	-2.54119	-56.7514	-54.2102
spk_ver/v04/v0494	SES101	-1.85056	-57.8183	-55.9677
spk_ver/v04/v0495	SES101	-0.755722	-54.9712	-54.2155
spk_ver/v04/v0496	SES101	-1.88146	-57.4098	-55.5284
spk_ver/v04/v0497	SES014	1.87057	-51.4063	-53.2768
spk_ver/v04/v0498	SES101	-2.52437	-57.62	-55.0956
spk_ver/v04/v0499	SES101	-1.42794	-56.1056	-54.6777
spk_ver/v05/v0500	SES085	0.863506	-53.5866	-54.4501
spk_ver/v05/v0501	SES101	-3.74136	-58.2054	-54.464
spk_ver/v05/v0502	SES275	0.643215	-54.6531	-55.2963
spk_ver/v05/v0503	SES117	1.05217	-55.8153	-56.8675
spk_ver/v05/v0504	SES101	-2.94103	-57.3655	-54.4245
spk_ver/v05/v0505	SES101	-1.74815	-56.6729	-54.9248
spk_ver/v05/v0506	SES101	-1.39673	-57.1642	-55.7675
spk_ver/v05/v0507	SES048	1.14684	-52.8728	-54.0196
spk_ver/v05/v0508	SES117	0.529125	-56.7107	-57.2398
spk_ver/v05/v0509	SES202	1.76007	-53.4693	-55.2294
spk_ver/v05/v0510	SES104	-1.54835	-58.2296	-56.6813
spk_ver/v05/v0511	SES008	0.698231	-55.4217	-56.12
spk_ver/v05/v0512	SES104	-0.891594	-56.4981	-55.6065
spk_ver/v05/v0513	SES104	-0.809258	-54.9192	-54.11
spk_ver/v05/v0514	SES104	-4.85175	-59.3854	-54.5336
spk_ver/v05/v0515	SES104	-6.92662	-62.9803	-56.0537
spk_ver/v05/v0516	SES104	-0.935493	-57.3201	-56.3846
spk_ver/v05/v0517	SES060	0.748062	-52.7202	-53.4683
spk_ver/v05/v0518	SES104	-7.30737	-63.8801	-56.5727
spk_ver/v05/v0519	SES104	-6.70218	-63.8632	-57.161
spk_ver/v05/v0520	SES104	-0.144249	-53.9576	-53.8133
spk_ver/v05/v0521	SES008	1.02874	-53.0177	-54.0464
spk_ver/v05/v0522	SES068	1.27978	-54.5368	-55.8166
spk_ver/v05/v0523	SES087	1.43094	-53.1262	-54.5572
spk_ver/v05/v0524	SES104	-1.32081	-56.8031	-55.4823
spk_ver/v05/v0525	SES104	-0.594387	-55.8371	-55.2427
spk_ver/v05/v0526	SES104	-0.766796	-55.1847	-54.4179
spk_ver/v05/v0527	SES083	0.673389	-54.4364	-55.1098
spk_ver/v05/v0528	SES148	1.35873	-54.2124	-55.5712
spk_ver/v05/v0529	SES104	-1.68587	-57.4227	-55.7368
spk_ver/v05/v0530	SES104	-5.32113	-60.7152	-55.3941
spk_ver/v05/v0531	SES125	1.22766	-53.2751	-54.5028
spk_ver/v05/v0532	SES104	-5.53296	-61.4313	-55.8983
spk_ver/v05/v0533	SES149	2.33541	-51.8108	-54.1462
spk_ver/v05/v0534	SES104	-5.6116	-61.0691	-55.4575
spk_ver/v05/v0535	SES187	0.783775	-56.0329	-56.8167
spk_ver/v05/v0536	SES104	-1.48905	-56.4493	-54.9602
spk_ver/v05/v0537	SES104	-1.54128	-56.9499	-55.4087
spk_ver/v05/v0538	SES167	1.40693	-54.3089	-55.7159
spk_ver/v05/v0539	SES104	-1.49803	-58.7799	-57.2819
spk_ver/v05/v0540	SES104	-5.52299	-59.6066	-54.0836
spk_ver/v05/v0541	SES183	1.54141	-55.9096	-57.451
spk_ver/v05/v0542	SES104	-0.800407	-56.3096	-55.5092
spk_ver/v05/v0543	SES104	-5.96367	-61.2956	-55.3319
spk_ver/v05/v0544	SES105	-2.51886	-58.7563	-56.2375
spk_ver/v05/v0545	SES105	-1.79876	-57.7546	-55.9558
spk_ver/v05/v0546	SES105	-2.34684	-57.6721	-55.3252
spk_ver/v05/v0547	SES105	-2.26962	-58.9667	-56.6971
spk_ver/v05/v0548	SES019	2.80175	-53.4216	-56.2234
spk_ver/v05/v0549	SES105	-1.74729	-57.8597	-56.1124
spk_ver/v05/v0550	SES105	-2.20675	-58.5988	-56.3921
spk_ver/v05/v0551	SES202	2.1825	-55.3069	-57.4894
spk_ver/v05/v0552	SES105	-2.87844	-59.2315	-56.3531
spk_ver/v05/v0553	SES105	-0.637707	-55.7707	-55.133
spk_ver/v05/v0554	SES105	-1.51574	-56.5264	-55.0107
spk_ver/v05/v0555	SES105	-1.96834	-56.7412	-54.7729
spk_ver/v05/v0556	SES082	0.807621	-53.8033	-54.6109
spk_ver/v05/v0557	SES105	-2.50253	-56.883	-54.3805
spk_ver/v05/v0558	SES014	1.49842	-52.7581	-54.2566
spk_ver/v05/v0559	SES105	-1.32354	-56.6287	-55.3052
spk_ver/v05/v0560	SES177	0.226402	-55.4463	-55.6727
spk_ver/v05/v0561	SES189	3.65347	-58.4767	-62.1302
spk_ver/v05/v0562	SES105	-2.12243	-58.1502	-56.0278
spk_ver/v05/v0563	SES099	1.33477	-54.8363	-56.1711
spk_ver/v05/v0564	SES105	-1.83031	-56.6584	-54.828
spk_ver/v05/v0565	SES105	-2.79139	-57.7699	-54.9785
spk_ver/v05/v0566	SES105	-2.64193	-57.9869	-55.345
spk_ver/v05/v0567	SES142	2.21523	-54.6364	-56.8517
spk_ver/v05/v0568	SES048	1.12034	-53.7687	-54.8891
spk_ver/v05/v0569	SES105	-2.38677	-57.4784	-55.0916
spk_ver/v05/v0570	SES105	-0.888683	-56.3451	-55.4565
spk_ver/v05/v0571	SES105	-2.84298	-59.4594	-56.6164
spk_ver/v05/v0572	SES105	-2.83292	-59.4276	-56.5947
spk_ver/v05/v0573	SES105	-2.94987	-57.9011	-54.9513
spk_ver/v05/v0574	SES105	-1.17046	-56.6324	-55.4619
spk_ver/v05/v0575	SES105	-1.39854	-57.8588	-56.4602
spk_ver/v05/v0576	SES106	-6.82576	-63.0355	-56.2097
spk_ver/v05/v0577	SES106	-3.98247	-59.8961	-55.9136
spk_ver/v05/v0578	SES106	-4.9753	-60.5481	-55.5728
spk_ver/v05/v0579	SES106	-4.64322	-59.7173	-55.0741
spk_ver/v05/v0580	SES106	-0.900631	-55.143	-54.2423
spk_ver/v05/v0581	SES106	-7.14351	-63.7189	-56.5754
spk_ver/v05/v0582	SES106	-1.1207	-57.4079	-56.2872
spk_ver/v05/v0583	SES106	-0.567192	-54.7887	-54.2215
spk_ver/v05/v0584	SES106	-6.07754	-62.4654	-56.3878
spk_ver/v05/v0585	SES106	0.0527954	-57.2218	-57.2746
spk_ver/v05/v0586	SES106	-5.26885	-60.9671	-55.6982
spk_ver/v05/v0587	SES106	-2.53495	-58.2375	-55.7025
spk_ver/v05/v0588	SES106	-4.47434	-59.3313	-54.857
spk_ver/v05/v0589	SES106	-6.32219	-60.9497	-54.6276
spk_ver/v05/v0590	SES082	0.947449	-53.9015	-54.849
spk_ver/v05/v0591	SES180	0.966919	-55.0921	-56.059
spk_ver/v05/v0592	SES106	-1.19524	-56.1456	-54.9503
spk_ver/v05/v0593	SES106	-7.70915	-64.4461	-56.7369
spk_ver/v05/v0594	SES292	0.940731	-54.652	-55.5927
spk_ver/v05/v0595	SES106	-0.307178	-55.6149	-55.3078
spk_ver/v05/v0596	SES106	-6.17793	-62.5623	-56.3843
spk_ver/v05/v0597	SES106	-5.03917	-60.8954	-55.8562
spk_ver/v05/v0598	SES042	1.70975	-53.1176	-54.8274
spk_ver/v05/v0599	SES106	-5.12913	-61.3599	-56.2308
spk_ver/v06/v0600	SES106	0.22406	-55.3085	-55.5326
spk_ver/v06/v0601	SES106	-1.15864	-56.5214	-55.3627
spk_ver/v06/v0602	SES106	-2.64944	-57.8325	-55.183
spk_ver/v06/v0603	SES106	-5.18423	-61.5448	-56.3605
spk_ver/v06/v0604	SES106	-4.90727	-60.3454	-55.4381
spk_ver/v06/v0605	SES106	-6.57114	-63.5063	-56.9351
spk_ver/v06/v0606	SES048	1.80103	-52.7982	-54.5992
spk_ver/v06/v0607	SES167	2.25956	-53.1434	-55.4029
spk_ver/v06/v0608	SES106	-4.60694	-60.5275	-55.9206
spk_ver/v06/v0609	SES143	1.05331	-54.9353	-55.9886
spk_ver/v06/v0610	SES106	-7.8802	-65.1894	-57.3092
spk_ver/v06/v0611	SES106	-3.52572	-59.6744	-56.1486
spk_ver/v06/v0612	SES106	-7.18963	-63.684	-56.4943
spk_ver/v06/v0613	SES117	-0.270863	-55.6239	-55.353
spk_ver/v06/v0614	SES117	-2.74312	-57.2533	-54.5102
spk_ver/v06/v0615	SES117	-0.959156	-57.0487	-56.0895
spk_ver/v06/v0616	SES106	1.62191	-51.6692	-53.2911
spk_ver/v06/v0617	SES142	2.67356	-55.1208	-57.7944
spk_ver/v06/v0618	SES048	1.572	-52.7988	-54.3708
spk_ver/v06/v0619	SES175	1.21083	-54.6369	-55.8478
spk_ver/v06/v0620	SES180	0.766418	-54.549	-55.3154
spk_ver/v06/v0621	SES117	-0.151466	-57.4874	-57.3359
spk_ver/v06/v0622	SES029	0.147812	-55.4466	-55.5944
spk_ver/v06/v0623	SES117	-0.623405	-55.6171	-54.9937
spk_ver/v06/v0624	SES117	-2.23922	-57.7085	-55.4692
spk_ver/v06/v0625	SES117	-0.824898	-58.4216	-57.5967
spk_ver/v06/v0626	SES106	1.44633	-53.2444	-54.6908
spk_ver/v06/v0627	SES226	1.82644	-52.3966	-54.223
spk_ver/v06/v0628	SES117	-0.217213	-56.069	-55.8518
spk_ver/v06/v0629	SES117	-1.69477	-54.1738	-52.479
spk_ver/v06/v0630	SES117	-2.54856	-57.1499	-54.6013
spk_ver/v06/v0631	SES117	-2.50561	-59.173	-56.6674
spk_ver/v06/v0632	SES117	-0.812916	-55.6221	-54.8092
spk_ver/v06/v0633	SES099	2.14322	-53.7474	-55.8906
spk_ver/v06/v0634	SES105	1.50456	-54.2227	-55.7272
spk_ver/v06/v0635	SES167	1.30843	-54.7882	-56.0966
spk_ver/v06/v0636	SES117	-0.352173	-55.643	-55.2908
spk_ver/v06/v0637	SES202	1.84737	-54.7144	-56.5617
spk_ver/v06/v0638	SES117	-1.90137	-56.8537	-54.9524
spk_ver/v06/v0639	SES167	1.69497	-53.8543	-55.5493
spk_ver/v06/v0640	SES117	-1.34043	-56.3717	-55.0313
spk_ver/v06/v0641	SES117	-2.11559	-56.6383	-54.5227
spk_ver/v06/v0642	SES101	0.952465	-53.3598	-54.3123
spk_ver/v06/v0643	SES068	0.928131	-54.386	-55.3141
spk_ver/v06/v0644	SES120	-2.31671	-58.4972	-56.1805
spk_ver/v06/v0645	SES120	-1.35598	-58.1458	-56.7899
spk_ver/v06/v0646	SES172	1.19494	-55.2261	-56.421
spk_ver/v06/v0647	SES120	-2.1075	-57.2011	-55.0936
spk_ver/v06/v0648	SES120	-0.312725	-54.8144	-54.5016
spk_ver/v06/v0649	SES120	-1.84228	-58.0614	-56.2191
spk_ver/v06/v0650	SES087	1.63937	-53.5983	-55.2377
spk_ver/v06/v0651	SES120	-1.21858	-56.1809	-54.9624
spk_ver/v06/v0652	SES104	-0.0588303	-56.0768	-56.018
spk_ver/v06/v0653	SES129	1.56902	-53.0266	-54.5956
spk_ver/v06/v0654	SES120	-1.67503	-57.2544	-55.5794
spk_ver/v06/v0655	SES120	-0.90461	-57.2741	-56.3694
spk_ver/v06/v0656	SES120	-1.12397	-56.6628	-55.5388
spk_ver/v06/v0657	SES147	0.883736	-55.806	-56.6897
spk_ver/v06/v0658	SES120	-1.89125	-57.5125	-55.6212
spk_ver/v06/v0659	SES120	-1.4502	-55.2812	-53.831
spk_ver/v06/v0660	SES120	-0.963058	-55.6621	-54.699
spk_ver/v06/v0661	SES120	-2.08251	-58.3593	-56.2768
spk_ver/v06/v0662	SES120	-1.60771	-55.85	-54.2423
spk_ver/v06/v0663	SES120	-1.85818	-58.907	-57.0488
spk_ver/v06/v0664	SES147	1.00083	-54.9699	-55.9707
spk_ver/v06/v0665	SES162	1.41911	-55.2096	-56.6287
spk_ver/v06/v0666	SES120	-1.43804	-56.2721	-54.834
spk_ver/v06/v0667	SES120	-1.49554	-56.6243	-55.1287
spk_ver/v06/v0668	SES120	0.908318	-54.1735	-55.0818
spk_ver/v06/v0669	SES142	2.89598	-53.9526	-56.8486
spk_ver/v06/v0670	SES106	2.03566	-52.5131	-54.5488
spk_ver/v06/v0671	SES183	1.57375	-54.6696	-56.2433
spk_ver/v06/v0672	SES120	-1.16	-56.1916	-55.0316
spk_ver/v06/v0673	SES029	0.261703	-55.4894	-55.7511
spk_ver/v06/v0674	SES120	-0.915218	-56.2746	-55.3594
spk_ver/v06/v0675	SES008	1.67422	-53.3781	-55.0523
spk_ver/v06/v0676	SES125	-5.12004	-62.4416	-57.3216
spk_ver/v06/v0677	SES143	0.864433	-55.5737	-56.4382
spk_ver/v06/v0678	SES125	-4.94018	-62.1985	-57.2583
spk_ver/v06/v0679	SES162	0.41526	-55.4737	-55.889
spk_ver/v06/v0680	SES125	-2.83482	-57.2174	-54.3826
spk_ver/v06/v0681	SES125	-1.78434	-56.8408	-55.0564
spk_ver/v06/v0682	SES125	-4.56338	-58.5207	-53.9573
spk_ver/v06/v0683	SES226	1.51168	-53.2023	-54.714
spk_ver/v06/v0684	SES125	-4.01559	-60.6809	-56.6653
spk_ver/v06/v0685	SES125	-5.31983	-60.6218	-55.302
spk_ver/v06/v0686	SES120	0.928444	-53.9007	-54.8291
spk_ver/v06/v0687	SES125	-2.11837	-59.1806	-57.0622
spk_ver/v06/v0688	SES158	1.46233	-53.4597	-54.9221
spk_ver/v06/v0689	SES125	-4.43682	-60.3308	-55.894
spk_ver/v06/v0690	SES105	1.46582	-54.3263	-55.7921
spk_ver/v06/v0691	SES125	-0.838848	-56.3008	-55.462
spk_ver/v06/v0692	SES125	-1.78483	-56.7197	-54.9349
spk_ver/v06/v0693	SES180	1.47411	-54.1069	-55.581
spk_ver/v06/v0694	SES125	-9.00331	-65.2567	-56.2534
spk_ver/v06/v0695	SES125	-2.01472	-56.5427	-54.528
spk_ver/v06/v0696	SES125	-6.97515	-62.0312	-55.0561
spk_ver/v06/v0697	SES125	-6.78456	-63.914	-57.1295
spk_ver/v06/v0698	SES083	0.811985	-53.8769	-54.6889
spk_ver/v06/v0699	SES125	-5.19508	-61.1679	-55.9728
spk_ver/v07/v0700	SES014	1.58224	-52.9476	-54.5299
spk_ver/v07/v0701	SES125	-3.89592	-58.2462	-54.3503
spk_ver/v07/v0702	SES127	-0.622833	-56.1065	-55.4837
spk_ver/v07/v0703	SES127	-1.13824	-58.0562	-56.9179
spk_ver/v07/v0704	SES206	1.74133	-52.5619	-54.3033
spk_ver/v07/v0705	SES127	-1.41474	-57.8694	-56.4547
spk_ver/v07/v0706	SES127	-1.56143	-57.2269	-55.6655
spk_ver/v07/v0707	SES127	-3.35986	-57.8637	-54.5039
spk_ver/v07/v0708	SES275	0.620636	-54.8086	-55.4292
spk_ver/v07/v0709	SES127	-2.25769	-58.3558	-56.0981
spk_ver/v07/v0710	SES105	0.67028	-55.3268	-55.9971
spk_ver/v07/v0711	SES127	-1.17633	-56.036	-54.8596
spk_ver/v07/v0712	SES127	-0.571533	-55.9281	-55.3565
spk_ver/v07/v0713	SES127	-2.14698	-57.9337	-55.7867
spk_ver/v07/v0714	SES019	3.76986	-53.1219	-56.8918
spk_ver/v07/v0715	SES127	-1.62066	-58.3259	-56.7052
spk_ver/v07/v0716	SES148	1.07616	-54.3362	-55.4124
spk_ver/v07/v0717	SES162	1.37722	-54.6866	-56.0638
spk_ver/v07/v0718	SES189	1.50399	-56.2744	-57.7784
spk_ver/v07/v0719	SES149	0.772945	-53.1602	-53.9332
spk_ver/v07/v0720	SES175	0.97551	-55.1252	-56.1007
spk_ver/v07/v0721	SES127	-2.8439	-57.7355	-54.8916
spk_ver/v07/v0722	SES127	-0.584518	-56.1508	-55.5663
spk_ver/v07/v0723	SES127	-1.49653	-57.0038	-55.5073
spk_ver/v07/v0724	SES127	-2.08085	-57.7798	-55.699
spk_ver/v07/v0725	SES127	-1.98528	-57.8615	-55.8762
spk_ver/v07/v0726	SES259	1.85542	-52.4243	-54.2797
spk_ver/v07/v0727	SES127	-1.49445	-57.1703	-55.6758
spk_ver/v07/v0728	SES127	-0.597355	-54.9068	-54.3094
spk_ver/v07/v0729	SES127	-4.06926	-59.5567	-55.4874
spk_ver/v07/v0730	SES127	-1.54378	-58.5859	-57.0421
spk_ver/v07/v0731	SES129	-0.997929	-55.2584	-54.2604
spk_ver/v07/v0732	SES129	-2.49402	-59.1788	-56.6848
spk_ver/v07/v0733	SES129	-4.15798	-61.7071	-57.5491
spk_ver/v07/v0734	SES129	-6.26276	-64.0458	-57.7831
spk_ver/v07/v0735	SES183	1.17073	-54.4472	-55.6179
spk_ver/v07/v0736	SES129	-2.39973	-58.43	-56.0303
spk_ver/v07/v0737	SES129	-2.16421	-56.9752	-54.811
spk_ver/v07/v0738	SES129	-4.02059	-59.5863	-55.5657
spk_ver/v07/v0739	SES129	-3.64259	-59.8521	-56.2096
spk_ver/v07/v0740	SES167	0.14978	-55.003	-55.1528
spk_ver/v07/v0741	SES129	-2.72314	-59.0137	-56.2906
spk_ver/v07/v0742	SES129	-2.48203	-56.0195	-53.5375
spk_ver/v07/v0743	SES129	-1.63162	-56.5993	-54.9677
spk_ver/v07/v0744	SES129	-3.99882	-61.4157	-57.4169
spk_ver/v07/v0745	SES180	1.13586	-54.4594	-55.5952
spk_ver/v07/v0746	SES129	-0.992741	-55.5616	-54.5689
spk_ver/v07/v0747	SES292	0.040493	-54.8101	-54.8506
spk_ver/v07/v0748	SES202	1.15751	-54.9936	-56.1511
spk_ver/v07/v0749	SES270	1.19926	-53.9495	-55.1487
spk_ver/v07/v0750	SES129	-2.27387	-56.8959	-54.622
spk_ver/v07/v0751	SES129	-3.20465	-57.3774	-54.1727
spk_ver/v07/v0752	SES060	-0.0641289	-55.3475	-55.2834
spk_ver/v07/v0753	SES129	-2.69141	-59.0972	-56.4058
spk_ver/v07/v0754	SES129	-5.79145	-64.5654	-58.774
spk_ver/v07/v0755	SES129	-3.17182	-59.0926	-55.9208
spk_ver/v07/v0756	SES175	0.86935	-55.6295	-56.4988
spk_ver/v07/v0757	SES129	-3.54536	-58.9066	-55.3613
spk_ver/v07/v0758	SES129	-3.73697	-59.3649	-55.6279
spk_ver/v07/v0759	SES129	-3.32383	-57.2745	-53.9507
spk_ver/v07/v0760	SES129	-3.04975	-58.3826	-55.3329
spk_ver/v07/v0761	SES129	-2.78219	-56.422	-53.6399
spk_ver/v07/v0762	SES172	0.845898	-55.3251	-56.171
spk_ver/v07/v0763	SES129	-2.0521	-58.6957	-56.6436
spk_ver/v07/v0764	SES129	-3.21284	-58.5123	-55.2995
spk_ver/v07/v0765	SES175	0.78791	-56.6929	-57.4808
spk_ver/v07/v0766	SES129	-3.3746	-57.3101	-53.9355
spk_ver/v07/v0767	SES129	-2.71546	-58.8516	-56.1362
spk_ver/v07/v0768	SES042	2.28505	-51.6904	-53.9754
spk_ver/v07/v0769	SES099	1.28691	-54.5688	-55.8557
spk_ver/v07/v0770	SES142	-2.63795	-59.185	-56.547
spk_ver/v07/v0771	SES142	-2.65834	-57.1839	-54.5255
spk_ver/v07/v0772	SES101	0.675369	-53.9412	-54.6166
spk_ver/v07/v0773	SES142	-5.98056	-61.9609	-55.9804
spk_ver/v07/v0774	SES142	-2.77074	-59.2934	-56.5226
spk_ver/v07/v0775	SES142	-1.38488	-56.7701	-55.3852
spk_ver/v07/v0776	SES142	-2.28263	-56.8457	-54.5631
spk_ver/v07/v0777	SES142	-2.13723	-58.0224	-55.8851
spk_ver/v07/v0778	SES142	-1.0914	-58.2201	-57.1287
spk_ver/v07/v0779	SES142	-6.45901	-60.9795	-54.5205
spk_ver/v07/v0780	SES142	-2.67909	-58.9089	-56.2299
spk_ver/v07/v0781	SES142	-5.06815	-60.2034	-55.1353
spk_ver/v07/v0782	SES101	0.929195	-54.5588	-55.488
spk_ver/v07/v0783	SES142	-3.68877	-58.8125	-55.1237
spk_ver/v07/v0784	SES187	1.52188	-54.5742	-56.0961
spk_ver/v07/v0785	SES143	0.684143	-56.338	-57.0221
spk_ver/v07/v0786	SES142	-2.05311	-58.0573	-56.0042
spk_ver/v07/v0787	SES144	0.83091	-54.7645	-55.5954
spk_ver/v07/v0788	SES275	0.32972	-55.2633	-55.593
spk_ver/v07/v0789	SES142	-2.16151	-57.5146	-55.3531
spk_ver/v07/v0790	SES099	1.61886	-52.7784	-54.3973
spk_ver/v07/v0791	SES142	-4.29031	-59.9167	-55.6264
spk_ver/v07/v0792	SES142	-2.9229	-56.0988	-53.1759
spk_ver/v07/v0793	SES142	-4.61295	-59.8848	-55.2719
spk_ver/v07/v0794	SES014	1.44087	-52.533	-53.9739
spk_ver/v07/v0795	SES142	-4.45051	-58.9689	-54.5183
spk_ver/v07/v0796	SES142	-3.10599	-57.9107	-54.8047
spk_ver/v07/v0797	SES143	-0.646553	-55.4828	-54.8363
spk_ver/v07/v0798	SES206	1.16405	-52.6455	-53.8095
spk_ver/v07/v0799	SES143	-2.97281	-59.1316	-56.1588
spk_ver/v08/v0800	SES143	-1.85151	-58.2461	-56.3946
spk_ver/v08/v0801	SES143	-0.50248	-55.4136	-54.9111
spk_ver/v08/v0802	SES143	-2.11846	-57.6464	-55.5279
spk_ver/v08/v0803	SES143	-1.85975	-57.5981	-55.7383
spk_ver/v08/v0804	SES143	-2.05403	-57.5633	-55.5093
spk_ver/v08/v0805	SES143	-1.44019	-56.9974	-55.5572
spk_ver/v08/v0806	SES143	-1.82849	-58.1234	-56.2949
spk_ver/v08/v0807	SES177	0.561455	-54.7735	-55.335
spk_ver/v08/v0808	SES149	1.35007	-52.8505	-54.2005
spk_ver/v08/v0809	SES143	-3.29758	-57.6403	-54.3427
spk_ver/v08/v0810	SES158	1.37005	-54.2112	-55.5812
spk_ver/v08/v0811	SES143	-0.883812	-58.171	-57.2872
spk_ver/v08/v0812	SES062	1.44248	-52.7983	-54.2408
spk_ver/v08/v0813	SES259	1.26837	-53.1296	-54.3979
spk_ver/v08/v0814	SES143	-3.61884	-57.0863	-53.4675
spk_ver/v08/v0815	SES143	-2.32369	-57.4247	-55.101
spk_ver/v08/v0816	SES143	-0.718956	-56.1875	-55.4686
spk_ver/v08/v0817	SES144	0.523129	-55.7542	-56.2773
spk_ver/v08/v0818	SES143	-0.884258	-57.2487	-56.3644
spk_ver/v08/v0819	SES143	-1.60113	-56.734	-55.1329
spk_ver/v08/v0820	SES143	-0.760979	-54.5873	-53.8263
spk_ver/v08/v0821	SES143	-1.44371	-57.6198	-56.1761
spk_ver/v08/v0822	SES143	-2.20937	-57.3806	-55.1712
spk_ver/v08/v0823	SES104	1.4261	-53.0932	-54.5193
spk_ver/v08/v0824	SES143	-2.38185	-57.7959	-55.4141
spk_ver/v08/v0825	SES143	-2.27821	-57.018	-54.7398
spk_ver/v08/v0826	SES144	-3.27988	-58.2529	-54.973
spk_ver/v08/v0827	SES144	-1.25653	-56.8984	-55.6419
spk_ver/v08/v0828	SES144	-0.187771	-55.0202	-54.8324
spk_ver/v08/v0829	SES172	1.11552	-54.9715	-56.087
spk_ver/v08/v0830	SES144	-0.193844	-56.3139	-56.12
spk_ver/v08/v0831	SES183	1.26457	-55.3371	-56.6017
spk_ver/v08/v0832	SES144	-2.14075	-58.1062	-55.9654
spk_ver/v08/v0833	SES144	-2.6366	-56.9603	-54.3237
spk_ver/v08/v0834	SES144	-0.263542	-56.0996	-55.8361
spk_ver/v08/v0835	SES144	-0.590172	-56.3822	-55.792
spk_ver/v08/v0836	SES144	-1.23636	-56.854	-55.6176
spk_ver/v08/v0837	SES144	-1.70811	-55.7182	-54.0101
spk_ver/v08/v0838	SES144	-1.63706	-57.2001	-55.563
spk_ver/v08/v0839	SES085	0.56609	-54.7531	-55.3192
spk_ver/v08/v0840	SES144	-0.358837	-56.4327	-56.0738
spk_ver/v08/v0841	SES144	-2.79857	-59.5953	-56.7967
spk_ver/v08/v0842	SES144	-2.99166	-57.7851	-54.7934
spk_ver/v08/v0843	SES144	-0.520565	-55.7322	-55.2117
spk_ver/v08/v0844	SES144	-1.79725	-56.9063	-55.109
spk_ver/v08/v0845	SES144	-2.66109	-56.5386	-53.8775
spk_ver/v08/v0846	SES104	0.846073	-53.9861	-54.8322
spk_ver/v08/v0847	SES144	-0.984558	-57.2122	-56.2277
spk_ver/v08/v0848	SES144	-0.595024	-58.1119	-57.5169
spk_ver/v08/v0849	SES144	-3.42338	-57.7527	-54.3294
spk_ver/v08/v0850	SES144	-2.97705	-56.9451	-53.968
spk_ver/v08/v0851	SES144	-1.19051	-55.7596	-54.5691
spk_ver/v08/v0852	SES144	-0.424759	-55.2649	-54.8401
spk_ver/v08/v0853	SES144	-3.55188	-57.7471	-54.1952
spk_ver/v08/v0854	SES144	-1.15011	-57.397	-56.2469
spk_ver/v08/v0855	SES144	-0.453411	-54.7424	-54.289
spk_ver/v08/v0856	SES082	0.294453	-56.8644	-57.1588
spk_ver/v08/v0857	SES142	2.44136	-53.944	-56.3854
spk_ver/v08/v0858	SES144	-0.348503	-57.8302	-57.4817
spk_ver/v08/v0859	SES144	-0.709904	-57.3044	-56.5945
spk_ver/v08/v0860	SES146	-2.42529	-57.8229	-55.3976
spk_ver/v08/v0861	SES146	-2.36666	-57.7807	-55.4141
spk_ver/v08/v0862	SES146	-2.56196	-57.7094	-55.1474
spk_ver/v08/v0863	SES146	-1.48821	-57.531	-56.0427
spk_ver/v08/v0864	SES146	-2.3575	-56.66	-54.3025
spk_ver/v08/v0865	SES008	1.98671	-53.8848	-55.8715
spk_ver/v08/v0866	SES142	1.6819	-54.8825	-56.5644
spk_ver/v08/v0867	SES146	-2.03009	-56.1559	-54.1258
spk_ver/v08/v0868	SES082	1.78323	-51.8545	-53.6378
spk_ver/v08/v0869	SES146	-0.896702	-55.3986	-54.5019
spk_ver/v08/v0870	SES146	-2.39742	-58.4708	-56.0734
spk_ver/v08/v0871	SES146	-3.08138	-58.4833	-55.4019
spk_ver/v08/v0872	SES146	-2.34107	-58.1167	-55.7756
spk_ver/v08/v0873	SES082	1.58542	-51.9222	-53.5076
spk_ver/v08/v0874	SES146	-2.28509	-58.3454	-56.0603
spk_ver/v08/v0875	SES144	0.559441	-55.7999	-56.3593
spk_ver/v08/v0876	SES146	-1.69178	-54.0725	-52.3807
spk_ver/v08/v0877	SES146	-2.00941	-56.9808	-54.9714
spk_ver/v08/v0878	SES146	-1.68779	-57.2674	-55.5796
spk_ver/v08/v0879	SES146	-2.17242	-58.2443	-56.0719
spk_ver/v08/v0880	SES146	-2.44057	-59.6042	-57.1637
spk_ver/v08/v0881	SES143	0.561577	-55.5171	-56.0787
spk_ver/v08/v0882	SES146	-0.650166	-55.2056	-54.5555
spk_ver/v08/v0883	SES147	-1.5261	-56.3684	-54.8423
spk_ver/v08/v0884	SES147	-0.117077	-56.1186	-56.0016
spk_ver/v08/v0885	SES016	0.856152	-54.4718	-55.328
spk_ver/v08/v0886	SES147	-0.989204	-57.5852	-56.596
spk_ver/v08/v0887	SES147	-1.2006	-57.2771	-56.0765
spk_ver/v08/v0888	SES147	-1.24731	-57.9089	-56.6616
spk_ver/v08/v0889	SES019	1.9315	-53.76	-55.6915
spk_ver/v08/v0890	SES147	-1.25254	-57.989	-56.7365
spk_ver/v08/v0891	SES147	-2.57812	-57.7938	-55.2156
spk_ver/v08/v0892	SES147	-0.727676	-56.9434	-56.2157
spk_ver/v08/v0893	SES270	1.71346	-55.0832	-56.7966
spk_ver/v08/v0894	SES029	0.648361	-55.3148	-55.9632
spk_ver/v08/v0895	SES147	-1.23686	-59.2852	-58.0483
spk_ver/v08/v0896	SES117	0.667213	-56.4614	-57.1286
spk_ver/v08/v0897	SES183	1.73288	-55.6406	-57.3735
spk_ver/v08/v0898	SES147	-3.35039	-57.9979	-54.6475
spk_ver/v08/v0899	SES147	-1.63449	-59.3538	-57.7193
spk_ver/v09/v0900	SES087	0.954262	-53.5876	-54.5419
spk_ver/v09/v0901	SES147	-4.54803	-60.3481	-55.8001
spk_ver/v09/v0902	SES147	-3.23082	-58.4607	-55.2299
spk_ver/v09/v0903	SES147	-0.583912	-56.6266	-56.0427
spk_ver/v09/v0904	SES147	-2.23224	-56.6753	-54.4431
spk_ver/v09/v0905	SES143	0.790806	-55.795	-56.5858
spk_ver/v09/v0906	SES149	0.720474	-53.3468	-54.0672
spk_ver/v09/v0907	SES148	-1.38626	-56.212	-54.8257
spk_ver/v09/v0908	SES148	-0.925999	-56.2388	-55.3128
spk_ver/v09/v0909	SES106	2.4156	-53.243	-55.6586
spk_ver/v09/v0910	SES148	-1.13591	-58.2619	-57.126
spk_ver/v09/v0911	SES148	-2.22231	-57.3953	-55.173
spk_ver/v09/v0912	SES142	1.32859	-55.3563	-56.6849
spk_ver/v09/v0913	SES148	-2.75585	-58.4193	-55.6634
spk_ver/v09/v0914	SES148	-2.27692	-57.1831	-54.9062
spk_ver/v09/v0915	SES148	-2.26986	-60.2113	-57.9414
spk_ver/v09/v0916	SES148	-2.4611	-59.4056	-56.9445
spk_ver/v09/v0917	SES148	0.830059	-54.7324	-55.5624
spk_ver/v09/v0918	SES148	-0.596611	-55.4136	-54.817
spk_ver/v09/v0919	SES270	1.27874	-54.4738	-55.7525
spk_ver/v09/v0920	SES148	-1.19479	-55.5928	-54.398
spk_ver/v09/v0921	SES148	-2.36668	-57.0879	-54.7212
spk_ver/v09/v0922	SES129	1.26906	-53.1734	-54.4424
spk_ver/v09/v0923	SES117	0.92976	-55.2006	-56.1303
spk_ver/v09/v0924	SES042	2.75467	-51.4941	-54.2488
spk_ver/v09/v0925	SES148	-3.18044	-59.4611	-56.2807
spk_ver/v09/v0926	SES148	-3.18457	-59.7234	-56.5389
spk_ver/v09/v0927	SES144	0.897541	-55.0969	-55.9945
spk_ver/v09/v0928	SES007	0.639771	-55.1808	-55.8206
spk_ver/v09/v0929	SES148	-1.90401	-56.2441	-54.3401
spk_ver/v09/v0930	SES148	-1.14184	-55.8008	-54.6589
spk_ver/v09/v0931	SES148	-2.0868	-59.0433	-56.9565
spk_ver/v09/v0932	SES202	1.49393	-54.1651	-55.6591
spk_ver/v09/v0933	SES148	-0.38184	-55.1337	-54.7518
spk_ver/v09/v0934	SES148	-3.08311	-56.8545	-53.7714
spk_ver/v09/v0935	SES060	1.29347	-53.2705	-54.564
spk_ver/v09/v0936	SES060	1.59058	-54.0188	-55.6093
spk_ver/v09/v0937	SES148	-1.45742	-56.5677	-55.1103
spk_ver/v09/v0938	SES148	-1.30758	-56.4306	-55.1231
spk_ver/v09/v0939	SES148	-1.72961	-56.2421	-54.5125
spk_ver/v09/v0940	SES148	-1.94244	-55.9696	-54.0272
spk_ver/v09/v0941	SES149	-2.34469	-58.1754	-55.8307
spk_ver/v09/v0942	SES149	-4.02486	-58.4585	-54.4337
spk_ver/v09/v0943	SES149	-3.95265	-60.1812	-56.2285
spk_ver/v09/v0944	SES149	-1.69441	-56.6759	-54.9815
spk_ver/v09/v0945	SES105	0.557049	-54.4608	-55.0178
spk_ver/v09/v0946	SES149	-3.03666	-57.6365	-54.5998
spk_ver/v09/v0947	SES149	-4.19444	-60.7649	-56.5705
spk_ver/v09/v0948	SES149	-4.35561	-59.1714	-54.8158
spk_ver/v09/v0949	SES149	-2.5294	-56.6269	-54.0975
spk_ver/v09/v0950	SES226	1.09717	-52.8522	-53.9494
spk_ver/v09/v0951	SES149	-5.39441	-61.6349	-56.2405
spk_ver/v09/v0952	SES149	-2.74175	-57.9815	-55.2397
spk_ver/v09/v0953	SES062	1.12633	-53.4035	-54.5299
spk_ver/v09/v0954	SES149	-4.64586	-60.5864	-55.9405
spk_ver/v09/v0955	SES048	0.480396	-53.5871	-54.0675
spk_ver/v09/v0956	SES158	-0.319508	-55.5946	-55.2751
spk_ver/v09/v0957	SES158	-5.69165	-61.8847	-56.193
spk_ver/v09/v0958	SES158	-0.493305	-54.1227	-53.6294
spk_ver/v09/v0959	SES158	-0.624332	-55.3322	-54.7078
spk_ver/v09/v0960	SES158	-3.74134	-60.3407	-56.5993
spk_ver/v09/v0961	SES147	1.05085	-55.2585	-56.3094
spk_ver/v09/v0962	SES158	-7.28382	-64.3802	-57.0964
spk_ver/v09/v0963	SES292	0.733562	-54.6755	-55.4091
spk_ver/v09/v0964	SES060	1.21314	-53.5602	-54.7734
spk_ver/v09/v0965	SES002	1.42377	-53.8326	-55.2563
spk_ver/v09/v0966	SES149	1.561	-52.7023	-54.2633
spk_ver/v09/v0967	SES158	-6.16879	-62.8593	-56.6905
spk_ver/v09/v0968	SES158	-0.928509	-55.6882	-54.7597
spk_ver/v09/v0969	SES275	-0.00907516	-56.4813	-56.4722
spk_ver/v09/v0970	SES158	-4.35604	-59.6341	-55.278
spk_ver/v09/v0971	SES158	-4.71256	-60.7269	-56.0144
spk_ver/v09/v0972	SES002	1.41579	-52.8693	-54.2851
spk_ver/v09/v0973	SES158	-6.84096	-62.5727	-55.7317
spk_ver/v09/v0974	SES202	1.64933	-54.0376	-55.6869
spk_ver/v09/v0975	SES158	-6.28818	-63.2113	-56.9231
spk_ver/v09/v0976	SES158	0.394901	-54.0394	-54.4343
spk_ver/v09/v0977	SES162	-0.940701	-56.3253	-55.3846
spk_ver/v09/v0978	SES162	-4.3955	-60.1573	-55.7618
spk_ver/v09/v0979	SES162	-4.54193	-59.3191	-54.7772
spk_ver/v09/v0980	SES162	-0.713394	-56.9903	-56.2769
spk_ver/v09/v0981	SES162	-1.73718	-57.9943	-56.2571
spk_ver/v09/v0982	SES259	1.71249	-52.9022	-54.6146
spk_ver/v09/v0983	SES162	-2.27449	-60.2432	-57.9688
spk_ver/v09/v0984	SES162	-1.17957	-55.8708	-54.6912
spk_ver/v09/v0985	SES162	-0.538872	-56.0343	-55.4955
spk_ver/v09/v0986	SES062	1.2035	-53.116	-54.3195
spk_ver/v09/v0987	SES162	-0.264664	-56.0651	-55.8004
spk_ver/v09/v0988	SES162	-3.40607	-57.9233	-54.5173
spk_ver/v09/v0989	SES162	-3.08181	-59.6881	-56.6063
spk_ver/v09/v0990	SES162	-2.41787	-56.6298	-54.2119
spk_ver/v09/v0991	SES087	1.51291	-53.3681	-54.881
spk_ver/v09/v0992	SES120	0.0867729	-55.9201	-56.0069
spk_ver/v09/v0993	SES162	-3.2607	-57.583	-54.3223
spk_ver/v09/v0994	SES162	-1.07385	-56.2822	-55.2083
spk_ver/v09/v0995	SES162	-3.5134	-56.9907	-53.4773
spk_ver/v09/v0996	SES162	-1.73659	-55.5196	-53.783
spk_ver/v09/v0997	SES162	-4.22515	-59.1425	-54.9173
spk_ver/v09/v0998	SES162	-2.17044	-59.1036	-56.9331
spk_ver/v09/v0999	SES162	-0.547615	-54.7973	-54.2496
spk_ver/v10/v1000	SES162	-3.16718	-58.287	-55.1199
spk_ver/v10/v1001	SES148	1.21114	-54.9602	-56.1714
spk_ver/v10/v1002	SES162	0.0717659	-56.746	-56.8177
spk_ver/v10/v1003	SES162	-1.43817	-57.2955	-55.8573
spk_ver/v10/v1004	SES162	-1.78529	-58.883	-57.0977
spk_ver/v10/v1005	SES162	-2.72309	-58.7167	-55.9936
spk_ver/v10/v1006	SES162	-2.50301	-57.3455	-54.8425
spk_ver/v10/v1007	SES162	-1.00541	-57.8937	-56.8883
spk_ver/v10/v1008	SES162	-2.86974	-59.925	-57.0552
spk_ver/v10/v1009	SES162	-4.23313	-58.9258	-54.6927
spk_ver/v10/v1010	SES167	-1.69555	-57.3001	-55.6046
spk_ver/v10/v1011	SES167	-0.220863	-56.1929	-55.972
spk_ver/v10/v1012	SES167	-1.38232	-58.0892	-56.7069
spk_ver/v10/v1013	SES167	-4.88836	-59.7534	-54.865
spk_ver/v10/v1014	SES167	-0.945805	-55.3842	-54.4384
spk_ver/v10/v1015	SES167	-1.21428	-56.806	-55.5917
spk_ver/v10/v1016	SES167	-0.730267	-56.5033	-55.773
spk_ver/v10/v1017	SES167	-0.792854	-56.785	-55.9922
spk_ver/v10/v1018	SES167	-1.95258	-57.1092	-55.1566
spk_ver/v10/v1019	SES167	-1.91391	-57.6256	-55.7117
spk_ver/v10/v1020	SES167	-3.29985	-58.2086	-54.9087
spk_ver/v10/v1021	SES167	-0.777187	-58.993	-58.2158
spk_ver/v10/v1022	SES167	-1.96561	-57.1393	-55.1737
spk_ver/v10/v1023	SES167	-1.72351	-57.7632	-56.0397
spk_ver/v10/v1024	SES167	-2.15087	-59.3006	-57.1498
spk_ver/v10/v1025	SES167	-0.804619	-55.5761	-54.7715
spk_ver/v10/v1026	SES167	-1.58931	-57.4129	-55.8236
spk_ver/v10/v1027	SES167	-0.876373	-55.6342	-54.7579
spk_ver/v10/v1028	SES167	-3.83711	-58.9408	-55.1037
spk_ver/v10/v1029	SES167	-2.22189	-57.6735	-55.4516
spk_ver/v10/v1030	SES167	-2.72667	-57.1139	-54.3873
spk_ver/v10/v1031	SES167	-3.56372	-58.1417	-54.578
spk_ver/v10/v1032	SES167	-4.172	-57.4613	-53.2893
spk_ver/v10/v1033	SES167	-3.8553	-57.9472	-54.0919
spk_ver/v10/v1034	SES002	1.15125	-52.7869	-53.9381
spk_ver/v10/v1035	SES167	-1.03539	-56.1177	-55.0823
spk_ver/v10/v1036	SES083	0.946815	-54.2395	-55.1863
spk_ver/v10/v1037	SES167	-1.40492	-57.5065	-56.1016
spk_ver/v10/v1038	SES167	-0.907562	-58.0605	-57.153
spk_ver/v10/v1039	SES167	-0.813137	-57.4266	-56.6134
spk_ver/v10/v1040	SES167	-3.41462	-59.3936	-55.979
spk_ver/v10/v1041	SES167	-0.430447	-57.6294	-57.199
spk_ver/v10/v1042	SES087	1.31475	-54.1732	-55.4879
spk_ver/v10/v1043	SES029	0.86903	-54.7298	-55.5988
spk_ver/v10/v1044	SES206	1.13922	-53.1166	-54.2558
spk_ver/v10/v1045	SES172	-2.1122	-58.2301	-56.1179
spk_ver/v10/v1046	SES172	1.20909	-54.1741	-55.3832
spk_ver/v10/v1047	SES172	-1.41584	-56.2312	-54.8154
spk_ver/v10/v1048	SES259	2.08178	-52.3143	-54.396
spk_ver/v10/v1049	SES172	-3.19682	-57.1525	-53.9557
spk_ver/v10/v1050	SES120	0.857487	-55.5699	-56.4274
spk_ver/v10/v1051	SES172	-1.46844	-57.0628	-55.5944
spk_ver/v10/v1052	SES172	-2.01105	-58.2835	-56.2725
spk_ver/v10/v1053	SES172	-3.44255	-59.0711	-55.6285
spk_ver/v10/v1054	SES172	-1.87964	-57.5007	-55.621
spk_ver/v10/v1055	SES189	2.22358	-57.0169	-59.2405
spk_ver/v10/v1056	SES172	-2.47263	-57.2308	-54.7582
spk_ver/v10/v1057	SES172	-0.988297	-56.8322	-55.8439
spk_ver/v10/v1058	SES172	-1.4842	-57.2358	-55.7516
spk_ver/v10/v1059	SES172	-1.65461	-56.6069	-54.9523
spk_ver/v10/v1060	SES029	0.899326	-54.047	-54.9463
spk_ver/v10/v1061	SES175	-4.83737	-60.3486	-55.5112
spk_ver/v10/v1062	SES187	0.272717	-54.5664	-54.8391
spk_ver/v10/v1063	SES019	3.14193	-53.8935	-57.0354
spk_ver/v10/v1064	SES175	-2.94846	-57.4457	-54.4972
spk_ver/v10/v1065	SES175	-3.90685	-58.7619	-54.8551
spk_ver/v10/v1066	SES175	-3.87912	-59.8147	-55.9356
spk_ver/v10/v1067	SES175	-1.9342	-58.071	-56.1368
spk_ver/v10/v1068	SES175	-3.21829	-58.3779	-55.1596
spk_ver/v10/v1069	SES016	2.07331	-53.2232	-55.2965
spk_ver/v10/v1070	SES175	-1.24072	-57.2026	-55.9619
spk_ver/v10/v1071	SES175	-1.78856	-55.8317	-54.0432
spk_ver/v10/v1072	SES175	-4.17393	-59.244	-55.0701
spk_ver/v10/v1073	SES029	0.308945	-55.0687	-55.3777
spk_ver/v10/v1074	SES175	-2.71008	-57.8188	-55.1088
spk_ver/v10/v1075	SES175	-0.892227	-55.4027	-54.5105
spk_ver/v10/v1076	SES175	-0.55632	-54.9558	-54.3995
spk_ver/v10/v1077	SES175	-2.72578	-56.3688	-53.643
spk_ver/v10/v1078	SES127	1.22248	-53.24	-54.4625
spk_ver/v10/v1079	SES175	-2.90986	-56.6407	-53.7308
spk_ver/v10/v1080	SES175	-0.640446	-56.7855	-56.145
spk_ver/v10/v1081	SES175	-3.36018	-58.2498	-54.8896
spk_ver/v10/v1082	SES175	-1.67887	-56.3516	-54.6728
spk_ver/v10/v1083	SES007	1.4674	-54.4256	-55.893
spk_ver/v10/v1084	SES068	0.903801	-53.9823	-54.8862
spk_ver/v10/v1085	SES008	0.944397	-53.3015	-54.2459
spk_ver/v10/v1086	SES175	-0.572376	-55.1369	-54.5645
spk_ver/v10/v1087	SES175	-2.77785	-57.8131	-55.0353
spk_ver/v10/v1088	SES008	1.67563	-53.409	-55.0846
spk_ver/v10/v1089	SES177	-1.71809	-55.6735	-53.9554
spk_ver/v10/v1090	SES177	-2.52089	-57.1469	-54.626
spk_ver/v10/v1091	SES177	-2.94102	-58.8859	-55.9449
spk_ver/v10/v1092	SES177	-0.481682	-56.1851	-55.7034
spk_ver/v10/v1093	SES177	-3.28608	-58.3779	-55.0918
spk_ver/v10/v1094	SES002	1.50616	-52.912	-54.4182
spk_ver/v10/v1095	SES104	1.04707	-53.349	-54.3961
spk_ver/v10/v1096	SES177	-0.932026	-56.076	-55.144
spk_ver/v10/v1097	SES177	-0.995941	-57.9162	-56.9203
spk_ver/v10/v1098	SES177	-1.37273	-55.219	-53.8463
spk_ver/v10/v1099	SES177	-0.155392	-56.0412	-55.8858
spk_ver/v11/v1100	SES177	-2.44754	-57.1472	-54.6996
spk_ver/v11/v1101	SES085	0.577839	-54.8204	-55.3982
spk_ver/v11/v1102	SES187	1.05935	-54.6764	-55.7357
spk_ver/v11/v1103	SES177	-0.490913	-56.7063	-56.2154
spk_ver/v11/v1104	SES177	1.19625	-53.8849	-55.0812
spk_ver/v11/v1105	SES177	-0.21125	-55.237	-55.0257
spk_ver/v11/v1106	SES177	-2.0659	-57.0294	-54.9635
spk_ver/v11/v1107	SES177	-0.350681	-55.7276	-55.377
spk_ver/v11/v1108	SES177	0.11528	-54.6592	-54.7745
spk_ver/v11/v1109	SES125	1.38245	-52.9329	-54.3154
spk_ver/v11/v1110	SES177	-1.94689	-56.7644	-54.8175
spk_ver/v11/v1111	SES177	-1.3515	-56.1512	-54.7997
spk_ver/v11/v1112	SES177	-2.33404	-57.0589	-54.7248
spk_ver/v11/v1113	SES177	-3.85666	-58.202	-54.3453
spk_ver/v11/v1114	SES177	-0.65823	-57.2023	-56.5441
spk_ver/v11/v1115	SES177	-1.1128	-58.099	-56.9862
spk_ver/v11/v1116	SES085	0.876171	-53.3422	-54.2184
spk_ver/v11/v1117	SES147	0.375954	-55.4759	-55.8518
spk_ver/v11/v1118	SES177	-0.125698	-56.3091	-56.1834
spk_ver/v11/v1119	SES177	-2.39493	-57.4922	-55.0973
spk_ver/v11/v1120	SES180	-4.67025	-59.7881	-55.1179
spk_ver/v11/v1121	SES189	1.27018	-56.0922	-57.3624
spk_ver/v11/v1122	SES117	0.407799	-57.9603	-58.368
spk_ver/v11/v1123	SES129	1.96071	-52.6547	-54.6154
spk_ver/v11/v1124	SES180	-1.37889	-56.8395	-55.4606
spk_ver/v11/v1125	SES180	-0.604057	-54.8602	-54.2561
spk_ver/v11/v1126	SES180	-0.565407	-56.2196	-55.6542
spk_ver/v11/v1127	SES180	-1.66137	-57.372	-55.7106
spk_ver/v11/v1128	SES016	0.744064	-55.5604	-56.3044
spk_ver/v11/v1129	SES158	1.14846	-53.7078	-54.8563
spk_ver/v11/v1130	SES180	-2.01318	-56.6933	-54.6801
spk_ver/v11/v1131	SES180	-2.90517	-56.1271	-53.2219
spk_ver/v11/v1132	SES180	-0.447067	-56.5735	-56.1264
spk_ver/v11/v1133	SES180	-2.629	-56.8861	-54.2571
spk_ver/v11/v1134	SES180	-1.54732	-57.6249	-56.0775
spk_ver/v11/v1135	SES180	-1.42426	-55.8471	-54.4228
spk_ver/v11/v1136	SES180	-3.87098	-60.0971	-56.2261
spk_ver/v11/v1137	SES148	0.361118	-54.3458	-54.7069
spk_ver/v11/v1138	SES104	1.45284	-51.6031	-53.0559
spk_ver/v11/v1139	SES180	-4.293	-59.8868	-55.5938
spk_ver/v11/v1140	SES083	0.659584	-54.4682	-55.1278
spk_ver/v11/v1141	SES180	-3.1783	-58.3806	-55.2023
spk_ver/v11/v1142	SES180	-1.94458	-58.2683	-56.3237
spk_ver/v11/v1143	SES180	-2.19836	-59.4862	-57.2879
spk_ver/v11/v1144	SES099	1.30798	-54.2393	-55.5473
spk_ver/v11/v1145	SES180	-1.23087	-57.1314	-55.9005
spk_ver/v11/v1146	SES183	-2.18023	-57.3553	-55.175
spk_ver/v11/v1147	SES183	-0.977764	-55.8997	-54.9219
spk_ver/v11/v1148	SES183	-3.81832	-59.8916	-56.0733
spk_ver/v11/v1149	SES183	-4.5946	-58.966	-54.3714
spk_ver/v11/v1150	SES183	-3.2319	-58.4911	-55.2592
spk_ver/v11/v1151	SES082	1.5194	-53.2546	-54.774
spk_ver/v11/v1152	SES183	-1.89553	-58.9316	-57.0361
spk_ver/v11/v1153	SES183	-1.95691	-57.4808	-55.5239
spk_ver/v11/v1154	SES002	1.53109	-52.3515	-53.8825
spk_ver/v11/v1155	SES183	-1.82943	-57.8845	-56.0551
spk_ver/v11/v1156	SES183	-3.23312	-59.6878	-56.4546
spk_ver/v11/v1157	SES183	-2.57787	-55.2164	-52.6386
spk_ver/v11/v1158	SES183	-0.755932	-55.7608	-55.0049
spk_ver/v11/v1159	SES183	-1.16174	-56.1391	-54.9774
spk_ver/v11/v1160	SES183	-2.95004	-57.7536	-54.8036
spk_ver/v11/v1161	SES183	-2.94886	-59.4954	-56.5466
spk_ver/v11/v1162	SES105	1.27759	-54.1151	-55.3927
spk_ver/v11/v1163	SES183	-3.79793	-58.2354	-54.4375
spk_ver/v11/v1164	SES259	1.84208	-52.8959	-54.738
spk_ver/v11/v1165	SES183	-1.47343	-57.7781	-56.3047
spk_ver/v11/v1166	SES183	-3.60238	-57.3809	-53.7786
spk_ver/v11/v1167	SES183	-2.08964	-57.9617	-55.8721
spk_ver/v11/v1168	SES183	-1.54702	-56.2009	-54.6539
spk_ver/v11/v1169	SES183	-4.06206	-58.6718	-54.6097
spk_ver/v11/v1170	SES183	-3.10346	-57.9918	-54.8883
spk_ver/v11/v1171	SES183	-5.08611	-60.929	-55.8429
spk_ver/v11/v1172	SES187	-2.95154	-58.2173	-55.2658
spk_ver/v11/v1173	SES019	3.02763	-54.0196	-57.0472
spk_ver/v11/v1174	SES187	-3.07093	-59.6804	-56.6095
spk_ver/v11/v1175	SES187	-0.821354	-57.8167	-56.9953
spk_ver/v11/v1176	SES083	0.583359	-53.6734	-54.2568
spk_ver/v11/v1177	SES187	-3.96891	-60.1158	-56.1469
spk_ver/v11/v1178	SES187	-2.79351	-57.636	-54.8424
spk_ver/v11/v1179	SES187	-0.968056	-56.529	-55.561
spk_ver/v11/v1180	SES187	-0.372303	-56.6718	-56.2995
spk_ver/v11/v1181	SES187	-4.22103	-58.8803	-54.6593
spk_ver/v11/v1182	SES187	-0.390804	-55.4324	-55.0416
spk_ver/v11/v1183	SES187	-2.38191	-57.7254	-55.3435
spk_ver/v11/v1184	SES187	0.262192	-55.8193	-56.0815
spk_ver/v11/v1185	SES127	1.35408	-53.8647	-55.2188
spk_ver/v11/v1186	SES187	-0.487629	-55.7132	-55.2256
spk_ver/v11/v1187	SES187	-1.13951	-55.3111	-54.1716
spk_ver/v11/v1188	SES187	-0.810646	-58.001	-57.1904
spk_ver/v11/v1189	SES042	1.4104	-52.7827	-54.1932
spk_ver/v11/v1190	SES187	-0.497955	-55.7708	-55.2728
spk_ver/v11/v1191	SES187	-3.1101	-59.6293	-56.5192
spk_ver/v11/v1192	SES187	-2.81473	-58.9948	-56.18
spk_ver/v11/v1193	SES183	0.737587	-55.8195	-56.557
spk_ver/v11/v1194	SES187	-1.17194	-57.9098	-56.7379
spk_ver/v11/v1195	SES187	-2.84266	-58.2057	-55.363
spk_ver/v11/v1196	SES146	1.34085	-55.5312	-56.872
spk_ver/v11/v1197	SES189	-2.99038	-57.0619	-54.0716
spk_ver/v11/v1198	SES175	1.65984	-54.9576	-56.6174
spk_ver/v11/v1199	SES189	-2.20897	-58.5679	-56.359
spk_ver/v12/v1200	SES189	-1.88321	-56.2334	-54.3502
spk_ver/v12/v1201	SES177	1.31071	-53.96	-55.2707
spk_ver/v12/v1202	SES189	-1.29677	-57.9963	-56.6995
spk_ver/v12/v1203	SES143	0.942802	-55.4145	-56.3573
spk_ver/v12/v1204	SES189	-1.73085	-56.6871	-54.9562
spk_ver/v12/v1205	SES189	-1.75315	-56.5808	-54.8276
spk_ver/v12/v1206	SES189	-2.9781	-58.9658	-55.9877
spk_ver/v12/v1207	SES189	-2.55349	-57.5296	-54.9761
spk_ver/v12/v1208	SES189	-3.11149	-56.7052	-53.5937
spk_ver/v12/v1209	SES189	-2.86656	-58.7245	-55.8579
spk_ver/v12/v1210	SES189	0.39827	-56.2388	-56.637
spk_ver/v12/v1211	SES062	1.46928	-53.1404	-54.6097
spk_ver/v12/v1212	SES189	-1.75806	-56.4809	-54.7229
spk_ver/v12/v1213	SES048	1.01934	-53.6638	-54.6832
spk_ver/v12/v1214	SES042	2.69177	-50.9989	-53.6907
spk_ver/v12/v1215	SES008	2.06769	-52.5415	-54.6092
spk_ver/v12/v1216	SES202	-3.6579	-57.1913	-53.5334
spk_ver/v12/v1217	SES202	-2.26535	-59.2009	-56.9355
spk_ver/v12/v1218	SES085	1.43343	-52.3811	-53.8145
spk_ver/v12/v1219	SES202	-2.12346	-57.1605	-55.0371
spk_ver/v12/v1220	SES202	-2.37402	-56.7824	-54.4084
spk_ver/v12/v1221	SES202	-0.101669	-56.2298	-56.1281
spk_ver/v12/v1222	SES202	-6.40807	-61.8835	-55.4755
spk_ver/v12/v1223	SES158	1.07016	-53.6836	-54.7537
spk_ver/v12/v1224	SES202	-1.20621	-57.8252	-56.619
spk_ver/v12/v1225	SES202	-5.16892	-59.8402	-54.6713
spk_ver/v12/v1226	SES202	-4.05094	-58.4025	-54.3515
spk_ver/v12/v1227	SES202	-3.25854	-58.8129	-55.5543
spk_ver/v12/v1228	SES177	0.677975	-54.9837	-55.6617
spk_ver/v12/v1229	SES202	-3.41562	-57.9217	-54.5061
spk_ver/v12/v1230	SES202	-1.11456	-56.5403	-55.4257
spk_ver/v12/v1231	SES202	-3.08504	-58.7361	-55.6511
spk_ver/v12/v1232	SES202	-0.950977	-58.6608	-57.7099
spk_ver/v12/v1233	SES206	1.39933	-52.0955	-53.4949
spk_ver/v12/v1234	SES202	-4.96702	-60.1553	-55.1883
spk_ver/v12/v1235	SES202	-3.22835	-57.8888	-54.6605
spk_ver/v12/v1236	SES125	2.01254	-53.5707	-55.5833
spk_ver/v12/v1237	SES127	0.790375	-53.5958	-54.3862
spk_ver/v12/v1238	SES202	2.20914	-53.3723	-55.5815
spk_ver/v12/v1239	SES167	1.61739	-53.6801	-55.2975
spk_ver/v12/v1240	SES206	-6.37547	-63.1174	-56.742
spk_ver/v12/v1241	SES206	-5.87236	-62.3957	-56.5233
spk_ver/v12/v1242	SES206	-0.0948486	-54.6883	-54.5935
spk_ver/v12/v1243	SES206	-1.95621	-57.8522	-55.896
spk_ver/v12/v1244	SES259	1.52553	-53.5003	-55.0258
spk_ver/v12/v1245	SES206	-3.31803	-57.5933	-54.2753
spk_ver/v12/v1246	SES206	-3.4261	-58.0069	-54.5808
spk_ver/v12/v1247	SES206	-0.534832	-54.9568	-54.4219
spk_ver/v12/v1248	SES206	-7.28857	-64.5778	-57.2892
spk_ver/v12/v1249	SES270	1.68627	-54.2235	-55.9098
spk_ver/v12/v1250	SES206	-4.76956	-60.8149	-56.0454
spk_ver/v12/v1251	SES206	-2.90348	-57.6572	-54.7537
spk_ver/v12/v1252	SES206	-2.02896	-57.1672	-55.1383
spk_ver/v12/v1253	SES206	-0.535885	-54.6509	-54.115
spk_ver/v12/v1254	SES206	-0.873219	-55.648	-54.7748
spk_ver/v12/v1255	SES125	1.70256	-53.0301	-54.7326
spk_ver/v12/v1256	SES206	-7.21377	-63.0247	-55.8109
spk_ver/v12/v1257	SES206	-4.02072	-58.5523	-54.5316
spk_ver/v12/v1258	SES206	-1.68838	-56.702	-55.0136
spk_ver/v12/v1259	SES206	-6.00811	-62.1959	-56.1878
spk_ver/v12/v1260	SES206	-7.3215	-64.0319	-56.7104
spk_ver/v12/v1261	SES206	-5.20948	-60.6416	-55.4321
spk_ver/v12/v1262	SES206	-6.18646	-61.987	-55.8005
spk_ver/v12/v1263	SES206	-3.94526	-58.6918	-54.7465
spk_ver/v12/v1264	SES149	1.58441	-53.5129	-55.0973
spk_ver/v12/v1265	SES206	-0.812695	-56.8175	-56.0048
spk_ver/v12/v1266	SES206	-7.34432	-63.6643	-56.32
spk_ver/v12/v1267	SES206	-0.976261	-57.57	-56.5938
spk_ver/v12/v1268	SES206	-3.9278	-59.4074	-55.4796
spk_ver/v12/v1269	SES206	-8.69313	-66.36	-57.6668
spk_ver/v12/v1270	SES206	-8.09215	-66.5431	-58.451
spk_ver/v12/v1271	SES226	-8.23162	-65.3459	-57.1143
spk_ver/v12/v1272	SES226	-0.432137	-53.7024	-53.2702
spk_ver/v12/v1273	SES226	-6.45881	-61.2453	-54.7865
spk_ver/v12/v1274	SES226	-6.02488	-61.9703	-55.9454
spk_ver/v12/v1275	SES226	0.207378	-55.297	-55.5044
spk_ver/v12/v1276	SES226	-5.77077	-61.5691	-55.7984
spk_ver/v12/v1277	SES226	-0.755398	-55.0282	-54.2728
spk_ver/v12/v1278	SES226	0.10754	-54.6044	-54.7119
spk_ver/v12/v1279	SES226	-5.75019	-60.2675	-54.5173
spk_ver/v12/v1280	SES226	-2.25163	-56.7793	-54.5276
spk_ver/v12/v1281	SES226	-0.906502	-56.2034	-55.2969
spk_ver/v12/v1282	SES226	-1.56646	-57.0091	-55.4426
spk_ver/v12/v1283	SES143	1.32085	-55.0628	-56.3837
spk_ver/v12/v1284	SES226	-3.93343	-58.3065	-54.373
spk_ver/v12/v1285	SES226	-0.904835	-55.184	-54.2792
spk_ver/v12/v1286	SES226	-1.52843	-57.3872	-55.8588
spk_ver/v12/v1287	SES226	-3.493	-58.3311	-54.8381
spk_ver/v12/v1288	SES226	-4.38234	-59.4733	-55.0909
spk_ver/v12/v1289	SES104	1.07121	-53.6747	-54.7459
spk_ver/v12/v1290	SES008	2.39899	-54.0082	-56.4072
spk_ver/v12/v1291	SES226	-1.06811	-55.3478	-54.2797
spk_ver/v12/v1292	SES259	-2.58651	-58.0783	-55.4918
spk_ver/v12/v1293	SES062	1.19294	-53.2998	-54.4927
spk_ver/v12/v1294	SES099	1.31223	-54.6546	-55.9668
spk_ver/v12/v1295	SES158	0.78347	-54.691	-55.4745
spk_ver/v12/v1296	SES259	-3.75942	-58.1537	-54.3943
spk_ver/v12/v1297	SES259	-2.82903	-57.4315	-54.6025
spk_ver/v12/v1298	SES259	-1.26964	-55.2601	-53.9904
spk_ver/v12/v1299	SES259	-3.96085	-59.8047	-55.8439
spk_ver/v13/v1300	SES120	1.03193	-54.9712	-56.0031
spk_ver/v13/v1301	SES259	-5.07527	-61.0682	-55.993
spk_ver/v13/v1302	SES259	-4.89074	-61.2253	-56.3346
spk_ver/v13/v1303	SES129	1.5034	-53.8428	-55.3462
spk_ver/v13/v1304	SES259	-2.94376	-59.057	-56.1133
spk_ver/v13/v1305	SES259	-4.39267	-60.7563	-56.3636
spk_ver/v13/v1306	SES106	0.979317	-53.4273	-54.4066
spk_ver/v13/v1307	SES259	-3.49602	-59.5552	-56.0592
spk_ver/v13/v1308	SES259	-0.455486	-55.3272	-54.8717
spk_ver/v13/v1309	SES259	-4.74461	-60.1839	-55.4393
spk_ver/v13/v1310	SES259	-3.37828	-58.0738	-54.6955
spk_ver/v13/v1311	SES259	-3.5201	-58.4474	-54.9273
spk_ver/v13/v1312	SES259	-1.65675	-55.5206	-53.8638
spk_ver/v13/v1313	SES144	0.586132	-55.1978	-55.7839
spk_ver/v13/v1314	SES259	-4.59483	-60.7249	-56.13
spk_ver/v13/v1315	SES162	1.58347	-54.5604	-56.1439
spk_ver/v13/v1316	SES206	1.11451	-52.8884	-54.0029
spk_ver/v13/v1317	SES175	1.11013	-55.5601	-56.6702
spk_ver/v13/v1318	SES259	-5.60999	-61.9771	-56.3671
spk_ver/v13/v1319	SES259	-5.4392	-61.8879	-56.4487
spk_ver/v13/v1320	SES270	0.629921	-54.4791	-55.109
spk_ver/v13/v1321	SES101	0.436523	-54.5094	-54.946
spk_ver/v13/v1322	SES177	0.992981	-54.1252	-55.1182
spk_ver/v13/v1323	SES127	1.04551	-53.0209	-54.0664
spk_ver/v13/v1324	SES270	-5.01642	-61.3406	-56.3241
spk_ver/v13/v1325	SES062	0.908283	-53.6784	-54.5867
spk_ver/v13/v1326	SES270	0.615982	-55.0279	-55.6439
spk_ver/v13/v1327	SES120	0.368111	-56.2857	-56.6538
spk_ver/v13/v1328	SES270	-3.34827	-58.9509	-55.6026
spk_ver/v13/v1329	SES270	-4.46069	-58.4387	-53.978
spk_ver/v13/v1330	SES270	0.688477	-54.8558	-55.5442
spk_ver/v13/v1331	SES270	-4.29208	-58.3829	-54.0908
spk_ver/v13/v1332	SES270	-0.280354	-54.5021	-54.2218
spk_ver/v13/v1333	SES270	-0.517868	-56.6106	-56.0927
spk_ver/v13/v1334	SES270	-1.62638	-56.0351	-54.4087
spk_ver/v13/v1335	SES270	0.640865	-54.1844	-54.8253
spk_ver/v13/v1336	SES270	-0.502647	-54.7629	-54.2602
spk_ver/v13/v1337	SES016	1.29974	-54.1804	-55.4801
spk_ver/v13/v1338	SES270	-3.67353	-58.1784	-54.5049
spk_ver/v13/v1339	SES002	1.08109	-52.6313	-53.7124
spk_ver/v13/v1340	SES105	1.73024	-54.7817	-56.5119
spk_ver/v13/v1341	SES275	-1.9636	-58.2904	-56.3268
spk_ver/v13/v1342	SES187	1.28867	-55.568	-56.8567
spk_ver/v13/v1343	SES275	-1.76223	-57.7531	-55.9909
spk_ver/v13/v1344	SES275	-2.66256	-58.9605	-56.2979
spk_ver/v13/v1345	SES275	-2.01048	-57.2387	-55.2282
spk_ver/v13/v1346	SES275	-3.77062	-58.4359	-54.6652
spk_ver/v13/v1347	SES275	-2.78185	-59.5501	-56.7682
spk_ver/v13/v1348	SES180	0.260029	-55.0799	-55.3399
spk_ver/v13/v1349	SES275	-2.41798	-60.1334	-57.7155
spk_ver/v13/v1350	SES275	-0.628166	-54.7209	-54.0928
spk_ver/v13/v1351	SES275	-2.77344	-61.2363	-58.4628
spk_ver/v13/v1352	SES275	-1.26158	-55.4109	-54.1493
spk_ver/v13/v1353	SES275	-1.48735	-58.2995	-56.8122
spk_ver/v13/v1354	SES189	1.71413	-56.2422	-57.9564
spk_ver/v13/v1355	SES068	0.691914	-53.9071	-54.599
spk_ver/v13/v1356	SES275	-2.57264	-58.8691	-56.2964
spk_ver/v13/v1357	SES048	0.647549	-53.9593	-54.6068
spk_ver/v13/v1358	SES226	1.9408	-51.9396	-53.8804
spk_ver/v13/v1359	SES016	0.759052	-54.2905	-55.0496
spk_ver/v13/v1360	SES275	-1.79878	-58.5433	-56.7445
spk_ver/v13/v1361	SES068	1.16559	-53.2132	-54.3788
spk_ver/v13/v1362	SES275	-2.91626	-57.5889	-54.6726
spk_ver/v13/v1363	SES275	-2.49207	-57.8483	-55.3562
spk_ver/v13/v1364	SES275	-2.62037	-60.1914	-57.571
spk_ver/v13/v1365	SES275	-1.98665	-57.3941	-55.4074
spk_ver/v13/v1366	SES187	0.806709	-54.6124	-55.4191
spk_ver/v13/v1367	SES275	-3.85693	-59.358	-55.501
spk_ver/v13/v1368	SES125	1.00511	-53.6231	-54.6282
spk_ver/v13/v1369	SES275	-1.57421	-57.7827	-56.2084
spk_ver/v13/v1370	SES292	-2.10703	-56.9139	-54.8069
spk_ver/v13/v1371	SES292	-1.66873	-56.3009	-54.6322
spk_ver/v13/v1372	SES292	-1.64401	-57.6238	-55.9798
spk_ver/v13/v1373	SES292	-1.4849	-57.6828	-56.1979
spk_ver/v13/v1374	SES101	1.24773	-54.4226	-55.6703
spk_ver/v13/v1375	SES292	-1.82767	-58.2844	-56.4567
spk_ver/v13/v1376	SES292	-1.49599	-56.5152	-55.0192
spk_ver/v13/v1377	SES292	-3.1144	-60.4002	-57.2858
spk_ver/v13/v1378	SES292	-0.963566	-56.2301	-55.2666
spk_ver/v13/v1379	SES292	-1.22321	-57.0131	-55.7899
spk_ver/v13/v1380	SES292	-1.27203	-56.3699	-55.0978
spk_ver/v13/v1381	SES292	-1.06742	-54.5351	-53.4677
spk_ver/v13/v1382	SES292	-1.93316	-58.3649	-56.4318
spk_ver/v13/v1383	SES292	-1.2291	-56.0155	-54.7864
spk_ver/v13/v1384	SES292	-1.47578	-57.1729	-55.6971
spk_ver/v13/v1385	SES292	-1.02256	-56.2361	-55.2135
spk_ver/v13/v1386	SES292	-1.12909	-56.9471	-55.818
spk_ver/v13/v1387	SES158	1.38385	-55.0082	-56.392
spk_ver/v13/v1388	SES292	-0.0473595	-54.4728	-54.4255
spk_ver/v13/v1389	SES292	-0.394272	-54.1668	-53.7726
spk_ver/v13/v1390	SES292	-1.76675	-55.857	-54.0903
spk_ver/v13/v1391	SES292	-0.890316	-55.855	-54.9647
spk_ver/v13/v1392	SES292	-1.95	-58.355	-56.405
spk_ver/v13/v1393	SES292	-1.45203	-55.95	-54.498
spk_ver/v13/v1394	SES292	-2.59632	-58.8394	-56.2431
spk_ver/v13/v1395	SES292	-1.98801	-56.0715	-54.0835
spk_ver/v13/v1396	SES117	1.01732	-56.1933	-57.2106
spk_ver/v13/v1397	SES292	-1.78831	-56.1057	-54.3174
spk_ver/v13/v1398	SES292	-2.28559	-58.9296	-56.644
spk_ver/v13/v1399	SES292	0.0739403	-54.5193	-54.5932
