BLOCK00/SES002/SA002S12	SES002	1.9795	17.2209	15.2414
BLOCK00/SES002/SA002S13	SES002	2.31618	16.8344	14.5182
BLOCK00/SES002/SA002S23	SES002	1.3723	16.9061	15.5338
BLOCK00/SES002/SA002S26	SES002	1.74237	17.8758	16.1334
BLOCK00/SES002/SA002S28	SES002	1.06079	15.4832	14.4224
BLOCK00/SES007/SA007S14	SES007	1.98389	18.2878	16.3039
BLOCK00/SES007/SA007S15	SES007	0.749264	15.8989	15.1496
BLOCK00/SES007/SA007S24	SES007	1.46051	16.1995	14.739
BLOCK00/SES007/SA007S27	SES007	1.22834	15.5616	14.3332
BLOCK00/SES007/SA007S29	SES007	0.491058	16.0919	15.6009
BLOCK00/SES008/SA008S11	SES008	1.88617	16.8054	14.9192
BLOCK00/SES008/SA008S12	SES008	0.626072	15.5334	14.9073
BLOCK00/SES008/SA008S19	SES008	2.1742	18.1802	16.006
BLOCK00/SES008/SA008S22	SES008	0.94759	15.2512	14.3036
BLOCK00/SES008/SA008S29	SES008	2.14006	17.7205	15.5804
BLOCK01/SES014/SA014S10	SES014	2.88622	17.9999	15.1136
BLOCK01/SES014/SA014S12	SES014	3.4034	20.3879	16.9845
BLOCK01/SES014/SA014S24	SES014	1.70923	18.1524	16.4431
BLOCK01/SES014/SA014S26	SES014	2.32838	20.7376	18.4093
BLOCK01/SES014/SA014S28	SES014	4.14007	21.4294	17.2893
BLOCK01/SES016/SA016S12	SES016	2.0243	15.0079	12.9836
BLOCK01/SES016/SA016S13	SES016	2.05695	17.0248	14.9679
BLOCK01/SES016/SA016S22	SES016	1.96687	16.9913	15.0245
BLOCK01/SES016/SA016S25	SES016	2.21057	18.7139	16.5033
BLOCK01/SES016/SA016S27	SES016	2.30744	19.1347	16.8273
BLOCK01/SES019/SA019S13	SES019	3.17376	16.1236	12.9498
BLOCK01/SES019/SA019S14	SES019	2.73694	16.5791	13.8422
BLOCK01/SES019/SA019S22	SES019	3.0898	16.384	13.2942
BLOCK01/SES019/SA019S25	SES019	2.97218	16.8005	13.8283
BLOCK01/SES019/SA019S29	SES019	3.88479	17.1661	13.2814
BLOCK02/SES029/SA029S11	SES029	2.0323	17.1289	15.0966
BLOCK02/SES029/SA029S12	SES029	0.862421	16.9303	16.0678
BLOCK02/SES029/SA029S20	SES029	1.54261	16.4672	14.9246
BLOCK02/SES029/SA029S25	SES029	1.71617	17.7742	16.0581
BLOCK02/SES029/SA029S28	SES029	0.766489	16.4372	15.6707
BLOCK04/SES042/SA042S12	SES042	2.0849	17.7226	15.6377
BLOCK04/SES042/SA042S15	SES042	2.35659	18.0574	15.7008
BLOCK04/SES042/SA042S22	SES042	3.5431	20.9583	17.4152
BLOCK04/SES042/SA042S25	SES042	2.05254	16.9622	14.9096
BLOCK04/SES042/SA042S27	SES042	1.63763	18.0366	16.3989
BLOCK04/SES048/SA048S11	SES048	1.92058	17.4306	15.5101
BLOCK04/SES048/SA048S12	SES048	1.07561	17.1184	16.0428
BLOCK04/SES048/SA048S20	SES048	0.742157	17.0722	16.33
BLOCK04/SES048/SA048S23	SES048	2.02071	16.3395	14.3188
BLOCK04/SES048/SA048S27	SES048	0.97579	18.0745	17.0987
BLOCK06/SES060/SA060S11	SES060	1.92837	17.814	15.8856
BLOCK06/SES060/SA060S12	SES060	0.589	15.6362	15.0472
BLOCK06/SES060/SA060S22	SES060	0.412224	14.3497	13.9375
BLOCK06/SES060/SA060S24	SES060	1.37445	17.2126	15.8382
BLOCK06/SES060/SA060S28	SES060	1.38912	19.3359	17.9468
BLOCK06/SES062/SA062S10	SES062	0.968864	17.0182	16.0493
BLOCK06/SES062/SA062S11	SES062	2.00468	17.3566	15.3519
BLOCK06/SES062/SA062S21	SES062	2.49819	20.5189	18.0207
BLOCK06/SES062/SA062S26	SES062	1.42482	18.3417	16.9168
BLOCK06/SES062/SA062S29	SES062	2.14205	19.663	17.5209
BLOCK06/SES068/SA068S14	SES068	0.727242	16.8788	16.1516
BLOCK06/SES068/SA068S15	SES068	1.79138	18.8163	17.0249
BLOCK06/SES068/SA068S23	SES068	1.18822	16.2657	15.0774
BLOCK06/SES068/SA068S27	SES068	2.36657	19.2416	16.875
BLOCK06/SES068/SA068S29	SES068	0.998757	16.9691	15.9703
BLOCK08/SES082/SA082S12	SES082	0.638729	15.1482	14.5095
BLOCK08/SES082/SA082S14	SES082	0.84703	15.2977	14.4506
BLOCK08/SES082/SA082S21	SES082	0.418122	15.2968	14.8787
BLOCK08/SES082/SA082S24	SES082	0.830172	17.3105	16.4804
BLOCK08/SES082/SA082S28	SES082	0.657715	15.4035	14.7457
BLOCK08/SES083/SA083S14	SES083	0.616886	16.2705	15.6536
BLOCK08/SES083/SA083S15	SES083	0.893974	17.1943	16.3003
BLOCK08/SES083/SA083S24	SES083	0.668547	16.4417	15.7731
BLOCK08/SES083/SA083S26	SES083	1.11194	16.3521	15.2401
BLOCK08/SES083/SA083S29	SES083	0.533859	16.9737	16.4398
BLOCK08/SES085/SA085S10	SES085	0.792231	16.9142	16.122
BLOCK08/SES085/SA085S13	SES085	0.377585	15.7319	15.3543
BLOCK08/SES085/SA085S22	SES085	0.814779	17.8249	17.0102
BLOCK08/SES085/SA085S26	SES085	0.789835	17.0826	16.2927
BLOCK08/SES085/SA085S28	SES085	1.35326	17.1364	15.7831
BLOCK08/SES087/SA087S15	SES087	1.72198	16.5762	14.8542
BLOCK08/SES087/SA087S16	SES087	1.62554	16.4729	14.8474
BLOCK08/SES087/SA087S24	SES087	1.69435	16.9599	15.2656
BLOCK08/SES087/SA087S26	SES087	1.12931	17.4359	16.3066
BLOCK08/SES087/SA087S29	SES087	1.98189	16.4733	14.4914
BLOCK09/SES099/SA099S15	SES099	1.9588	16.4171	14.4583
BLOCK09/SES099/SA099S16	SES099	1.94259	16.3731	14.4305
BLOCK09/SES099/SA099S24	SES099	2.07074	16.9321	14.8614
BLOCK09/SES099/SA099S26	SES099	2.23603	16.8866	14.6505
BLOCK09/SES099/SA099S29	SES099	2.15047	17.3167	15.1662
BLOCK10/SES101/SA101S11	SES101	0.641396	16.304	15.6626
BLOCK10/SES101/SA101S13	SES101	2.28478	18.6708	16.386
BLOCK10/SES101/SA101S22	SES101	1.33114	16.5122	15.1811
BLOCK10/SES101/SA101S24	SES101	1.24286	16.5178	15.275
BLOCK10/SES101/SA101S28	SES101	0.632719	15.3984	14.7657
BLOCK10/SES104/SA104S11	SES104	2.2403	19.4582	17.2179
BLOCK10/SES104/SA104S12	SES104	2.04307	17.3071	15.2641
BLOCK10/SES104/SA104S21	SES104	1.65381	16.7555	15.1017
BLOCK10/SES104/SA104S24	SES104	1.35922	16.7058	15.3466
BLOCK10/SES104/SA104S28	SES104	1.71942	17.8958	16.1764
BLOCK10/SES105/SA105S12	SES105	1.4534	15.2561	13.8027
BLOCK10/SES105/SA105S13	SES105	1.36489	15.3075	13.9427
BLOCK10/SES105/SA105S22	SES105	0.878487	14.1907	13.3122
BLOCK10/SES105/SA105S26	SES105	1.72243	15.4305	13.7081
BLOCK10/SES105/SA105S29	SES105	1.94726	16.5291	14.5819
BLOCK10/SES106/SA106S09	SES106	1.80107	15.3518	13.5507
BLOCK10/SES106/SA106S11	SES106	2.18969	17.1517	14.962
BLOCK10/SES106/SA106S22	SES106	3.9702	17.8009	13.8307
BLOCK10/SES106/SA106S27	SES106	2.07687	16.1819	14.105
BLOCK10/SES106/SA106S29	SES106	1.59556	15.796	14.2004
BLOCK11/SES117/SA117S12	SES117	0.747647	15.537	14.7893
BLOCK11/SES117/SA117S13	SES117	0.656669	16.3487	15.692
BLOCK11/SES117/SA117S23	SES117	2.17624	15.1775	13.0013
BLOCK11/SES117/SA117S25	SES117	1.48927	15.1888	13.6995
BLOCK11/SES117/SA117S28	SES117	1.6263	14.7451	13.1188
BLOCK12/SES120/SA120S08	SES120	1.10621	13.7798	12.6736
BLOCK12/SES120/SA120S11	SES120	1.01601	12.4879	11.4719
BLOCK12/SES120/SA120S22	SES120	0.530354	15.846	15.3156
BLOCK12/SES120/SA120S24	SES120	1.0093	14.9225	13.9132
BLOCK12/SES120/SA120S28	SES120	0.350961	12.4156	12.0647
BLOCK12/SES125/SA125S13	SES125	2.43991	17.2693	14.8294
BLOCK12/SES125/SA125S14	SES125	1.06166	15.5454	14.4838
BLOCK12/SES125/SA125S25	SES125	2.01751	17.6704	15.6529
BLOCK12/SES125/SA125S27	SES125	2.0652	18.3789	16.3137
BLOCK12/SES125/SA125S29	SES125	2.37852	17.1245	14.746
BLOCK12/SES127/SA127S11	SES127	0.949713	15.7017	14.752
BLOCK12/SES127/SA127S12	SES127	0.451718	16.3365	15.8848
BLOCK12/SES127/SA127S23	SES127	0.898907	16.3642	15.4653
BLOCK12/SES127/SA127S25	SES127	0.158259	15.0163	14.858
BLOCK12/SES127/SA127S27	SES127	1.48075	16.7938	15.3131
BLOCK12/SES129/SA129S11	SES129	1.90641	17.8983	15.9919
BLOCK12/SES129/SA129S12	SES129	1.55121	17.6861	16.1349
BLOCK12/SES129/SA129S22	SES129	1.25884	16.5055	15.2467
BLOCK12/SES129/SA129S27	SES129	2.09966	17.5884	15.4887
BLOCK12/SES129/SA129S29	SES129	1.74492	17.7113	15.9664
BLOCK14/SES142/SA142S11	SES142	2.81842	16.1531	13.3347
BLOCK14/SES142/SA142S12	SES142	1.73006	15.5933	13.8633
BLOCK14/SES142/SA142S24	SES142	1.96539	16.3379	14.3725
BLOCK14/SES142/SA142S27	SES142	2.53156	17.0596	14.528
BLOCK14/SES142/SA142S29	SES142	2.97584	16.2067	13.2309
BLOCK14/SES143/SA143S12	SES143	1.61942	15.6962	14.0768
BLOCK14/SES143/SA143S13	SES143	1.36443	15.3233	13.9588
BLOCK14/SES143/SA143S23	SES143	1.67332	15.3198	13.6465
BLOCK14/SES143/SA143S25	SES143	1.75633	16.3094	14.5531
BLOCK14/SES143/SA143S28	SES143	1.32974	15.6126	14.2829
BLOCK14/SES144/SA144S09	SES144	1.2642	16.554	15.2898
BLOCK14/SES144/SA144S11	SES144	1.84956	15.9973	14.1477
BLOCK14/SES144/SA144S21	SES144	0.595096	15.1951	14.6
BLOCK14/SES144/SA144S25	SES144	0.720086	14.7645	14.0444
BLOCK14/SES144/SA144S29	SES144	0.418458	16.0583	15.6398
BLOCK14/SES146/SA146S14	SES146	1.0436	14.768	13.7244
BLOCK14/SES146/SA146S15	SES146	1.12603	14.8917	13.7656
BLOCK14/SES146/SA146S24	SES146	1.3324	15.3672	14.0348
BLOCK14/SES146/SA146S26	SES146	1.5592	15.2662	13.707
BLOCK14/SES146/SA146S29	SES146	1.33059	14.5997	13.2691
BLOCK14/SES147/SA147S11	SES147	2.45383	16.055	13.6011
BLOCK14/SES147/SA147S13	SES147	2.48182	16.6871	14.2053
BLOCK14/SES147/SA147S23	SES147	0.934136	15.5049	14.5708
BLOCK14/SES147/SA147S26	SES147	1.60844	15.7048	14.0964
BLOCK14/SES147/SA147S28	SES147	2.08295	15.7847	13.7017
BLOCK14/SES148/SA148S10	SES148	1.4393	15.4015	13.9622
BLOCK14/SES148/SA148S12	SES148	1.06266	14.3462	13.2836
BLOCK14/SES148/SA148S22	SES148	1.87984	16.9894	15.1096
BLOCK14/SES148/SA148S26	SES148	0.393281	15.5963	15.203
BLOCK14/SES148/SA148S29	SES148	0.710094	15.2285	14.5185
BLOCK14/SES149/SA149S13	SES149	0.104532	15.6579	15.5534
BLOCK14/SES149/SA149S14	SES149	0.570568	16.6595	16.0889
BLOCK14/SES149/SA149S24	SES149	1.4972	17.2787	15.7814
BLOCK14/SES149/SA149S26	SES149	1.90726	18.2366	16.3293
BLOCK14/SES149/SA149S28	SES149	2.44037	19.5874	17.1471
BLOCK15/SES158/SA158S13	SES158	1.94672	15.2938	13.3471
BLOCK15/SES158/SA158S14	SES158	3.37268	16.3165	12.9438
BLOCK15/SES158/SA158S23	SES158	1.70266	15.7389	14.0362
BLOCK15/SES158/SA158S26	SES158	2.60455	15.3388	12.7342
BLOCK15/SES158/SA158S28	SES158	0.928165	14.7732	13.8451
BLOCK16/SES162/SA162S10	SES162	1.28018	14.3181	13.0379
BLOCK16/SES162/SA162S11	SES162	1.09119	16.1932	15.102
BLOCK16/SES162/SA162S21	SES162	1.81764	16.5661	14.7485
BLOCK16/SES162/SA162S24	SES162	1.50787	16.1147	14.6068
BLOCK16/SES162/SA162S27	SES162	1.71963	15.5921	13.8724
BLOCK16/SES167/SA167S14	SES167	1.46656	17.8602	16.3936
BLOCK16/SES167/SA167S15	SES167	1.58252	16.6638	15.0813
BLOCK16/SES167/SA167S21	SES167	2.34363	17.4837	15.1401
BLOCK16/SES167/SA167S25	SES167	2.64424	16.5625	13.9183
BLOCK16/SES167/SA167S29	SES167	2.60888	18.5165	15.9076
BLOCK17/SES172/SA172S12	SES172	1.77381	16.9848	15.211
BLOCK17/SES172/SA172S13	SES172	1.82511	16.5099	14.6848
BLOCK17/SES172/SA172S23	SES172	1.45182	17.8371	16.3853
BLOCK17/SES172/SA172S27	SES172	1.22705	16.6963	15.4693
BLOCK17/SES172/SA172S29	SES172	1.95402	17.2989	15.3449
BLOCK17/SES175/SA175S11	SES175	0.867566	16.2987	15.4311
BLOCK17/SES175/SA175S13	SES175	1.13351	16.3485	15.215
BLOCK17/SES175/SA175S23	SES175	1.6654	16.486	14.8206
BLOCK17/SES175/SA175S25	SES175	0.729246	14.2774	13.5482
BLOCK17/SES175/SA175S28	SES175	1.13475	16.9891	15.8544
BLOCK17/SES177/SA177S15	SES177	0.593268	15.9662	15.3729
BLOCK17/SES177/SA177S17	SES177	0.600917	16.1447	15.5438
BLOCK17/SES177/SA177S23	SES177	0.0222588	15.1977	15.1754
BLOCK17/SES177/SA177S26	SES177	1.19225	18.2229	17.0307
BLOCK17/SES177/SA177S28	SES177	1.05443	16.8242	15.7698
BLOCK18/SES180/SA180S13	SES180	0.318418	15.3056	14.9872
BLOCK18/SES180/SA180S15	SES180	1.66564	16.1752	14.5096
BLOCK18/SES180/SA180S24	SES180	0.903732	17.2699	16.3662
BLOCK18/SES180/SA180S26	SES180	1.80543	17.1224	15.317
BLOCK18/SES180/SA180S29	SES180	1.59391	16.4075	14.8136
BLOCK18/SES183/SA183S13	SES183	1.88002	15.2622	13.3822
BLOCK18/SES183/SA183S14	SES183	0.221835	14.0654	13.8435
BLOCK18/SES183/SA183S24	SES183	2.11891	14.4905	12.3715
BLOCK18/SES183/SA183S27	SES183	1.49086	14.9419	13.4511
BLOCK18/SES183/SA183S29	SES183	0.80382	15.7952	14.9914
BLOCK18/SES187/SA187S13	SES187	0.785718	16.0435	15.2578
BLOCK18/SES187/SA187S14	SES187	1.07645	15.5521	14.4756
BLOCK18/SES187/SA187S24	SES187	2.18084	15.2708	13.09
BLOCK18/SES187/SA187S27	SES187	1.72907	15.9127	14.1836
BLOCK18/SES187/SA187S29	SES187	1.37607	16.536	15.1599
BLOCK18/SES189/SA189S10	SES189	3.4159	15.1328	11.7169
BLOCK18/SES189/SA189S13	SES189	4.1303	15.117	10.9867
BLOCK18/SES189/SA189S24	SES189	4.4874	14.8763	10.3889
BLOCK18/SES189/SA189S26	SES189	2.12803	15.5894	13.4613
BLOCK18/SES189/SA189S29	SES189	3.97025	15.6621	11.6918
BLOCK20/SES202/SA202S12	SES202	1.49851	13.3529	11.8544
BLOCK20/SES202/SA202S14	SES202	2.4576	15.7444	13.2868
BLOCK20/SES202/SA202S24	SES202	1.54461	15.5548	14.0101
BLOCK20/SES202/SA202S27	SES202	1.86088	17.4026	15.5417
BLOCK20/SES202/SA202S29	SES202	2.12256	16.8082	14.6856
BLOCK20/SES206/SA206S15	SES206	-0.00898838	15.9278	15.9368
BLOCK20/SES206/SA206S17	SES206	2.14908	18.3952	16.2461
BLOCK20/SES206/SA206S24	SES206	2.20322	18.3938	16.1906
BLOCK20/SES206/SA206S27	SES206	1.92479	17.1644	15.2397
BLOCK20/SES206/SA206S29	SES206	1.46325	18.5257	17.0624
BLOCK22/SES226/SA226S12	SES226	1.29059	16.1939	14.9033
BLOCK22/SES226/SA226S13	SES226	-0.291404	14.2455	14.5369
BLOCK22/SES226/SA226S20	SES226	1.04441	15.5774	14.533
BLOCK22/SES226/SA226S23	SES226	1.64192	16.6829	15.041
BLOCK22/SES226/SA226S28	SES226	1.92158	17.0702	15.1486
BLOCK25/SES259/SA259S13	SES259	4.30624	18.7345	14.4282
BLOCK25/SES259/SA259S14	SES259	2.67102	17.301	14.63
BLOCK25/SES259/SA259S22	SES259	2.53796	17.1785	14.6406
BLOCK25/SES259/SA259S24	SES259	2.45811	18.5959	16.1378
BLOCK25/SES259/SA259S28	SES259	2.592	17.7746	15.1826
BLOCK27/SES270/SA270S14	SES270	2.61893	15.6279	13.009
BLOCK27/SES270/SA270S16	SES270	0.207568	14.6044	14.3968
BLOCK27/SES270/SA270S22	SES270	2.94973	16.5211	13.5714
BLOCK27/SES270/SA270S26	SES270	1.76649	14.3673	12.6008
BLOCK27/SES270/SA270S28	SES270	1.82958	16.2055	14.3759
BLOCK27/SES275/SA275S17	SES275	1.63552	16.283	14.6474
BLOCK27/SES275/SA275S18	SES275	0.957495	16.0307	15.0732
BLOCK27/SES275/SA275S24	SES275	1.0785	14.8368	13.7583
BLOCK27/SES275/SA275S26	SES275	1.47556	16.2627	14.7872
BLOCK27/SES275/SA275S28	SES275	0.659958	15.6728	15.0128
BLOCK29/SES292/SA292S10	SES292	0.592781	15.6296	15.0368
BLOCK29/SES292/SA292S12	SES292	0.769556	15.819	15.0495
BLOCK29/SES292/SA292S22	SES292	0.830731	16.6515	15.8207
BLOCK29/SES292/SA292S24	SES292	0.845516	16.1824	15.3369
BLOCK29/SES292/SA292S27	SES292	0.780525	16.6257	15.8452
BLOCK00/SES001/SA001S14	SES062	-2.76127	10.733	13.4943
BLOCK00/SES001/SA001S14	SES082	-2.64361	10.8507	13.4943
BLOCK00/SES001/SA001S14	SES106	-2.23921	11.2551	13.4943
BLOCK00/SES001/SA001S14	SES206	-2.30247	11.1918	13.4943
BLOCK00/SES001/SA001S15	SES062	-2.83908	12.3354	15.1744
BLOCK00/SES001/SA001S15	SES104	-3.36435	11.8101	15.1744
BLOCK00/SES001/SA001S15	SES106	-1.80708	13.3674	15.1744
BLOCK00/SES001/SA001S15	SES206	-1.97942	13.195	15.1744
BLOCK00/SES001/SA001S24	SES062	-3.63551	9.70699	13.3425
BLOCK00/SES001/SA001S24	SES082	-2.56983	10.7727	13.3425
BLOCK00/SES001/SA001S24	SES087	-1.96087	11.3816	13.3425
BLOCK00/SES001/SA001S24	SES206	-2.23632	11.1062	13.3425
BLOCK00/SES001/SA001S27	SES062	-2.34762	13.0021	15.3497
BLOCK00/SES001/SA001S27	SES082	-1.9572	13.3925	15.3497
BLOCK00/SES001/SA001S27	SES087	-1.60269	13.747	15.3497
BLOCK00/SES001/SA001S27	SES206	-1.84188	13.5078	15.3497
BLOCK00/SES001/SA001S29	SES062	-3.79429	10.0346	13.8289
BLOCK00/SES001/SA001S29	SES082	-1.86859	11.9603	13.8289
BLOCK00/SES001/SA001S29	SES158	-1.56593	12.2629	13.8289
BLOCK00/SES001/SA001S29	SES206	-2.63076	11.1981	13.8289
BLOCK00/SES003/SA003S11	SES002	-1.20017	13.9455	15.1457
BLOCK00/SES003/SA003S11	SES019	-1.74837	13.3973	15.1457
BLOCK00/SES003/SA003S11	SES082	-0.976186	14.1695	15.1457
BLOCK00/SES003/SA003S11	SES125	-2.06734	13.0783	15.1457
BLOCK00/SES003/SA003S15	SES016	-2.06776	13.7778	15.8456
BLOCK00/SES003/SA003S15	SES019	-1.62748	14.2181	15.8456
BLOCK00/SES003/SA003S15	SES062	-2.00983	13.8358	15.8456
BLOCK00/SES003/SA003S15	SES206	-1.75917	14.0864	15.8456
BLOCK00/SES003/SA003S22	SES002	-2.23813	13.0898	15.3279
BLOCK00/SES003/SA003S22	SES062	-1.2937	14.0342	15.3279
BLOCK00/SES003/SA003S22	SES082	-2.36319	12.9647	15.3279
BLOCK00/SES003/SA003S22	SES087	-1.96235	13.3656	15.3279
BLOCK00/SES003/SA003S25	SES062	-3.21998	11.4925	14.7125
BLOCK00/SES003/SA003S25	SES082	-1.87993	12.8326	14.7125
BLOCK00/SES003/SA003S25	SES087	-1.70651	13.006	14.7125
BLOCK00/SES003/SA003S25	SES206	-2.58014	12.1324	14.7125
BLOCK00/SES003/SA003S29	SES002	-1.85292	12.5092	14.3621
BLOCK00/SES003/SA003S29	SES062	-2.77153	11.5905	14.3621
BLOCK00/SES003/SA003S29	SES082	-1.47295	12.8891	14.3621
BLOCK00/SES003/SA003S29	SES087	-2.10062	12.2615	14.3621
BLOCK00/SES004/SA004S12	SES083	-1.9604	12.0252	13.9856
BLOCK00/SES004/SA004S12	SES148	-2.00218	11.9835	13.9856
BLOCK00/SES004/SA004S12	SES172	-0.900632	13.085	13.9856
BLOCK00/SES004/SA004S12	SES292	-1.78416	12.2015	13.9856
BLOCK00/SES004/SA004S17	SES083	-2.06763	12.0273	14.095
BLOCK00/SES004/SA004S17	SES162	-1.26397	12.831	14.095
BLOCK00/SES004/SA004S17	SES172	-1.25149	12.8435	14.095
BLOCK00/SES004/SA004S17	SES292	-1.7926	12.3024	14.095
BLOCK00/SES004/SA004S24	SES083	-2.03804	12.3539	14.3919
BLOCK00/SES004/SA004S24	SES148	-2.58505	11.8069	14.3919
BLOCK00/SES004/SA004S24	SES172	-0.976853	13.4151	14.3919
BLOCK00/SES004/SA004S24	SES292	-1.29428	13.0976	14.3919
BLOCK00/SES004/SA004S26	SES083	-2.30885	11.9826	14.2914
BLOCK00/SES004/SA004S26	SES127	-1.42064	12.8708	14.2914
BLOCK00/SES004/SA004S26	SES148	-4.15208	10.1394	14.2914
BLOCK00/SES004/SA004S26	SES292	-2.81662	11.4748	14.2914
BLOCK00/SES004/SA004S28	SES083	-1.61527	14.0675	15.6828
BLOCK00/SES004/SA004S28	SES127	-1.02121	14.6616	15.6828
BLOCK00/SES004/SA004S28	SES187	-0.889416	14.7934	15.6828
BLOCK00/SES004/SA004S28	SES292	-2.07183	13.6109	15.6828
BLOCK00/SES006/SA006S10	SES014	-3.94804	7.88539	11.8334
BLOCK00/SES006/SA006S10	SES158	-2.4992	9.33423	11.8334
BLOCK00/SES006/SA006S10	SES226	-5.26745	6.56598	11.8334
BLOCK00/SES006/SA006S10	SES270	-1.22761	10.6058	11.8334
BLOCK00/SES006/SA006S11	SES158	-2.31447	9.83074	12.1452
BLOCK00/SES006/SA006S11	SES226	-4.04627	8.09894	12.1452
BLOCK00/SES006/SA006S11	SES270	-1.67988	10.4653	12.1452
BLOCK00/SES006/SA006S11	SES275	-2.41726	9.72795	12.1452
BLOCK00/SES006/SA006S23	SES062	-3.0739	10.8485	13.9224
BLOCK00/SES006/SA006S23	SES105	-4.29418	9.62819	13.9224
BLOCK00/SES006/SA006S23	SES158	-2.11751	11.8049	13.9224
BLOCK00/SES006/SA006S23	SES275	-2.49015	11.4322	13.9224
BLOCK00/SES006/SA006S26	SES104	-3.94331	9.49496	13.4383
BLOCK00/SES006/SA006S26	SES158	-1.80958	11.6287	13.4383
BLOCK00/SES006/SA006S26	SES270	-0.858578	12.5797	13.4383
BLOCK00/SES006/SA006S26	SES275	-2.56423	10.874	13.4383
BLOCK00/SES006/SA006S28	SES007	-3.03913	9.12382	12.1629
BLOCK00/SES006/SA006S28	SES105	-3.70904	8.4539	12.1629
BLOCK00/SES006/SA006S28	SES158	-1.99525	10.1677	12.1629
BLOCK00/SES006/SA006S28	SES275	-3.61832	8.54463	12.1629
BLOCK00/SES009/SA009S12	SES083	-2.96916	12.6672	15.6364
BLOCK00/SES009/SA009S12	SES148	-2.52999	13.1064	15.6364
BLOCK00/SES009/SA009S12	SES177	-1.09037	14.546	15.6364
BLOCK00/SES009/SA009S12	SES292	-1.98691	13.6495	15.6364
BLOCK00/SES009/SA009S15	SES007	-0.38006	16.0826	16.4627
BLOCK00/SES009/SA009S15	SES099	-4.21357	12.2491	16.4627
BLOCK00/SES009/SA009S15	SES148	-2.60276	13.8599	16.4627
BLOCK00/SES009/SA009S15	SES172	-1.89888	14.5638	16.4627
BLOCK00/SES009/SA009S24	SES146	-1.02828	15.0987	16.127
BLOCK00/SES009/SA009S24	SES148	-2.74182	13.3852	16.127
BLOCK00/SES009/SA009S24	SES177	-0.549146	15.5778	16.127
BLOCK00/SES009/SA009S24	SES292	-1.37619	14.7508	16.127
BLOCK00/SES009/SA009S26	SES083	-2.56692	12.6268	15.1937
BLOCK00/SES009/SA009S26	SES101	-2.33006	12.8636	15.1937
BLOCK00/SES009/SA009S26	SES120	-1.50873	13.6849	15.1937
BLOCK00/SES009/SA009S26	SES177	-0.70892	14.4848	15.1937
BLOCK00/SES009/SA009S29	SES083	-2.40149	13.6988	16.1003
BLOCK00/SES009/SA009S29	SES101	-1.94827	14.152	16.1003
BLOCK00/SES009/SA009S29	SES177	-1.01641	15.0839	16.1003
BLOCK00/SES009/SA009S29	SES292	-1.30957	14.7907	16.1003
BLOCK01/SES011/SA011S10	SES019	-1.74547	13.6415	15.3869
BLOCK01/SES011/SA011S10	SES042	-0.4318	14.9551	15.3869
BLOCK01/SES011/SA011S10	SES082	-2.39934	12.9876	15.3869
BLOCK01/SES011/SA011S10	SES206	-2.12703	13.2599	15.3869
BLOCK01/SES011/SA011S11	SES019	-1.63107	12.5439	14.175
BLOCK01/SES011/SA011S11	SES042	-1.13438	13.0406	14.175
BLOCK01/SES011/SA011S11	SES082	-2.16842	12.0066	14.175
BLOCK01/SES011/SA011S11	SES206	-2.53517	11.6398	14.175
BLOCK01/SES011/SA011S22	SES019	-1.07562	13.1556	14.2312
BLOCK01/SES011/SA011S22	SES042	-0.322482	13.9088	14.2312
BLOCK01/SES011/SA011S22	SES082	-2.02448	12.2068	14.2312
BLOCK01/SES011/SA011S22	SES206	-2.42702	11.8042	14.2312
BLOCK01/SES011/SA011S24	SES019	-2.05696	12.878	14.935
BLOCK01/SES011/SA011S24	SES042	-0.26228	14.6727	14.935
BLOCK01/SES011/SA011S24	SES104	-2.03016	12.9048	14.935
BLOCK01/SES011/SA011S24	SES206	-1.89851	13.0365	14.935
BLOCK01/SES011/SA011S27	SES082	-0.57903	13.8997	14.4787
BLOCK01/SES011/SA011S27	SES087	-1.85506	12.6237	14.4787
BLOCK01/SES011/SA011S27	SES125	-1.59656	12.8822	14.4787
BLOCK01/SES011/SA011S27	SES206	-1.25058	13.2281	14.4787
BLOCK01/SES012/SA012S11	SES007	-1.08373	15.6909	16.7746
BLOCK01/SES012/SA012S11	SES082	-2.12452	14.6501	16.7746
BLOCK01/SES012/SA012S11	SES083	-2.08754	14.6871	16.7746
BLOCK01/SES012/SA012S11	SES206	-1.67782	15.0968	16.7746
BLOCK01/SES012/SA012S14	SES082	-1.09402	15.1475	16.2415
BLOCK01/SES012/SA012S14	SES087	-2.53045	13.7111	16.2415
BLOCK01/SES012/SA012S14	SES206	-1.12951	15.112	16.2415
BLOCK01/SES012/SA012S14	SES292	-1.92587	14.3157	16.2415
BLOCK01/SES012/SA012S24	SES082	-0.65834	14.3933	15.0516
BLOCK01/SES012/SA012S24	SES087	-1.95301	13.0986	15.0516
BLOCK01/SES012/SA012S24	SES120	-1.5994	13.4522	15.0516
BLOCK01/SES012/SA012S24	SES206	-1.07112	13.9805	15.0516
BLOCK01/SES012/SA012S26	SES019	-4.27621	12.5564	16.8326
BLOCK01/SES012/SA012S26	SES082	-2.59617	14.2364	16.8326
BLOCK01/SES012/SA012S26	SES206	-0.636848	16.1957	16.8326
BLOCK01/SES012/SA012S26	SES292	-1.5163	15.3163	16.8326
BLOCK01/SES012/SA012S29	SES062	-1.77893	14.8161	16.5951
BLOCK01/SES012/SA012S29	SES082	-1.31019	15.2849	16.5951
BLOCK01/SES012/SA012S29	SES083	-2.66105	13.934	16.5951
BLOCK01/SES012/SA012S29	SES206	-1.24508	15.35	16.5951
BLOCK01/SES013/SA013S16	SES062	-3.83559	10.7954	14.6309
BLOCK01/SES013/SA013S16	SES106	-1.686	12.9449	14.6309
BLOCK01/SES013/SA013S16	SES206	-2.15172	12.4792	14.6309
BLOCK01/SES013/SA013S16	SES226	-1.64303	12.9879	14.6309
BLOCK01/SES013/SA013S17	SES062	-3.19342	13.2335	16.4269
BLOCK01/SES013/SA013S17	SES106	-2.95325	13.4736	16.4269
BLOCK01/SES013/SA013S17	SES206	-1.14487	15.282	16.4269
BLOCK01/SES013/SA013S17	SES226	-1.07792	15.349	16.4269
BLOCK01/SES013/SA013S23	SES104	-2.09286	13.0485	15.1414
BLOCK01/SES013/SA013S23	SES106	-1.53336	13.608	15.1414
BLOCK01/SES013/SA013S23	SES206	-1.43794	13.7034	15.1414
BLOCK01/SES013/SA013S23	SES270	-1.25465	13.8867	15.1414
BLOCK01/SES013/SA013S25	SES042	-1.90907	14.6598	16.5689
BLOCK01/SES013/SA013S25	SES104	-1.57764	14.9912	16.5689
BLOCK01/SES013/SA013S25	SES106	-1.7835	14.7853	16.5689
BLOCK01/SES013/SA013S25	SES206	-1.57075	14.9981	16.5689
BLOCK01/SES013/SA013S29	SES062	-4.41282	11.3285	15.7413
BLOCK01/SES013/SA013S29	SES104	-3.0463	12.695	15.7413
BLOCK01/SES013/SA013S29	SES106	-1.95865	13.7827	15.7413
BLOCK01/SES013/SA013S29	SES206	-1.84606	13.8953	15.7413
BLOCK02/SES021/SA021S13	SES016	-3.26657	13.5737	16.8403
BLOCK02/SES021/SA021S13	SES029	-1.83184	15.0084	16.8403
BLOCK02/SES021/SA021S13	SES087	-2.33797	14.5023	16.8403
BLOCK02/SES021/SA021S13	SES206	-1.55728	15.283	16.8403
BLOCK02/SES021/SA021S15	SES087	-1.00614	16.7289	17.735
BLOCK02/SES021/SA021S15	SES125	-1.20656	16.5285	17.735
BLOCK02/SES021/SA021S15	SES206	-1.06328	16.6717	17.735
BLOCK02/SES021/SA021S15	SES226	-2.35978	15.3752	17.735
BLOCK02/SES021/SA021S23	SES062	-3.50555	11.2441	14.7497
BLOCK02/SES021/SA021S23	SES087	-1.30887	13.4408	14.7497
BLOCK02/SES021/SA021S23	SES206	-2.02886	12.7208	14.7497
BLOCK02/SES021/SA021S23	SES226	-1.66263	13.0871	14.7497
BLOCK02/SES021/SA021S27	SES002	-1.1851	15.4533	16.6384
BLOCK02/SES021/SA021S27	SES016	-3.99012	12.6483	16.6384
BLOCK02/SES021/SA021S27	SES019	-2.22835	14.41	16.6384
BLOCK02/SES021/SA021S27	SES062	-2.0982	14.5402	16.6384
BLOCK02/SES021/SA021S29	SES087	-1.5879	15.077	16.6648
BLOCK02/SES021/SA021S29	SES125	-1.10003	15.5648	16.6648
BLOCK02/SES021/SA021S29	SES206	-1.08712	15.5777	16.6648
BLOCK02/SES021/SA021S29	SES226	-2.5245	14.1403	16.6648
BLOCK04/SES043/SA043S09	SES083	-1.27592	12.7672	14.0431
BLOCK04/SES043/SA043S09	SES101	-1.28131	12.7618	14.0431
BLOCK04/SES043/SA043S09	SES144	-0.79914	13.244	14.0431
BLOCK04/SES043/SA043S09	SES172	-1.88849	12.1546	14.0431
BLOCK04/SES043/SA043S11	SES083	-1.13899	14.4314	15.5704
BLOCK04/SES043/SA043S11	SES101	-1.01699	14.5534	15.5704
BLOCK04/SES043/SA043S11	SES144	-0.148013	15.4224	15.5704
BLOCK04/SES043/SA043S11	SES172	-1.25957	14.3109	15.5704
BLOCK04/SES043/SA043S23	SES083	-1.43018	13.5687	14.9989
BLOCK04/SES043/SA043S23	SES144	-0.294165	14.7047	14.9989
BLOCK04/SES043/SA043S23	SES177	-1.37201	13.6269	14.9989
BLOCK04/SES043/SA043S23	SES275	-1.2607	13.7382	14.9989
BLOCK04/SES043/SA043S26	SES083	-1.73368	12.4837	14.2174
BLOCK04/SES043/SA043S26	SES101	-1.4687	12.7487	14.2174
BLOCK04/SES043/SA043S26	SES144	-0.481089	13.7363	14.2174
BLOCK04/SES043/SA043S26	SES177	-1.75569	12.4617	14.2174
BLOCK04/SES043/SA043S28	SES016	-2.04572	13.6384	15.6842
BLOCK04/SES043/SA043S28	SES083	-0.869669	14.8145	15.6842
BLOCK04/SES043/SA043S28	SES101	-0.773436	14.9107	15.6842
BLOCK04/SES043/SA043S28	SES144	-0.920218	14.7639	15.6842
BLOCK04/SES044/SA044S10	SES127	-2.59545	9.20127	11.7967
BLOCK04/SES044/SA044S10	SES144	-0.123434	11.6733	11.7967
BLOCK04/SES044/SA044S10	SES147	-3.14674	8.64998	11.7967
BLOCK04/SES044/SA044S10	SES148	-2.80541	8.99131	11.7967
BLOCK04/SES044/SA044S11	SES101	-0.824231	12.4651	13.2893
BLOCK04/SES044/SA044S11	SES144	-0.118094	13.1712	13.2893
BLOCK04/SES044/SA044S11	SES147	-2.92766	10.3616	13.2893
BLOCK04/SES044/SA044S11	SES177	-2.23725	11.0521	13.2893
BLOCK04/SES044/SA044S24	SES007	-2.39253	11.6833	14.0758
BLOCK04/SES044/SA044S24	SES101	-1.44676	12.6291	14.0758
BLOCK04/SES044/SA044S24	SES147	-3.00819	11.0676	14.0758
BLOCK04/SES044/SA044S24	SES177	-1.96329	12.1125	14.0758
BLOCK04/SES044/SA044S26	SES007	-1.96167	12.5571	14.5188
BLOCK04/SES044/SA044S26	SES016	-1.30933	13.2095	14.5188
BLOCK04/SES044/SA044S26	SES101	-1.39292	13.1259	14.5188
BLOCK04/SES044/SA044S26	SES147	-1.37826	13.1405	14.5188
BLOCK04/SES044/SA044S29	SES007	-2.40546	11.6136	14.019
BLOCK04/SES044/SA044S29	SES101	-0.445876	13.5732	14.019
BLOCK04/SES044/SA044S29	SES147	-2.17002	11.849	14.019
BLOCK04/SES044/SA044S29	SES177	-1.93799	12.0811	14.019
BLOCK04/SES046/SA046S13	SES101	-0.960773	12.8543	13.8151
BLOCK04/SES046/SA046S13	SES144	-1.0381	12.777	13.8151
BLOCK04/SES046/SA046S13	SES147	-1.92766	11.8874	13.8151
BLOCK04/SES046/SA046S13	SES177	-1.73672	12.0784	13.8151
BLOCK04/SES046/SA046S15	SES048	-0.306171	15.1336	15.4398
BLOCK04/SES046/SA046S15	SES083	-0.845652	14.5942	15.4398
BLOCK04/SES046/SA046S15	SES120	-2.42098	13.0188	15.4398
BLOCK04/SES046/SA046S15	SES148	-1.86132	13.5785	15.4398
BLOCK04/SES046/SA046S22	SES101	-0.870171	13.2956	14.1657
BLOCK04/SES046/SA046S22	SES144	-1.0954	13.0703	14.1657
BLOCK04/SES046/SA046S22	SES147	-2.77477	11.391	14.1657
BLOCK04/SES046/SA046S22	SES172	-1.34223	12.8235	14.1657
BLOCK04/SES046/SA046S25	SES083	-1.30309	12.5071	13.8102
BLOCK04/SES046/SA046S25	SES127	-1.5161	12.2941	13.8102
BLOCK04/SES046/SA046S25	SES144	-1.78005	12.0302	13.8102
BLOCK04/SES046/SA046S25	SES148	-2.01215	11.7981	13.8102
BLOCK04/SES046/SA046S28	SES007	-2.06973	11.5313	13.6011
BLOCK04/SES046/SA046S28	SES105	-2.50193	11.0991	13.6011
BLOCK04/SES046/SA046S28	SES147	-1.65136	11.9497	13.6011
BLOCK04/SES046/SA046S28	SES148	-1.73465	11.8664	13.6011
BLOCK04/SES049/SA049S16	SES104	-2.60524	11.379	13.9842
BLOCK04/SES049/SA049S16	SES106	-2.34563	11.6386	13.9842
BLOCK04/SES049/SA049S16	SES120	-2.54871	11.4355	13.9842
BLOCK04/SES049/SA049S16	SES206	-1.9038	12.0804	13.9842
BLOCK04/SES049/SA049S18	SES099	-1.49528	12.0224	13.5177
BLOCK04/SES049/SA049S18	SES104	-2.36654	11.1512	13.5177
BLOCK04/SES049/SA049S18	SES125	-3.11883	10.3989	13.5177
BLOCK04/SES049/SA049S18	SES206	-1.86427	11.6534	13.5177
BLOCK04/SES049/SA049S25	SES087	-1.49883	12.9414	14.4402
BLOCK04/SES049/SA049S25	SES104	-0.696092	13.7441	14.4402
BLOCK04/SES049/SA049S25	SES125	-2.34624	12.094	14.4402
BLOCK04/SES049/SA049S25	SES206	-1.01418	13.4261	14.4402
BLOCK04/SES049/SA049S27	SES099	-0.993747	13.1862	14.1799
BLOCK04/SES049/SA049S27	SES104	-1.13317	13.0468	14.1799
BLOCK04/SES049/SA049S27	SES125	-1.84191	12.338	14.1799
BLOCK04/SES049/SA049S27	SES206	-1.78646	12.3935	14.1799
BLOCK04/SES049/SA049S29	SES099	-0.835902	14.9248	15.7607
BLOCK04/SES049/SA049S29	SES104	-0.705066	15.0557	15.7607
BLOCK04/SES049/SA049S29	SES125	-1.51976	14.241	15.7607
BLOCK04/SES049/SA049S29	SES206	-0.605488	15.1552	15.7607
BLOCK06/SES063/SA063S09	SES068	-1.92993	14.1622	16.0921
BLOCK06/SES063/SA063S09	SES083	-1.03934	15.0527	16.0921
BLOCK06/SES063/SA063S09	SES177	-1.40889	14.6832	16.0921
BLOCK06/SES063/SA063S09	SES187	-1.51579	14.5763	16.0921
BLOCK06/SES063/SA063S10	SES068	-2.29472	13.2745	15.5693
BLOCK06/SES063/SA063S10	SES083	-1.22288	14.3464	15.5693
BLOCK06/SES063/SA063S10	SES172	-1.77674	13.7925	15.5693
BLOCK06/SES063/SA063S10	SES187	-1.96196	13.6073	15.5693
BLOCK06/SES063/SA063S20	SES068	-2.47666	12.421	14.8977
BLOCK06/SES063/SA063S20	SES083	-1.428	13.4697	14.8977
BLOCK06/SES063/SA063S20	SES172	-0.963247	13.9344	14.8977
BLOCK06/SES063/SA063S20	SES187	-0.990733	13.9069	14.8977
BLOCK06/SES063/SA063S24	SES029	-2.8217	12.7769	15.5986
BLOCK06/SES063/SA063S24	SES083	-0.868655	14.7299	15.5986
BLOCK06/SES063/SA063S24	SES177	-1.29189	14.3067	15.5986
BLOCK06/SES063/SA063S24	SES189	-0.908569	14.69	15.5986
BLOCK06/SES063/SA063S27	SES083	-0.846921	14.1241	14.971
BLOCK06/SES063/SA063S27	SES172	-1.71806	13.2529	14.971
BLOCK06/SES063/SA063S27	SES187	-1.54105	13.4299	14.971
BLOCK06/SES063/SA063S27	SES292	-2.05466	12.9163	14.971
BLOCK06/SES067/SA067S12	SES083	-2.14535	13.6307	15.776
BLOCK06/SES067/SA067S12	SES172	-2.16128	13.6147	15.776
BLOCK06/SES067/SA067S12	SES202	-0.955139	14.8209	15.776
BLOCK06/SES067/SA067S12	SES292	-2.112	13.664	15.776
BLOCK06/SES067/SA067S14	SES085	-1.76039	14.9413	16.7017
BLOCK06/SES067/SA067S14	SES177	-1.78946	14.9123	16.7017
BLOCK06/SES067/SA067S14	SES183	-0.653259	16.0485	16.7017
BLOCK06/SES067/SA067S14	SES202	-0.884335	15.8174	16.7017
BLOCK06/SES067/SA067S21	SES144	-1.10888	14.2496	15.3585
BLOCK06/SES067/SA067S21	SES177	-1.25105	14.1074	15.3585
BLOCK06/SES067/SA067S21	SES183	-0.522541	14.8359	15.3585
BLOCK06/SES067/SA067S21	SES189	-0.691695	14.6668	15.3585
BLOCK06/SES067/SA067S25	SES085	-0.806129	14.8703	15.6764
BLOCK06/SES067/SA067S25	SES177	-1.32135	14.3551	15.6764
BLOCK06/SES067/SA067S25	SES183	-1.32404	14.3524	15.6764
BLOCK06/SES067/SA067S25	SES202	-1.76267	13.9137	15.6764
BLOCK06/SES067/SA067S29	SES085	-0.973397	14.7443	15.7177
BLOCK06/SES067/SA067S29	SES177	-1.57875	14.1389	15.7177
BLOCK06/SES067/SA067S29	SES183	-0.17544	15.5422	15.7177
BLOCK06/SES067/SA067S29	SES202	-0.500654	15.217	15.7177
BLOCK06/SES069/SA069S12	SES029	-2.9355	13.3605	16.296
BLOCK06/SES069/SA069S12	SES082	-0.52999	15.766	16.296
BLOCK06/SES069/SA069S12	SES087	-1.31948	14.9765	16.296
BLOCK06/SES069/SA069S12	SES206	-0.739862	15.5561	16.296
BLOCK06/SES069/SA069S13	SES029	-3.46654	12.7791	16.2456
BLOCK06/SES069/SA069S13	SES087	-1.49673	14.7489	16.2456
BLOCK06/SES069/SA069S13	SES206	-1.6898	14.5558	16.2456
BLOCK06/SES069/SA069S13	SES226	-0.674341	15.5713	16.2456
BLOCK06/SES069/SA069S23	SES029	-1.06882	16.4862	17.555
BLOCK06/SES069/SA069S23	SES087	-0.638069	16.917	17.555
BLOCK06/SES069/SA069S23	SES206	-1.29548	16.2595	17.555
BLOCK06/SES069/SA069S23	SES226	-0.379099	17.1759	17.555
BLOCK06/SES069/SA069S25	SES087	-1.30958	15.5907	16.9003
BLOCK06/SES069/SA069S25	SES206	-2.54829	14.352	16.9003
BLOCK06/SES069/SA069S25	SES226	-1.14773	15.7526	16.9003
BLOCK06/SES069/SA069S25	SES270	-1.55333	15.347	16.9003
BLOCK06/SES069/SA069S27	SES087	-2.35359	14.4152	16.7688
BLOCK06/SES069/SA069S27	SES206	-1.04383	15.7249	16.7688
BLOCK06/SES069/SA069S27	SES226	-0.70953	16.0592	16.7688
BLOCK06/SES069/SA069S27	SES270	-1.36922	15.3995	16.7688
BLOCK08/SES081/SA081S11	SES060	-2.17486	12.2253	14.4002
BLOCK08/SES081/SA081S11	SES062	-2.43051	11.9697	14.4002
BLOCK08/SES081/SA081S11	SES117	-2.69801	11.7022	14.4002
BLOCK08/SES081/SA081S11	SES162	-2.15344	12.2467	14.4002
BLOCK08/SES081/SA081S13	SES016	-1.38589	14.7013	16.0872
BLOCK08/SES081/SA081S13	SES060	-0.210045	15.8771	16.0872
BLOCK08/SES081/SA081S13	SES068	-0.912702	15.1745	16.0872
BLOCK08/SES081/SA081S13	SES129	-2.07932	14.0079	16.0872
BLOCK08/SES081/SA081S24	SES060	-0.939252	14.1449	15.0842
BLOCK08/SES081/SA081S24	SES068	-0.881921	14.2022	15.0842
BLOCK08/SES081/SA081S24	SES117	-2.17873	12.9054	15.0842
BLOCK08/SES081/SA081S24	SES275	-2.11364	12.9705	15.0842
BLOCK08/SES081/SA081S27	SES007	-1.20202	12.7832	13.9852
BLOCK08/SES081/SA081S27	SES060	-2.065	11.9202	13.9852
BLOCK08/SES081/SA081S27	SES117	-1.02622	12.959	13.9852
BLOCK08/SES081/SA081S27	SES275	-1.74133	12.2439	13.9852
BLOCK08/SES081/SA081S29	SES007	-1.18996	14.3362	15.5261
BLOCK08/SES081/SA081S29	SES060	-1.05117	14.4749	15.5261
BLOCK08/SES081/SA081S29	SES117	-1.6101	13.916	15.5261
BLOCK08/SES081/SA081S29	SES275	-1.8748	13.6513	15.5261
BLOCK08/SES086/SA086S11	SES029	-5.08835	8.82145	13.9098
BLOCK08/SES086/SA086S11	SES082	-1.91844	11.9914	13.9098
BLOCK08/SES086/SA086S11	SES087	-0.841007	13.0688	13.9098
BLOCK08/SES086/SA086S11	SES206	-2.34529	11.5645	13.9098
BLOCK08/SES086/SA086S12	SES029	-3.2415	11.9448	15.1863
BLOCK08/SES086/SA086S12	SES082	-1.81517	13.3711	15.1863
BLOCK08/SES086/SA086S12	SES087	-0.0846386	15.1016	15.1863
BLOCK08/SES086/SA086S12	SES206	-1.77857	13.4077	15.1863
BLOCK08/SES086/SA086S20	SES029	-3.77629	12.287	16.0633
BLOCK08/SES086/SA086S20	SES082	-2.75977	13.3035	16.0633
BLOCK08/SES086/SA086S20	SES087	0.075388	16.1387	16.0633
BLOCK08/SES086/SA086S20	SES206	-1.2574	14.8059	16.0633
BLOCK08/SES086/SA086S24	SES087	-0.268847	14.5479	14.8168
BLOCK08/SES086/SA086S24	SES104	-2.01871	12.7981	14.8168
BLOCK08/SES086/SA086S24	SES120	-2.17276	12.644	14.8168
BLOCK08/SES086/SA086S24	SES206	-0.28341	14.5334	14.8168
BLOCK08/SES086/SA086S28	SES029	-2.83167	12.5852	15.4168
BLOCK08/SES086/SA086S28	SES082	-1.80631	13.6105	15.4168
BLOCK08/SES086/SA086S28	SES087	-0.55236	14.8645	15.4168
BLOCK08/SES086/SA086S28	SES206	-1.16611	14.2507	15.4168
BLOCK08/SES089/SA089S13	SES087	-1.61874	12.8821	14.5009
BLOCK08/SES089/SA089S13	SES206	-1.79966	12.7012	14.5009
BLOCK08/SES089/SA089S13	SES226	-1.44492	13.0559	14.5009
BLOCK08/SES089/SA089S13	SES270	-2.47918	12.0217	14.5009
BLOCK08/SES089/SA089S14	SES062	-2.38584	12.7806	15.1664
BLOCK08/SES089/SA089S14	SES087	-0.953292	14.2131	15.1664
BLOCK08/SES089/SA089S14	SES206	-1.92974	13.2367	15.1664
BLOCK08/SES089/SA089S14	SES226	-1.57279	13.5936	15.1664
BLOCK08/SES089/SA089S23	SES087	-1.89818	11.6022	13.5004
BLOCK08/SES089/SA089S23	SES206	-2.05849	11.4419	13.5004
BLOCK08/SES089/SA089S23	SES226	-1.09057	12.4098	13.5004
BLOCK08/SES089/SA089S23	SES270	-2.92563	10.5748	13.5004
BLOCK08/SES089/SA089S25	SES062	-2.63997	12.4698	15.1097
BLOCK08/SES089/SA089S25	SES087	-1.09235	14.0174	15.1097
BLOCK08/SES089/SA089S25	SES206	-2.6692	12.4405	15.1097
BLOCK08/SES089/SA089S25	SES226	-1.09971	14.01	15.1097
BLOCK08/SES089/SA089S28	SES062	-1.70819	13.2054	14.9135
BLOCK08/SES089/SA089S28	SES087	-0.3682	14.5453	14.9135
BLOCK08/SES089/SA089S28	SES206	-1.20816	13.7054	14.9135
BLOCK08/SES089/SA089S28	SES226	-0.718865	14.1947	14.9135
BLOCK09/SES097/SA097S11	SES099	0.0344448	14.3438	14.3094
BLOCK09/SES097/SA097S11	SES125	-1.88975	12.4196	14.3094
BLOCK09/SES097/SA097S11	SES206	-1.36299	12.9464	14.3094
BLOCK09/SES097/SA097S11	SES226	-0.547664	13.7617	14.3094
BLOCK09/SES097/SA097S14	SES062	-2.09258	11.8969	13.9895
BLOCK09/SES097/SA097S14	SES099	-0.851821	13.1377	13.9895
BLOCK09/SES097/SA097S14	SES104	-1.55492	12.4346	13.9895
BLOCK09/SES097/SA097S14	SES206	-1.54554	12.444	13.9895
BLOCK09/SES097/SA097S22	SES099	0.612967	15.4051	14.7922
BLOCK09/SES097/SA097S22	SES206	-1.61757	13.1746	14.7922
BLOCK09/SES097/SA097S22	SES226	-2.01386	12.7783	14.7922
BLOCK09/SES097/SA097S22	SES270	-0.458344	14.3338	14.7922
BLOCK09/SES097/SA097S26	SES099	-0.433031	14.7906	15.2237
BLOCK09/SES097/SA097S26	SES120	-1.97983	13.2438	15.2237
BLOCK09/SES097/SA097S26	SES206	-1.33408	13.8896	15.2237
BLOCK09/SES097/SA097S26	SES226	-2.78405	12.4396	15.2237
BLOCK09/SES097/SA097S28	SES099	-0.698426	13.8913	14.5897
BLOCK09/SES097/SA097S28	SES120	-1.89992	12.6898	14.5897
BLOCK09/SES097/SA097S28	SES206	-2.33536	12.2544	14.5897
BLOCK09/SES097/SA097S28	SES226	-2.93928	11.6505	14.5897
BLOCK09/SES098/SA098S11	SES127	-2.54249	11.0915	13.6339
BLOCK09/SES098/SA098S11	SES144	-1.63207	12.0019	13.6339
BLOCK09/SES098/SA098S11	SES147	-1.32286	12.3111	13.6339
BLOCK09/SES098/SA098S11	SES148	-3.24428	10.3897	13.6339
BLOCK09/SES098/SA098S12	SES127	-2.90716	9.60684	12.514
BLOCK09/SES098/SA098S12	SES144	-2.18986	10.3241	12.514
BLOCK09/SES098/SA098S12	SES147	-1.46468	11.0493	12.514
BLOCK09/SES098/SA098S12	SES189	-1.44526	11.0687	12.514
BLOCK09/SES098/SA098S20	SES127	-3.27512	10.7556	14.0307
BLOCK09/SES098/SA098S20	SES147	-1.6787	12.352	14.0307
BLOCK09/SES098/SA098S20	SES148	-2.87304	11.1577	14.0307
BLOCK09/SES098/SA098S20	SES292	-1.59316	12.4375	14.0307
BLOCK09/SES098/SA098S23	SES127	-2.03069	12.7432	14.7739
BLOCK09/SES098/SA098S23	SES147	-1.57004	13.2039	14.7739
BLOCK09/SES098/SA098S23	SES187	-1.30959	13.4643	14.7739
BLOCK09/SES098/SA098S23	SES292	-1.51631	13.2576	14.7739
BLOCK09/SES098/SA098S27	SES127	-3.47005	9.86614	13.3362
BLOCK09/SES098/SA098S27	SES147	-2.70413	10.6321	13.3362
BLOCK09/SES098/SA098S27	SES148	-3.17175	10.1644	13.3362
BLOCK09/SES098/SA098S27	SES292	-1.46869	11.8675	13.3362
BLOCK10/SES102/SA102S13	SES101	-0.506991	12.5354	13.0424
BLOCK10/SES102/SA102S13	SES105	-0.985322	12.0571	13.0424
BLOCK10/SES102/SA102S13	SES120	-2.34296	10.6994	13.0424
BLOCK10/SES102/SA102S13	SES158	-3.36792	9.67447	13.0424
BLOCK10/SES102/SA102S14	SES007	-0.758817	14.8517	15.6106
BLOCK10/SES102/SA102S14	SES101	-0.303151	15.3074	15.6106
BLOCK10/SES102/SA102S14	SES105	-0.45388	15.1567	15.6106
BLOCK10/SES102/SA102S14	SES147	-3.38447	12.2261	15.6106
BLOCK10/SES102/SA102S22	SES007	-1.61309	13.3769	14.99
BLOCK10/SES102/SA102S22	SES101	-0.261842	14.7281	14.99
BLOCK10/SES102/SA102S22	SES105	-0.609588	14.3804	14.99
BLOCK10/SES102/SA102S22	SES158	-2.66293	12.327	14.99
BLOCK10/SES102/SA102S25	SES007	-0.916996	14.6053	15.5223
BLOCK10/SES102/SA102S25	SES101	-0.358933	15.1633	15.5223
BLOCK10/SES102/SA102S25	SES105	-0.961612	14.5607	15.5223
BLOCK10/SES102/SA102S25	SES147	-3.73357	11.7887	15.5223
BLOCK10/SES102/SA102S27	SES007	-1.33408	13.3539	14.688
BLOCK10/SES102/SA102S27	SES101	0.0394144	14.7274	14.688
BLOCK10/SES102/SA102S27	SES105	-1.1371	13.5509	14.688
BLOCK10/SES102/SA102S27	SES147	-2.80169	11.8863	14.688
BLOCK10/SES103/SA103S14	SES105	-2.9924	9.9912	12.9836
BLOCK10/SES103/SA103S14	SES106	-1.54016	11.4434	12.9836
BLOCK10/SES103/SA103S14	SES120	-2.94211	10.0415	12.9836
BLOCK10/SES103/SA103S14	SES206	-3.16951	9.81409	12.9836
BLOCK10/SES103/SA103S15	SES099	-2.06029	9.93222	11.9925
BLOCK10/SES103/SA103S15	SES101	-4.301	7.69151	11.9925
BLOCK10/SES103/SA103S15	SES104	-2.24658	9.74593	11.9925
BLOCK10/SES103/SA103S15	SES125	-1.82862	10.1639	11.9925
BLOCK10/SES103/SA103S24	SES104	-1.84896	12.785	14.6339
BLOCK10/SES103/SA103S24	SES125	-1.83467	12.7992	14.6339
BLOCK10/SES103/SA103S24	SES148	-3.43484	11.1991	14.6339
BLOCK10/SES103/SA103S24	SES158	-1.74475	12.8892	14.6339
BLOCK10/SES103/SA103S26	SES104	-2.58075	9.93984	12.5206
BLOCK10/SES103/SA103S26	SES106	-1.30865	11.2119	12.5206
BLOCK10/SES103/SA103S26	SES125	-1.93589	10.5847	12.5206
BLOCK10/SES103/SA103S26	SES148	-4.5412	7.97938	12.5206
BLOCK10/SES103/SA103S28	SES104	-3.25442	8.92832	12.1827
BLOCK10/SES103/SA103S28	SES106	-1.86899	10.3138	12.1827
BLOCK10/SES103/SA103S28	SES125	-2.91877	9.26397	12.1827
BLOCK10/SES103/SA103S28	SES206	-3.35537	8.82737	12.1827
BLOCK12/SES121/SA121S12	SES042	-2.84212	8.02165	10.8638
BLOCK12/SES121/SA121S12	SES087	-2.05488	8.80888	10.8638
BLOCK12/SES121/SA121S12	SES105	-1.35954	9.50422	10.8638
BLOCK12/SES121/SA121S12	SES206	-2.43568	8.42808	10.8638
BLOCK12/SES121/SA121S14	SES007	-2.77647	8.48949	11.266
BLOCK12/SES121/SA121S14	SES105	-2.33331	8.93265	11.266
BLOCK12/SES121/SA121S14	SES106	-2.03517	9.2308	11.266
BLOCK12/SES121/SA121S14	SES206	-2.88093	8.38503	11.266
BLOCK12/SES121/SA121S23	SES105	-1.83022	9.39319	11.2234
BLOCK12/SES121/SA121S23	SES106	-0.981438	10.242	11.2234
BLOCK12/SES121/SA121S23	SES120	-1.32756	9.89585	11.2234
BLOCK12/SES121/SA121S23	SES206	-1.32528	9.89813	11.2234
BLOCK12/SES121/SA121S25	SES007	-1.86657	7.41468	9.28125
BLOCK12/SES121/SA121S25	SES105	-2.10578	7.17547	9.28125
BLOCK12/SES121/SA121S25	SES106	-1.37786	7.90339	9.28125
BLOCK12/SES121/SA121S25	SES206	-3.0986	6.18265	9.28125
BLOCK12/SES121/SA121S27	SES087	-1.50767	10.1076	11.6152
BLOCK12/SES121/SA121S27	SES105	-3.46594	8.14929	11.6152
BLOCK12/SES121/SA121S27	SES120	-0.448828	11.1664	11.6152
BLOCK12/SES121/SA121S27	SES206	-1.98685	9.62839	11.6152
BLOCK12/SES124/SA124S16	SES042	-0.726034	13.1311	13.8572
BLOCK12/SES124/SA124S16	SES082	-1.98924	11.8679	13.8572
BLOCK12/SES124/SA124S16	SES183	-2.86895	10.9882	13.8572
BLOCK12/SES124/SA124S16	SES206	-2.36685	11.4903	13.8572
BLOCK12/SES124/SA124S17	SES105	-2.74804	9.28016	12.0282
BLOCK12/SES124/SA124S17	SES149	-3.40428	8.62392	12.0282
BLOCK12/SES124/SA124S17	SES158	-3.18415	8.84405	12.0282
BLOCK12/SES124/SA124S17	SES275	-1.94879	10.0794	12.0282
BLOCK12/SES124/SA124S23	SES105	-2.91891	12.7313	15.6502
BLOCK12/SES124/SA124S23	SES125	-0.519407	15.1308	15.6502
BLOCK12/SES124/SA124S23	SES129	-3.13876	12.5114	15.6502
BLOCK12/SES124/SA124S23	SES158	-1.15234	14.4978	15.6502
BLOCK12/SES124/SA124S26	SES105	-3.64418	11.2672	14.9114
BLOCK12/SES124/SA124S26	SES125	-1.92986	12.9815	14.9114
BLOCK12/SES124/SA124S26	SES129	-3.51321	11.3981	14.9114
BLOCK12/SES124/SA124S26	SES158	-2.00744	12.9039	14.9114
BLOCK12/SES124/SA124S28	SES104	-1.41756	13.0843	14.5018
BLOCK12/SES124/SA124S28	SES106	-0.808668	13.6932	14.5018
BLOCK12/SES124/SA124S28	SES125	-0.700956	13.8009	14.5018
BLOCK12/SES124/SA124S28	SES275	-2.54663	11.9552	14.5018
BLOCK12/SES126/SA126S13	SES007	-1.53377	12.3643	13.8981
BLOCK12/SES126/SA126S13	SES162	-1.87244	12.0257	13.8981
BLOCK12/SES126/SA126S13	SES177	-1.26229	12.6358	13.8981
BLOCK12/SES126/SA126S13	SES180	-2.12307	11.775	13.8981
BLOCK12/SES126/SA126S14	SES144	-1.40015	14.0375	15.4377
BLOCK12/SES126/SA126S14	SES148	-1.84989	13.5878	15.4377
BLOCK12/SES126/SA126S14	SES177	-0.868041	14.5696	15.4377
BLOCK12/SES126/SA126S14	SES180	-2.39964	13.038	15.4377
BLOCK12/SES126/SA126S20	SES007	-1.54206	12.9948	14.5369
BLOCK12/SES126/SA126S20	SES162	-1.96155	12.5753	14.5369
BLOCK12/SES126/SA126S20	SES172	-2.46954	12.0674	14.5369
BLOCK12/SES126/SA126S20	SES180	-1.94983	12.5871	14.5369
BLOCK12/SES126/SA126S24	SES120	-0.467602	15.1411	15.6087
BLOCK12/SES126/SA126S24	SES162	-1.82176	13.7869	15.6087
BLOCK12/SES126/SA126S24	SES177	-1.0661	14.5426	15.6087
BLOCK12/SES126/SA126S24	SES180	-1.18505	14.4236	15.6087
BLOCK12/SES126/SA126S26	SES120	-0.697383	14.3334	15.0308
BLOCK12/SES126/SA126S26	SES177	-1.28532	13.7455	15.0308
BLOCK12/SES126/SA126S26	SES180	-2.40516	12.6256	15.0308
BLOCK12/SES126/SA126S26	SES202	-1.79629	13.2345	15.0308
BLOCK12/SES128/SA128S10	SES087	-3.0338	12.1158	15.1496
BLOCK12/SES128/SA128S10	SES206	-1.84994	13.2996	15.1496
BLOCK12/SES128/SA128S10	SES226	-1.09374	14.0558	15.1496
BLOCK12/SES128/SA128S10	SES270	-0.810914	14.3387	15.1496
BLOCK12/SES128/SA128S12	SES120	-1.52385	13.0093	14.5331
BLOCK12/SES128/SA128S12	SES158	-2.49807	12.0351	14.5331
BLOCK12/SES128/SA128S12	SES206	-1.46498	13.0681	14.5331
BLOCK12/SES128/SA128S12	SES226	-2.01931	12.5138	14.5331
BLOCK12/SES128/SA128S21	SES106	-2.74653	10.873	13.6195
BLOCK12/SES128/SA128S21	SES120	-2.46554	11.154	13.6195
BLOCK12/SES128/SA128S21	SES206	-2.14159	11.4779	13.6195
BLOCK12/SES128/SA128S21	SES226	-1.69424	11.9253	13.6195
BLOCK12/SES128/SA128S24	SES087	-1.92848	12.3395	14.2679
BLOCK12/SES128/SA128S24	SES120	-1.57788	12.6901	14.2679
BLOCK12/SES128/SA128S24	SES206	-1.37918	12.8888	14.2679
BLOCK12/SES128/SA128S24	SES226	-2.07257	12.1954	14.2679
BLOCK12/SES128/SA128S27	SES099	-1.28408	14.3293	15.6133
BLOCK12/SES128/SA128S27	SES120	-1.44891	14.1644	15.6133
BLOCK12/SES128/SA128S27	SES206	-1.7201	13.8932	15.6133
BLOCK12/SES128/SA128S27	SES226	-1.74467	13.8687	15.6133
BLOCK13/SES130/SA130S13	SES143	-1.4957	12.6762	14.1719
BLOCK13/SES130/SA130S13	SES144	-0.434467	13.7374	14.1719
BLOCK13/SES130/SA130S13	SES146	-1.76544	12.4064	14.1719
BLOCK13/SES130/SA130S13	SES275	-2.57842	11.5934	14.1719
BLOCK13/SES130/SA130S15	SES143	-1.93099	13.7777	15.7087
BLOCK13/SES130/SA130S15	SES144	-0.836454	14.8722	15.7087
BLOCK13/SES130/SA130S15	SES146	-1.26418	14.4445	15.7087
BLOCK13/SES130/SA130S15	SES275	-1.75106	13.9576	15.7087
BLOCK13/SES130/SA130S23	SES127	-1.79761	11.9145	13.7121
BLOCK13/SES130/SA130S23	SES144	-1.22047	12.4916	13.7121
BLOCK13/SES130/SA130S23	SES146	-1.08027	12.6318	13.7121
BLOCK13/SES130/SA130S23	SES162	-0.853087	12.859	13.7121
BLOCK13/SES130/SA130S25	SES127	-0.693912	14.7526	15.4465
BLOCK13/SES130/SA130S25	SES144	-0.46047	14.986	15.4465
BLOCK13/SES130/SA130S25	SES146	-0.471531	14.975	15.4465
BLOCK13/SES130/SA130S25	SES275	-0.610473	14.836	15.4465
BLOCK13/SES130/SA130S28	SES127	-1.06103	13.5953	14.6563
BLOCK13/SES130/SA130S28	SES144	-1.23775	13.4186	14.6563
BLOCK13/SES130/SA130S28	SES146	-1.10594	13.5504	14.6563
BLOCK13/SES130/SA130S28	SES275	-0.67977	13.9765	14.6563
BLOCK13/SES131/SA131S13	SES002	-2.39264	9.60276	11.9954
BLOCK13/SES131/SA131S13	SES007	-2.64074	9.35466	11.9954
BLOCK13/SES131/SA131S13	SES099	-2.29768	9.69772	11.9954
BLOCK13/SES131/SA131S13	SES105	-2.58046	9.41493	11.9954
BLOCK13/SES131/SA131S14	SES104	-0.625283	12.6654	13.2907
BLOCK13/SES131/SA131S14	SES106	-1.34403	11.9467	13.2907
BLOCK13/SES131/SA131S14	SES125	-1.1377	12.153	13.2907
BLOCK13/SES131/SA131S14	SES148	-1.55002	11.7407	13.2907
BLOCK13/SES131/SA131S20	SES104	-2.9089	8.77887	11.6878
BLOCK13/SES131/SA131S20	SES106	-2.33891	9.34886	11.6878
BLOCK13/SES131/SA131S20	SES125	-3.4299	8.25787	11.6878
BLOCK13/SES131/SA131S20	SES148	-2.31952	9.36825	11.6878
BLOCK13/SES131/SA131S22	SES099	-2.15262	11.3381	13.4907
BLOCK13/SES131/SA131S22	SES104	-2.33251	11.1582	13.4907
BLOCK13/SES131/SA131S22	SES125	-2.69273	10.798	13.4907
BLOCK13/SES131/SA131S22	SES206	-3.07574	10.4149	13.4907
BLOCK13/SES131/SA131S29	SES087	-2.57595	9.83032	12.4063
BLOCK13/SES131/SA131S29	SES104	-3.36823	9.03804	12.4063
BLOCK13/SES131/SA131S29	SES125	-3.50784	8.89843	12.4063
BLOCK13/SES131/SA131S29	SES206	-3.12676	9.27951	12.4063
BLOCK13/SES132/SA132S11	SES083	-2.74676	12.8796	15.6264
BLOCK13/SES132/SA132S11	SES120	-0.595769	15.0306	15.6264
BLOCK13/SES132/SA132S11	SES127	-2.34666	13.2797	15.6264
BLOCK13/SES132/SA132S11	SES275	-1.78664	13.8397	15.6264
BLOCK13/SES132/SA132S12	SES083	-2.45322	13.0412	15.4944
BLOCK13/SES132/SA132S12	SES143	-1.73018	13.7642	15.4944
BLOCK13/SES132/SA132S12	SES144	-1.65	13.8444	15.4944
BLOCK13/SES132/SA132S12	SES148	-1.29065	14.2037	15.4944
BLOCK13/SES132/SA132S22	SES062	-1.1605	14.3976	15.5582
BLOCK13/SES132/SA132S22	SES083	-1.70772	13.8504	15.5582
BLOCK13/SES132/SA132S22	SES127	-1.64054	13.9176	15.5582
BLOCK13/SES132/SA132S22	SES275	-1.00505	14.5531	15.5582
BLOCK13/SES132/SA132S24	SES007	-1.0694	15.158	16.2274
BLOCK13/SES132/SA132S24	SES083	-2.38111	13.8463	16.2274
BLOCK13/SES132/SA132S24	SES127	-1.97956	14.2479	16.2274
BLOCK13/SES132/SA132S24	SES275	-1.10528	15.1222	16.2274
BLOCK13/SES132/SA132S27	SES083	-2.4101	12.4108	14.8209
BLOCK13/SES132/SA132S27	SES120	-0.178485	14.6424	14.8209
BLOCK13/SES132/SA132S27	SES127	-2.56216	12.2588	14.8209
BLOCK13/SES132/SA132S27	SES275	-1.83961	12.9813	14.8209
BLOCK14/SES141/SA141S09	SES143	-1.20618	13.6743	14.8805
BLOCK14/SES141/SA141S09	SES144	-0.772945	14.1076	14.8805
BLOCK14/SES141/SA141S09	SES162	-1.49314	13.3874	14.8805
BLOCK14/SES141/SA141S09	SES180	-1.25507	13.6255	14.8805
BLOCK14/SES141/SA141S15	SES127	-1.19285	13.2231	14.4159
BLOCK14/SES141/SA141S15	SES144	-1.25719	13.1587	14.4159
BLOCK14/SES141/SA141S15	SES162	-1.85897	12.557	14.4159
BLOCK14/SES141/SA141S15	SES180	-1.51044	12.9055	14.4159
BLOCK14/SES141/SA141S24	SES127	-1.29263	13.9388	15.2315
BLOCK14/SES141/SA141S24	SES144	-1.88171	13.3498	15.2315
BLOCK14/SES141/SA141S24	SES162	-1.67368	13.5578	15.2315
BLOCK14/SES141/SA141S24	SES183	-2.07396	13.1575	15.2315
BLOCK14/SES141/SA141S26	SES142	-0.93651	14.1283	15.0648
BLOCK14/SES141/SA141S26	SES144	-1.61345	13.4513	15.0648
BLOCK14/SES141/SA141S26	SES172	-1.11555	13.9492	15.0648
BLOCK14/SES141/SA141S26	SES180	-1.63889	13.4259	15.0648
BLOCK14/SES141/SA141S29	SES127	-0.553796	14.5803	15.1341
BLOCK14/SES141/SA141S29	SES142	-0.636088	14.498	15.1341
BLOCK14/SES141/SA141S29	SES144	-1.30758	13.8265	15.1341
BLOCK14/SES141/SA141S29	SES180	-1.21785	13.9162	15.1341
BLOCK15/SES157/SA157S08	SES083	-2.44468	12.5707	15.0154
BLOCK15/SES157/SA157S08	SES127	-1.47728	13.5381	15.0154
BLOCK15/SES157/SA157S08	SES148	-1.7891	13.2263	15.0154
BLOCK15/SES157/SA157S08	SES292	-2.6582	12.3572	15.0154
BLOCK15/SES157/SA157S11	SES083	-2.36179	12.7517	15.1134
BLOCK15/SES157/SA157S11	SES127	-1.54733	13.5661	15.1134
BLOCK15/SES157/SA157S11	SES148	-2.22155	12.8919	15.1134
BLOCK15/SES157/SA157S11	SES292	-2.2462	12.8672	15.1134
BLOCK15/SES157/SA157S21	SES127	-0.764996	14.7829	15.5479
BLOCK15/SES157/SA157S21	SES148	-0.424689	15.1232	15.5479
BLOCK15/SES157/SA157S21	SES158	-5.33981	10.208	15.5479
BLOCK15/SES157/SA157S21	SES292	-1.73558	13.8123	15.5479
BLOCK15/SES157/SA157S24	SES127	-1.11783	14.3834	15.5012
BLOCK15/SES157/SA157S24	SES148	-1.62262	13.8786	15.5012
BLOCK15/SES157/SA157S24	SES183	-2.25046	13.2507	15.5012
BLOCK15/SES157/SA157S24	SES292	-2.26289	13.2383	15.5012
BLOCK15/SES157/SA157S26	SES007	-1.17854	14.2707	15.4492
BLOCK15/SES157/SA157S26	SES127	-0.98238	14.4668	15.4492
BLOCK15/SES157/SA157S26	SES147	-2.38995	13.0593	15.4492
BLOCK15/SES157/SA157S26	SES148	-1.41608	14.0331	15.4492
BLOCK16/SES161/SA161S10	SES007	-1.78315	10.9983	12.7814
BLOCK16/SES161/SA161S10	SES105	-1.61903	11.1624	12.7814
BLOCK16/SES161/SA161S10	SES158	-2.05215	10.7292	12.7814
BLOCK16/SES161/SA161S10	SES275	-1.26118	11.5202	12.7814
BLOCK16/SES161/SA161S12	SES007	-1.89779	11.1541	13.0518
BLOCK16/SES161/SA161S12	SES105	-2.98222	10.0696	13.0518
BLOCK16/SES161/SA161S12	SES158	-2.02636	11.0255	13.0518
BLOCK16/SES161/SA161S12	SES275	-1.7777	11.2741	13.0518
BLOCK16/SES161/SA161S20	SES007	-1.65247	10.3809	12.0334
BLOCK16/SES161/SA161S20	SES105	-2.81338	9.21997	12.0334
BLOCK16/SES161/SA161S20	SES158	-2.33277	9.70059	12.0334
BLOCK16/SES161/SA161S20	SES275	-2.1145	9.91886	12.0334
BLOCK16/SES161/SA161S23	SES007	-2.35637	10.8847	13.2411
BLOCK16/SES161/SA161S23	SES105	-1.70499	11.5361	13.2411
BLOCK16/SES161/SA161S23	SES148	-2.01038	11.2307	13.2411
BLOCK16/SES161/SA161S23	SES158	-2.25243	10.9886	13.2411
BLOCK16/SES161/SA161S28	SES007	-2.94652	10.8978	13.8444
BLOCK16/SES161/SA161S28	SES105	-2.73657	11.1078	13.8444
BLOCK16/SES161/SA161S28	SES158	-1.81743	12.0269	13.8444
BLOCK16/SES161/SA161S28	SES206	-1.77089	12.0735	13.8444
BLOCK16/SES164/SA164S11	SES104	-1.93735	13.285	15.2224
BLOCK16/SES164/SA164S11	SES125	-1.42174	13.8006	15.2224
BLOCK16/SES164/SA164S11	SES158	-1.14004	14.0823	15.2224
BLOCK16/SES164/SA164S11	SES206	-2.04189	13.1805	15.2224
BLOCK16/SES164/SA164S13	SES099	-2.31724	11.8155	14.1327
BLOCK16/SES164/SA164S13	SES104	-2.25383	11.8789	14.1327
BLOCK16/SES164/SA164S13	SES125	-2.47115	11.6616	14.1327
BLOCK16/SES164/SA164S13	SES206	-1.86544	12.2673	14.1327
BLOCK16/SES164/SA164S24	SES002	-0.659183	14.0219	14.681
BLOCK16/SES164/SA164S24	SES099	-2.02085	12.6602	14.681
BLOCK16/SES164/SA164S24	SES125	-2.67446	12.0066	14.681
BLOCK16/SES164/SA164S24	SES226	-1.011	13.67	14.681
BLOCK16/SES164/SA164S27	SES087	-1.64598	12.4869	14.1328
BLOCK16/SES164/SA164S27	SES125	-2.01631	12.1165	14.1328
BLOCK16/SES164/SA164S27	SES206	-2.00178	12.1311	14.1328
BLOCK16/SES164/SA164S27	SES226	-1.80047	12.3324	14.1328
BLOCK16/SES164/SA164S29	SES002	0.00267887	13.9316	13.9289
BLOCK16/SES164/SA164S29	SES019	-2.165	11.7639	13.9289
BLOCK16/SES164/SA164S29	SES125	-1.91654	12.0124	13.9289
BLOCK16/SES164/SA164S29	SES226	-2.46729	11.4616	13.9289
BLOCK16/SES169/SA169S13	SES117	-1.39399	12.8759	14.2699
BLOCK16/SES169/SA169S13	SES144	-1.19826	13.0716	14.2699
BLOCK16/SES169/SA169S13	SES146	-1.2145	13.0554	14.2699
BLOCK16/SES169/SA169S13	SES162	-0.574425	13.6955	14.2699
BLOCK16/SES169/SA169S14	SES144	-1.58099	13.8254	15.4064
BLOCK16/SES169/SA169S14	SES148	-1.6341	13.7723	15.4064
BLOCK16/SES169/SA169S14	SES177	-0.965226	14.4412	15.4064
BLOCK16/SES169/SA169S14	SES180	-2.21953	13.1869	15.4064
BLOCK16/SES169/SA169S24	SES117	-1.17716	12.2704	13.4476
BLOCK16/SES169/SA169S24	SES144	-0.538745	12.9088	13.4476
BLOCK16/SES169/SA169S24	SES146	-0.568513	12.8791	13.4476
BLOCK16/SES169/SA169S24	SES162	-0.365095	13.0825	13.4476
BLOCK16/SES169/SA169S27	SES127	-1.30189	12.9137	14.2156
BLOCK16/SES169/SA169S27	SES129	-1.39518	12.8205	14.2156
BLOCK16/SES169/SA169S27	SES144	-1.81591	12.3997	14.2156
BLOCK16/SES169/SA169S27	SES146	-0.656368	13.5593	14.2156
BLOCK16/SES169/SA169S29	SES144	-0.895782	14.0504	14.9462
BLOCK16/SES169/SA169S29	SES162	-0.345744	14.6004	14.9462
BLOCK16/SES169/SA169S29	SES177	-1.68217	13.264	14.9462
BLOCK16/SES169/SA169S29	SES180	-1.08977	13.8564	14.9462
BLOCK17/SES171/SA171S12	SES083	-1.52601	12.5931	14.1192
BLOCK17/SES171/SA171S12	SES148	-2.40808	11.7111	14.1192
BLOCK17/SES171/SA171S12	SES172	-1.47726	12.6419	14.1192
BLOCK17/SES171/SA171S12	SES292	-2.24897	11.8702	14.1192
BLOCK17/SES171/SA171S15	SES148	-1.87513	11.4165	13.2916
BLOCK17/SES171/SA171S15	SES177	-0.683757	12.6078	13.2916
BLOCK17/SES171/SA171S15	SES180	-2.59905	10.6926	13.2916
BLOCK17/SES171/SA171S15	SES292	-1.63351	11.6581	13.2916
BLOCK17/SES171/SA171S22	SES007	-1.70157	13.6081	15.3097
BLOCK17/SES171/SA171S22	SES148	-1.71387	13.5958	15.3097
BLOCK17/SES171/SA171S22	SES177	-0.874676	14.435	15.3097
BLOCK17/SES171/SA171S22	SES180	-2.44455	12.8651	15.3097
BLOCK17/SES171/SA171S25	SES101	-1.43641	12.0745	13.5109
BLOCK17/SES171/SA171S25	SES120	-2.30897	11.2019	13.5109
BLOCK17/SES171/SA171S25	SES177	-0.794997	12.7159	13.5109
BLOCK17/SES171/SA171S25	SES180	-2.31644	11.1944	13.5109
BLOCK17/SES171/SA171S27	SES177	-0.955192	13.1398	14.095
BLOCK17/SES171/SA171S27	SES180	-2.62571	11.4693	14.095
BLOCK17/SES171/SA171S27	SES189	-1.20522	12.8898	14.095
BLOCK17/SES171/SA171S27	SES292	-2.00766	12.0873	14.095
BLOCK17/SES173/SA173S13	SES162	-3.48487	10.7687	14.2535
BLOCK17/SES173/SA173S13	SES177	-1.57112	12.6824	14.2535
BLOCK17/SES173/SA173S13	SES180	-3.3632	10.8903	14.2535
BLOCK17/SES173/SA173S13	SES292	-0.70588	13.5477	14.2535
BLOCK17/SES173/SA173S14	SES007	-1.87185	11.3874	13.2592
BLOCK17/SES173/SA173S14	SES162	-2.86036	10.3989	13.2592
BLOCK17/SES173/SA173S14	SES177	-1.3621	11.8971	13.2592
BLOCK17/SES173/SA173S14	SES180	-3.14929	10.1099	13.2592
BLOCK17/SES173/SA173S24	SES144	-2.31734	11.0014	13.3188
BLOCK17/SES173/SA173S24	SES162	-2.41678	10.902	13.3188
BLOCK17/SES173/SA173S24	SES177	-1.23395	12.0848	13.3188
BLOCK17/SES173/SA173S24	SES180	-3.36495	9.95382	13.3188
BLOCK17/SES173/SA173S27	SES162	-3.87734	10.2317	14.109
BLOCK17/SES173/SA173S27	SES177	-1.59728	12.5117	14.109
BLOCK17/SES173/SA173S27	SES180	-2.04545	12.0636	14.109
BLOCK17/SES173/SA173S27	SES292	-0.304	13.805	14.109
BLOCK17/SES173/SA173S29	SES162	-2.03335	12.1267	14.16
BLOCK17/SES173/SA173S29	SES175	-1.46134	12.6987	14.16
BLOCK17/SES173/SA173S29	SES177	-0.764219	13.3958	14.16
BLOCK17/SES173/SA173S29	SES292	-1.84353	12.3165	14.16
BLOCK18/SES182/SA182S10	SES144	-1.29853	12.7759	14.0745
BLOCK18/SES182/SA182S10	SES177	-1.42371	12.6507	14.0745
BLOCK18/SES182/SA182S10	SES180	-2.90171	11.1727	14.0745
BLOCK18/SES182/SA182S10	SES275	-0.624675	13.4498	14.0745
BLOCK18/SES182/SA182S12	SES144	-0.442702	13.9395	14.3822
BLOCK18/SES182/SA182S12	SES177	-0.80892	13.5733	14.3822
BLOCK18/SES182/SA182S12	SES180	-1.38606	12.9961	14.3822
BLOCK18/SES182/SA182S12	SES275	-0.470961	13.9112	14.3822
BLOCK18/SES182/SA182S21	SES117	-1.5634	12.1837	13.7471
BLOCK18/SES182/SA182S21	SES144	-1.29832	12.4488	13.7471
BLOCK18/SES182/SA182S21	SES162	-0.885069	12.8621	13.7471
BLOCK18/SES182/SA182S21	SES180	-2.62608	11.1211	13.7471
BLOCK18/SES182/SA182S23	SES117	-1.38051	13.062	14.4425
BLOCK18/SES182/SA182S23	SES144	-1.29909	13.1434	14.4425
BLOCK18/SES182/SA182S23	SES180	-2.40345	12.039	14.4425
BLOCK18/SES182/SA182S23	SES275	-0.941141	13.5013	14.4425
BLOCK18/SES182/SA182S25	SES007	0.12488	14.27	14.1451
BLOCK18/SES182/SA182S25	SES162	-0.610954	13.5341	14.1451
BLOCK18/SES182/SA182S25	SES177	-0.743134	13.402	14.1451
BLOCK18/SES182/SA182S25	SES180	-1.98893	12.1562	14.1451
BLOCK18/SES184/SA184S12	SES177	-1.49302	13.3219	14.8149
BLOCK18/SES184/SA184S12	SES180	-1.93221	12.8827	14.8149
BLOCK18/SES184/SA184S12	SES189	-2.09768	12.7173	14.8149
BLOCK18/SES184/SA184S12	SES292	-1.53043	13.2845	14.8149
BLOCK18/SES184/SA184S13	SES101	-1.71578	12.7197	14.4355
BLOCK18/SES184/SA184S13	SES177	-1.40207	13.0334	14.4355
BLOCK18/SES184/SA184S13	SES180	-1.64435	12.7912	14.4355
BLOCK18/SES184/SA184S13	SES292	-2.56101	11.8745	14.4355
BLOCK18/SES184/SA184S22	SES177	-1.36061	14.7559	16.1166
BLOCK18/SES184/SA184S22	SES180	-1.73409	14.3825	16.1166
BLOCK18/SES184/SA184S22	SES189	-2.64086	13.4757	16.1166
BLOCK18/SES184/SA184S22	SES292	-2.13177	13.9848	16.1166
BLOCK18/SES184/SA184S25	SES101	-1.21116	15.1547	16.3658
BLOCK18/SES184/SA184S25	SES177	-2.22131	14.1445	16.3658
BLOCK18/SES184/SA184S25	SES180	-1.76564	14.6002	16.3658
BLOCK18/SES184/SA184S25	SES292	-1.65221	14.7136	16.3658
BLOCK18/SES184/SA184S27	SES083	-1.43045	12.8321	14.2626
BLOCK18/SES184/SA184S27	SES177	-1.07361	13.189	14.2626
BLOCK18/SES184/SA184S27	SES202	-1.47897	12.7836	14.2626
BLOCK18/SES184/SA184S27	SES292	-1.81965	12.4429	14.2626
BLOCK20/SES204/SA204S12	SES062	-1.04403	15.0755	16.1195
BLOCK20/SES204/SA204S12	SES083	-3.16097	12.9586	16.1195
BLOCK20/SES204/SA204S12	SES206	-1.62817	14.4914	16.1195
BLOCK20/SES204/SA204S12	SES226	-2.77882	13.3407	16.1195
BLOCK20/SES204/SA204S14	SES068	-1.47822	15.8874	17.3656
BLOCK20/SES204/SA204S14	SES087	-0.585527	16.7801	17.3656
BLOCK20/SES204/SA204S14	SES206	-1.88292	15.4827	17.3656
BLOCK20/SES204/SA204S14	SES226	-3.13193	14.2337	17.3656
BLOCK20/SES204/SA204S22	SES068	-1.70596	14.6376	16.3436
BLOCK20/SES204/SA204S22	SES082	-3.413	12.9306	16.3436
BLOCK20/SES204/SA204S22	SES083	-3.90895	12.4346	16.3436
BLOCK20/SES204/SA204S22	SES206	-2.37615	13.9674	16.3436
BLOCK20/SES204/SA204S25	SES062	-2.02235	14.3437	16.3661
BLOCK20/SES204/SA204S25	SES083	-3.12561	13.2405	16.3661
BLOCK20/SES204/SA204S25	SES206	-1.56617	14.7999	16.3661
BLOCK20/SES204/SA204S25	SES226	-2.64308	13.723	16.3661
BLOCK20/SES204/SA204S27	SES068	-1.79189	13.7452	15.537
BLOCK20/SES204/SA204S27	SES082	-3.21527	12.3218	15.537
BLOCK20/SES204/SA204S27	SES087	-1.17831	14.3587	15.537
BLOCK20/SES204/SA204S27	SES206	-1.76644	13.7706	15.537
BLOCK20/SES207/SA207S10	SES127	-1.66945	12.5669	14.2364
BLOCK20/SES207/SA207S10	SES183	-2.16881	12.0676	14.2364
BLOCK20/SES207/SA207S10	SES189	-2.06533	12.171	14.2364
BLOCK20/SES207/SA207S10	SES292	-2.04714	12.1892	14.2364
BLOCK20/SES207/SA207S11	SES127	-2.15305	11.3055	13.4586
BLOCK20/SES207/SA207S11	SES183	-1.7218	11.7368	13.4586
BLOCK20/SES207/SA207S11	SES187	-1.71235	11.7462	13.4586
BLOCK20/SES207/SA207S11	SES292	-1.4483	12.0103	13.4586
BLOCK20/SES207/SA207S25	SES068	-1.83211	12.141	13.9731
BLOCK20/SES207/SA207S25	SES083	-2.00418	11.9689	13.9731
BLOCK20/SES207/SA207S25	SES127	-0.988658	12.9844	13.9731
BLOCK20/SES207/SA207S25	SES187	-1.36791	12.6052	13.9731
BLOCK20/SES207/SA207S27	SES127	-1.64896	11.1194	12.7684
BLOCK20/SES207/SA207S27	SES183	-1.21393	11.5545	12.7684
BLOCK20/SES207/SA207S27	SES187	-1.78419	10.9842	12.7684
BLOCK20/SES207/SA207S27	SES292	-2.6385	10.1299	12.7684
BLOCK20/SES207/SA207S29	SES083	-2.27184	12.5331	14.8049
BLOCK20/SES207/SA207S29	SES085	-1.60352	13.2014	14.8049
BLOCK20/SES207/SA207S29	SES172	-1.23696	13.568	14.8049
BLOCK20/SES207/SA207S29	SES189	-2.4343	12.3707	14.8049
BLOCK22/SES221/SA221S12	SES068	-0.63814	14.9421	15.5802
BLOCK22/SES221/SA221S12	SES143	-1.28355	14.2967	15.5802
BLOCK22/SES221/SA221S12	SES175	-0.774792	14.8054	15.5802
BLOCK22/SES221/SA221S12	SES202	-1.24383	14.3364	15.5802
BLOCK22/SES221/SA221S15	SES085	-0.899113	13.1978	14.097
BLOCK22/SES221/SA221S15	SES143	-2.13448	11.9625	14.097
BLOCK22/SES221/SA221S15	SES175	-1.2701	12.8269	14.097
BLOCK22/SES221/SA221S15	SES187	-1.99604	12.1009	14.097
BLOCK22/SES221/SA221S23	SES068	-1.33325	13.5765	14.9098
BLOCK22/SES221/SA221S23	SES143	-1.86835	13.0414	14.9098
BLOCK22/SES221/SA221S23	SES175	-0.402983	14.5068	14.9098
BLOCK22/SES221/SA221S23	SES189	-0.754786	14.155	14.9098
BLOCK22/SES221/SA221S27	SES085	-0.0990143	15.1891	15.2881
BLOCK22/SES221/SA221S27	SES143	-1.23327	14.0548	15.2881
BLOCK22/SES221/SA221S27	SES175	-0.324933	14.9631	15.2881
BLOCK22/SES221/SA221S27	SES189	-0.235291	15.0528	15.2881
BLOCK22/SES221/SA221S29	SES085	-0.429654	13.6425	14.0721
BLOCK22/SES221/SA221S29	SES143	-0.855744	13.2164	14.0721
BLOCK22/SES221/SA221S29	SES175	-0.461174	13.6109	14.0721
BLOCK22/SES221/SA221S29	SES187	-1.59487	12.4772	14.0721
BLOCK22/SES223/SA223S11	SES143	-1.44509	11.3643	12.8094
BLOCK22/SES223/SA223S11	SES144	-3.10906	9.70032	12.8094
BLOCK22/SES223/SA223S11	SES175	-1.13858	11.6708	12.8094
BLOCK22/SES223/SA223S11	SES187	-2.63677	10.1726	12.8094
BLOCK22/SES223/SA223S13	SES068	-1.33623	11.2317	12.568
BLOCK22/SES223/SA223S13	SES143	-2.30546	10.2625	12.568
BLOCK22/SES223/SA223S13	SES146	-2.76445	9.80353	12.568
BLOCK22/SES223/SA223S13	SES202	-2.40319	10.1648	12.568
BLOCK22/SES223/SA223S22	SES143	-1.19141	12.2313	13.4227
BLOCK22/SES223/SA223S22	SES144	-2.79333	10.6294	13.4227
BLOCK22/SES223/SA223S22	SES175	-1.03317	12.3896	13.4227
BLOCK22/SES223/SA223S22	SES187	-1.33258	12.0902	13.4227
BLOCK22/SES223/SA223S25	SES068	-1.1397	13.2152	14.3549
BLOCK22/SES223/SA223S25	SES143	-1.82288	12.532	14.3549
BLOCK22/SES223/SA223S25	SES175	-1.06975	13.2851	14.3549
BLOCK22/SES223/SA223S25	SES187	-1.6995	12.6554	14.3549
BLOCK22/SES223/SA223S27	SES143	-1.093	11.8654	12.9584
BLOCK22/SES223/SA223S27	SES146	-1.61349	11.3449	12.9584
BLOCK22/SES223/SA223S27	SES187	-2.30142	10.657	12.9584
BLOCK22/SES223/SA223S27	SES292	-0.942456	12.0159	12.9584
BLOCK27/SES273/SA273S12	SES099	-0.799057	16.4402	17.2393
BLOCK27/SES273/SA273S12	SES104	-1.32248	15.9168	17.2393
BLOCK27/SES273/SA273S12	SES125	-1.90241	15.3368	17.2393
BLOCK27/SES273/SA273S12	SES206	-0.946325	16.2929	17.2393
BLOCK27/SES273/SA273S13	SES099	-1.26482	16.2517	17.5165
BLOCK27/SES273/SA273S13	SES104	-1.6664	15.8501	17.5165
BLOCK27/SES273/SA273S13	SES206	-1.31494	16.2016	17.5165
BLOCK27/SES273/SA273S13	SES292	-2.01187	15.5047	17.5165
BLOCK27/SES273/SA273S21	SES099	-0.727152	16.3047	17.0319
BLOCK27/SES273/SA273S21	SES148	-3.02881	14.0031	17.0319
BLOCK27/SES273/SA273S21	SES149	-1.95474	15.0772	17.0319
BLOCK27/SES273/SA273S21	SES177	-2.0247	15.0072	17.0319
BLOCK27/SES273/SA273S25	SES104	-1.61387	14.9909	16.6047
BLOCK27/SES273/SA273S25	SES125	-2.14623	14.4585	16.6047
BLOCK27/SES273/SA273S25	SES158	-1.01687	15.5879	16.6047
BLOCK27/SES273/SA273S25	SES206	-0.813587	15.7912	16.6047
BLOCK27/SES273/SA273S27	SES099	-0.709554	15.5264	16.2359
BLOCK27/SES273/SA273S27	SES104	-1.48431	14.7516	16.2359
BLOCK27/SES273/SA273S27	SES149	-1.43403	14.8019	16.2359
BLOCK27/SES273/SA273S27	SES275	-1.67669	14.5592	16.2359
BLOCK27/SES274/SA274S10	SES105	-2.36733	13.3748	15.7421
BLOCK27/SES274/SA274S10	SES125	-3.10114	12.6409	15.7421
BLOCK27/SES274/SA274S10	SES129	-1.16013	14.582	15.7421
BLOCK27/SES274/SA274S10	SES158	-3.96177	11.7803	15.7421
BLOCK27/SES274/SA274S11	SES105	-1.48538	14.3969	15.8823
BLOCK27/SES274/SA274S11	SES149	-2.35781	13.5245	15.8823
BLOCK27/SES274/SA274S11	SES158	-2.58869	13.2936	15.8823
BLOCK27/SES274/SA274S11	SES275	-0.850184	15.0321	15.8823
BLOCK27/SES274/SA274S21	SES105	-1.9719	13.4889	15.4608
BLOCK27/SES274/SA274S21	SES129	-0.546304	14.9145	15.4608
BLOCK27/SES274/SA274S21	SES149	-1.86901	13.5918	15.4608
BLOCK27/SES274/SA274S21	SES158	-4.69419	10.7666	15.4608
BLOCK27/SES274/SA274S24	SES105	-1.83256	14.7784	16.6109
BLOCK27/SES274/SA274S24	SES129	-0.612471	15.9985	16.6109
BLOCK27/SES274/SA274S24	SES149	-2.42367	14.1872	16.6109
BLOCK27/SES274/SA274S24	SES158	-4.91855	11.6924	16.6109
BLOCK27/SES274/SA274S29	SES105	-2.29327	13.1237	15.4169
BLOCK27/SES274/SA274S29	SES106	-3.6811	11.7358	15.4169
BLOCK27/SES274/SA274S29	SES120	-1.51906	13.8979	15.4169
BLOCK27/SES274/SA274S29	SES275	-1.5267	13.8902	15.4169
BLOCK27/SES276/SA276S16	SES148	-2.12077	12.6813	14.8021
BLOCK27/SES276/SA276S16	SES172	-1.48091	13.3212	14.8021
BLOCK27/SES276/SA276S16	SES180	-2.63157	12.1705	14.8021
BLOCK27/SES276/SA276S16	SES292	-1.67356	13.1286	14.8021
BLOCK27/SES276/SA276S17	SES101	-1.08652	14.2021	15.2886
BLOCK27/SES276/SA276S17	SES177	-1.7955	13.4931	15.2886
BLOCK27/SES276/SA276S17	SES180	-1.60993	13.6787	15.2886
BLOCK27/SES276/SA276S17	SES292	-1.7777	13.5109	15.2886
BLOCK27/SES276/SA276S24	SES101	-0.866323	14.9678	15.8342
BLOCK27/SES276/SA276S24	SES177	-1.0225	14.8117	15.8342
BLOCK27/SES276/SA276S24	SES180	-1.76749	14.0667	15.8342
BLOCK27/SES276/SA276S24	SES292	-2.82991	13.0043	15.8342
BLOCK27/SES276/SA276S26	SES101	-1.7726	14.3923	16.165
BLOCK27/SES276/SA276S26	SES177	-0.648953	15.516	16.165
BLOCK27/SES276/SA276S26	SES180	-0.160881	16.0041	16.165
BLOCK27/SES276/SA276S26	SES292	-0.110128	16.0548	16.165
BLOCK27/SES276/SA276S28	SES101	-1.18159	14.4312	15.6128
BLOCK27/SES276/SA276S28	SES177	-1.76174	13.851	15.6128
BLOCK27/SES276/SA276S28	SES180	-0.707828	14.9049	15.6128
BLOCK27/SES276/SA276S28	SES292	-1.37324	14.2395	15.6128
BLOCK27/SES277/SA277S12	SES101	-1.01081	12.3068	13.3177
BLOCK27/SES277/SA277S12	SES177	-2.04783	11.2698	13.3177
BLOCK27/SES277/SA277S12	SES180	-2.91967	10.398	13.3177
BLOCK27/SES277/SA277S12	SES292	-2.69551	10.6222	13.3177
BLOCK27/SES277/SA277S14	SES177	-1.28614	11.686	12.9721
BLOCK27/SES277/SA277S14	SES180	-2.59085	10.3813	12.9721
BLOCK27/SES277/SA277S14	SES189	-0.692995	12.2791	12.9721
BLOCK27/SES277/SA277S14	SES292	-2.39559	10.5765	12.9721
BLOCK27/SES277/SA277S21	SES177	-0.889587	13.6792	14.5688
BLOCK27/SES277/SA277S21	SES180	-2.23663	12.3321	14.5688
BLOCK27/SES277/SA277S21	SES189	-0.821995	13.7468	14.5688
BLOCK27/SES277/SA277S21	SES292	-2.44387	12.1249	14.5688
BLOCK27/SES277/SA277S24	SES144	-1.64808	11.1891	12.8372
BLOCK27/SES277/SA277S24	SES177	-1.09903	11.7381	12.8372
BLOCK27/SES277/SA277S24	SES180	-2.92406	9.91311	12.8372
BLOCK27/SES277/SA277S24	SES189	-1.10107	11.7361	12.8372
BLOCK27/SES277/SA277S29	SES177	-1.2337	14.3325	15.5662
BLOCK27/SES277/SA277S29	SES180	-2.49588	13.0704	15.5662
BLOCK27/SES277/SA277S29	SES202	-1.73336	13.8329	15.5662
BLOCK27/SES277/SA277S29	SES292	-2.75254	12.8137	15.5662
BLOCK27/SES279/SA279S09	SES120	-1.89865	13.4575	15.3562
BLOCK27/SES279/SA279S09	SES146	-2.38714	12.969	15.3562
BLOCK27/SES279/SA279S09	SES206	-1.82848	13.5277	15.3562
BLOCK27/SES279/SA279S09	SES226	-3.09048	12.2657	15.3562
BLOCK27/SES279/SA279S10	SES099	-0.772743	14.8126	15.5854
BLOCK27/SES279/SA279S10	SES206	-1.32038	14.265	15.5854
BLOCK27/SES279/SA279S10	SES226	-2.48342	13.102	15.5854
BLOCK27/SES279/SA279S10	SES292	-0.711227	14.8741	15.5854
BLOCK27/SES279/SA279S20	SES099	-2.23472	13.3017	15.5364
BLOCK27/SES279/SA279S20	SES206	-1.03936	14.497	15.5364
BLOCK27/SES279/SA279S20	SES226	-2.3701	13.1663	15.5364
BLOCK27/SES279/SA279S20	SES292	-0.685239	14.8511	15.5364
BLOCK27/SES279/SA279S26	SES099	-1.00827	14.4574	15.4656
BLOCK27/SES279/SA279S26	SES206	-0.853169	14.6125	15.4656
BLOCK27/SES279/SA279S26	SES226	-2.63835	12.8273	15.4656
BLOCK27/SES279/SA279S26	SES292	-0.593616	14.872	15.4656
BLOCK27/SES279/SA279S28	SES099	-1.16106	16.0039	17.165
BLOCK27/SES279/SA279S28	SES120	-1.30864	15.8563	17.165
BLOCK27/SES279/SA279S28	SES177	-1.71408	15.4509	17.165
BLOCK27/SES279/SA279S28	SES206	-1.40786	15.7571	17.165
BLOCK29/SES290/SA290S12	SES162	-1.13286	13.9019	15.0348
BLOCK29/SES290/SA290S12	SES177	-0.93845	14.0963	15.0348
BLOCK29/SES290/SA290S12	SES180	-2.13848	12.8963	15.0348
BLOCK29/SES290/SA290S12	SES292	-2.12353	12.9112	15.0348
BLOCK29/SES290/SA290S13	SES007	-1.42594	13.3445	14.7705
BLOCK29/SES290/SA290S13	SES162	-2.54807	12.2224	14.7705
BLOCK29/SES290/SA290S13	SES177	-0.480193	14.2903	14.7705
BLOCK29/SES290/SA290S13	SES180	-1.38986	13.3806	14.7705
BLOCK29/SES290/SA290S22	SES177	-0.607125	13.5992	14.2063
BLOCK29/SES290/SA290S22	SES180	-1.40627	12.8	14.2063
BLOCK29/SES290/SA290S22	SES202	-1.42861	12.7777	14.2063
BLOCK29/SES290/SA290S22	SES292	-1.5002	12.7061	14.2063
BLOCK29/SES290/SA290S25	SES162	-1.08244	14.3032	15.3857
BLOCK29/SES290/SA290S25	SES177	-0.752121	14.6335	15.3857
BLOCK29/SES290/SA290S25	SES180	-1.26089	14.1248	15.3857
BLOCK29/SES290/SA290S25	SES292	-1.01398	14.3717	15.3857
BLOCK29/SES290/SA290S29	SES177	-0.442868	14.0434	14.4862
BLOCK29/SES290/SA290S29	SES180	-0.968275	13.518	14.4862
BLOCK29/SES290/SA290S29	SES275	-1.10432	13.3819	14.4862
BLOCK29/SES290/SA290S29	SES292	-1.06533	13.4209	14.4862
BLOCK29/SES291/SA291S11	SES105	-3.04817	10.8562	13.9044
BLOCK29/SES291/SA291S11	SES125	-1.4353	12.4691	13.9044
BLOCK29/SES291/SA291S11	SES158	-1.39354	12.5108	13.9044
BLOCK29/SES291/SA291S11	SES275	-2.82734	11.077	13.9044
BLOCK29/SES291/SA291S12	SES158	0.133625	14.2883	14.1547
BLOCK29/SES291/SA291S12	SES226	-2.68723	11.4674	14.1547
BLOCK29/SES291/SA291S12	SES270	0.496017	14.6507	14.1547
BLOCK29/SES291/SA291S12	SES275	-4.07556	10.0791	14.1547
BLOCK29/SES291/SA291S22	SES082	-1.63516	13.4529	15.0881
BLOCK29/SES291/SA291S22	SES158	-1.37064	13.7175	15.0881
BLOCK29/SES291/SA291S22	SES259	-2.37045	12.7176	15.0881
BLOCK29/SES291/SA291S22	SES275	-3.37659	11.7115	15.0881
BLOCK29/SES291/SA291S24	SES104	-0.214176	16.009	16.2232
BLOCK29/SES291/SA291S24	SES125	-1.04761	15.1756	16.2232
BLOCK29/SES291/SA291S24	SES158	-0.847554	15.3756	16.2232
BLOCK29/SES291/SA291S24	SES275	-3.28396	12.9392	16.2232
BLOCK29/SES291/SA291S27	SES158	-0.222881	15.2804	15.5032
BLOCK29/SES291/SA291S27	SES172	-4.37217	11.1311	15.5032
BLOCK29/SES291/SA291S27	SES275	-3.77025	11.733	15.5032
BLOCK29/SES291/SA291S27	SES292	-2.01601	13.4872	15.5032
Threshold search:
THR	-5.33981982721	9	0(0)	1(1000)
THR	-5.2415476289379	8.982	0(0)	0.998(998)
THR	-5.1432754306658	8.982	0(0)	0.998(998)
THR	-5.0450032323937	8.973	0(0)	0.997(997)
THR	-4.9467310341216	8.973	0(0)	0.997(997)
THR	-4.8484588358495	8.964	0(0)	0.996(996)
THR	-4.7501866375774	8.964	0(0)	0.996(996)
THR	-4.6519144393053	8.955	0(0)	0.995(995)
THR	-4.5536422410332	8.955	0(0)	0.995(995)
THR	-4.4553700427611	8.946	0(0)	0.994(994)
THR	-4.357097844489	8.928	0(0)	0.992(992)
THR	-4.2588256462169	8.901	0(0)	0.989(989)
THR	-4.1605534479448	8.892	0(0)	0.988(988)
THR	-4.0622812496727	8.874	0(0)	0.986(986)
THR	-3.9640090514006	8.856	0(0)	0.984(984)
THR	-3.8657368531285	8.811	0(0)	0.979(979)
THR	-3.7674646548564	8.775	0(0)	0.975(975)
THR	-3.6691924565843	8.748	0(0)	0.972(972)
THR	-3.5709202583122	8.721	0(0)	0.969(969)
THR	-3.4726480600401	8.685	0(0)	0.965(965)
THR	-3.374375861768	8.604	0(0)	0.956(956)
THR	-3.2761036634959	8.541	0(0)	0.949(949)
THR	-3.1778314652238	8.46	0(0)	0.94(940)
THR	-3.0795592669517	8.334	0(0)	0.926(926)
THR	-2.9812870686796	8.244	0(0)	0.916(916)
THR	-2.8830148704075	8.109	0(0)	0.901(901)
THR	-2.7847426721354	7.974	0(0)	0.886(886)
THR	-2.6864704738633	7.803	0(0)	0.867(867)
THR	-2.5881982755912	7.587	0(0)	0.843(843)
THR	-2.4899260773191	7.362	0(0)	0.818(818)
THR	-2.391653879047	7.083	0(0)	0.787(787)
THR	-2.2933816807749	6.714	0(0)	0.746(746)
THR	-2.1951094825028	6.543	0(0)	0.727(727)
THR	-2.0968372842307	6.255	0(0)	0.695(695)
THR	-1.9985650859586	5.814	0(0)	0.646(646)
THR	-1.9002928876865	5.454	0(0)	0.606(606)
THR	-1.8020206894144	5.004	0(0)	0.556(556)
THR	-1.7037484911423	4.491	0(0)	0.499(499)
THR	-1.6054762928702	4.095	0(0)	0.455(455)
THR	-1.5072040945981	3.708	0(0)	0.412(412)
THR	-1.408931896326	3.348	0(0)	0.372(372)
THR	-1.3106596980539	2.97	0(0)	0.33(330)
THR	-1.2123874997818	2.475	0(0)	0.275(275)
THR	-1.1141153015097	2.151	0(0)	0.239(239)
THR	-1.0158431032376	1.728	0(0)	0.192(192)
THR	-0.917570904965499	1.449	0(0)	0.161(161)
THR	-0.819298706693399	1.17	0(0)	0.13(130)
THR	-0.721026508421299	0.981	0(0)	0.109(109)
THR	-0.622754310149199	0.711	0(0)	0.079(79)
THR	-0.524482111877099	0.54	0(0)	0.06(60)
THR	-0.426209913604999	0.351	0(0)	0.039(39)
THR	-0.3279377153329	0.279	0(0)	0.031(31)
THR	-0.229665517060799	0.184	0.004(1)	0.02(20)
THR	-0.131393318788699	0.121	0.004(1)	0.013(13)
THR	-0.0331211205165995	0.076	0.004(1)	0.008(8)
THR	0.0651510777555006	0.057	0.012(3)	0.005(5)
THR	0.163423276027601	0.038	0.02(5)	0.002(2)
THR	0.261695474299701	0.046	0.028(7)	0.002(2)
THR	0.359967672571801	0.054	0.036(9)	0.002(2)
THR	0.458239870843901	0.078	0.06(15)	0.002(2)
THR	0.556512069116001	0.081	0.072(18)	0.001(1)
THR	0.654784267388101	0.116	0.116(29)	0(0)
THR	0.753056465660201	0.16	0.16(40)	0(0)
THR	0.851328663932301	0.208	0.208(52)	0(0)
THR	0.949600862204401	0.244	0.244(61)	0(0)
THR	1.0478730604765	0.28	0.28(70)	0(0)
THR	1.1461452587486	0.336	0.336(84)	0(0)
THR	1.2444174570207	0.356	0.356(89)	0(0)
THR	1.3426896552928	0.388	0.388(97)	0(0)
THR	1.4409618535649	0.428	0.428(107)	0(0)
THR	1.539234051837	0.476	0.476(119)	0(0)
THR	1.6375062501091	0.524	0.524(131)	0(0)
THR	1.7357784483812	0.588	0.588(147)	0(0)
THR	1.8340506466533	0.632	0.632(158)	0(0)
THR	1.9323228449254	0.676	0.676(169)	0(0)
THR	2.0305950431975	0.732	0.732(183)	0(0)
THR	2.1288672414696	0.784	0.784(196)	0(0)
THR	2.2271394397417	0.824	0.824(206)	0(0)
THR	2.3254116380138	0.844	0.844(211)	0(0)
THR	2.4236838362859	0.864	0.864(216)	0(0)
THR	2.521956034558	0.892	0.892(223)	0(0)
THR	2.6202282328301	0.916	0.916(229)	0(0)
THR	2.7185004311022	0.924	0.924(231)	0(0)
THR	2.8167726293743	0.928	0.928(232)	0(0)
THR	2.9150448276464	0.936	0.936(234)	0(0)
THR	3.0133170259185	0.948	0.948(237)	0(0)
THR	3.1115892241906	0.952	0.952(238)	0(0)
THR	3.2098614224627	0.956	0.956(239)	0(0)
THR	3.3081336207348	0.956	0.956(239)	0(0)
THR	3.4064058190069	0.964	0.964(241)	0(0)
THR	3.504678017279	0.968	0.968(242)	0(0)
THR	3.6029502155511	0.972	0.972(243)	0(0)
THR	3.7012224138232	0.972	0.972(243)	0(0)
THR	3.7994946120953	0.972	0.972(243)	0(0)
THR	3.8977668103674	0.976	0.976(244)	0(0)
THR	3.9960390086395	0.984	0.984(246)	0(0)
THR	4.0943112069116	0.984	0.984(246)	0(0)
THR	4.1925834051837	0.992	0.992(248)	0(0)
THR	4.2908556034558	0.992	0.992(248)	0(0)
THR	4.3891278017279	0.996	0.996(249)	0(0)
THR	4.4874	1	1(250)	0(0)


==============================================
THR: 0.163423276027601
Missed:     5/250=0.0200
FalseAlarm: 2/1000=0.0020
----------------------------------------------
==> CostDetection: 3.8
==============================================
