BLOCK00/SES002/SA002S12	SES002	1.63262	-7.6204	-9.25302
BLOCK00/SES002/SA002S13	SES002	2.39769	-7.71833	-10.116
BLOCK00/SES002/SA002S23	SES002	1.66875	-7.62865	-9.2974
BLOCK00/SES002/SA002S26	SES002	1.61198	-8.98097	-10.593
BLOCK00/SES002/SA002S28	SES002	1.54181	-7.9759	-9.51771
BLOCK00/SES007/SA007S14	SES007	2.259	-6.13946	-8.39846
BLOCK00/SES007/SA007S15	SES007	1.70601	-7.30863	-9.01464
BLOCK00/SES007/SA007S24	SES007	1.79615	-6.73368	-8.52983
BLOCK00/SES007/SA007S27	SES007	1.66772	-8.13558	-9.80331
BLOCK00/SES007/SA007S29	SES007	0.953812	-7.18378	-8.13759
BLOCK00/SES008/SA008S11	SES008	1.75912	-6.48377	-8.24289
BLOCK00/SES008/SA008S12	SES008	0.995769	-7.23773	-8.2335
BLOCK00/SES008/SA008S19	SES008	2.25932	-6.69522	-8.95453
BLOCK00/SES008/SA008S22	SES008	1.44545	-7.32357	-8.76902
BLOCK00/SES008/SA008S29	SES008	2.04222	-6.48067	-8.52289
BLOCK01/SES014/SA014S10	SES014	1.92869	-7.3652	-9.29389
BLOCK01/SES014/SA014S12	SES014	2.83957	-6.76529	-9.60486
BLOCK01/SES014/SA014S24	SES014	2.87488	-7.0898	-9.96467
BLOCK01/SES014/SA014S26	SES014	3.16519	-6.18831	-9.3535
BLOCK01/SES014/SA014S28	SES014	3.29002	-5.7417	-9.03172
BLOCK01/SES016/SA016S12	SES016	2.2564	-8.61919	-10.8756
BLOCK01/SES016/SA016S13	SES016	2.44802	-6.99152	-9.43955
BLOCK01/SES016/SA016S22	SES016	2.36522	-6.74854	-9.11376
BLOCK01/SES016/SA016S25	SES016	2.66478	-5.29193	-7.95671
BLOCK01/SES016/SA016S27	SES016	3.07612	-6.42384	-9.49996
BLOCK01/SES019/SA019S13	SES019	4.17288	-6.22981	-10.4027
BLOCK01/SES019/SA019S14	SES019	2.06265	-8.19339	-10.256
BLOCK01/SES019/SA019S22	SES019	3.39424	-6.51872	-9.91296
BLOCK01/SES019/SA019S25	SES019	3.30632	-6.98988	-10.2962
BLOCK01/SES019/SA019S29	SES019	4.68866	-6.69216	-11.3808
BLOCK02/SES029/SA029S11	SES029	2.09217	-6.31471	-8.40688
BLOCK02/SES029/SA029S12	SES029	1.65491	-6.85291	-8.50782
BLOCK02/SES029/SA029S20	SES029	1.93366	-6.43265	-8.36631
BLOCK02/SES029/SA029S25	SES029	2.07434	-7.186	-9.26035
BLOCK02/SES029/SA029S28	SES029	1.85807	-6.70801	-8.56608
BLOCK04/SES042/SA042S12	SES042	2.30081	-6.82312	-9.12392
BLOCK04/SES042/SA042S15	SES042	2.63793	-6.10363	-8.74155
BLOCK04/SES042/SA042S22	SES042	3.76724	-7.1872	-10.9544
BLOCK04/SES042/SA042S25	SES042	1.74705	-8.96993	-10.717
BLOCK04/SES042/SA042S27	SES042	3.19682	-7.37912	-10.5759
BLOCK04/SES048/SA048S11	SES048	2.28397	-6.22346	-8.50743
BLOCK04/SES048/SA048S12	SES048	1.54698	-7.73194	-9.27892
BLOCK04/SES048/SA048S20	SES048	1.98089	-6.47785	-8.45874
BLOCK04/SES048/SA048S23	SES048	2.32937	-6.83725	-9.16662
BLOCK04/SES048/SA048S27	SES048	1.22474	-7.52636	-8.7511
BLOCK06/SES060/SA060S11	SES060	2.74028	-6.88458	-9.62486
BLOCK06/SES060/SA060S12	SES060	1.87754	-7.99021	-9.86775
BLOCK06/SES060/SA060S22	SES060	0.781498	-9.30402	-10.0855
BLOCK06/SES060/SA060S24	SES060	2.47006	-5.7111	-8.18117
BLOCK06/SES060/SA060S28	SES060	1.80682	-6.03235	-7.83917
BLOCK06/SES062/SA062S10	SES062	1.8423	-7.15214	-8.99444
BLOCK06/SES062/SA062S11	SES062	1.43821	-8.295	-9.73321
BLOCK06/SES062/SA062S21	SES062	2.22869	-5.49469	-7.72338
BLOCK06/SES062/SA062S26	SES062	1.65873	-7.33537	-8.9941
BLOCK06/SES062/SA062S29	SES062	2.14593	-6.32737	-8.4733
BLOCK06/SES068/SA068S14	SES068	1.46365	-7.49529	-8.95894
BLOCK06/SES068/SA068S15	SES068	1.96495	-7.11638	-9.08133
BLOCK06/SES068/SA068S23	SES068	1.57687	-7.44731	-9.02418
BLOCK06/SES068/SA068S27	SES068	2.9814	-6.3716	-9.35299
BLOCK06/SES068/SA068S29	SES068	1.67261	-7.47614	-9.14875
BLOCK08/SES082/SA082S12	SES082	0.636355	-8.57942	-9.21578
BLOCK08/SES082/SA082S14	SES082	1.28294	-8.33945	-9.62239
BLOCK08/SES082/SA082S21	SES082	1.37428	-7.42943	-8.80371
BLOCK08/SES082/SA082S24	SES082	1.20175	-7.75629	-8.95804
BLOCK08/SES082/SA082S28	SES082	1.3012	-7.75701	-9.05821
BLOCK08/SES083/SA083S14	SES083	1.53241	-7.20031	-8.73271
BLOCK08/SES083/SA083S15	SES083	1.71622	-6.88319	-8.59941
BLOCK08/SES083/SA083S24	SES083	1.26341	-7.43173	-8.69514
BLOCK08/SES083/SA083S26	SES083	1.49743	-8.1285	-9.62593
BLOCK08/SES083/SA083S29	SES083	1.14181	-8.00247	-9.14429
BLOCK08/SES085/SA085S10	SES085	2.0269	-6.04662	-8.07352
BLOCK08/SES085/SA085S13	SES085	1.22626	-8.06599	-9.29225
BLOCK08/SES085/SA085S22	SES085	2.21923	-6.78565	-9.00489
BLOCK08/SES085/SA085S26	SES085	1.39323	-7.74031	-9.13354
BLOCK08/SES085/SA085S28	SES085	1.17382	-7.32653	-8.50034
BLOCK08/SES087/SA087S15	SES087	2.19798	-7.66323	-9.86121
BLOCK08/SES087/SA087S16	SES087	2.8628	-7.43001	-10.2928
BLOCK08/SES087/SA087S24	SES087	3.05219	-7.15039	-10.2026
BLOCK08/SES087/SA087S26	SES087	2.34977	-6.59845	-8.94821
BLOCK08/SES087/SA087S29	SES087	2.49235	-6.46349	-8.95584
BLOCK09/SES099/SA099S15	SES099	2.09153	-7.89308	-9.98461
BLOCK09/SES099/SA099S16	SES099	2.07849	-7.29084	-9.36933
BLOCK09/SES099/SA099S24	SES099	1.97364	-7.58964	-9.56328
BLOCK09/SES099/SA099S26	SES099	2.61124	-7.01386	-9.6251
BLOCK09/SES099/SA099S29	SES099	1.67833	-7.96739	-9.64572
BLOCK10/SES101/SA101S11	SES101	1.7274	-6.41339	-8.14078
BLOCK10/SES101/SA101S13	SES101	2.21269	-5.50916	-7.72185
BLOCK10/SES101/SA101S22	SES101	1.8304	-7.81782	-9.64822
BLOCK10/SES101/SA101S24	SES101	2.05922	-6.66194	-8.72116
BLOCK10/SES101/SA101S28	SES101	2.09326	-7.08722	-9.18048
BLOCK10/SES104/SA104S11	SES104	1.95856	-6.65803	-8.61659
BLOCK10/SES104/SA104S12	SES104	1.6509	-7.51127	-9.16217
BLOCK10/SES104/SA104S21	SES104	1.72767	-7.83995	-9.56762
BLOCK10/SES104/SA104S24	SES104	1.30885	-8.12482	-9.43367
BLOCK10/SES104/SA104S28	SES104	1.85851	-7.47834	-9.33684
BLOCK10/SES105/SA105S12	SES105	2.12547	-7.7168	-9.84228
BLOCK10/SES105/SA105S13	SES105	1.27905	-7.62105	-8.9001
BLOCK10/SES105/SA105S22	SES105	1.6246	-8.30338	-9.92798
BLOCK10/SES105/SA105S26	SES105	2.23875	-7.94681	-10.1856
BLOCK10/SES105/SA105S29	SES105	2.74435	-6.36939	-9.11374
BLOCK10/SES106/SA106S09	SES106	1.90089	-7.83747	-9.73837
BLOCK10/SES106/SA106S11	SES106	1.79465	-6.9715	-8.76615
BLOCK10/SES106/SA106S22	SES106	2.93213	-7.29973	-10.2319
BLOCK10/SES106/SA106S27	SES106	2.10047	-6.96063	-9.0611
BLOCK10/SES106/SA106S29	SES106	1.50093	-6.40882	-7.90975
BLOCK11/SES117/SA117S12	SES117	1.55162	-7.94725	-9.49887
BLOCK11/SES117/SA117S13	SES117	1.24536	-8.2615	-9.50686
BLOCK11/SES117/SA117S23	SES117	1.99456	-8.47379	-10.4684
BLOCK11/SES117/SA117S25	SES117	1.62136	-7.81852	-9.43987
BLOCK11/SES117/SA117S28	SES117	2.04476	-7.57679	-9.62156
BLOCK12/SES120/SA120S08	SES120	1.71037	-7.84357	-9.55393
BLOCK12/SES120/SA120S11	SES120	3.12895	-10.3091	-13.4381
BLOCK12/SES120/SA120S22	SES120	1.89524	-7.04819	-8.94343
BLOCK12/SES120/SA120S24	SES120	1.78125	-7.98466	-9.76591
BLOCK12/SES120/SA120S28	SES120	1.12515	-8.29617	-9.42132
BLOCK12/SES125/SA125S13	SES125	2.07466	-7.08675	-9.16141
BLOCK12/SES125/SA125S14	SES125	1.93062	-7.61918	-9.5498
BLOCK12/SES125/SA125S25	SES125	2.04039	-7.89307	-9.93346
BLOCK12/SES125/SA125S27	SES125	2.08988	-6.63872	-8.7286
BLOCK12/SES125/SA125S29	SES125	1.56942	-7.2312	-8.80063
BLOCK12/SES127/SA127S11	SES127	1.35199	-7.54236	-8.89435
BLOCK12/SES127/SA127S12	SES127	1.58437	-5.89532	-7.47968
BLOCK12/SES127/SA127S23	SES127	1.22363	-6.61003	-7.83366
BLOCK12/SES127/SA127S25	SES127	1.56727	-6.68743	-8.2547
BLOCK12/SES127/SA127S27	SES127	1.79218	-6.71308	-8.50526
BLOCK12/SES129/SA129S11	SES129	2.07573	-6.01727	-8.093
BLOCK12/SES129/SA129S12	SES129	1.8992	-6.01015	-7.90935
BLOCK12/SES129/SA129S22	SES129	2.3276	-6.82091	-9.14851
BLOCK12/SES129/SA129S27	SES129	1.95174	-6.67559	-8.62733
BLOCK12/SES129/SA129S29	SES129	1.57979	-7.98342	-9.56321
BLOCK14/SES142/SA142S11	SES142	1.94103	-6.2761	-8.21713
BLOCK14/SES142/SA142S12	SES142	1.14721	-7.59484	-8.74205
BLOCK14/SES142/SA142S24	SES142	1.93319	-6.53166	-8.46485
BLOCK14/SES142/SA142S27	SES142	1.89618	-6.44303	-8.3392
BLOCK14/SES142/SA142S29	SES142	1.93813	-6.16963	-8.10776
BLOCK14/SES143/SA143S12	SES143	2.06195	-6.92827	-8.99022
BLOCK14/SES143/SA143S13	SES143	1.97943	-7.08666	-9.06609
BLOCK14/SES143/SA143S23	SES143	1.79063	-7.21008	-9.00071
BLOCK14/SES143/SA143S25	SES143	1.97407	-7.3672	-9.34127
BLOCK14/SES143/SA143S28	SES143	1.6402	-7.33006	-8.97025
BLOCK14/SES144/SA144S09	SES144	1.3445	-7.36258	-8.70708
BLOCK14/SES144/SA144S11	SES144	1.56374	-7.29773	-8.86148
BLOCK14/SES144/SA144S21	SES144	0.876993	-7.99877	-8.87576
BLOCK14/SES144/SA144S25	SES144	0.975007	-7.59925	-8.57426
BLOCK14/SES144/SA144S29	SES144	0.78828	-8.47474	-9.26302
BLOCK14/SES146/SA146S14	SES146	1.29189	-8.03295	-9.32485
BLOCK14/SES146/SA146S15	SES146	1.26605	-7.90664	-9.17268
BLOCK14/SES146/SA146S24	SES146	1.89311	-7.40252	-9.29563
BLOCK14/SES146/SA146S26	SES146	1.65711	-7.61749	-9.2746
BLOCK14/SES146/SA146S29	SES146	1.63171	-7.87028	-9.50199
BLOCK14/SES147/SA147S11	SES147	1.58888	-7.49135	-9.08023
BLOCK14/SES147/SA147S13	SES147	1.55574	-6.66838	-8.22412
BLOCK14/SES147/SA147S23	SES147	1.6822	-7.29865	-8.98085
BLOCK14/SES147/SA147S26	SES147	2.03353	-7.06336	-9.09689
BLOCK14/SES147/SA147S28	SES147	2.00363	-6.39816	-8.40179
BLOCK14/SES148/SA148S10	SES148	1.48618	-6.49101	-7.97719
BLOCK14/SES148/SA148S12	SES148	1.09955	-7.88322	-8.98277
BLOCK14/SES148/SA148S22	SES148	1.65918	-6.59909	-8.25827
BLOCK14/SES148/SA148S26	SES148	1.3731	-6.37392	-7.74702
BLOCK14/SES148/SA148S29	SES148	0.689048	-7.69558	-8.38463
BLOCK14/SES149/SA149S13	SES149	1.63518	-6.98108	-8.61626
BLOCK14/SES149/SA149S14	SES149	1.80081	-6.51183	-8.31264
BLOCK14/SES149/SA149S24	SES149	1.75546	-6.94349	-8.69895
BLOCK14/SES149/SA149S26	SES149	2.11945	-6.15689	-8.27634
BLOCK14/SES149/SA149S28	SES149	2.68462	-5.46613	-8.15075
BLOCK15/SES158/SA158S13	SES158	2.34339	-6.90485	-9.24824
BLOCK15/SES158/SA158S14	SES158	2.06592	-7.92133	-9.98724
BLOCK15/SES158/SA158S23	SES158	1.95263	-6.37038	-8.32301
BLOCK15/SES158/SA158S26	SES158	2.19801	-7.21929	-9.4173
BLOCK15/SES158/SA158S28	SES158	1.54241	-7.6675	-9.20991
BLOCK16/SES162/SA162S10	SES162	1.20488	-8.18016	-9.38504
BLOCK16/SES162/SA162S11	SES162	2.05973	-6.53267	-8.59239
BLOCK16/SES162/SA162S21	SES162	1.77328	-6.87856	-8.65184
BLOCK16/SES162/SA162S24	SES162	1.69455	-7.20838	-8.90293
BLOCK16/SES162/SA162S27	SES162	2.50542	-7.81639	-10.3218
BLOCK16/SES167/SA167S14	SES167	1.6191	-6.35932	-7.97842
BLOCK16/SES167/SA167S15	SES167	1.76904	-6.19967	-7.96871
BLOCK16/SES167/SA167S21	SES167	2.04719	-5.96755	-8.01474
BLOCK16/SES167/SA167S25	SES167	2.21884	-6.48073	-8.69958
BLOCK16/SES167/SA167S29	SES167	2.3813	-5.55456	-7.93586
BLOCK17/SES172/SA172S12	SES172	1.97721	-7.87321	-9.85041
BLOCK17/SES172/SA172S13	SES172	2.31599	-7.4473	-9.76329
BLOCK17/SES172/SA172S23	SES172	1.52801	-6.97544	-8.50345
BLOCK17/SES172/SA172S27	SES172	1.21639	-8.50915	-9.72554
BLOCK17/SES172/SA172S29	SES172	2.61215	-6.97443	-9.58658
BLOCK17/SES175/SA175S11	SES175	1.78399	-7.58083	-9.36482
BLOCK17/SES175/SA175S13	SES175	2.00543	-5.47533	-7.48076
BLOCK17/SES175/SA175S23	SES175	1.90179	-6.31501	-8.21679
BLOCK17/SES175/SA175S25	SES175	1.15133	-8.16804	-9.31936
BLOCK17/SES175/SA175S28	SES175	1.96706	-6.61811	-8.58517
BLOCK17/SES177/SA177S15	SES177	1.76986	-8.02569	-9.79555
BLOCK17/SES177/SA177S17	SES177	1.58912	-7.84563	-9.43475
BLOCK17/SES177/SA177S23	SES177	1.3696	-7.84626	-9.21587
BLOCK17/SES177/SA177S26	SES177	2.6191	-5.5402	-8.1593
BLOCK17/SES177/SA177S28	SES177	2.04332	-7.58579	-9.62911
BLOCK18/SES180/SA180S13	SES180	1.39382	-8.27778	-9.67161
BLOCK18/SES180/SA180S15	SES180	1.63354	-7.1619	-8.79544
BLOCK18/SES180/SA180S24	SES180	1.61352	-6.25868	-7.8722
BLOCK18/SES180/SA180S26	SES180	1.73028	-6.62074	-8.35102
BLOCK18/SES180/SA180S29	SES180	1.23898	-7.9481	-9.18709
BLOCK18/SES183/SA183S13	SES183	2.02693	-7.01444	-9.04137
BLOCK18/SES183/SA183S14	SES183	1.54363	-7.39138	-8.93502
BLOCK18/SES183/SA183S24	SES183	2.16052	-7.57264	-9.73316
BLOCK18/SES183/SA183S27	SES183	1.84431	-7.92632	-9.77063
BLOCK18/SES183/SA183S29	SES183	2.05987	-7.08179	-9.14166
BLOCK18/SES187/SA187S13	SES187	1.46525	-8.55614	-10.0214
BLOCK18/SES187/SA187S14	SES187	1.76229	-8.29705	-10.0593
BLOCK18/SES187/SA187S24	SES187	1.8295	-8.25096	-10.0805
BLOCK18/SES187/SA187S27	SES187	1.1771	-8.47585	-9.65295
BLOCK18/SES187/SA187S29	SES187	2.14231	-8.56875	-10.7111
BLOCK18/SES189/SA189S10	SES189	2.32063	-7.79406	-10.1147
BLOCK18/SES189/SA189S13	SES189	2.86159	-8.66916	-11.5307
BLOCK18/SES189/SA189S24	SES189	2.09853	-6.95232	-9.05085
BLOCK18/SES189/SA189S26	SES189	2.38792	-7.09774	-9.48565
BLOCK18/SES189/SA189S29	SES189	2.70479	-6.76237	-9.46716
BLOCK20/SES202/SA202S12	SES202	1.76351	-7.3563	-9.11981
BLOCK20/SES202/SA202S14	SES202	2.02943	-7.08579	-9.11521
BLOCK20/SES202/SA202S24	SES202	1.73545	-7.97659	-9.71204
BLOCK20/SES202/SA202S27	SES202	2.0409	-6.70194	-8.74284
BLOCK20/SES202/SA202S29	SES202	1.87979	-7.06032	-8.94011
BLOCK20/SES206/SA206S15	SES206	0.692226	-7.428	-8.12022
BLOCK20/SES206/SA206S17	SES206	2.09493	-7.55991	-9.65484
BLOCK20/SES206/SA206S24	SES206	2.58095	-6.17355	-8.75449
BLOCK20/SES206/SA206S27	SES206	2.56766	-7.55039	-10.1181
BLOCK20/SES206/SA206S29	SES206	3.52357	-5.90339	-9.42697
BLOCK22/SES226/SA226S12	SES226	2.09556	-7.37819	-9.47376
BLOCK22/SES226/SA226S13	SES226	1.36861	-8.45405	-9.82266
BLOCK22/SES226/SA226S20	SES226	1.98558	-7.47567	-9.46125
BLOCK22/SES226/SA226S23	SES226	2.05698	-6.81813	-8.87511
BLOCK22/SES226/SA226S28	SES226	2.42137	-6.60054	-9.02191
BLOCK25/SES259/SA259S13	SES259	3.08326	-6.43116	-9.51442
BLOCK25/SES259/SA259S14	SES259	2.91208	-6.33183	-9.24391
BLOCK25/SES259/SA259S22	SES259	3.09123	-6.35243	-9.44366
BLOCK25/SES259/SA259S24	SES259	2.14337	-7.19691	-9.34028
BLOCK25/SES259/SA259S28	SES259	1.99949	-7.01215	-9.01165
BLOCK27/SES270/SA270S14	SES270	2.75563	-7.07163	-9.82726
BLOCK27/SES270/SA270S16	SES270	1.30671	-7.29709	-8.6038
BLOCK27/SES270/SA270S22	SES270	2.64721	-6.59043	-9.23763
BLOCK27/SES270/SA270S26	SES270	1.81196	-7.3779	-9.18987
BLOCK27/SES270/SA270S28	SES270	2.09548	-7.00373	-9.09921
BLOCK27/SES275/SA275S17	SES275	1.46944	-7.02356	-8.493
BLOCK27/SES275/SA275S18	SES275	1.55572	-7.09639	-8.65211
BLOCK27/SES275/SA275S24	SES275	1.57763	-7.57143	-9.14906
BLOCK27/SES275/SA275S26	SES275	1.95056	-6.92441	-8.87498
BLOCK27/SES275/SA275S28	SES275	1.91976	-7.38027	-9.30003
BLOCK29/SES292/SA292S10	SES292	1.15388	-7.18003	-8.33391
BLOCK29/SES292/SA292S12	SES292	1.57787	-8.37689	-9.95476
BLOCK29/SES292/SA292S22	SES292	1.52897	-7.91704	-9.446
BLOCK29/SES292/SA292S24	SES292	1.32803	-7.68505	-9.01308
BLOCK29/SES292/SA292S27	SES292	0.986601	-7.62615	-8.61275
BLOCK00/SES001/SA001S14	SES062	-0.331661	-9.78508	-9.45342
BLOCK00/SES001/SA001S14	SES082	0.405877	-9.04754	-9.45342
BLOCK00/SES001/SA001S14	SES106	-0.270168	-9.72358	-9.45342
BLOCK00/SES001/SA001S14	SES206	-0.423034	-9.87645	-9.45342
BLOCK00/SES001/SA001S15	SES062	-0.388744	-8.57463	-8.18589
BLOCK00/SES001/SA001S15	SES104	-0.490958	-8.67685	-8.18589
BLOCK00/SES001/SA001S15	SES106	-0.729424	-8.91531	-8.18589
BLOCK00/SES001/SA001S15	SES206	-1.01164	-9.19753	-8.18589
BLOCK00/SES001/SA001S24	SES062	0.45352	-8.26155	-8.71507
BLOCK00/SES001/SA001S24	SES082	0.368924	-8.34615	-8.71507
BLOCK00/SES001/SA001S24	SES087	0.394409	-8.32066	-8.71507
BLOCK00/SES001/SA001S24	SES206	0.663715	-8.05136	-8.71507
BLOCK00/SES001/SA001S27	SES062	0.358986	-6.87843	-7.23741
BLOCK00/SES001/SA001S27	SES082	0.572148	-6.66526	-7.23741
BLOCK00/SES001/SA001S27	SES087	0.501868	-6.73554	-7.23741
BLOCK00/SES001/SA001S27	SES206	-0.260408	-7.49782	-7.23741
BLOCK00/SES001/SA001S29	SES062	-0.236617	-9.19579	-8.95917
BLOCK00/SES001/SA001S29	SES082	0.329914	-8.62925	-8.95917
BLOCK00/SES001/SA001S29	SES158	0.388556	-8.57061	-8.95917
BLOCK00/SES001/SA001S29	SES206	-0.267095	-9.22626	-8.95917
BLOCK00/SES003/SA003S11	SES002	1.08025	-8.15398	-9.23423
BLOCK00/SES003/SA003S11	SES019	-0.1563	-9.39053	-9.23423
BLOCK00/SES003/SA003S11	SES082	0.889259	-8.34497	-9.23423
BLOCK00/SES003/SA003S11	SES125	0.131182	-9.10305	-9.23423
BLOCK00/SES003/SA003S15	SES016	-0.157664	-8.41989	-8.26222
BLOCK00/SES003/SA003S15	SES019	-2.26635	-10.5286	-8.26222
BLOCK00/SES003/SA003S15	SES062	1.12795	-7.13428	-8.26222
BLOCK00/SES003/SA003S15	SES206	0.602016	-7.66021	-8.26222
BLOCK00/SES003/SA003S22	SES002	0.975868	-7.90607	-8.88194
BLOCK00/SES003/SA003S22	SES062	1.46622	-7.41572	-8.88194
BLOCK00/SES003/SA003S22	SES082	0.621439	-8.2605	-8.88194
BLOCK00/SES003/SA003S22	SES087	0.992083	-7.88986	-8.88194
BLOCK00/SES003/SA003S25	SES062	-0.173236	-10.1057	-9.93244
BLOCK00/SES003/SA003S25	SES082	-0.457898	-10.3903	-9.93244
BLOCK00/SES003/SA003S25	SES087	-0.320575	-10.253	-9.93244
BLOCK00/SES003/SA003S25	SES206	-0.234061	-10.1665	-9.93244
BLOCK00/SES003/SA003S29	SES002	0.45442	-8.90698	-9.3614
BLOCK00/SES003/SA003S29	SES062	-0.554292	-9.9157	-9.3614
BLOCK00/SES003/SA003S29	SES082	-0.0297117	-9.39112	-9.3614
BLOCK00/SES003/SA003S29	SES087	-0.716364	-10.0778	-9.3614
BLOCK00/SES004/SA004S12	SES083	0.296093	-7.9263	-8.22239
BLOCK00/SES004/SA004S12	SES148	0.681092	-7.5413	-8.22239
BLOCK00/SES004/SA004S12	SES172	1.33399	-6.8884	-8.22239
BLOCK00/SES004/SA004S12	SES292	0.228312	-7.99408	-8.22239
BLOCK00/SES004/SA004S17	SES083	0.366103	-8.29673	-8.66283
BLOCK00/SES004/SA004S17	SES162	0.390031	-8.2728	-8.66283
BLOCK00/SES004/SA004S17	SES172	0.977751	-7.68508	-8.66283
BLOCK00/SES004/SA004S17	SES292	0.285874	-8.37696	-8.66283
BLOCK00/SES004/SA004S24	SES083	0.284923	-7.91358	-8.1985
BLOCK00/SES004/SA004S24	SES148	-0.199919	-8.39842	-8.1985
BLOCK00/SES004/SA004S24	SES172	1.09195	-7.10655	-8.1985
BLOCK00/SES004/SA004S24	SES292	0.671532	-7.52697	-8.1985
BLOCK00/SES004/SA004S26	SES083	-0.25383	-9.29227	-9.03844
BLOCK00/SES004/SA004S26	SES127	0.88393	-8.15451	-9.03844
BLOCK00/SES004/SA004S26	SES148	-0.678225	-9.71667	-9.03844
BLOCK00/SES004/SA004S26	SES292	-0.239119	-9.27756	-9.03844
BLOCK00/SES004/SA004S28	SES083	0.926784	-7.95014	-8.87692
BLOCK00/SES004/SA004S28	SES127	1.88675	-6.99017	-8.87692
BLOCK00/SES004/SA004S28	SES187	1.75067	-7.12626	-8.87692
BLOCK00/SES004/SA004S28	SES292	0.603813	-8.27311	-8.87692
BLOCK00/SES006/SA006S10	SES014	0.0678234	-10.2492	-10.317
BLOCK00/SES006/SA006S10	SES158	0.0654669	-10.2515	-10.317
BLOCK00/SES006/SA006S10	SES226	-1.47531	-11.7923	-10.317
BLOCK00/SES006/SA006S10	SES270	0.946669	-9.37031	-10.317
BLOCK00/SES006/SA006S11	SES158	-0.407797	-10.3878	-9.97997
BLOCK00/SES006/SA006S11	SES226	-0.411368	-10.3913	-9.97997
BLOCK00/SES006/SA006S11	SES270	1.23456	-8.74541	-9.97997
BLOCK00/SES006/SA006S11	SES275	-0.656862	-10.6368	-9.97997
BLOCK00/SES006/SA006S23	SES062	-1.87535	-12.1354	-10.26
BLOCK00/SES006/SA006S23	SES105	-1.17797	-11.438	-10.26
BLOCK00/SES006/SA006S23	SES158	0.015048	-10.245	-10.26
BLOCK00/SES006/SA006S23	SES275	-1.29211	-11.5522	-10.26
BLOCK00/SES006/SA006S26	SES104	-1.15707	-11.3691	-10.212
BLOCK00/SES006/SA006S26	SES158	-0.269866	-10.4819	-10.212
BLOCK00/SES006/SA006S26	SES270	1.02515	-9.18685	-10.212
BLOCK00/SES006/SA006S26	SES275	-1.04972	-11.2617	-10.212
BLOCK00/SES006/SA006S28	SES007	-0.518733	-11.1323	-10.6136
BLOCK00/SES006/SA006S28	SES105	-1.21835	-11.8319	-10.6136
BLOCK00/SES006/SA006S28	SES158	0.501266	-10.1123	-10.6136
BLOCK00/SES006/SA006S28	SES275	-0.539907	-11.1535	-10.6136
BLOCK00/SES009/SA009S12	SES083	-0.388408	-9.63267	-9.24426
BLOCK00/SES009/SA009S12	SES148	0.143924	-9.10034	-9.24426
BLOCK00/SES009/SA009S12	SES177	1.02774	-8.21652	-9.24426
BLOCK00/SES009/SA009S12	SES292	0.833872	-8.41039	-9.24426
BLOCK00/SES009/SA009S15	SES007	1.49347	-7.08009	-8.57355
BLOCK00/SES009/SA009S15	SES099	-1.86466	-10.4382	-8.57355
BLOCK00/SES009/SA009S15	SES148	0.398426	-8.17513	-8.57355
BLOCK00/SES009/SA009S15	SES172	0.726327	-7.84723	-8.57355
BLOCK00/SES009/SA009S24	SES146	1.091	-8.29887	-9.38986
BLOCK00/SES009/SA009S24	SES148	-0.348745	-9.73861	-9.38986
BLOCK00/SES009/SA009S24	SES177	1.27846	-8.1114	-9.38986
BLOCK00/SES009/SA009S24	SES292	0.885545	-8.50432	-9.38986
BLOCK00/SES009/SA009S26	SES083	-0.639878	-9.44348	-8.8036
BLOCK00/SES009/SA009S26	SES101	-0.467115	-9.27072	-8.8036
BLOCK00/SES009/SA009S26	SES120	0.538896	-8.26471	-8.8036
BLOCK00/SES009/SA009S26	SES177	0.201883	-8.60172	-8.8036
BLOCK00/SES009/SA009S29	SES083	-0.190478	-8.98228	-8.7918
BLOCK00/SES009/SA009S29	SES101	0.0388794	-8.75292	-8.7918
BLOCK00/SES009/SA009S29	SES177	0.919893	-7.87191	-8.7918
BLOCK00/SES009/SA009S29	SES292	0.201473	-8.59033	-8.7918
BLOCK01/SES011/SA011S10	SES019	-2.29479	-12.7978	-10.503
BLOCK01/SES011/SA011S10	SES042	2.3438	-8.15918	-10.503
BLOCK01/SES011/SA011S10	SES082	0.900426	-9.60255	-10.503
BLOCK01/SES011/SA011S10	SES206	1.47754	-9.02543	-10.503
BLOCK01/SES011/SA011S11	SES019	-1.56551	-11.2753	-9.70979
BLOCK01/SES011/SA011S11	SES042	1.63801	-8.07178	-9.70979
BLOCK01/SES011/SA011S11	SES082	0.60539	-9.1044	-9.70979
BLOCK01/SES011/SA011S11	SES206	0.278522	-9.43127	-9.70979
BLOCK01/SES011/SA011S22	SES019	-0.908465	-10.866	-9.95757
BLOCK01/SES011/SA011S22	SES042	1.94155	-8.01602	-9.95757
BLOCK01/SES011/SA011S22	SES082	0.302456	-9.65512	-9.95757
BLOCK01/SES011/SA011S22	SES206	0.400961	-9.55661	-9.95757
BLOCK01/SES011/SA011S24	SES019	-1.8537	-11.1624	-9.30872
BLOCK01/SES011/SA011S24	SES042	2.3305	-6.97822	-9.30872
BLOCK01/SES011/SA011S24	SES104	1.48045	-7.82827	-9.30872
BLOCK01/SES011/SA011S24	SES206	1.13342	-8.1753	-9.30872
BLOCK01/SES011/SA011S27	SES082	1.11781	-8.12536	-9.24317
BLOCK01/SES011/SA011S27	SES087	-0.188413	-9.43158	-9.24317
BLOCK01/SES011/SA011S27	SES125	0.996163	-8.247	-9.24317
BLOCK01/SES011/SA011S27	SES206	0.66406	-8.57911	-9.24317
BLOCK01/SES012/SA012S11	SES007	1.28538	-6.9491	-8.23448
BLOCK01/SES012/SA012S11	SES082	1.01602	-7.21845	-8.23448
BLOCK01/SES012/SA012S11	SES083	0.184482	-8.04999	-8.23448
BLOCK01/SES012/SA012S11	SES206	0.646468	-7.58801	-8.23448
BLOCK01/SES012/SA012S14	SES082	1.2018	-8.44291	-9.64471
BLOCK01/SES012/SA012S14	SES087	0.0816317	-9.56308	-9.64471
BLOCK01/SES012/SA012S14	SES206	1.30107	-8.34364	-9.64471
BLOCK01/SES012/SA012S14	SES292	0.65719	-8.98752	-9.64471
BLOCK01/SES012/SA012S24	SES082	1.23917	-8.85284	-10.092
BLOCK01/SES012/SA012S24	SES087	0.343676	-9.74833	-10.092
BLOCK01/SES012/SA012S24	SES120	-0.362552	-10.4546	-10.092
BLOCK01/SES012/SA012S24	SES206	0.525358	-9.56665	-10.092
BLOCK01/SES012/SA012S26	SES019	-4.43471	-14.9782	-10.5435
BLOCK01/SES012/SA012S26	SES082	0.627343	-9.91617	-10.5435
BLOCK01/SES012/SA012S26	SES206	2.40454	-8.13897	-10.5435
BLOCK01/SES012/SA012S26	SES292	1.30112	-9.2424	-10.5435
BLOCK01/SES012/SA012S29	SES062	0.611938	-7.40123	-8.01317
BLOCK01/SES012/SA012S29	SES082	1.36166	-6.65151	-8.01317
BLOCK01/SES012/SA012S29	SES083	-0.106794	-8.11996	-8.01317
BLOCK01/SES012/SA012S29	SES206	1.3137	-6.69947	-8.01317
BLOCK01/SES013/SA013S16	SES062	-1.10121	-11.7227	-10.6214
BLOCK01/SES013/SA013S16	SES106	0.342271	-10.2792	-10.6214
BLOCK01/SES013/SA013S16	SES206	0.593884	-10.0276	-10.6214
BLOCK01/SES013/SA013S16	SES226	0.659488	-9.96195	-10.6214
BLOCK01/SES013/SA013S17	SES062	0.290835	-9.12308	-9.41392
BLOCK01/SES013/SA013S17	SES106	0.230515	-9.1834	-9.41392
BLOCK01/SES013/SA013S17	SES206	0.920887	-8.49303	-9.41392
BLOCK01/SES013/SA013S17	SES226	1.06383	-8.35009	-9.41392
BLOCK01/SES013/SA013S23	SES104	0.690147	-9.65079	-10.3409
BLOCK01/SES013/SA013S23	SES106	1.45606	-8.88487	-10.3409
BLOCK01/SES013/SA013S23	SES206	-0.569201	-10.9101	-10.3409
BLOCK01/SES013/SA013S23	SES270	0.888544	-9.45239	-10.3409
BLOCK01/SES013/SA013S25	SES042	-0.892561	-10.6358	-9.74326
BLOCK01/SES013/SA013S25	SES104	0.922111	-8.82115	-9.74326
BLOCK01/SES013/SA013S25	SES106	1.23814	-8.50512	-9.74326
BLOCK01/SES013/SA013S25	SES206	-0.411722	-10.155	-9.74326
BLOCK01/SES013/SA013S29	SES062	-1.27034	-11.1531	-9.88272
BLOCK01/SES013/SA013S29	SES104	0.134779	-9.74794	-9.88272
BLOCK01/SES013/SA013S29	SES106	0.907631	-8.97509	-9.88272
BLOCK01/SES013/SA013S29	SES206	-1.21051	-11.0932	-9.88272
BLOCK02/SES021/SA021S13	SES016	-0.657695	-9.74876	-9.09107
BLOCK02/SES021/SA021S13	SES029	0.324239	-8.76683	-9.09107
BLOCK02/SES021/SA021S13	SES087	-1.30329	-10.3944	-9.09107
BLOCK02/SES021/SA021S13	SES206	-0.668014	-9.75908	-9.09107
BLOCK02/SES021/SA021S15	SES087	0.347919	-8.31253	-8.66045
BLOCK02/SES021/SA021S15	SES125	0.0583773	-8.60208	-8.66045
BLOCK02/SES021/SA021S15	SES206	0.162294	-8.49816	-8.66045
BLOCK02/SES021/SA021S15	SES226	0.0251274	-8.63533	-8.66045
BLOCK02/SES021/SA021S23	SES062	-0.754432	-10.6353	-9.8809
BLOCK02/SES021/SA021S23	SES087	0.530586	-9.35031	-9.8809
BLOCK02/SES021/SA021S23	SES206	0.301369	-9.57953	-9.8809
BLOCK02/SES021/SA021S23	SES226	-0.010684	-9.89158	-9.8809
BLOCK02/SES021/SA021S27	SES002	0.836493	-7.87472	-8.71121
BLOCK02/SES021/SA021S27	SES016	-1.5798	-10.291	-8.71121
BLOCK02/SES021/SA021S27	SES019	-0.243197	-8.95441	-8.71121
BLOCK02/SES021/SA021S27	SES062	0.536059	-8.17515	-8.71121
BLOCK02/SES021/SA021S29	SES087	0.456678	-9.46686	-9.92354
BLOCK02/SES021/SA021S29	SES125	-0.437295	-10.3608	-9.92354
BLOCK02/SES021/SA021S29	SES206	1.3695	-8.55404	-9.92354
BLOCK02/SES021/SA021S29	SES226	0.509244	-9.4143	-9.92354
BLOCK04/SES043/SA043S09	SES083	1.26104	-8.64339	-9.90444
BLOCK04/SES043/SA043S09	SES101	1.08097	-8.82347	-9.90444
BLOCK04/SES043/SA043S09	SES144	1.4271	-8.47734	-9.90444
BLOCK04/SES043/SA043S09	SES172	0.229413	-9.67502	-9.90444
BLOCK04/SES043/SA043S11	SES083	1.69851	-7.23642	-8.93493
BLOCK04/SES043/SA043S11	SES101	1.36404	-7.57088	-8.93493
BLOCK04/SES043/SA043S11	SES144	1.82755	-7.10737	-8.93493
BLOCK04/SES043/SA043S11	SES172	0.938426	-7.9965	-8.93493
BLOCK04/SES043/SA043S23	SES083	1.45166	-7.8811	-9.33277
BLOCK04/SES043/SA043S23	SES144	1.4383	-7.89446	-9.33277
BLOCK04/SES043/SA043S23	SES177	0.828842	-8.50392	-9.33277
BLOCK04/SES043/SA043S23	SES275	0.746886	-8.58588	-9.33277
BLOCK04/SES043/SA043S26	SES083	0.586507	-9.50697	-10.0935
BLOCK04/SES043/SA043S26	SES101	0.837405	-9.25607	-10.0935
BLOCK04/SES043/SA043S26	SES144	0.97754	-9.11593	-10.0935
BLOCK04/SES043/SA043S26	SES177	0.253103	-9.84037	-10.0935
BLOCK04/SES043/SA043S28	SES016	-0.0564432	-9.3014	-9.24495
BLOCK04/SES043/SA043S28	SES083	1.11824	-8.12671	-9.24495
BLOCK04/SES043/SA043S28	SES101	0.938169	-8.30678	-9.24495
BLOCK04/SES043/SA043S28	SES144	0.88403	-8.36092	-9.24495
BLOCK04/SES044/SA044S10	SES127	-1.0802	-11.1177	-10.0375
BLOCK04/SES044/SA044S10	SES144	1.24329	-8.79425	-10.0375
BLOCK04/SES044/SA044S10	SES147	-1.19546	-11.233	-10.0375
BLOCK04/SES044/SA044S10	SES148	-1.09195	-11.1295	-10.0375
BLOCK04/SES044/SA044S11	SES101	1.00126	-8.17675	-9.17802
BLOCK04/SES044/SA044S11	SES144	1.44549	-7.73253	-9.17802
BLOCK04/SES044/SA044S11	SES147	0.128106	-9.04991	-9.17802
BLOCK04/SES044/SA044S11	SES177	0.340755	-8.83726	-9.17802
BLOCK04/SES044/SA044S24	SES007	-0.275405	-9.63735	-9.36194
BLOCK04/SES044/SA044S24	SES101	1.50297	-7.85897	-9.36194
BLOCK04/SES044/SA044S24	SES147	-0.0126448	-9.37459	-9.36194
BLOCK04/SES044/SA044S24	SES177	0.936582	-8.42536	-9.36194
BLOCK04/SES044/SA044S26	SES007	-0.362185	-8.76632	-8.40413
BLOCK04/SES044/SA044S26	SES016	0.489379	-7.91475	-8.40413
BLOCK04/SES044/SA044S26	SES101	0.570464	-7.83367	-8.40413
BLOCK04/SES044/SA044S26	SES147	0.734847	-7.66928	-8.40413
BLOCK04/SES044/SA044S29	SES007	-0.875579	-9.63283	-8.75725
BLOCK04/SES044/SA044S29	SES101	1.2993	-7.45795	-8.75725
BLOCK04/SES044/SA044S29	SES147	0.460929	-8.29632	-8.75725
BLOCK04/SES044/SA044S29	SES177	-0.549694	-9.30695	-8.75725
BLOCK04/SES046/SA046S13	SES101	1.38847	-9.0681	-10.4566
BLOCK04/SES046/SA046S13	SES144	1.55058	-8.90598	-10.4566
BLOCK04/SES046/SA046S13	SES147	-0.0461168	-10.5027	-10.4566
BLOCK04/SES046/SA046S13	SES177	0.636801	-9.81977	-10.4566
BLOCK04/SES046/SA046S15	SES048	1.70458	-6.7579	-8.46248
BLOCK04/SES046/SA046S15	SES083	1.42988	-7.0326	-8.46248
BLOCK04/SES046/SA046S15	SES120	-0.40353	-8.86601	-8.46248
BLOCK04/SES046/SA046S15	SES148	0.969851	-7.49263	-8.46248
BLOCK04/SES046/SA046S22	SES101	1.09238	-8.39121	-9.48359
BLOCK04/SES046/SA046S22	SES144	1.49828	-7.98531	-9.48359
BLOCK04/SES046/SA046S22	SES147	-0.0647478	-9.54834	-9.48359
BLOCK04/SES046/SA046S22	SES172	1.13667	-8.34692	-9.48359
BLOCK04/SES046/SA046S25	SES083	0.391545	-8.03796	-8.4295
BLOCK04/SES046/SA046S25	SES127	-0.0561295	-8.48563	-8.4295
BLOCK04/SES046/SA046S25	SES144	0.51711	-7.91239	-8.4295
BLOCK04/SES046/SA046S25	SES148	-0.264956	-8.69446	-8.4295
BLOCK04/SES046/SA046S28	SES007	0.499522	-8.48093	-8.98045
BLOCK04/SES046/SA046S28	SES105	0.454468	-8.52599	-8.98045
BLOCK04/SES046/SA046S28	SES147	0.797937	-8.18252	-8.98045
BLOCK04/SES046/SA046S28	SES148	-0.0173845	-8.99784	-8.98045
BLOCK04/SES049/SA049S16	SES104	0.930243	-9.92392	-10.8542
BLOCK04/SES049/SA049S16	SES106	-0.584025	-11.4382	-10.8542
BLOCK04/SES049/SA049S16	SES120	0.367813	-10.4863	-10.8542
BLOCK04/SES049/SA049S16	SES206	-0.0883999	-10.9426	-10.8542
BLOCK04/SES049/SA049S18	SES099	1.3133	-8.64251	-9.95581
BLOCK04/SES049/SA049S18	SES104	-0.0544071	-10.0102	-9.95581
BLOCK04/SES049/SA049S18	SES125	0.123175	-9.83264	-9.95581
BLOCK04/SES049/SA049S18	SES206	-0.324601	-10.2804	-9.95581
BLOCK04/SES049/SA049S25	SES087	-0.350798	-11.0212	-10.6705
BLOCK04/SES049/SA049S25	SES104	0.54516	-10.1253	-10.6705
BLOCK04/SES049/SA049S25	SES125	0.119233	-10.5512	-10.6705
BLOCK04/SES049/SA049S25	SES206	-0.0668716	-10.7373	-10.6705
BLOCK04/SES049/SA049S27	SES099	0.66717	-8.58796	-9.25513
BLOCK04/SES049/SA049S27	SES104	1.15351	-8.10162	-9.25513
BLOCK04/SES049/SA049S27	SES125	-0.311543	-9.56667	-9.25513
BLOCK04/SES049/SA049S27	SES206	-0.405776	-9.66091	-9.25513
BLOCK04/SES049/SA049S29	SES099	0.783419	-8.2638	-9.04722
BLOCK04/SES049/SA049S29	SES104	1.24973	-7.79748	-9.04722
BLOCK04/SES049/SA049S29	SES125	0.754043	-8.29317	-9.04722
BLOCK04/SES049/SA049S29	SES206	-0.187798	-9.23501	-9.04722
BLOCK06/SES063/SA063S09	SES068	-1.18422	-11.8866	-10.7024
BLOCK06/SES063/SA063S09	SES083	0.985161	-9.71722	-10.7024
BLOCK06/SES063/SA063S09	SES177	0.582717	-10.1197	-10.7024
BLOCK06/SES063/SA063S09	SES187	0.554462	-10.1479	-10.7024
BLOCK06/SES063/SA063S10	SES068	-0.764584	-10.417	-9.65245
BLOCK06/SES063/SA063S10	SES083	0.0270548	-9.62539	-9.65245
BLOCK06/SES063/SA063S10	SES172	-0.0293713	-9.68182	-9.65245
BLOCK06/SES063/SA063S10	SES187	-0.265924	-9.91837	-9.65245
BLOCK06/SES063/SA063S20	SES068	-1.43989	-11.6439	-10.204
BLOCK06/SES063/SA063S20	SES083	0.377018	-9.82697	-10.204
BLOCK06/SES063/SA063S20	SES172	0.464125	-9.73986	-10.204
BLOCK06/SES063/SA063S20	SES187	0.338796	-9.86519	-10.204
BLOCK06/SES063/SA063S24	SES029	-0.698678	-11.6585	-10.9598
BLOCK06/SES063/SA063S24	SES083	0.635186	-10.3246	-10.9598
BLOCK06/SES063/SA063S24	SES177	0.599734	-10.3601	-10.9598
BLOCK06/SES063/SA063S24	SES189	1.74969	-9.21014	-10.9598
BLOCK06/SES063/SA063S27	SES083	0.746168	-9.09239	-9.83856
BLOCK06/SES063/SA063S27	SES172	-0.497258	-10.3358	-9.83856
BLOCK06/SES063/SA063S27	SES187	0.386403	-9.45216	-9.83856
BLOCK06/SES063/SA063S27	SES292	0.313266	-9.52529	-9.83856
BLOCK06/SES067/SA067S12	SES083	0.00310326	-8.12136	-8.12447
BLOCK06/SES067/SA067S12	SES172	-0.634337	-8.7588	-8.12447
BLOCK06/SES067/SA067S12	SES202	0.247321	-7.87714	-8.12447
BLOCK06/SES067/SA067S12	SES292	-0.401625	-8.52609	-8.12447
BLOCK06/SES067/SA067S14	SES085	-0.503338	-7.41369	-6.91035
BLOCK06/SES067/SA067S14	SES177	-0.80121	-7.71156	-6.91035
BLOCK06/SES067/SA067S14	SES183	1.36609	-5.54426	-6.91035
BLOCK06/SES067/SA067S14	SES202	0.572595	-6.33776	-6.91035
BLOCK06/SES067/SA067S21	SES144	0.800723	-9.06392	-9.86465
BLOCK06/SES067/SA067S21	SES177	0.672012	-9.19263	-9.86465
BLOCK06/SES067/SA067S21	SES183	0.950074	-8.91457	-9.86465
BLOCK06/SES067/SA067S21	SES189	0.873195	-8.99145	-9.86465
BLOCK06/SES067/SA067S25	SES085	-0.581056	-9.00906	-8.428
BLOCK06/SES067/SA067S25	SES177	0.246816	-8.18119	-8.428
BLOCK06/SES067/SA067S25	SES183	0.550381	-7.87762	-8.428
BLOCK06/SES067/SA067S25	SES202	-0.289976	-8.71798	-8.428
BLOCK06/SES067/SA067S29	SES085	-1.46071	-10.7768	-9.31614
BLOCK06/SES067/SA067S29	SES177	-0.429397	-9.74554	-9.31614
BLOCK06/SES067/SA067S29	SES183	0.569803	-8.74634	-9.31614
BLOCK06/SES067/SA067S29	SES202	1.12154	-8.1946	-9.31614
BLOCK06/SES069/SA069S12	SES029	-0.194467	-8.79404	-8.59957
BLOCK06/SES069/SA069S12	SES082	0.450529	-8.14904	-8.59957
BLOCK06/SES069/SA069S12	SES087	0.0468273	-8.55275	-8.59957
BLOCK06/SES069/SA069S12	SES206	0.581304	-8.01827	-8.59957
BLOCK06/SES069/SA069S13	SES029	-0.705226	-9.15748	-8.45226
BLOCK06/SES069/SA069S13	SES087	-0.203839	-8.65609	-8.45226
BLOCK06/SES069/SA069S13	SES206	-0.459022	-8.91128	-8.45226
BLOCK06/SES069/SA069S13	SES226	1.22177	-7.23048	-8.45226
BLOCK06/SES069/SA069S23	SES029	0.986522	-7.04052	-8.02704
BLOCK06/SES069/SA069S23	SES087	0.946743	-7.0803	-8.02704
BLOCK06/SES069/SA069S23	SES206	0.235204	-7.79183	-8.02704
BLOCK06/SES069/SA069S23	SES226	0.929852	-7.09719	-8.02704
BLOCK06/SES069/SA069S25	SES087	0.0198126	-8.36754	-8.38735
BLOCK06/SES069/SA069S25	SES206	-1.04081	-9.42816	-8.38735
BLOCK06/SES069/SA069S25	SES226	0.768039	-7.61931	-8.38735
BLOCK06/SES069/SA069S25	SES270	-0.277928	-8.66528	-8.38735
BLOCK06/SES069/SA069S27	SES087	-0.22539	-9.49493	-9.26954
BLOCK06/SES069/SA069S27	SES206	0.583287	-8.68625	-9.26954
BLOCK06/SES069/SA069S27	SES226	1.25202	-8.01753	-9.26954
BLOCK06/SES069/SA069S27	SES270	0.660008	-8.60953	-9.26954
BLOCK08/SES081/SA081S11	SES060	0.225002	-9.20005	-9.42505
BLOCK08/SES081/SA081S11	SES062	0.847147	-8.5779	-9.42505
BLOCK08/SES081/SA081S11	SES117	-0.3417	-9.76675	-9.42505
BLOCK08/SES081/SA081S11	SES162	-0.19029	-9.61534	-9.42505
BLOCK08/SES081/SA081S13	SES016	0.860514	-7.38611	-8.24662
BLOCK08/SES081/SA081S13	SES060	1.03985	-7.20677	-8.24662
BLOCK08/SES081/SA081S13	SES068	0.673169	-7.57345	-8.24662
BLOCK08/SES081/SA081S13	SES129	0.213444	-8.03318	-8.24662
BLOCK08/SES081/SA081S24	SES060	1.13994	-7.78547	-8.92541
BLOCK08/SES081/SA081S24	SES068	1.0182	-7.90722	-8.92541
BLOCK08/SES081/SA081S24	SES117	-0.119101	-9.04451	-8.92541
BLOCK08/SES081/SA081S24	SES275	0.647141	-8.27827	-8.92541
BLOCK08/SES081/SA081S27	SES007	1.59616	-8.40549	-10.0016
BLOCK08/SES081/SA081S27	SES060	1.29225	-8.7094	-10.0016
BLOCK08/SES081/SA081S27	SES117	0.818046	-9.1836	-10.0016
BLOCK08/SES081/SA081S27	SES275	0.491656	-9.50999	-10.0016
BLOCK08/SES081/SA081S29	SES007	1.21355	-8.85457	-10.0681
BLOCK08/SES081/SA081S29	SES060	1.13137	-8.93675	-10.0681
BLOCK08/SES081/SA081S29	SES117	0.86545	-9.20268	-10.0681
BLOCK08/SES081/SA081S29	SES275	0.18416	-9.88397	-10.0681
BLOCK08/SES086/SA086S11	SES029	-0.945679	-11.7923	-10.8466
BLOCK08/SES086/SA086S11	SES082	-0.631225	-11.4778	-10.8466
BLOCK08/SES086/SA086S11	SES087	1.57937	-9.26724	-10.8466
BLOCK08/SES086/SA086S11	SES206	-0.133609	-10.9802	-10.8466
BLOCK08/SES086/SA086S12	SES029	-0.147315	-10.2639	-10.1166
BLOCK08/SES086/SA086S12	SES082	-0.0795879	-10.1962	-10.1166
BLOCK08/SES086/SA086S12	SES087	1.92639	-8.19024	-10.1166
BLOCK08/SES086/SA086S12	SES206	0.714692	-9.40193	-10.1166
BLOCK08/SES086/SA086S20	SES029	-0.290998	-10.2649	-9.97387
BLOCK08/SES086/SA086S20	SES082	0.663077	-9.31079	-9.97387
BLOCK08/SES086/SA086S20	SES087	1.95567	-8.0182	-9.97387
BLOCK08/SES086/SA086S20	SES206	0.9161	-9.05777	-9.97387
BLOCK08/SES086/SA086S24	SES087	2.15104	-9.14035	-11.2914
BLOCK08/SES086/SA086S24	SES104	1.04975	-10.2416	-11.2914
BLOCK08/SES086/SA086S24	SES120	1.20763	-10.0838	-11.2914
BLOCK08/SES086/SA086S24	SES206	1.50859	-9.78279	-11.2914
BLOCK08/SES086/SA086S28	SES029	-0.167332	-9.66603	-9.4987
BLOCK08/SES086/SA086S28	SES082	0.062706	-9.43599	-9.4987
BLOCK08/SES086/SA086S28	SES087	1.61384	-7.88485	-9.4987
BLOCK08/SES086/SA086S28	SES206	0.92905	-8.56964	-9.4987
BLOCK08/SES089/SA089S13	SES087	0.471902	-9.43295	-9.90485
BLOCK08/SES089/SA089S13	SES206	-0.335448	-10.2403	-9.90485
BLOCK08/SES089/SA089S13	SES226	0.0327492	-9.8721	-9.90485
BLOCK08/SES089/SA089S13	SES270	-0.335529	-10.2404	-9.90485
BLOCK08/SES089/SA089S14	SES062	-0.438208	-9.63326	-9.19506
BLOCK08/SES089/SA089S14	SES087	0.918923	-8.27613	-9.19506
BLOCK08/SES089/SA089S14	SES206	-0.481093	-9.67615	-9.19506
BLOCK08/SES089/SA089S14	SES226	-0.586473	-9.78153	-9.19506
BLOCK08/SES089/SA089S23	SES087	-0.255464	-10.9589	-10.7035
BLOCK08/SES089/SA089S23	SES206	-0.829198	-11.5327	-10.7035
BLOCK08/SES089/SA089S23	SES226	-0.499049	-11.2025	-10.7035
BLOCK08/SES089/SA089S23	SES270	-2.63058	-13.334	-10.7035
BLOCK08/SES089/SA089S25	SES062	0.522557	-9.32724	-9.8498
BLOCK08/SES089/SA089S25	SES087	1.15479	-8.69501	-9.8498
BLOCK08/SES089/SA089S25	SES206	-0.35481	-10.2046	-9.8498
BLOCK08/SES089/SA089S25	SES226	0.268257	-9.58154	-9.8498
BLOCK08/SES089/SA089S28	SES062	0.796222	-9.00559	-9.80181
BLOCK08/SES089/SA089S28	SES087	1.28303	-8.51878	-9.80181
BLOCK08/SES089/SA089S28	SES206	0.406881	-9.39493	-9.80181
BLOCK08/SES089/SA089S28	SES226	0.774358	-9.02745	-9.80181
BLOCK09/SES097/SA097S11	SES099	0.853436	-9.16025	-10.0137
BLOCK09/SES097/SA097S11	SES125	-0.545511	-10.5592	-10.0137
BLOCK09/SES097/SA097S11	SES206	-0.278031	-10.2917	-10.0137
BLOCK09/SES097/SA097S11	SES226	1.42767	-8.58602	-10.0137
BLOCK09/SES097/SA097S14	SES062	-1.26771	-10.4563	-9.18858
BLOCK09/SES097/SA097S14	SES099	-0.128137	-9.31672	-9.18858
BLOCK09/SES097/SA097S14	SES104	0.405683	-8.7829	-9.18858
BLOCK09/SES097/SA097S14	SES206	-0.873718	-10.0623	-9.18858
BLOCK09/SES097/SA097S22	SES099	0.894834	-8.83235	-9.72718
BLOCK09/SES097/SA097S22	SES206	-0.356284	-10.0835	-9.72718
BLOCK09/SES097/SA097S22	SES226	-0.0128012	-9.73999	-9.72718
BLOCK09/SES097/SA097S22	SES270	0.0400162	-9.68717	-9.72718
BLOCK09/SES097/SA097S26	SES099	1.3178	-9.05802	-10.3758
BLOCK09/SES097/SA097S26	SES120	0.141907	-10.2339	-10.3758
BLOCK09/SES097/SA097S26	SES206	-0.958229	-11.334	-10.3758
BLOCK09/SES097/SA097S26	SES226	1.29809	-9.07773	-10.3758
BLOCK09/SES097/SA097S28	SES099	1.29364	-7.9994	-9.29303
BLOCK09/SES097/SA097S28	SES120	0.417097	-8.87594	-9.29303
BLOCK09/SES097/SA097S28	SES206	-0.0885925	-9.38163	-9.29303
BLOCK09/SES097/SA097S28	SES226	0.728346	-8.56469	-9.29303
BLOCK09/SES098/SA098S11	SES127	0.734384	-8.11238	-8.84676
BLOCK09/SES098/SA098S11	SES144	1.01897	-7.82779	-8.84676
BLOCK09/SES098/SA098S11	SES147	0.993346	-7.85342	-8.84676
BLOCK09/SES098/SA098S11	SES148	-0.426389	-9.27315	-8.84676
BLOCK09/SES098/SA098S12	SES127	0.166345	-10.3649	-10.5312
BLOCK09/SES098/SA098S12	SES144	0.121271	-10.4099	-10.5312
BLOCK09/SES098/SA098S12	SES147	0.51946	-10.0118	-10.5312
BLOCK09/SES098/SA098S12	SES189	0.338914	-10.1923	-10.5312
BLOCK09/SES098/SA098S20	SES127	-0.723859	-10.6379	-9.91408
BLOCK09/SES098/SA098S20	SES147	0.0715809	-9.8425	-9.91408
BLOCK09/SES098/SA098S20	SES148	-2.7436	-12.6577	-9.91408
BLOCK09/SES098/SA098S20	SES292	0.712668	-9.20141	-9.91408
BLOCK09/SES098/SA098S23	SES127	-0.135877	-9.54085	-9.40498
BLOCK09/SES098/SA098S23	SES147	0.013279	-9.3917	-9.40498
BLOCK09/SES098/SA098S23	SES187	0.335524	-9.06945	-9.40498
BLOCK09/SES098/SA098S23	SES292	0.649076	-8.7559	-9.40498
BLOCK09/SES098/SA098S27	SES127	-0.800879	-10.4485	-9.64759
BLOCK09/SES098/SA098S27	SES147	-0.0421591	-9.68975	-9.64759
BLOCK09/SES098/SA098S27	SES148	-1.6069	-11.2545	-9.64759
BLOCK09/SES098/SA098S27	SES292	0.901507	-8.74609	-9.64759
BLOCK10/SES102/SA102S13	SES101	1.73651	-9.25344	-10.99
BLOCK10/SES102/SA102S13	SES105	0.172253	-10.8177	-10.99
BLOCK10/SES102/SA102S13	SES120	-0.691335	-11.6813	-10.99
BLOCK10/SES102/SA102S13	SES158	0.37126	-10.6187	-10.99
BLOCK10/SES102/SA102S14	SES007	2.1202	-6.28381	-8.40401
BLOCK10/SES102/SA102S14	SES101	1.62276	-6.78125	-8.40401
BLOCK10/SES102/SA102S14	SES105	1.2215	-7.18251	-8.40401
BLOCK10/SES102/SA102S14	SES147	0.134871	-8.26914	-8.40401
BLOCK10/SES102/SA102S22	SES007	0.267703	-8.54905	-8.81675
BLOCK10/SES102/SA102S22	SES101	1.11291	-7.70384	-8.81675
BLOCK10/SES102/SA102S22	SES105	0.710733	-8.10602	-8.81675
BLOCK10/SES102/SA102S22	SES158	-0.355104	-9.17186	-8.81675
BLOCK10/SES102/SA102S25	SES007	1.17145	-7.45999	-8.63144
BLOCK10/SES102/SA102S25	SES101	1.19988	-7.43156	-8.63144
BLOCK10/SES102/SA102S25	SES105	0.240083	-8.39135	-8.63144
BLOCK10/SES102/SA102S25	SES147	-0.551371	-9.18281	-8.63144
BLOCK10/SES102/SA102S27	SES007	1.23019	-8.05845	-9.28864
BLOCK10/SES102/SA102S27	SES101	1.66734	-7.6213	-9.28864
BLOCK10/SES102/SA102S27	SES105	-0.0297709	-9.31841	-9.28864
BLOCK10/SES102/SA102S27	SES147	-0.288683	-9.57732	-9.28864
BLOCK10/SES103/SA103S14	SES105	-0.129694	-10.2915	-10.1618
BLOCK10/SES103/SA103S14	SES106	-0.638132	-10.8	-10.1618
BLOCK10/SES103/SA103S14	SES120	-0.664878	-10.8267	-10.1618
BLOCK10/SES103/SA103S14	SES206	-0.0645018	-10.2263	-10.1618
BLOCK10/SES103/SA103S15	SES099	-0.763275	-11.7379	-10.9746
BLOCK10/SES103/SA103S15	SES101	-1.22208	-12.1967	-10.9746
BLOCK10/SES103/SA103S15	SES104	-0.0256224	-11.0002	-10.9746
BLOCK10/SES103/SA103S15	SES125	-0.720728	-11.6953	-10.9746
BLOCK10/SES103/SA103S24	SES104	-0.0784807	-9.77042	-9.69194
BLOCK10/SES103/SA103S24	SES125	-2.22466	-11.9166	-9.69194
BLOCK10/SES103/SA103S24	SES148	-1.10373	-10.7957	-9.69194
BLOCK10/SES103/SA103S24	SES158	-0.228857	-9.92079	-9.69194
BLOCK10/SES103/SA103S26	SES104	0.239233	-9.359	-9.59823
BLOCK10/SES103/SA103S26	SES106	-0.643502	-10.2417	-9.59823
BLOCK10/SES103/SA103S26	SES125	-0.560843	-10.1591	-9.59823
BLOCK10/SES103/SA103S26	SES148	-1.16566	-10.7639	-9.59823
BLOCK10/SES103/SA103S28	SES104	0.558278	-9.57319	-10.1315
BLOCK10/SES103/SA103S28	SES106	-1.18952	-11.321	-10.1315
BLOCK10/SES103/SA103S28	SES125	-1.31436	-11.4458	-10.1315
BLOCK10/SES103/SA103S28	SES206	-0.578218	-10.7097	-10.1315
BLOCK12/SES121/SA121S12	SES042	-0.301081	-10.0464	-9.74533
BLOCK12/SES121/SA121S12	SES087	0.285963	-9.45937	-9.74533
BLOCK12/SES121/SA121S12	SES105	0.668152	-9.07718	-9.74533
BLOCK12/SES121/SA121S12	SES206	0.511521	-9.23381	-9.74533
BLOCK12/SES121/SA121S14	SES007	0.623974	-12.7638	-13.3878
BLOCK12/SES121/SA121S14	SES105	-0.834659	-14.2225	-13.3878
BLOCK12/SES121/SA121S14	SES106	0.967571	-12.4202	-13.3878
BLOCK12/SES121/SA121S14	SES206	0.541954	-12.8458	-13.3878
BLOCK12/SES121/SA121S23	SES105	-0.121004	-13.0969	-12.9759
BLOCK12/SES121/SA121S23	SES106	0.486582	-12.4893	-12.9759
BLOCK12/SES121/SA121S23	SES120	1.11906	-11.8568	-12.9759
BLOCK12/SES121/SA121S23	SES206	1.62762	-11.3483	-12.9759
BLOCK12/SES121/SA121S25	SES007	1.44135	-12.2212	-13.6626
BLOCK12/SES121/SA121S25	SES105	-0.372096	-14.0347	-13.6626
BLOCK12/SES121/SA121S25	SES106	2.57686	-11.0857	-13.6626
BLOCK12/SES121/SA121S25	SES206	1.02526	-12.6373	-13.6626
BLOCK12/SES121/SA121S27	SES087	2.92174	-9.74219	-12.6639
BLOCK12/SES121/SA121S27	SES105	-1.61206	-14.276	-12.6639
BLOCK12/SES121/SA121S27	SES120	2.19495	-10.469	-12.6639
BLOCK12/SES121/SA121S27	SES206	1.04805	-11.6159	-12.6639
BLOCK12/SES124/SA124S16	SES042	0.904924	-6.96928	-7.87421
BLOCK12/SES124/SA124S16	SES082	0.327058	-7.54715	-7.87421
BLOCK12/SES124/SA124S16	SES183	-0.195628	-8.06983	-7.87421
BLOCK12/SES124/SA124S16	SES206	0.246632	-7.62757	-7.87421
BLOCK12/SES124/SA124S17	SES105	-0.21522	-9.44172	-9.2265
BLOCK12/SES124/SA124S17	SES149	0.525507	-8.701	-9.2265
BLOCK12/SES124/SA124S17	SES158	-0.350863	-9.57737	-9.2265
BLOCK12/SES124/SA124S17	SES275	-0.0747089	-9.30121	-9.2265
BLOCK12/SES124/SA124S23	SES105	-0.362055	-8.23876	-7.8767
BLOCK12/SES124/SA124S23	SES125	1.83872	-6.03799	-7.8767
BLOCK12/SES124/SA124S23	SES129	-0.795022	-8.67172	-7.8767
BLOCK12/SES124/SA124S23	SES158	0.458641	-7.41806	-7.8767
BLOCK12/SES124/SA124S26	SES105	-1.21035	-9.82095	-8.6106
BLOCK12/SES124/SA124S26	SES125	0.450231	-8.16037	-8.6106
BLOCK12/SES124/SA124S26	SES129	-1.1494	-9.76001	-8.6106
BLOCK12/SES124/SA124S26	SES158	0.101948	-8.50866	-8.6106
BLOCK12/SES124/SA124S28	SES104	1.00099	-7.31509	-8.31608
BLOCK12/SES124/SA124S28	SES106	0.359913	-7.95617	-8.31608
BLOCK12/SES124/SA124S28	SES125	1.23639	-7.07969	-8.31608
BLOCK12/SES124/SA124S28	SES275	0.0920534	-8.22403	-8.31608
BLOCK12/SES126/SA126S13	SES007	0.627009	-8.57376	-9.20077
BLOCK12/SES126/SA126S13	SES162	0.119898	-9.08087	-9.20077
BLOCK12/SES126/SA126S13	SES177	0.501658	-8.69911	-9.20077
BLOCK12/SES126/SA126S13	SES180	0.0261211	-9.17465	-9.20077
BLOCK12/SES126/SA126S14	SES144	0.826262	-8.01597	-8.84224
BLOCK12/SES126/SA126S14	SES148	-0.356911	-9.19915	-8.84224
BLOCK12/SES126/SA126S14	SES177	0.748692	-8.09354	-8.84224
BLOCK12/SES126/SA126S14	SES180	0.459833	-8.3824	-8.84224
BLOCK12/SES126/SA126S20	SES007	0.453962	-7.53158	-7.98554
BLOCK12/SES126/SA126S20	SES162	0.0753355	-7.9102	-7.98554
BLOCK12/SES126/SA126S20	SES172	-0.197538	-8.18308	-7.98554
BLOCK12/SES126/SA126S20	SES180	0.241374	-7.74416	-7.98554
BLOCK12/SES126/SA126S24	SES120	1.21651	-7.35004	-8.56655
BLOCK12/SES126/SA126S24	SES162	0.24303	-8.32352	-8.56655
BLOCK12/SES126/SA126S24	SES177	0.93628	-7.63027	-8.56655
BLOCK12/SES126/SA126S24	SES180	0.803099	-7.76345	-8.56655
BLOCK12/SES126/SA126S26	SES120	1.64301	-7.63922	-9.28223
BLOCK12/SES126/SA126S26	SES177	0.605013	-8.67721	-9.28223
BLOCK12/SES126/SA126S26	SES180	0.953173	-8.32905	-9.28223
BLOCK12/SES126/SA126S26	SES202	0.486218	-8.79601	-9.28223
BLOCK12/SES128/SA128S10	SES087	-0.503084	-10.1502	-9.64709
BLOCK12/SES128/SA128S10	SES206	0.813835	-8.83325	-9.64709
BLOCK12/SES128/SA128S10	SES226	1.32541	-8.32168	-9.64709
BLOCK12/SES128/SA128S10	SES270	1.11018	-8.53691	-9.64709
BLOCK12/SES128/SA128S12	SES120	1.40731	-8.24631	-9.65361
BLOCK12/SES128/SA128S12	SES158	1.25611	-8.3975	-9.65361
BLOCK12/SES128/SA128S12	SES206	1.35642	-8.2972	-9.65361
BLOCK12/SES128/SA128S12	SES226	0.327308	-9.32631	-9.65361
BLOCK12/SES128/SA128S21	SES106	0.65409	-8.85756	-9.51165
BLOCK12/SES128/SA128S21	SES120	0.790427	-8.72123	-9.51165
BLOCK12/SES128/SA128S21	SES206	0.951446	-8.56021	-9.51165
BLOCK12/SES128/SA128S21	SES226	1.70895	-7.80271	-9.51165
BLOCK12/SES128/SA128S24	SES087	0.607687	-9.36408	-9.97177
BLOCK12/SES128/SA128S24	SES120	0.919456	-9.05231	-9.97177
BLOCK12/SES128/SA128S24	SES206	1.0569	-8.91486	-9.97177
BLOCK12/SES128/SA128S24	SES226	0.245557	-9.72621	-9.97177
BLOCK12/SES128/SA128S27	SES099	1.81735	-7.52461	-9.34196
BLOCK12/SES128/SA128S27	SES120	1.84533	-7.49663	-9.34196
BLOCK12/SES128/SA128S27	SES206	1.3584	-7.98356	-9.34196
BLOCK12/SES128/SA128S27	SES226	1.14474	-8.19722	-9.34196
BLOCK13/SES130/SA130S13	SES143	0.902513	-9.26426	-10.1668
BLOCK13/SES130/SA130S13	SES144	1.39621	-8.77057	-10.1668
BLOCK13/SES130/SA130S13	SES146	-0.219079	-10.3859	-10.1668
BLOCK13/SES130/SA130S13	SES275	-1.42021	-11.587	-10.1668
BLOCK13/SES130/SA130S15	SES143	0.832287	-8.20017	-9.03246
BLOCK13/SES130/SA130S15	SES144	2.10015	-6.93231	-9.03246
BLOCK13/SES130/SA130S15	SES146	1.09635	-7.9361	-9.03246
BLOCK13/SES130/SA130S15	SES275	0.667361	-8.3651	-9.03246
BLOCK13/SES130/SA130S23	SES127	0.736156	-8.73387	-9.47002
BLOCK13/SES130/SA130S23	SES144	1.23884	-8.23118	-9.47002
BLOCK13/SES130/SA130S23	SES146	0.415274	-9.05475	-9.47002
BLOCK13/SES130/SA130S23	SES162	0.679193	-8.79083	-9.47002
BLOCK13/SES130/SA130S25	SES127	1.05527	-7.40525	-8.46052
BLOCK13/SES130/SA130S25	SES144	1.50085	-6.95967	-8.46052
BLOCK13/SES130/SA130S25	SES146	0.869826	-7.59069	-8.46052
BLOCK13/SES130/SA130S25	SES275	0.298011	-8.16251	-8.46052
BLOCK13/SES130/SA130S28	SES127	0.893979	-8.44733	-9.34131
BLOCK13/SES130/SA130S28	SES144	0.564271	-8.77703	-9.34131
BLOCK13/SES130/SA130S28	SES146	0.943333	-8.39797	-9.34131
BLOCK13/SES130/SA130S28	SES275	0.331504	-9.0098	-9.34131
BLOCK13/SES131/SA131S13	SES002	-0.0633793	-9.77755	-9.71417
BLOCK13/SES131/SA131S13	SES007	-0.138608	-9.85278	-9.71417
BLOCK13/SES131/SA131S13	SES099	0.871494	-8.84268	-9.71417
BLOCK13/SES131/SA131S13	SES105	0.0508699	-9.6633	-9.71417
BLOCK13/SES131/SA131S14	SES104	0.0697846	-7.34763	-7.41742
BLOCK13/SES131/SA131S14	SES106	-1.42717	-8.84459	-7.41742
BLOCK13/SES131/SA131S14	SES125	-0.589821	-8.00724	-7.41742
BLOCK13/SES131/SA131S14	SES148	0.962635	-6.45478	-7.41742
BLOCK13/SES131/SA131S20	SES104	-0.349934	-10.1202	-9.77023
BLOCK13/SES131/SA131S20	SES106	-0.582676	-10.3529	-9.77023
BLOCK13/SES131/SA131S20	SES125	-0.428382	-10.1986	-9.77023
BLOCK13/SES131/SA131S20	SES148	-0.534383	-10.3046	-9.77023
BLOCK13/SES131/SA131S22	SES099	0.962559	-7.4884	-8.45096
BLOCK13/SES131/SA131S22	SES104	0.567573	-7.88338	-8.45096
BLOCK13/SES131/SA131S22	SES125	0.978047	-7.47291	-8.45096
BLOCK13/SES131/SA131S22	SES206	0.55547	-7.89549	-8.45096
BLOCK13/SES131/SA131S29	SES087	-0.1061	-10.2258	-10.1197
BLOCK13/SES131/SA131S29	SES104	-0.549789	-10.6695	-10.1197
BLOCK13/SES131/SA131S29	SES125	-2.46645	-12.5862	-10.1197
BLOCK13/SES131/SA131S29	SES206	-0.779794	-10.8995	-10.1197
BLOCK13/SES132/SA132S11	SES083	-0.03473	-9.20839	-9.17366
BLOCK13/SES132/SA132S11	SES120	1.54557	-7.62809	-9.17366
BLOCK13/SES132/SA132S11	SES127	-0.513739	-9.6874	-9.17366
BLOCK13/SES132/SA132S11	SES275	-0.00645924	-9.18012	-9.17366
BLOCK13/SES132/SA132S12	SES083	-0.630889	-9.14609	-8.5152
BLOCK13/SES132/SA132S12	SES143	-1.00474	-9.51995	-8.5152
BLOCK13/SES132/SA132S12	SES144	0.292932	-8.22227	-8.5152
BLOCK13/SES132/SA132S12	SES148	-0.0658445	-8.58105	-8.5152
BLOCK13/SES132/SA132S22	SES062	0.703482	-8.51643	-9.21991
BLOCK13/SES132/SA132S22	SES083	-0.358911	-9.57882	-9.21991
BLOCK13/SES132/SA132S22	SES127	-0.220571	-9.44048	-9.21991
BLOCK13/SES132/SA132S22	SES275	0.432513	-8.7874	-9.21991
BLOCK13/SES132/SA132S24	SES007	0.957933	-7.62933	-8.58727
BLOCK13/SES132/SA132S24	SES083	-0.214949	-8.80221	-8.58727
BLOCK13/SES132/SA132S24	SES127	-0.656554	-9.24382	-8.58727
BLOCK13/SES132/SA132S24	SES275	0.278934	-8.30833	-8.58727
BLOCK13/SES132/SA132S27	SES083	-0.550913	-10.7819	-10.231
BLOCK13/SES132/SA132S27	SES120	2.10315	-8.12784	-10.231
BLOCK13/SES132/SA132S27	SES127	-2.13261	-12.3636	-10.231
BLOCK13/SES132/SA132S27	SES275	-0.351309	-10.5823	-10.231
BLOCK14/SES141/SA141S09	SES143	-0.158278	-8.04228	-7.884
BLOCK14/SES141/SA141S09	SES144	0.567019	-7.31698	-7.884
BLOCK14/SES141/SA141S09	SES162	0.0186772	-7.86533	-7.884
BLOCK14/SES141/SA141S09	SES180	0.153275	-7.73073	-7.884
BLOCK14/SES141/SA141S15	SES127	-0.781646	-9.4829	-8.70126
BLOCK14/SES141/SA141S15	SES144	-0.0294867	-8.73075	-8.70126
BLOCK14/SES141/SA141S15	SES162	-0.944697	-9.64596	-8.70126
BLOCK14/SES141/SA141S15	SES180	-0.209013	-8.91027	-8.70126
BLOCK14/SES141/SA141S24	SES127	-0.421171	-9.31999	-8.89882
BLOCK14/SES141/SA141S24	SES144	0.232224	-8.66659	-8.89882
BLOCK14/SES141/SA141S24	SES162	-0.212928	-9.11174	-8.89882
BLOCK14/SES141/SA141S24	SES183	-0.324809	-9.22362	-8.89882
BLOCK14/SES141/SA141S26	SES142	1.07578	-8.30164	-9.37742
BLOCK14/SES141/SA141S26	SES144	-0.0729246	-9.45034	-9.37742
BLOCK14/SES141/SA141S26	SES172	0.0471249	-9.33029	-9.37742
BLOCK14/SES141/SA141S26	SES180	0.209779	-9.16764	-9.37742
BLOCK14/SES141/SA141S29	SES127	0.296161	-8.00518	-8.30134
BLOCK14/SES141/SA141S29	SES142	1.37626	-6.92507	-8.30134
BLOCK14/SES141/SA141S29	SES144	0.491426	-7.80991	-8.30134
BLOCK14/SES141/SA141S29	SES180	0.681579	-7.61976	-8.30134
BLOCK15/SES157/SA157S08	SES083	0.181125	-8.03227	-8.2134
BLOCK15/SES157/SA157S08	SES127	-0.0590563	-8.27245	-8.2134
BLOCK15/SES157/SA157S08	SES148	0.602822	-7.61057	-8.2134
BLOCK15/SES157/SA157S08	SES292	-0.128165	-8.34156	-8.2134
BLOCK15/SES157/SA157S11	SES083	-0.173328	-9.30324	-9.12991
BLOCK15/SES157/SA157S11	SES127	0.0639486	-9.06596	-9.12991
BLOCK15/SES157/SA157S11	SES148	-0.573674	-9.70358	-9.12991
BLOCK15/SES157/SA157S11	SES292	-0.372674	-9.50258	-9.12991
BLOCK15/SES157/SA157S21	SES127	1.13812	-7.07265	-8.21077
BLOCK15/SES157/SA157S21	SES148	1.3934	-6.81736	-8.21077
BLOCK15/SES157/SA157S21	SES158	-2.15449	-10.3653	-8.21077
BLOCK15/SES157/SA157S21	SES292	0.276225	-7.93454	-8.21077
BLOCK15/SES157/SA157S24	SES127	0.110562	-8.60113	-8.71169
BLOCK15/SES157/SA157S24	SES148	-0.296872	-9.00856	-8.71169
BLOCK15/SES157/SA157S24	SES183	-0.452776	-9.16446	-8.71169
BLOCK15/SES157/SA157S24	SES292	-0.80987	-9.52156	-8.71169
BLOCK15/SES157/SA157S26	SES007	0.0951948	-8.23847	-8.33367
BLOCK15/SES157/SA157S26	SES127	0.1373	-8.19637	-8.33367
BLOCK15/SES157/SA157S26	SES147	0.246829	-8.08684	-8.33367
BLOCK15/SES157/SA157S26	SES148	-0.127192	-8.46086	-8.33367
BLOCK16/SES161/SA161S10	SES007	0.48245	-8.48525	-8.9677
BLOCK16/SES161/SA161S10	SES105	0.33798	-8.62972	-8.9677
BLOCK16/SES161/SA161S10	SES158	-0.134572	-9.10227	-8.9677
BLOCK16/SES161/SA161S10	SES275	0.570429	-8.39727	-8.9677
BLOCK16/SES161/SA161S12	SES007	0.412809	-10.9972	-11.41
BLOCK16/SES161/SA161S12	SES105	0.423808	-10.9862	-11.41
BLOCK16/SES161/SA161S12	SES158	1.10179	-10.3082	-11.41
BLOCK16/SES161/SA161S12	SES275	-1.22537	-12.6353	-11.41
BLOCK16/SES161/SA161S20	SES007	0.527968	-10.217	-10.7449
BLOCK16/SES161/SA161S20	SES105	-0.577598	-11.3225	-10.7449
BLOCK16/SES161/SA161S20	SES158	1.40798	-9.33697	-10.7449
BLOCK16/SES161/SA161S20	SES275	-0.924231	-11.6692	-10.7449
BLOCK16/SES161/SA161S23	SES007	-0.568028	-11.4012	-10.8331
BLOCK16/SES161/SA161S23	SES105	0.0193739	-10.8138	-10.8331
BLOCK16/SES161/SA161S23	SES148	-0.865149	-11.6983	-10.8331
BLOCK16/SES161/SA161S23	SES158	-1.00978	-11.8429	-10.8331
BLOCK16/SES161/SA161S28	SES007	0.946701	-9.76069	-10.7074
BLOCK16/SES161/SA161S28	SES105	-0.169863	-10.8773	-10.7074
BLOCK16/SES161/SA161S28	SES158	2.00955	-8.69784	-10.7074
BLOCK16/SES161/SA161S28	SES206	1.25368	-9.45371	-10.7074
BLOCK16/SES164/SA164S11	SES104	-0.134597	-9.26066	-9.12607
BLOCK16/SES164/SA164S11	SES125	0.818357	-8.30771	-9.12607
BLOCK16/SES164/SA164S11	SES158	0.133292	-8.99277	-9.12607
BLOCK16/SES164/SA164S11	SES206	-1.65591	-10.782	-9.12607
BLOCK16/SES164/SA164S13	SES099	-0.998023	-10.4092	-9.41121
BLOCK16/SES164/SA164S13	SES104	0.24419	-9.16702	-9.41121
BLOCK16/SES164/SA164S13	SES125	0.13324	-9.27797	-9.41121
BLOCK16/SES164/SA164S13	SES206	-1.36767	-10.7789	-9.41121
BLOCK16/SES164/SA164S24	SES002	1.37594	-7.62855	-9.00449
BLOCK16/SES164/SA164S24	SES099	0.354871	-8.64962	-9.00449
BLOCK16/SES164/SA164S24	SES125	0.424646	-8.57985	-9.00449
BLOCK16/SES164/SA164S24	SES226	1.44109	-7.56341	-9.00449
BLOCK16/SES164/SA164S27	SES087	-1.62763	-10.8308	-9.20314
BLOCK16/SES164/SA164S27	SES125	-0.0756044	-9.27875	-9.20314
BLOCK16/SES164/SA164S27	SES206	-2.26307	-11.4662	-9.20314
BLOCK16/SES164/SA164S27	SES226	0.593555	-8.60959	-9.20314
BLOCK16/SES164/SA164S29	SES002	1.09625	-8.2587	-9.35495
BLOCK16/SES164/SA164S29	SES019	0.0478535	-9.3071	-9.35495
BLOCK16/SES164/SA164S29	SES125	0.667014	-8.68794	-9.35495
BLOCK16/SES164/SA164S29	SES226	0.910106	-8.44485	-9.35495
BLOCK16/SES169/SA169S13	SES117	-0.00504208	-9.18658	-9.18154
BLOCK16/SES169/SA169S13	SES144	0.645437	-8.5361	-9.18154
BLOCK16/SES169/SA169S13	SES146	0.777956	-8.40358	-9.18154
BLOCK16/SES169/SA169S13	SES162	0.213196	-8.96834	-9.18154
BLOCK16/SES169/SA169S14	SES144	0.81863	-7.29231	-8.11094
BLOCK16/SES169/SA169S14	SES148	1.02771	-7.08324	-8.11094
BLOCK16/SES169/SA169S14	SES177	1.12607	-6.98488	-8.11094
BLOCK16/SES169/SA169S14	SES180	0.656457	-7.45449	-8.11094
BLOCK16/SES169/SA169S24	SES117	0.372613	-9.23159	-9.60421
BLOCK16/SES169/SA169S24	SES144	0.558272	-9.04593	-9.60421
BLOCK16/SES169/SA169S24	SES146	0.414165	-9.19004	-9.60421
BLOCK16/SES169/SA169S24	SES162	-0.0909443	-9.69515	-9.60421
BLOCK16/SES169/SA169S27	SES127	0.637305	-8.25727	-8.89457
BLOCK16/SES169/SA169S27	SES129	0.86236	-8.03221	-8.89457
BLOCK16/SES169/SA169S27	SES144	0.605996	-8.28858	-8.89457
BLOCK16/SES169/SA169S27	SES146	0.848355	-8.04622	-8.89457
BLOCK16/SES169/SA169S29	SES144	0.906649	-6.9455	-7.85215
BLOCK16/SES169/SA169S29	SES162	0.799028	-7.05312	-7.85215
BLOCK16/SES169/SA169S29	SES177	0.163431	-7.68872	-7.85215
BLOCK16/SES169/SA169S29	SES180	0.539727	-7.31243	-7.85215
BLOCK17/SES171/SA171S12	SES083	0.547832	-9.40334	-9.95117
BLOCK17/SES171/SA171S12	SES148	-0.834177	-10.7853	-9.95117
BLOCK17/SES171/SA171S12	SES172	-0.0657606	-10.0169	-9.95117
BLOCK17/SES171/SA171S12	SES292	-1.26209	-11.2133	-9.95117
BLOCK17/SES171/SA171S15	SES148	-0.843169	-9.53241	-8.68924
BLOCK17/SES171/SA171S15	SES177	-0.2912	-8.98044	-8.68924
BLOCK17/SES171/SA171S15	SES180	-1.87627	-10.5655	-8.68924
BLOCK17/SES171/SA171S15	SES292	-0.970996	-9.66024	-8.68924
BLOCK17/SES171/SA171S22	SES007	0.497729	-7.15398	-7.65171
BLOCK17/SES171/SA171S22	SES148	0.726698	-6.92501	-7.65171
BLOCK17/SES171/SA171S22	SES177	0.744704	-6.90701	-7.65171
BLOCK17/SES171/SA171S22	SES180	-0.433913	-8.08563	-7.65171
BLOCK17/SES171/SA171S25	SES101	0.144445	-9.3246	-9.46905
BLOCK17/SES171/SA171S25	SES120	-1.54296	-11.012	-9.46905
BLOCK17/SES171/SA171S25	SES177	0.454469	-9.01458	-9.46905
BLOCK17/SES171/SA171S25	SES180	-0.31242	-9.78147	-9.46905
BLOCK17/SES171/SA171S27	SES177	0.678062	-9.25581	-9.93388
BLOCK17/SES171/SA171S27	SES180	-1.28219	-11.2161	-9.93388
BLOCK17/SES171/SA171S27	SES189	0.899566	-9.03431	-9.93388
BLOCK17/SES171/SA171S27	SES292	-0.528998	-10.4629	-9.93388
BLOCK17/SES173/SA173S13	SES162	-0.962358	-9.79462	-8.83227
BLOCK17/SES173/SA173S13	SES177	0.0212698	-8.811	-8.83227
BLOCK17/SES173/SA173S13	SES180	-0.457603	-9.28987	-8.83227
BLOCK17/SES173/SA173S13	SES292	1.15661	-7.67565	-8.83227
BLOCK17/SES173/SA173S14	SES007	0.195585	-8.33076	-8.52635
BLOCK17/SES173/SA173S14	SES162	-1.34144	-9.86779	-8.52635
BLOCK17/SES173/SA173S14	SES177	-0.501021	-9.02737	-8.52635
BLOCK17/SES173/SA173S14	SES180	-0.49835	-9.0247	-8.52635
BLOCK17/SES173/SA173S24	SES144	-0.326279	-9.73978	-9.4135
BLOCK17/SES173/SA173S24	SES162	-0.790619	-10.2041	-9.4135
BLOCK17/SES173/SA173S24	SES177	0.825696	-8.58781	-9.4135
BLOCK17/SES173/SA173S24	SES180	-0.521792	-9.9353	-9.4135
BLOCK17/SES173/SA173S27	SES162	-1.54842	-11.2249	-9.67649
BLOCK17/SES173/SA173S27	SES177	0.42045	-9.25604	-9.67649
BLOCK17/SES173/SA173S27	SES180	0.366285	-9.3102	-9.67649
BLOCK17/SES173/SA173S27	SES292	1.5131	-8.16338	-9.67649
BLOCK17/SES173/SA173S29	SES162	-0.437299	-9.69474	-9.25744
BLOCK17/SES173/SA173S29	SES175	0.20307	-9.05437	-9.25744
BLOCK17/SES173/SA173S29	SES177	0.310923	-8.94652	-9.25744
BLOCK17/SES173/SA173S29	SES292	0.171463	-9.08598	-9.25744
BLOCK18/SES182/SA182S10	SES144	0.292493	-8.16375	-8.45625
BLOCK18/SES182/SA182S10	SES177	0.586092	-7.87015	-8.45625
BLOCK18/SES182/SA182S10	SES180	-0.377667	-8.83391	-8.45625
BLOCK18/SES182/SA182S10	SES275	0.490658	-7.96559	-8.45625
BLOCK18/SES182/SA182S12	SES144	0.665334	-7.68793	-8.35327
BLOCK18/SES182/SA182S12	SES177	0.313452	-8.03981	-8.35327
BLOCK18/SES182/SA182S12	SES180	-0.548632	-8.9019	-8.35327
BLOCK18/SES182/SA182S12	SES275	0.771576	-7.58169	-8.35327
BLOCK18/SES182/SA182S21	SES117	0.118602	-10.0982	-10.2168
BLOCK18/SES182/SA182S21	SES144	0.531606	-9.68515	-10.2168
BLOCK18/SES182/SA182S21	SES162	0.634287	-9.58247	-10.2168
BLOCK18/SES182/SA182S21	SES180	-0.622019	-10.8388	-10.2168
BLOCK18/SES182/SA182S23	SES117	0.161095	-10.2363	-10.3974
BLOCK18/SES182/SA182S23	SES144	-0.350177	-10.7475	-10.3974
BLOCK18/SES182/SA182S23	SES180	-1.28284	-11.6802	-10.3974
BLOCK18/SES182/SA182S23	SES275	-0.224569	-10.6219	-10.3974
BLOCK18/SES182/SA182S25	SES007	1.4294	-7.94259	-9.37199
BLOCK18/SES182/SA182S25	SES162	0.38036	-8.99163	-9.37199
BLOCK18/SES182/SA182S25	SES177	0.476048	-8.89594	-9.37199
BLOCK18/SES182/SA182S25	SES180	-0.646375	-10.0184	-9.37199
BLOCK18/SES184/SA184S12	SES177	-0.0418711	-8.71034	-8.66847
BLOCK18/SES184/SA184S12	SES180	1.0794	-7.58907	-8.66847
BLOCK18/SES184/SA184S12	SES189	-0.313374	-8.98185	-8.66847
BLOCK18/SES184/SA184S12	SES292	1.01668	-7.6518	-8.66847
BLOCK18/SES184/SA184S13	SES101	0.344807	-8.6337	-8.9785
BLOCK18/SES184/SA184S13	SES177	0.429519	-8.54899	-8.9785
BLOCK18/SES184/SA184S13	SES180	0.524425	-8.45408	-8.9785
BLOCK18/SES184/SA184S13	SES292	0.378169	-8.60034	-8.9785
BLOCK18/SES184/SA184S22	SES177	0.14171	-9.18112	-9.32283
BLOCK18/SES184/SA184S22	SES180	1.15553	-8.16729	-9.32283
BLOCK18/SES184/SA184S22	SES189	0.170186	-9.15264	-9.32283
BLOCK18/SES184/SA184S22	SES292	0.55603	-8.7668	-9.32283
BLOCK18/SES184/SA184S25	SES101	0.27125	-8.36333	-8.63458
BLOCK18/SES184/SA184S25	SES177	-0.190171	-8.82475	-8.63458
BLOCK18/SES184/SA184S25	SES180	0.929985	-7.70459	-8.63458
BLOCK18/SES184/SA184S25	SES292	0.582827	-8.05175	-8.63458
BLOCK18/SES184/SA184S27	SES083	0.43031	-8.25395	-8.68426
BLOCK18/SES184/SA184S27	SES177	0.553961	-8.1303	-8.68426
BLOCK18/SES184/SA184S27	SES202	0.447511	-8.23675	-8.68426
BLOCK18/SES184/SA184S27	SES292	0.252234	-8.43202	-8.68426
BLOCK20/SES204/SA204S12	SES062	0.795177	-7.86063	-8.6558
BLOCK20/SES204/SA204S12	SES083	-0.529541	-9.18534	-8.6558
BLOCK20/SES204/SA204S12	SES206	0.846428	-7.80937	-8.6558
BLOCK20/SES204/SA204S12	SES226	0.466822	-8.18898	-8.6558
BLOCK20/SES204/SA204S14	SES068	1.35259	-6.95968	-8.31227
BLOCK20/SES204/SA204S14	SES087	1.80634	-6.50594	-8.31227
BLOCK20/SES204/SA204S14	SES206	1.07174	-7.24053	-8.31227
BLOCK20/SES204/SA204S14	SES226	0.803883	-7.50839	-8.31227
BLOCK20/SES204/SA204S22	SES068	0.722006	-8.04462	-8.76663
BLOCK20/SES204/SA204S22	SES082	0.574135	-8.19249	-8.76663
BLOCK20/SES204/SA204S22	SES083	-0.560564	-9.32719	-8.76663
BLOCK20/SES204/SA204S22	SES206	0.838957	-7.92767	-8.76663
BLOCK20/SES204/SA204S25	SES062	1.03179	-7.63135	-8.66315
BLOCK20/SES204/SA204S25	SES083	-0.311133	-8.97428	-8.66315
BLOCK20/SES204/SA204S25	SES206	1.42791	-7.23523	-8.66315
BLOCK20/SES204/SA204S25	SES226	0.806749	-7.8564	-8.66315
BLOCK20/SES204/SA204S27	SES068	0.715109	-8.37828	-9.09339
BLOCK20/SES204/SA204S27	SES082	-0.410818	-9.5042	-9.09339
BLOCK20/SES204/SA204S27	SES087	1.33433	-7.75906	-9.09339
BLOCK20/SES204/SA204S27	SES206	-0.32515	-9.41854	-9.09339
BLOCK20/SES207/SA207S10	SES127	-1.19588	-9.44822	-8.25234
BLOCK20/SES207/SA207S10	SES183	-0.469831	-8.72217	-8.25234
BLOCK20/SES207/SA207S10	SES189	0.176409	-8.07593	-8.25234
BLOCK20/SES207/SA207S10	SES292	-0.637878	-8.89022	-8.25234
BLOCK20/SES207/SA207S11	SES127	-1.21601	-10.1809	-8.96492
BLOCK20/SES207/SA207S11	SES183	-1.13327	-10.0982	-8.96492
BLOCK20/SES207/SA207S11	SES187	-0.461368	-9.42628	-8.96492
BLOCK20/SES207/SA207S11	SES292	0.0361834	-8.92873	-8.96492
BLOCK20/SES207/SA207S25	SES068	0.247185	-9.34555	-9.59274
BLOCK20/SES207/SA207S25	SES083	-0.387286	-9.98002	-9.59274
BLOCK20/SES207/SA207S25	SES127	0.52911	-9.06363	-9.59274
BLOCK20/SES207/SA207S25	SES187	0.355575	-9.23716	-9.59274
BLOCK20/SES207/SA207S27	SES127	-0.260498	-9.79872	-9.53822
BLOCK20/SES207/SA207S27	SES183	-0.562988	-10.1012	-9.53822
BLOCK20/SES207/SA207S27	SES187	0.420564	-9.11766	-9.53822
BLOCK20/SES207/SA207S27	SES292	0.216962	-9.32126	-9.53822
BLOCK20/SES207/SA207S29	SES083	-0.765523	-9.79524	-9.02972
BLOCK20/SES207/SA207S29	SES085	0.175756	-8.85396	-9.02972
BLOCK20/SES207/SA207S29	SES172	0.631165	-8.39855	-9.02972
BLOCK20/SES207/SA207S29	SES189	-0.870089	-9.89981	-9.02972
BLOCK22/SES221/SA221S12	SES068	1.28211	-7.05578	-8.3379
BLOCK22/SES221/SA221S12	SES143	-0.0530167	-8.39091	-8.3379
BLOCK22/SES221/SA221S12	SES175	0.964676	-7.37322	-8.3379
BLOCK22/SES221/SA221S12	SES202	0.690767	-7.64713	-8.3379
BLOCK22/SES221/SA221S15	SES085	0.598152	-7.68126	-8.27941
BLOCK22/SES221/SA221S15	SES143	-0.0400476	-8.31946	-8.27941
BLOCK22/SES221/SA221S15	SES175	0.511314	-7.76809	-8.27941
BLOCK22/SES221/SA221S15	SES187	0.0678511	-8.21156	-8.27941
BLOCK22/SES221/SA221S23	SES068	1.55576	-6.88149	-8.43724
BLOCK22/SES221/SA221S23	SES143	0.0343752	-8.40287	-8.43724
BLOCK22/SES221/SA221S23	SES175	0.683496	-7.75375	-8.43724
BLOCK22/SES221/SA221S23	SES189	-0.052083	-8.48933	-8.43724
BLOCK22/SES221/SA221S27	SES085	1.73538	-7.39765	-9.13303
BLOCK22/SES221/SA221S27	SES143	0.390525	-8.74251	-9.13303
BLOCK22/SES221/SA221S27	SES175	0.641905	-8.49113	-9.13303
BLOCK22/SES221/SA221S27	SES189	0.325145	-8.80789	-9.13303
BLOCK22/SES221/SA221S29	SES085	2.07986	-6.81451	-8.89437
BLOCK22/SES221/SA221S29	SES143	0.793053	-8.10132	-8.89437
BLOCK22/SES221/SA221S29	SES175	1.28749	-7.60688	-8.89437
BLOCK22/SES221/SA221S29	SES187	0.800882	-8.09349	-8.89437
BLOCK22/SES223/SA223S11	SES143	0.264003	-8.74507	-9.00907
BLOCK22/SES223/SA223S11	SES144	-0.372453	-9.38153	-9.00907
BLOCK22/SES223/SA223S11	SES175	0.797744	-8.21133	-9.00907
BLOCK22/SES223/SA223S11	SES187	-0.154651	-9.16372	-9.00907
BLOCK22/SES223/SA223S13	SES068	1.18567	-7.66996	-8.85562
BLOCK22/SES223/SA223S13	SES143	-0.24342	-9.09904	-8.85562
BLOCK22/SES223/SA223S13	SES146	0.200725	-8.6549	-8.85562
BLOCK22/SES223/SA223S13	SES202	0.374531	-8.48109	-8.85562
BLOCK22/SES223/SA223S22	SES143	0.854852	-7.78057	-8.63542
BLOCK22/SES223/SA223S22	SES144	-0.32141	-8.95683	-8.63542
BLOCK22/SES223/SA223S22	SES175	0.768463	-7.86696	-8.63542
BLOCK22/SES223/SA223S22	SES187	-0.176953	-8.81237	-8.63542
BLOCK22/SES223/SA223S25	SES068	1.0071	-8.23337	-9.24047
BLOCK22/SES223/SA223S25	SES143	0.580524	-8.65995	-9.24047
BLOCK22/SES223/SA223S25	SES175	1.15839	-8.08208	-9.24047
BLOCK22/SES223/SA223S25	SES187	0.366899	-8.87357	-9.24047
BLOCK22/SES223/SA223S27	SES143	0.481253	-8.7938	-9.27505
BLOCK22/SES223/SA223S27	SES146	-0.528221	-9.80328	-9.27505
BLOCK22/SES223/SA223S27	SES187	-0.207144	-9.4822	-9.27505
BLOCK22/SES223/SA223S27	SES292	0.71002	-8.56503	-9.27505
BLOCK27/SES273/SA273S12	SES099	1.52379	-7.5513	-9.07509
BLOCK27/SES273/SA273S12	SES104	1.67397	-7.40112	-9.07509
BLOCK27/SES273/SA273S12	SES125	0.978054	-8.09703	-9.07509
BLOCK27/SES273/SA273S12	SES206	1.51097	-7.56412	-9.07509
BLOCK27/SES273/SA273S13	SES099	0.743515	-7.82859	-8.5721
BLOCK27/SES273/SA273S13	SES104	1.47634	-7.09576	-8.5721
BLOCK27/SES273/SA273S13	SES206	0.268791	-8.30331	-8.5721
BLOCK27/SES273/SA273S13	SES292	0.671331	-7.90077	-8.5721
BLOCK27/SES273/SA273S21	SES099	0.491033	-8.67159	-9.16263
BLOCK27/SES273/SA273S21	SES148	-0.357177	-9.5198	-9.16263
BLOCK27/SES273/SA273S21	SES149	-0.332322	-9.49495	-9.16263
BLOCK27/SES273/SA273S21	SES177	-0.47853	-9.64116	-9.16263
BLOCK27/SES273/SA273S25	SES104	1.83638	-8.26475	-10.1011
BLOCK27/SES273/SA273S25	SES125	1.35878	-8.74236	-10.1011
BLOCK27/SES273/SA273S25	SES158	2.15907	-7.94206	-10.1011
BLOCK27/SES273/SA273S25	SES206	1.3048	-8.79634	-10.1011
BLOCK27/SES273/SA273S27	SES099	0.95982	-7.20571	-8.16553
BLOCK27/SES273/SA273S27	SES104	1.10272	-7.06281	-8.16553
BLOCK27/SES273/SA273S27	SES149	0.617969	-7.54756	-8.16553
BLOCK27/SES273/SA273S27	SES275	0.35658	-7.80895	-8.16553
BLOCK27/SES274/SA274S10	SES105	-0.325747	-8.12839	-7.80264
BLOCK27/SES274/SA274S10	SES125	-0.527828	-8.33047	-7.80264
BLOCK27/SES274/SA274S10	SES129	0.986965	-6.81567	-7.80264
BLOCK27/SES274/SA274S10	SES158	-2.3127	-10.1153	-7.80264
BLOCK27/SES274/SA274S11	SES105	0.128364	-7.75978	-7.88815
BLOCK27/SES274/SA274S11	SES149	0.625732	-7.26241	-7.88815
BLOCK27/SES274/SA274S11	SES158	-0.115233	-8.00338	-7.88815
BLOCK27/SES274/SA274S11	SES275	0.719965	-7.16818	-7.88815
BLOCK27/SES274/SA274S21	SES105	0.483728	-7.8796	-8.36333
BLOCK27/SES274/SA274S21	SES129	1.48008	-6.88325	-8.36333
BLOCK27/SES274/SA274S21	SES149	-0.0473595	-8.41069	-8.36333
BLOCK27/SES274/SA274S21	SES158	-1.50866	-9.87199	-8.36333
BLOCK27/SES274/SA274S24	SES105	-0.0292549	-9.00444	-8.97519
BLOCK27/SES274/SA274S24	SES129	1.46332	-7.51187	-8.97519
BLOCK27/SES274/SA274S24	SES149	-0.725591	-9.70078	-8.97519
BLOCK27/SES274/SA274S24	SES158	-2.99832	-11.9735	-8.97519
BLOCK27/SES274/SA274S29	SES105	0.282476	-8.5102	-8.79268
BLOCK27/SES274/SA274S29	SES106	-0.42169	-9.21437	-8.79268
BLOCK27/SES274/SA274S29	SES120	0.574119	-8.21856	-8.79268
BLOCK27/SES274/SA274S29	SES275	0.818257	-7.97442	-8.79268
BLOCK27/SES276/SA276S16	SES148	0.832748	-7.5652	-8.39794
BLOCK27/SES276/SA276S16	SES172	1.28049	-7.11746	-8.39794
BLOCK27/SES276/SA276S16	SES180	0.668823	-7.72912	-8.39794
BLOCK27/SES276/SA276S16	SES292	0.94339	-7.45455	-8.39794
BLOCK27/SES276/SA276S17	SES101	0.361176	-8.46831	-8.82949
BLOCK27/SES276/SA276S17	SES177	-0.119651	-8.94914	-8.82949
BLOCK27/SES276/SA276S17	SES180	0.181941	-8.64755	-8.82949
BLOCK27/SES276/SA276S17	SES292	0.357655	-8.47183	-8.82949
BLOCK27/SES276/SA276S24	SES101	0.925969	-7.33834	-8.26431
BLOCK27/SES276/SA276S24	SES177	0.646165	-7.61815	-8.26431
BLOCK27/SES276/SA276S24	SES180	0.487286	-7.77702	-8.26431
BLOCK27/SES276/SA276S24	SES292	0.382036	-7.88227	-8.26431
BLOCK27/SES276/SA276S26	SES101	0.638455	-7.6021	-8.24056
BLOCK27/SES276/SA276S26	SES177	0.376447	-7.86411	-8.24056
BLOCK27/SES276/SA276S26	SES180	0.714746	-7.52581	-8.24056
BLOCK27/SES276/SA276S26	SES292	1.27148	-6.96907	-8.24056
BLOCK27/SES276/SA276S28	SES101	0.752392	-7.51243	-8.26482
BLOCK27/SES276/SA276S28	SES177	0.028492	-8.23633	-8.26482
BLOCK27/SES276/SA276S28	SES180	0.848701	-7.41612	-8.26482
BLOCK27/SES276/SA276S28	SES292	0.915162	-7.34966	-8.26482
BLOCK27/SES277/SA277S12	SES101	0.379068	-9.14483	-9.5239
BLOCK27/SES277/SA277S12	SES177	-0.983017	-10.5069	-9.5239
BLOCK27/SES277/SA277S12	SES180	-0.585153	-10.1091	-9.5239
BLOCK27/SES277/SA277S12	SES292	-0.200968	-9.72487	-9.5239
BLOCK27/SES277/SA277S14	SES177	0.383448	-9.83203	-10.2155
BLOCK27/SES277/SA277S14	SES180	-0.272036	-10.4875	-10.2155
BLOCK27/SES277/SA277S14	SES189	1.33228	-8.8832	-10.2155
BLOCK27/SES277/SA277S14	SES292	-0.262509	-10.478	-10.2155
BLOCK27/SES277/SA277S21	SES177	0.264215	-9.27779	-9.542
BLOCK27/SES277/SA277S21	SES180	-0.384323	-9.92632	-9.542
BLOCK27/SES277/SA277S21	SES189	0.623493	-8.91851	-9.542
BLOCK27/SES277/SA277S21	SES292	-0.948637	-10.4906	-9.542
BLOCK27/SES277/SA277S24	SES144	0.913909	-9.29179	-10.2057
BLOCK27/SES277/SA277S24	SES177	0.103803	-10.1019	-10.2057
BLOCK27/SES277/SA277S24	SES180	-0.987975	-11.1937	-10.2057
BLOCK27/SES277/SA277S24	SES189	1.26175	-8.94394	-10.2057
BLOCK27/SES277/SA277S29	SES177	0.403778	-7.51669	-7.92047
BLOCK27/SES277/SA277S29	SES180	0.788345	-7.13212	-7.92047
BLOCK27/SES277/SA277S29	SES202	1.14472	-6.77575	-7.92047
BLOCK27/SES277/SA277S29	SES292	0.239874	-7.68059	-7.92047
BLOCK27/SES279/SA279S09	SES120	0.761224	-7.6616	-8.42282
BLOCK27/SES279/SA279S09	SES146	0.471955	-7.95086	-8.42282
BLOCK27/SES279/SA279S09	SES206	1.07413	-7.34869	-8.42282
BLOCK27/SES279/SA279S09	SES226	0.471411	-7.95141	-8.42282
BLOCK27/SES279/SA279S10	SES099	0.590304	-8.31867	-8.90898
BLOCK27/SES279/SA279S10	SES206	0.0620642	-8.84691	-8.90898
BLOCK27/SES279/SA279S10	SES226	-0.638067	-9.54704	-8.90898
BLOCK27/SES279/SA279S10	SES292	1.31776	-7.59121	-8.90898
BLOCK27/SES279/SA279S20	SES099	-0.31682	-9.65942	-9.3426
BLOCK27/SES279/SA279S20	SES206	0.748768	-8.59383	-9.3426
BLOCK27/SES279/SA279S20	SES226	-0.442379	-9.78498	-9.3426
BLOCK27/SES279/SA279S20	SES292	0.921017	-8.42158	-9.3426
BLOCK27/SES279/SA279S26	SES099	1.07382	-8.54548	-9.61931
BLOCK27/SES279/SA279S26	SES206	0.971432	-8.64787	-9.61931
BLOCK27/SES279/SA279S26	SES226	0.156311	-9.46299	-9.61931
BLOCK27/SES279/SA279S26	SES292	1.74994	-7.86937	-9.61931
BLOCK27/SES279/SA279S28	SES099	0.736634	-7.58952	-8.32615
BLOCK27/SES279/SA279S28	SES120	0.683524	-7.64263	-8.32615
BLOCK27/SES279/SA279S28	SES177	-0.183745	-8.5099	-8.32615
BLOCK27/SES279/SA279S28	SES206	0.565249	-7.76091	-8.32615
BLOCK29/SES290/SA290S12	SES162	1.58301	-6.16415	-7.74716
BLOCK29/SES290/SA290S12	SES177	1.49097	-6.25619	-7.74716
BLOCK29/SES290/SA290S12	SES180	1.26326	-6.4839	-7.74716
BLOCK29/SES290/SA290S12	SES292	1.04437	-6.70279	-7.74716
BLOCK29/SES290/SA290S13	SES007	1.60122	-6.58506	-8.18628
BLOCK29/SES290/SA290S13	SES162	0.528811	-7.65746	-8.18628
BLOCK29/SES290/SA290S13	SES177	0.731048	-7.45523	-8.18628
BLOCK29/SES290/SA290S13	SES180	1.35697	-6.82931	-8.18628
BLOCK29/SES290/SA290S22	SES177	0.543334	-7.41935	-7.96268
BLOCK29/SES290/SA290S22	SES180	0.520456	-7.44222	-7.96268
BLOCK29/SES290/SA290S22	SES202	0.693561	-7.26912	-7.96268
BLOCK29/SES290/SA290S22	SES292	0.842983	-7.1197	-7.96268
BLOCK29/SES290/SA290S25	SES162	0.906418	-7.21189	-8.11831
BLOCK29/SES290/SA290S25	SES177	0.768847	-7.34946	-8.11831
BLOCK29/SES290/SA290S25	SES180	0.702836	-7.41548	-8.11831
BLOCK29/SES290/SA290S25	SES292	0.827526	-7.29079	-8.11831
BLOCK29/SES290/SA290S29	SES177	1.08889	-6.75486	-7.84375
BLOCK29/SES290/SA290S29	SES180	1.51972	-6.32403	-7.84375
BLOCK29/SES290/SA290S29	SES275	0.966197	-6.87755	-7.84375
BLOCK29/SES290/SA290S29	SES292	1.04458	-6.79917	-7.84375
BLOCK29/SES291/SA291S11	SES105	-0.0914421	-9.48236	-9.39091
BLOCK29/SES291/SA291S11	SES125	0.00191975	-9.38899	-9.39091
BLOCK29/SES291/SA291S11	SES158	0.871147	-8.51977	-9.39091
BLOCK29/SES291/SA291S11	SES275	0.22998	-9.16093	-9.39091
BLOCK29/SES291/SA291S12	SES158	1.9087	-7.28521	-9.1939
BLOCK29/SES291/SA291S12	SES226	0.556701	-8.6372	-9.1939
BLOCK29/SES291/SA291S12	SES270	1.19518	-7.99872	-9.1939
BLOCK29/SES291/SA291S12	SES275	-0.538051	-9.73195	-9.1939
BLOCK29/SES291/SA291S22	SES082	0.562656	-8.27612	-8.83878
BLOCK29/SES291/SA291S22	SES158	0.973981	-7.86479	-8.83878
BLOCK29/SES291/SA291S22	SES259	0.307307	-8.53147	-8.83878
BLOCK29/SES291/SA291S22	SES275	-0.400461	-9.23924	-8.83878
BLOCK29/SES291/SA291S24	SES104	1.74625	-7.09775	-8.84399
BLOCK29/SES291/SA291S24	SES125	1.0779	-7.76609	-8.84399
BLOCK29/SES291/SA291S24	SES158	1.38226	-7.46174	-8.84399
BLOCK29/SES291/SA291S24	SES275	-0.0261068	-8.8701	-8.84399
BLOCK29/SES291/SA291S27	SES158	1.56	-7.08714	-8.64714
BLOCK29/SES291/SA291S27	SES172	-0.724674	-9.37181	-8.64714
BLOCK29/SES291/SA291S27	SES275	-0.0914431	-8.73858	-8.64714
BLOCK29/SES291/SA291S27	SES292	0.955396	-7.69174	-8.64714
Threshold search:
THR	-4.43471912337	9	0(0)	1(1000)
THR	-4.3434853321363	8.991	0(0)	0.999(999)
THR	-4.2522515409026	8.991	0(0)	0.999(999)
THR	-4.1610177496689	8.991	0(0)	0.999(999)
THR	-4.0697839584352	8.991	0(0)	0.999(999)
THR	-3.9785501672015	8.991	0(0)	0.999(999)
THR	-3.8873163759678	8.991	0(0)	0.999(999)
THR	-3.7960825847341	8.991	0(0)	0.999(999)
THR	-3.7048487935004	8.991	0(0)	0.999(999)
THR	-3.6136150022667	8.991	0(0)	0.999(999)
THR	-3.522381211033	8.991	0(0)	0.999(999)
THR	-3.4311474197993	8.991	0(0)	0.999(999)
THR	-3.3399136285656	8.991	0(0)	0.999(999)
THR	-3.2486798373319	8.991	0(0)	0.999(999)
THR	-3.1574460460982	8.991	0(0)	0.999(999)
THR	-3.0662122548645	8.991	0(0)	0.999(999)
THR	-2.9749784636308	8.982	0(0)	0.998(998)
THR	-2.8837446723971	8.982	0(0)	0.998(998)
THR	-2.7925108811634	8.982	0(0)	0.998(998)
THR	-2.7012770899297	8.973	0(0)	0.997(997)
THR	-2.610043298696	8.964	0(0)	0.996(996)
THR	-2.5188095074623	8.964	0(0)	0.996(996)
THR	-2.4275757162286	8.955	0(0)	0.995(995)
THR	-2.3363419249949	8.955	0(0)	0.995(995)
THR	-2.2451081337612	8.919	0(0)	0.991(991)
THR	-2.15387434252751	8.901	0(0)	0.989(989)
THR	-2.06264055129381	8.892	0(0)	0.988(988)
THR	-1.97140676006011	8.892	0(0)	0.988(988)
THR	-1.88017296882641	8.892	0(0)	0.988(988)
THR	-1.78893917759271	8.856	0(0)	0.984(984)
THR	-1.69770538635901	8.856	0(0)	0.984(984)
THR	-1.60647159512531	8.82	0(0)	0.98(980)
THR	-1.51523780389161	8.784	0(0)	0.976(976)
THR	-1.42400401265791	8.739	0(0)	0.971(971)
THR	-1.33277022142421	8.712	0(0)	0.968(968)
THR	-1.24153643019051	8.64	0(0)	0.96(960)
THR	-1.15030263895681	8.523	0(0)	0.947(947)
THR	-1.05906884772311	8.469	0(0)	0.941(941)
THR	-0.967835056489405	8.388	0(0)	0.932(932)
THR	-0.876601265255705	8.316	0(0)	0.924(924)
THR	-0.785367474022005	8.199	0(0)	0.911(911)
THR	-0.694133682788305	8.073	0(0)	0.897(897)
THR	-0.602899891554605	7.92	0(0)	0.88(880)
THR	-0.511666100320905	7.641	0(0)	0.849(849)
THR	-0.420432309087205	7.398	0(0)	0.822(822)
THR	-0.329198517853505	7.074	0(0)	0.786(786)
THR	-0.237964726619805	6.759	0(0)	0.751(751)
THR	-0.146730935386105	6.453	0(0)	0.717(717)
THR	-0.055497144152405	6.147	0(0)	0.683(683)
THR	0.035736647081295	5.823	0(0)	0.647(647)
THR	0.126970438314995	5.571	0(0)	0.619(619)
THR	0.218204229548695	5.247	0(0)	0.583(583)
THR	0.309438020782395	4.86	0(0)	0.54(540)
THR	0.400671812016095	4.437	0(0)	0.493(493)
THR	0.491905603249795	4.032	0(0)	0.448(448)
THR	0.583139394483495	3.573	0(0)	0.397(397)
THR	0.674373185717195	3.1	0.004(1)	0.344(344)
THR	0.765606976950895	2.784	0.012(3)	0.308(308)
THR	0.856840768184595	2.414	0.02(5)	0.266(266)
THR	0.948074559418295	1.995	0.024(6)	0.219(219)
THR	1.03930835065199	1.678	0.04(10)	0.182(182)
THR	1.13054214188569	1.398	0.048(12)	0.15(150)
THR	1.22177593311939	1.236	0.084(21)	0.128(128)
THR	1.31300972435309	1.036	0.136(34)	0.1(100)
THR	1.40424351558679	0.865	0.172(43)	0.077(77)
THR	1.49547730682049	0.7	0.196(49)	0.056(56)
THR	1.58671109805419	0.654	0.276(69)	0.042(42)
THR	1.67794488928789	0.653	0.356(89)	0.033(33)
THR	1.76917868052159	0.636	0.42(105)	0.024(24)
THR	1.8604124717553	0.65	0.488(122)	0.018(18)
THR	1.951646262989	0.678	0.552(138)	0.014(14)
THR	2.0428800542227	0.748	0.64(160)	0.012(12)
THR	2.13411384545639	0.812	0.74(185)	0.008(8)
THR	2.22534763669009	0.821	0.776(194)	0.005(5)
THR	2.31658142792379	0.853	0.808(202)	0.005(5)
THR	2.40781521915749	0.862	0.844(211)	0.002(2)
THR	2.49904901039119	0.878	0.86(215)	0.002(2)
THR	2.59028280162489	0.881	0.872(218)	0.001(1)
THR	2.68151659285859	0.905	0.896(224)	0.001(1)
THR	2.77275038409229	0.925	0.916(229)	0.001(1)
THR	2.86398417532599	0.937	0.928(232)	0.001(1)
THR	2.95521796655969	0.94	0.94(235)	0(0)
THR	3.04645175779339	0.944	0.944(236)	0(0)
THR	3.13768554902709	0.964	0.964(241)	0(0)
THR	3.22891934026079	0.972	0.972(243)	0(0)
THR	3.32015313149449	0.98	0.98(245)	0(0)
THR	3.41138692272819	0.984	0.984(246)	0(0)
THR	3.50262071396189	0.984	0.984(246)	0(0)
THR	3.59385450519559	0.988	0.988(247)	0(0)
THR	3.68508829642929	0.988	0.988(247)	0(0)
THR	3.77632208766299	0.992	0.992(248)	0(0)
THR	3.86755587889669	0.992	0.992(248)	0(0)
THR	3.95878967013039	0.992	0.992(248)	0(0)
THR	4.05002346136409	0.992	0.992(248)	0(0)
THR	4.14125725259779	0.992	0.992(248)	0(0)
THR	4.23249104383149	0.996	0.996(249)	0(0)
THR	4.32372483506519	0.996	0.996(249)	0(0)
THR	4.41495862629889	0.996	0.996(249)	0(0)
THR	4.50619241753259	0.996	0.996(249)	0(0)
THR	4.59742620876629	0.996	0.996(249)	0(0)
THR	4.68865999999999	0.996	0.996(249)	0(0)
THR	4.77989379123369	1	1(250)	0(0)


==============================================
THR: 1.76917868052159
Missed:     105/250=0.4200
FalseAlarm: 24/1000=0.0240
----------------------------------------------
==> CostDetection: 63.6
==============================================
