BLOCK00/SES002/SA002S12	SES002	0.816345	-53.3924	-54.2087
BLOCK00/SES002/SA002S13	SES002	1.75185	-53.1225	-54.8743
BLOCK00/SES002/SA002S23	SES002	1.3092	-52.7853	-54.0945
BLOCK00/SES002/SA002S26	SES002	1.56918	-52.7109	-54.2801
BLOCK00/SES002/SA002S28	SES002	0.913002	-53.9398	-54.8529
BLOCK00/SES007/SA007S14	SES007	1.50997	-52.5792	-54.0892
BLOCK00/SES007/SA007S15	SES007	0.516212	-54.5903	-55.1065
BLOCK00/SES007/SA007S24	SES007	1.01553	-53.9734	-54.9889
BLOCK00/SES007/SA007S27	SES007	0.551907	-54.6393	-55.1912
BLOCK00/SES007/SA007S29	SES007	0.516163	-53.6744	-54.1906
BLOCK00/SES008/SA008S11	SES008	1.05645	-54.3726	-55.4291
BLOCK00/SES008/SA008S12	SES008	0.519146	-54.7747	-55.2939
BLOCK00/SES008/SA008S19	SES008	1.93028	-53.1116	-55.0419
BLOCK00/SES008/SA008S22	SES008	1.07725	-54.5461	-55.6234
BLOCK00/SES008/SA008S29	SES008	1.19773	-53.2018	-54.3995
BLOCK01/SES014/SA014S10	SES014	1.94551	-53.336	-55.2816
BLOCK01/SES014/SA014S12	SES014	2.66993	-51.0511	-53.721
BLOCK01/SES014/SA014S24	SES014	0.97197	-53.4076	-54.3795
BLOCK01/SES014/SA014S26	SES014	2.11774	-50.8352	-52.9529
BLOCK01/SES014/SA014S28	SES014	2.48499	-51.0144	-53.4994
BLOCK01/SES016/SA016S12	SES016	1.43209	-55.6339	-57.066
BLOCK01/SES016/SA016S13	SES016	1.202	-54.9741	-56.1761
BLOCK01/SES016/SA016S22	SES016	0.975868	-55.3527	-56.3286
BLOCK01/SES016/SA016S25	SES016	1.35544	-52.8787	-54.2342
BLOCK01/SES016/SA016S27	SES016	1.13684	-52.9138	-54.0507
BLOCK01/SES019/SA019S13	SES019	2.84801	-53.7795	-56.6275
BLOCK01/SES019/SA019S14	SES019	1.81606	-53.8055	-55.6216
BLOCK01/SES019/SA019S22	SES019	2.61144	-53.4576	-56.069
BLOCK01/SES019/SA019S25	SES019	2.14008	-54.0975	-56.2376
BLOCK01/SES019/SA019S29	SES019	3.27515	-53.3923	-56.6674
BLOCK02/SES029/SA029S11	SES029	1.21753	-53.966	-55.1835
BLOCK02/SES029/SA029S12	SES029	0.522137	-54.1843	-54.7064
BLOCK02/SES029/SA029S20	SES029	0.644348	-55.0681	-55.7125
BLOCK02/SES029/SA029S25	SES029	0.528736	-54.201	-54.7297
BLOCK02/SES029/SA029S28	SES029	0.529583	-54.4893	-55.0189
BLOCK04/SES042/SA042S12	SES042	1.71383	-51.9515	-53.6653
BLOCK04/SES042/SA042S15	SES042	1.72964	-52.7686	-54.4983
BLOCK04/SES042/SA042S22	SES042	2.79396	-50.2786	-53.0726
BLOCK04/SES042/SA042S25	SES042	1.819	-52.7635	-54.5825
BLOCK04/SES042/SA042S27	SES042	1.84632	-51.3332	-53.1795
BLOCK04/SES048/SA048S11	SES048	1.00076	-53.1531	-54.1539
BLOCK04/SES048/SA048S12	SES048	0.694954	-53.2771	-53.9721
BLOCK04/SES048/SA048S20	SES048	0.579178	-53.3053	-53.8845
BLOCK04/SES048/SA048S23	SES048	1.04042	-53.5443	-54.5848
BLOCK04/SES048/SA048S27	SES048	1.12486	-52.4349	-53.5598
BLOCK06/SES060/SA060S11	SES060	1.32015	-53.8709	-55.191
BLOCK06/SES060/SA060S12	SES060	-0.499767	-55.5198	-55.02
BLOCK06/SES060/SA060S22	SES060	-0.103504	-56.1592	-56.0557
BLOCK06/SES060/SA060S24	SES060	1.0078	-53.59	-54.5978
BLOCK06/SES060/SA060S28	SES060	0.975956	-51.7328	-52.7087
BLOCK06/SES062/SA062S10	SES062	0.559265	-53.8177	-54.3769
BLOCK06/SES062/SA062S11	SES062	1.17413	-53.8987	-55.0728
BLOCK06/SES062/SA062S21	SES062	1.69478	-50.7161	-52.4109
BLOCK06/SES062/SA062S26	SES062	0.833187	-52.7109	-53.5441
BLOCK06/SES062/SA062S29	SES062	1.37784	-52.2121	-53.5899
BLOCK06/SES068/SA068S14	SES068	0.346409	-54.164	-54.5104
BLOCK06/SES068/SA068S15	SES068	1.23485	-52.7509	-53.9858
BLOCK06/SES068/SA068S23	SES068	0.854458	-54.5957	-55.4501
BLOCK06/SES068/SA068S27	SES068	1.49773	-52.6226	-54.1204
BLOCK06/SES068/SA068S29	SES068	0.745155	-53.5018	-54.2469
BLOCK08/SES082/SA082S12	SES082	0.346901	-54.692	-55.0389
BLOCK08/SES082/SA082S14	SES082	0.0629463	-55.3428	-55.4057
BLOCK08/SES082/SA082S21	SES082	0.499149	-54.4963	-54.9955
BLOCK08/SES082/SA082S24	SES082	0.266926	-54.0792	-54.3461
BLOCK08/SES082/SA082S28	SES082	0.593117	-54.3752	-54.9683
BLOCK08/SES083/SA083S14	SES083	-0.27668	-54.9786	-54.7019
BLOCK08/SES083/SA083S15	SES083	0.100159	-54.4167	-54.5168
BLOCK08/SES083/SA083S24	SES083	0.361782	-54.4117	-54.7735
BLOCK08/SES083/SA083S26	SES083	0.515244	-54.2924	-54.8076
BLOCK08/SES083/SA083S29	SES083	0.132381	-54.0648	-54.1972
BLOCK08/SES085/SA085S10	SES085	0.325127	-54.1952	-54.5203
BLOCK08/SES085/SA085S13	SES085	0.383812	-55.1565	-55.5403
BLOCK08/SES085/SA085S22	SES085	-1.64326	-56.2603	-54.617
BLOCK08/SES085/SA085S26	SES085	-0.0621605	-54.575	-54.5128
BLOCK08/SES085/SA085S28	SES085	0.673225	-54.1982	-54.8714
BLOCK08/SES087/SA087S15	SES087	1.45601	-53.5394	-54.9954
BLOCK08/SES087/SA087S16	SES087	1.32658	-53.6622	-54.9887
BLOCK08/SES087/SA087S24	SES087	1.68954	-52.8715	-54.561
BLOCK08/SES087/SA087S26	SES087	1.10995	-52.4571	-53.5671
BLOCK08/SES087/SA087S29	SES087	1.32572	-53.7292	-55.0549
BLOCK09/SES099/SA099S15	SES099	1.35556	-54.373	-55.7286
BLOCK09/SES099/SA099S16	SES099	1.19913	-53.8199	-55.0191
BLOCK09/SES099/SA099S24	SES099	1.19745	-53.6476	-54.845
BLOCK09/SES099/SA099S26	SES099	1.19138	-53.6957	-54.887
BLOCK09/SES099/SA099S29	SES099	1.36756	-53.6569	-55.0245
BLOCK10/SES101/SA101S11	SES101	0.213074	-53.7869	-53.9999
BLOCK10/SES101/SA101S13	SES101	1.39956	-52.526	-53.9256
BLOCK10/SES101/SA101S22	SES101	0.934479	-54.4414	-55.3759
BLOCK10/SES101/SA101S24	SES101	0.838524	-53.8495	-54.688
BLOCK10/SES101/SA101S28	SES101	-0.000865936	-55.3467	-55.3459
BLOCK10/SES104/SA104S11	SES104	1.13269	-52.6659	-53.7985
BLOCK10/SES104/SA104S12	SES104	1.24835	-52.6973	-53.9457
BLOCK10/SES104/SA104S21	SES104	1.03472	-53.3102	-54.345
BLOCK10/SES104/SA104S24	SES104	0.829002	-53.6907	-54.5197
BLOCK10/SES104/SA104S28	SES104	1.03257	-52.9642	-53.9968
BLOCK10/SES105/SA105S12	SES105	0.778896	-54.8193	-55.5982
BLOCK10/SES105/SA105S13	SES105	0.974659	-54.2941	-55.2687
BLOCK10/SES105/SA105S22	SES105	0.294945	-55.2659	-55.5609
BLOCK10/SES105/SA105S26	SES105	1.0469	-54.4473	-55.4942
BLOCK10/SES105/SA105S29	SES105	0.597839	-54.8132	-55.411
BLOCK10/SES106/SA106S09	SES106	0.961407	-54.2458	-55.2072
BLOCK10/SES106/SA106S11	SES106	1.27567	-52.9276	-54.2033
BLOCK10/SES106/SA106S22	SES106	2.38815	-53.0358	-55.424
BLOCK10/SES106/SA106S27	SES106	1.00103	-54.2018	-55.2028
BLOCK10/SES106/SA106S29	SES106	0.751541	-54.0734	-54.8249
BLOCK11/SES117/SA117S12	SES117	-0.0268555	-55.9124	-55.8856
BLOCK11/SES117/SA117S13	SES117	0.308239	-55.0848	-55.393
BLOCK11/SES117/SA117S23	SES117	1.40205	-56.1557	-57.5578
BLOCK11/SES117/SA117S25	SES117	0.996712	-55.5402	-56.5369
BLOCK11/SES117/SA117S28	SES117	1.11454	-55.6437	-56.7583
BLOCK12/SES120/SA120S08	SES120	0.939613	-55.3451	-56.2847
BLOCK12/SES120/SA120S11	SES120	0.402962	-56.7985	-57.2014
BLOCK12/SES120/SA120S22	SES120	0.393333	-54.6418	-55.0351
BLOCK12/SES120/SA120S24	SES120	0.27866	-55.1459	-55.4245
BLOCK12/SES120/SA120S28	SES120	0.542015	-56.0427	-56.5847
BLOCK12/SES125/SA125S13	SES125	1.90095	-52.4428	-54.3437
BLOCK12/SES125/SA125S14	SES125	1.08571	-53.5684	-54.6541
BLOCK12/SES125/SA125S25	SES125	1.67162	-52.9064	-54.578
BLOCK12/SES125/SA125S27	SES125	1.77688	-51.713	-53.4899
BLOCK12/SES125/SA125S29	SES125	1.62457	-52.9688	-54.5933
BLOCK12/SES127/SA127S11	SES127	1.06392	-54.1165	-55.1805
BLOCK12/SES127/SA127S12	SES127	-0.0862045	-54.554	-54.4678
BLOCK12/SES127/SA127S23	SES127	0.687923	-54.2139	-54.9018
BLOCK12/SES127/SA127S25	SES127	0.337585	-54.3565	-54.6941
BLOCK12/SES127/SA127S27	SES127	0.925861	-53.9331	-54.859
BLOCK12/SES129/SA129S11	SES129	1.12564	-53.3568	-54.4824
BLOCK12/SES129/SA129S12	SES129	1.49765	-52.8753	-54.3729
BLOCK12/SES129/SA129S22	SES129	0.96529	-53.7038	-54.6691
BLOCK12/SES129/SA129S27	SES129	1.44746	-52.9316	-54.379
BLOCK12/SES129/SA129S29	SES129	1.65945	-52.4636	-54.1231
BLOCK14/SES142/SA142S11	SES142	2.1025	-54.7691	-56.8716
BLOCK14/SES142/SA142S12	SES142	1.63329	-55.3008	-56.934
BLOCK14/SES142/SA142S24	SES142	2.36543	-54.1842	-56.5496
BLOCK14/SES142/SA142S27	SES142	2.31761	-54.2641	-56.5817
BLOCK14/SES142/SA142S29	SES142	2.59174	-53.3978	-55.9895
BLOCK14/SES143/SA143S12	SES143	1.08636	-55.0813	-56.1676
BLOCK14/SES143/SA143S13	SES143	0.762043	-55.2772	-56.0393
BLOCK14/SES143/SA143S23	SES143	0.987316	-55.3695	-56.3568
BLOCK14/SES143/SA143S25	SES143	0.524361	-55.4184	-55.9428
BLOCK14/SES143/SA143S28	SES143	0.954525	-54.5261	-55.4807
BLOCK14/SES144/SA144S09	SES144	0.904572	-54.4149	-55.3195
BLOCK14/SES144/SA144S11	SES144	0.777775	-55.2313	-56.0091
BLOCK14/SES144/SA144S21	SES144	0.267448	-55.127	-55.3944
BLOCK14/SES144/SA144S25	SES144	0.514366	-55.3604	-55.8747
BLOCK14/SES144/SA144S29	SES144	-0.0210495	-55.2641	-55.243
BLOCK14/SES146/SA146S14	SES146	0.782742	-55.1858	-55.9685
BLOCK14/SES146/SA146S15	SES146	0.246765	-55.2724	-55.5192
BLOCK14/SES146/SA146S24	SES146	0.562359	-55.0878	-55.6501
BLOCK14/SES146/SA146S26	SES146	0.836952	-55.1419	-55.9789
BLOCK14/SES146/SA146S29	SES146	0.566216	-55.485	-56.0512
BLOCK14/SES147/SA147S11	SES147	1.4072	-55.1565	-56.5637
BLOCK14/SES147/SA147S13	SES147	1.27386	-54.1124	-55.3863
BLOCK14/SES147/SA147S23	SES147	0.930119	-55.1275	-56.0576
BLOCK14/SES147/SA147S26	SES147	0.788189	-55.0604	-55.8486
BLOCK14/SES147/SA147S28	SES147	1.0651	-54.0952	-55.1603
BLOCK14/SES148/SA148S10	SES148	1.25579	-53.8241	-55.0799
BLOCK14/SES148/SA148S12	SES148	0.795338	-54.9413	-55.7366
BLOCK14/SES148/SA148S22	SES148	1.17545	-53.1789	-54.3544
BLOCK14/SES148/SA148S26	SES148	0.546089	-54.1817	-54.7278
BLOCK14/SES148/SA148S29	SES148	0.68771	-54.6699	-55.3576
BLOCK14/SES149/SA149S13	SES149	0.360577	-54.295	-54.6556
BLOCK14/SES149/SA149S14	SES149	0.487637	-53.6932	-54.1808
BLOCK14/SES149/SA149S24	SES149	1.14298	-53.6217	-54.7647
BLOCK14/SES149/SA149S26	SES149	1.78575	-52.6472	-54.4329
BLOCK14/SES149/SA149S28	SES149	2.08168	-52.0433	-54.125
BLOCK15/SES158/SA158S13	SES158	1.12214	-54.1597	-55.2818
BLOCK15/SES158/SA158S14	SES158	1.91937	-53.5013	-55.4207
BLOCK15/SES158/SA158S23	SES158	1.13111	-53.765	-54.8961
BLOCK15/SES158/SA158S26	SES158	1.66958	-53.6248	-55.2944
BLOCK15/SES158/SA158S28	SES158	0.99649	-54.0298	-55.0263
BLOCK16/SES162/SA162S10	SES162	1.15149	-55.5538	-56.7053
BLOCK16/SES162/SA162S11	SES162	1.04406	-54.6579	-55.7019
BLOCK16/SES162/SA162S21	SES162	1.61256	-54.4743	-56.0869
BLOCK16/SES162/SA162S24	SES162	1.12267	-54.9953	-56.118
BLOCK16/SES162/SA162S27	SES162	1.34669	-54.8787	-56.2254
BLOCK16/SES167/SA167S14	SES167	0.887897	-53.5627	-54.4506
BLOCK16/SES167/SA167S15	SES167	1.11769	-54.7342	-55.8519
BLOCK16/SES167/SA167S21	SES167	1.41329	-53.5451	-54.9584
BLOCK16/SES167/SA167S25	SES167	1.67021	-54.3211	-55.9913
BLOCK16/SES167/SA167S29	SES167	1.9054	-52.8748	-54.7802
BLOCK17/SES172/SA172S12	SES172	1.31559	-54.3628	-55.6784
BLOCK17/SES172/SA172S13	SES172	1.70961	-54.7172	-56.4268
BLOCK17/SES172/SA172S23	SES172	0.927067	-53.3827	-54.3097
BLOCK17/SES172/SA172S27	SES172	0.901161	-54.2814	-55.1826
BLOCK17/SES172/SA172S29	SES172	1.61018	-53.7846	-55.3947
BLOCK17/SES175/SA175S11	SES175	1.31986	-54.2602	-55.5801
BLOCK17/SES175/SA175S13	SES175	1.19131	-54.0775	-55.2688
BLOCK17/SES175/SA175S23	SES175	1.60071	-54.1917	-55.7924
BLOCK17/SES175/SA175S25	SES175	0.870842	-55.7546	-56.6255
BLOCK17/SES175/SA175S28	SES175	1.09021	-54.1838	-55.274
BLOCK17/SES177/SA177S15	SES177	0.412117	-54.7298	-55.1419
BLOCK17/SES177/SA177S17	SES177	0.531883	-54.5664	-55.0983
BLOCK17/SES177/SA177S23	SES177	-0.171501	-55.3503	-55.1788
BLOCK17/SES177/SA177S26	SES177	0.892792	-52.7532	-53.6459
BLOCK17/SES177/SA177S28	SES177	0.980259	-53.6463	-54.6266
BLOCK18/SES180/SA180S13	SES180	0.569847	-54.6654	-55.2352
BLOCK18/SES180/SA180S15	SES180	0.663715	-55.118	-55.7817
BLOCK18/SES180/SA180S24	SES180	0.789928	-53.3372	-54.1271
BLOCK18/SES180/SA180S26	SES180	1.1035	-53.5067	-54.6102
BLOCK18/SES180/SA180S29	SES180	1.07174	-54.69	-55.7618
BLOCK18/SES183/SA183S13	SES183	1.03064	-55.2929	-56.3235
BLOCK18/SES183/SA183S14	SES183	0.685703	-55.0304	-55.7161
BLOCK18/SES183/SA183S24	SES183	1.22367	-55.3892	-56.6128
BLOCK18/SES183/SA183S27	SES183	1.13564	-54.7408	-55.8765
BLOCK18/SES183/SA183S29	SES183	1.12145	-54.5228	-55.6443
BLOCK18/SES187/SA187S13	SES187	0.931911	-55.5296	-56.4616
BLOCK18/SES187/SA187S14	SES187	0.946819	-55.3508	-56.2976
BLOCK18/SES187/SA187S24	SES187	1.41603	-54.789	-56.2051
BLOCK18/SES187/SA187S27	SES187	1.12479	-54.6715	-55.7963
BLOCK18/SES187/SA187S29	SES187	1.29809	-54.5213	-55.8194
BLOCK18/SES189/SA189S10	SES189	1.71713	-56.4962	-58.2133
BLOCK18/SES189/SA189S13	SES189	2.23984	-56.7338	-58.9737
BLOCK18/SES189/SA189S24	SES189	2.25486	-55.9171	-58.172
BLOCK18/SES189/SA189S26	SES189	1.27895	-55.6291	-56.908
BLOCK18/SES189/SA189S29	SES189	2.30656	-55.0806	-57.3872
BLOCK20/SES202/SA202S12	SES202	1.45715	-55.5791	-57.0362
BLOCK20/SES202/SA202S14	SES202	2.67842	-53.6434	-56.3219
BLOCK20/SES202/SA202S24	SES202	1.65025	-54.7181	-56.3684
BLOCK20/SES202/SA202S27	SES202	1.79161	-53.0917	-54.8833
BLOCK20/SES202/SA202S29	SES202	1.97944	-53.226	-55.2054
BLOCK20/SES206/SA206S15	SES206	0.102375	-53.8437	-53.9461
BLOCK20/SES206/SA206S17	SES206	1.49232	-51.9901	-53.4825
BLOCK20/SES206/SA206S24	SES206	1.33367	-51.8882	-53.2219
BLOCK20/SES206/SA206S27	SES206	1.23215	-52.849	-54.0812
BLOCK20/SES206/SA206S29	SES206	0.98032	-51.9868	-52.9671
BLOCK22/SES226/SA226S12	SES226	0.989529	-54.378	-55.3675
BLOCK22/SES226/SA226S13	SES226	-0.142822	-55.0296	-54.8868
BLOCK22/SES226/SA226S20	SES226	0.852371	-54.359	-55.2114
BLOCK22/SES226/SA226S23	SES226	1.138	-53.7956	-54.9336
BLOCK22/SES226/SA226S28	SES226	1.49308	-53.4735	-54.9666
BLOCK25/SES259/SA259S13	SES259	2.69997	-52.2519	-54.9519
BLOCK25/SES259/SA259S14	SES259	1.45997	-53.1335	-54.5935
BLOCK25/SES259/SA259S22	SES259	1.27486	-53.2624	-54.5373
BLOCK25/SES259/SA259S24	SES259	1.85781	-51.7278	-53.5856
BLOCK25/SES259/SA259S28	SES259	1.50233	-53.0694	-54.5717
BLOCK27/SES270/SA270S14	SES270	1.62502	-54.6029	-56.2279
BLOCK27/SES270/SA270S16	SES270	0.74865	-54.5636	-55.3122
BLOCK27/SES270/SA270S22	SES270	1.99112	-53.6791	-55.6703
BLOCK27/SES270/SA270S26	SES270	0.978012	-55.2646	-56.2426
BLOCK27/SES270/SA270S28	SES270	0.830513	-54.1378	-54.9683
BLOCK27/SES275/SA275S17	SES275	1.16243	-54.7195	-55.882
BLOCK27/SES275/SA275S18	SES275	0.475277	-54.6878	-55.1631
BLOCK27/SES275/SA275S24	SES275	0.871464	-55.5533	-56.4248
BLOCK27/SES275/SA275S26	SES275	0.920475	-54.0684	-54.9889
BLOCK27/SES275/SA275S28	SES275	0.491417	-54.1948	-54.6862
BLOCK29/SES292/SA292S10	SES292	0.00724411	-55.4549	-55.4622
BLOCK29/SES292/SA292S12	SES292	-0.193729	-55.9276	-55.7339
BLOCK29/SES292/SA292S22	SES292	0.776394	-54.1748	-54.9512
BLOCK29/SES292/SA292S24	SES292	0.0696411	-54.7612	-54.8308
BLOCK29/SES292/SA292S27	SES292	0.297127	-54.1798	-54.477
BLOCK00/SES001/SA001S14	SES062	-1.37935	-57.0384	-55.659
BLOCK00/SES001/SA001S14	SES082	-2.09194	-57.751	-55.659
BLOCK00/SES001/SA001S14	SES106	-1.42797	-57.087	-55.659
BLOCK00/SES001/SA001S14	SES206	-2.02453	-57.6835	-55.659
BLOCK00/SES001/SA001S15	SES062	-2.01015	-56.6914	-54.6813
BLOCK00/SES001/SA001S15	SES104	-2.68723	-57.3685	-54.6813
BLOCK00/SES001/SA001S15	SES106	-2.12342	-56.8047	-54.6813
BLOCK00/SES001/SA001S15	SES206	-1.80527	-56.4865	-54.6813
BLOCK00/SES001/SA001S24	SES062	-2.73413	-58.9205	-56.1864
BLOCK00/SES001/SA001S24	SES082	-2.30844	-58.4948	-56.1864
BLOCK00/SES001/SA001S24	SES087	-1.86655	-58.053	-56.1864
BLOCK00/SES001/SA001S24	SES206	-1.22382	-57.4102	-56.1864
BLOCK00/SES001/SA001S27	SES062	-1.77927	-56.1321	-54.3528
BLOCK00/SES001/SA001S27	SES082	-1.91118	-56.264	-54.3528
BLOCK00/SES001/SA001S27	SES087	-1.86076	-56.2136	-54.3528
BLOCK00/SES001/SA001S27	SES206	-1.6128	-55.9656	-54.3528
BLOCK00/SES001/SA001S29	SES062	-2.7787	-58.5972	-55.8185
BLOCK00/SES001/SA001S29	SES082	-1.57713	-57.3956	-55.8185
BLOCK00/SES001/SA001S29	SES158	-0.833687	-56.6521	-55.8185
BLOCK00/SES001/SA001S29	SES206	-2.32571	-58.1442	-55.8185
BLOCK00/SES003/SA003S11	SES002	-0.704716	-55.4869	-54.7822
BLOCK00/SES003/SA003S11	SES019	-1.73906	-56.5212	-54.7822
BLOCK00/SES003/SA003S11	SES082	-0.485619	-55.2678	-54.7822
BLOCK00/SES003/SA003S11	SES125	-1.0345	-55.8167	-54.7822
BLOCK00/SES003/SA003S15	SES016	-2.0484	-56.2686	-54.2202
BLOCK00/SES003/SA003S15	SES019	-1.43353	-55.6537	-54.2202
BLOCK00/SES003/SA003S15	SES062	-1.59087	-55.8111	-54.2202
BLOCK00/SES003/SA003S15	SES206	-0.940598	-55.1608	-54.2202
BLOCK00/SES003/SA003S22	SES002	-1.33488	-55.6876	-54.3527
BLOCK00/SES003/SA003S22	SES062	-0.648777	-55.0015	-54.3527
BLOCK00/SES003/SA003S22	SES082	-1.21618	-55.5689	-54.3527
BLOCK00/SES003/SA003S22	SES087	-1.50186	-55.8546	-54.3527
BLOCK00/SES003/SA003S25	SES062	-2.29218	-57.0878	-54.7956
BLOCK00/SES003/SA003S25	SES082	-0.832081	-55.6277	-54.7956
BLOCK00/SES003/SA003S25	SES087	-1.46542	-56.2611	-54.7956
BLOCK00/SES003/SA003S25	SES206	-1.31302	-56.1087	-54.7956
BLOCK00/SES003/SA003S29	SES002	-1.49503	-56.3348	-54.8397
BLOCK00/SES003/SA003S29	SES062	-1.89648	-56.7362	-54.8397
BLOCK00/SES003/SA003S29	SES082	-0.933929	-55.7737	-54.8397
BLOCK00/SES003/SA003S29	SES087	-1.97837	-56.8181	-54.8397
BLOCK00/SES004/SA004S12	SES083	-1.94927	-58.3634	-56.4141
BLOCK00/SES004/SA004S12	SES148	-2.21985	-58.634	-56.4141
BLOCK00/SES004/SA004S12	SES172	-1.61136	-58.0255	-56.4141
BLOCK00/SES004/SA004S12	SES292	-1.8559	-58.27	-56.4141
BLOCK00/SES004/SA004S17	SES083	-1.69453	-57.7978	-56.1033
BLOCK00/SES004/SA004S17	SES162	-1.19477	-57.298	-56.1033
BLOCK00/SES004/SA004S17	SES172	-1.50265	-57.6059	-56.1033
BLOCK00/SES004/SA004S17	SES292	-1.83598	-57.9392	-56.1033
BLOCK00/SES004/SA004S24	SES083	-1.79269	-57.5992	-55.8065
BLOCK00/SES004/SA004S24	SES148	-2.03955	-57.846	-55.8065
BLOCK00/SES004/SA004S24	SES172	-1.07548	-56.882	-55.8065
BLOCK00/SES004/SA004S24	SES292	-1.36895	-57.1754	-55.8065
BLOCK00/SES004/SA004S26	SES083	-0.98378	-56.466	-55.4822
BLOCK00/SES004/SA004S26	SES127	-1.04407	-56.5262	-55.4822
BLOCK00/SES004/SA004S26	SES148	-2.571	-58.0532	-55.4822
BLOCK00/SES004/SA004S26	SES292	-1.74313	-57.2253	-55.4822
BLOCK00/SES004/SA004S28	SES083	-1.42439	-56.2708	-54.8464
BLOCK00/SES004/SA004S28	SES127	-1.08102	-55.9274	-54.8464
BLOCK00/SES004/SA004S28	SES187	-0.652149	-55.4985	-54.8464
BLOCK00/SES004/SA004S28	SES292	-1.98951	-56.8359	-54.8464
BLOCK00/SES006/SA006S10	SES014	-3.0071	-59.896	-56.8889
BLOCK00/SES006/SA006S10	SES158	-0.656673	-57.5456	-56.8889
BLOCK00/SES006/SA006S10	SES226	-3.74862	-60.6375	-56.8889
BLOCK00/SES006/SA006S10	SES270	-0.66885	-57.5577	-56.8889
BLOCK00/SES006/SA006S11	SES158	-1.02082	-58.2749	-57.2541
BLOCK00/SES006/SA006S11	SES226	-2.63995	-59.894	-57.2541
BLOCK00/SES006/SA006S11	SES270	-0.844036	-58.0981	-57.2541
BLOCK00/SES006/SA006S11	SES275	-2.56969	-59.8238	-57.2541
BLOCK00/SES006/SA006S23	SES062	-1.50072	-57.1035	-55.6028
BLOCK00/SES006/SA006S23	SES105	-2.24832	-57.8511	-55.6028
BLOCK00/SES006/SA006S23	SES158	-0.861923	-56.4647	-55.6028
BLOCK00/SES006/SA006S23	SES275	-1.95674	-57.5595	-55.6028
BLOCK00/SES006/SA006S26	SES104	-2.94236	-58.7771	-55.8347
BLOCK00/SES006/SA006S26	SES158	-0.255299	-56.09	-55.8347
BLOCK00/SES006/SA006S26	SES270	-0.16515	-55.9999	-55.8347
BLOCK00/SES006/SA006S26	SES275	-2.49509	-58.3298	-55.8347
BLOCK00/SES006/SA006S28	SES007	-2.31303	-59.1585	-56.8455
BLOCK00/SES006/SA006S28	SES105	-2.19692	-59.0424	-56.8455
BLOCK00/SES006/SA006S28	SES158	-1.37518	-58.2207	-56.8455
BLOCK00/SES006/SA006S28	SES275	-2.55712	-59.4026	-56.8455
BLOCK00/SES009/SA009S12	SES083	-2.11532	-56.6825	-54.5672
BLOCK00/SES009/SA009S12	SES148	-1.56701	-56.1342	-54.5672
BLOCK00/SES009/SA009S12	SES177	-1.48443	-56.0516	-54.5672
BLOCK00/SES009/SA009S12	SES292	-1.1162	-55.6834	-54.5672
BLOCK00/SES009/SA009S15	SES007	0.213776	-53.538	-53.7518
BLOCK00/SES009/SA009S15	SES099	-3.52013	-57.2719	-53.7518
BLOCK00/SES009/SA009S15	SES148	-1.78828	-55.5401	-53.7518
BLOCK00/SES009/SA009S15	SES172	-1.62132	-55.3731	-53.7518
BLOCK00/SES009/SA009S24	SES146	-0.683815	-55.1295	-54.4457
BLOCK00/SES009/SA009S24	SES148	-1.80139	-56.2471	-54.4457
BLOCK00/SES009/SA009S24	SES177	-0.84399	-55.2897	-54.4457
BLOCK00/SES009/SA009S24	SES292	-0.953506	-55.3992	-54.4457
BLOCK00/SES009/SA009S26	SES083	-2.04451	-56.7986	-54.7541
BLOCK00/SES009/SA009S26	SES101	-1.38376	-56.1379	-54.7541
BLOCK00/SES009/SA009S26	SES120	-1.26422	-56.0183	-54.7541
BLOCK00/SES009/SA009S26	SES177	-1.46101	-56.2151	-54.7541
BLOCK00/SES009/SA009S29	SES083	-1.4215	-55.5254	-54.1039
BLOCK00/SES009/SA009S29	SES101	-1.34242	-55.4463	-54.1039
BLOCK00/SES009/SA009S29	SES177	-1.30867	-55.4125	-54.1039
BLOCK00/SES009/SA009S29	SES292	-1.14362	-55.2475	-54.1039
BLOCK01/SES011/SA011S10	SES019	-1.37414	-56.0436	-54.6695
BLOCK01/SES011/SA011S10	SES042	-1.39846	-56.0679	-54.6695
BLOCK01/SES011/SA011S10	SES082	-2.52541	-57.1949	-54.6695
BLOCK01/SES011/SA011S10	SES206	-0.858021	-55.5275	-54.6695
BLOCK01/SES011/SA011S11	SES019	-1.58008	-57.436	-55.8559
BLOCK01/SES011/SA011S11	SES042	-1.49631	-57.3523	-55.8559
BLOCK01/SES011/SA011S11	SES082	-2.72687	-58.5828	-55.8559
BLOCK01/SES011/SA011S11	SES206	-0.59687	-56.4528	-55.8559
BLOCK01/SES011/SA011S22	SES019	-1.04262	-56.2978	-55.2552
BLOCK01/SES011/SA011S22	SES042	-0.748104	-56.0033	-55.2552
BLOCK01/SES011/SA011S22	SES082	-1.63166	-56.8868	-55.2552
BLOCK01/SES011/SA011S22	SES206	-0.788914	-56.0441	-55.2552
BLOCK01/SES011/SA011S24	SES019	-1.12859	-55.7959	-54.6673
BLOCK01/SES011/SA011S24	SES042	-0.603073	-55.2704	-54.6673
BLOCK01/SES011/SA011S24	SES104	-1.29847	-55.9658	-54.6673
BLOCK01/SES011/SA011S24	SES206	-0.317223	-54.9846	-54.6673
BLOCK01/SES011/SA011S27	SES082	-0.106865	-54.7538	-54.647
BLOCK01/SES011/SA011S27	SES087	-1.6036	-56.2506	-54.647
BLOCK01/SES011/SA011S27	SES125	-0.598076	-55.2451	-54.647
BLOCK01/SES011/SA011S27	SES206	-0.397617	-55.0446	-54.647
BLOCK01/SES012/SA012S11	SES007	-1.39185	-54.5577	-53.1659
BLOCK01/SES012/SA012S11	SES082	-1.65506	-54.8209	-53.1659
BLOCK01/SES012/SA012S11	SES083	-1.82222	-54.9881	-53.1659
BLOCK01/SES012/SA012S11	SES206	-0.820877	-53.9868	-53.1659
BLOCK01/SES012/SA012S14	SES082	-1.34494	-55.2471	-53.9021
BLOCK01/SES012/SA012S14	SES087	-1.57386	-55.476	-53.9021
BLOCK01/SES012/SA012S14	SES206	-0.719887	-54.622	-53.9021
BLOCK01/SES012/SA012S14	SES292	-1.90202	-55.8041	-53.9021
BLOCK01/SES012/SA012S24	SES082	-0.378586	-55.0034	-54.6248
BLOCK01/SES012/SA012S24	SES087	-1.58054	-56.2053	-54.6248
BLOCK01/SES012/SA012S24	SES120	-2.61467	-57.2395	-54.6248
BLOCK01/SES012/SA012S24	SES206	-0.534653	-55.1595	-54.6248
BLOCK01/SES012/SA012S26	SES019	-2.83157	-56.5626	-53.731
BLOCK01/SES012/SA012S26	SES082	-2.02599	-55.757	-53.731
BLOCK01/SES012/SA012S26	SES206	-0.336811	-54.0678	-53.731
BLOCK01/SES012/SA012S26	SES292	-1.73986	-55.4709	-53.731
BLOCK01/SES012/SA012S29	SES062	-1.66191	-55.3247	-53.6628
BLOCK01/SES012/SA012S29	SES082	-1.36557	-55.0284	-53.6628
BLOCK01/SES012/SA012S29	SES083	-2.28753	-55.9504	-53.6628
BLOCK01/SES012/SA012S29	SES206	-0.888165	-54.551	-53.6628
BLOCK01/SES013/SA013S16	SES062	-3.23403	-57.9627	-54.7287
BLOCK01/SES013/SA013S16	SES106	-1.46187	-56.1905	-54.7287
BLOCK01/SES013/SA013S16	SES206	-1.36338	-56.092	-54.7287
BLOCK01/SES013/SA013S16	SES226	-0.862148	-55.5908	-54.7287
BLOCK01/SES013/SA013S17	SES062	-2.67847	-56.3769	-53.6985
BLOCK01/SES013/SA013S17	SES106	-1.5176	-55.2161	-53.6985
BLOCK01/SES013/SA013S17	SES206	-0.746181	-54.4447	-53.6985
BLOCK01/SES013/SA013S17	SES226	-0.28413	-53.9826	-53.6985
BLOCK01/SES013/SA013S23	SES104	-1.76463	-56.4317	-54.6671
BLOCK01/SES013/SA013S23	SES106	-1.0388	-55.7059	-54.6671
BLOCK01/SES013/SA013S23	SES206	-1.14265	-55.8097	-54.6671
BLOCK01/SES013/SA013S23	SES270	-0.338116	-55.0052	-54.6671
BLOCK01/SES013/SA013S25	SES042	-1.83065	-55.659	-53.8284
BLOCK01/SES013/SA013S25	SES104	-1.5808	-55.4092	-53.8284
BLOCK01/SES013/SA013S25	SES106	-1.25408	-55.0824	-53.8284
BLOCK01/SES013/SA013S25	SES206	-1.07649	-54.9049	-53.8284
BLOCK01/SES013/SA013S29	SES062	-3.57222	-57.9107	-54.3385
BLOCK01/SES013/SA013S29	SES104	-2.03826	-56.3768	-54.3385
BLOCK01/SES013/SA013S29	SES106	-1.08058	-55.4191	-54.3385
BLOCK01/SES013/SA013S29	SES206	-1.06169	-55.4002	-54.3385
BLOCK02/SES021/SA021S13	SES016	-2.35518	-56.4219	-54.0667
BLOCK02/SES021/SA021S13	SES029	-1.81227	-55.8789	-54.0667
BLOCK02/SES021/SA021S13	SES087	-1.75798	-55.8247	-54.0667
BLOCK02/SES021/SA021S13	SES206	-0.353573	-54.4202	-54.0667
BLOCK02/SES021/SA021S15	SES087	-1.18225	-54.0503	-52.868
BLOCK02/SES021/SA021S15	SES125	0.0676155	-52.8004	-52.868
BLOCK02/SES021/SA021S15	SES206	-0.180485	-53.0485	-52.868
BLOCK02/SES021/SA021S15	SES226	-1.61677	-54.4848	-52.868
BLOCK02/SES021/SA021S23	SES062	-3.11721	-58.0703	-54.9531
BLOCK02/SES021/SA021S23	SES087	-1.99988	-56.953	-54.9531
BLOCK02/SES021/SA021S23	SES206	-1.32338	-56.2765	-54.9531
BLOCK02/SES021/SA021S23	SES226	-1.71159	-56.6647	-54.9531
BLOCK02/SES021/SA021S27	SES002	-0.918846	-54.4911	-53.5722
BLOCK02/SES021/SA021S27	SES016	-2.94027	-56.5125	-53.5722
BLOCK02/SES021/SA021S27	SES019	-1.77296	-55.3452	-53.5722
BLOCK02/SES021/SA021S27	SES062	-1.41386	-54.9861	-53.5722
BLOCK02/SES021/SA021S29	SES087	-1.23013	-54.6565	-53.4264
BLOCK02/SES021/SA021S29	SES125	-0.301716	-53.7281	-53.4264
BLOCK02/SES021/SA021S29	SES206	-0.417496	-53.8439	-53.4264
BLOCK02/SES021/SA021S29	SES226	-1.69864	-55.125	-53.4264
BLOCK04/SES043/SA043S09	SES083	-1.59937	-57.8004	-56.201
BLOCK04/SES043/SA043S09	SES101	-1.9001	-58.1011	-56.201
BLOCK04/SES043/SA043S09	SES144	-0.477566	-56.6786	-56.201
BLOCK04/SES043/SA043S09	SES172	-2.38953	-58.5906	-56.201
BLOCK04/SES043/SA043S11	SES083	-0.909176	-55.7423	-54.8331
BLOCK04/SES043/SA043S11	SES101	-1.23618	-56.0693	-54.8331
BLOCK04/SES043/SA043S11	SES144	-0.5588	-55.3919	-54.8331
BLOCK04/SES043/SA043S11	SES172	-1.54555	-56.3786	-54.8331
BLOCK04/SES043/SA043S23	SES083	-0.886086	-56.3923	-55.5062
BLOCK04/SES043/SA043S23	SES144	0.0429764	-55.4633	-55.5062
BLOCK04/SES043/SA043S23	SES177	-1.90879	-57.415	-55.5062
BLOCK04/SES043/SA043S23	SES275	-0.616882	-56.1231	-55.5062
BLOCK04/SES043/SA043S26	SES083	-1.07393	-56.722	-55.6481
BLOCK04/SES043/SA043S26	SES101	-1.23377	-56.8819	-55.6481
BLOCK04/SES043/SA043S26	SES144	-0.311539	-55.9596	-55.6481
BLOCK04/SES043/SA043S26	SES177	-1.61535	-57.2635	-55.6481
BLOCK04/SES043/SA043S28	SES016	-1.37983	-56.047	-54.6672
BLOCK04/SES043/SA043S28	SES083	-0.905182	-55.5724	-54.6672
BLOCK04/SES043/SA043S28	SES101	-0.951046	-55.6182	-54.6672
BLOCK04/SES043/SA043S28	SES144	-0.501247	-55.1684	-54.6672
BLOCK04/SES044/SA044S10	SES127	-2.52664	-60.7813	-58.2546
BLOCK04/SES044/SA044S10	SES144	-0.789196	-59.0438	-58.2546
BLOCK04/SES044/SA044S10	SES147	-2.61068	-60.8653	-58.2546
BLOCK04/SES044/SA044S10	SES148	-2.98038	-61.235	-58.2546
BLOCK04/SES044/SA044S11	SES101	-1.58934	-58.7634	-57.1741
BLOCK04/SES044/SA044S11	SES144	0.0356407	-57.1384	-57.1741
BLOCK04/SES044/SA044S11	SES147	-1.88567	-59.0597	-57.1741
BLOCK04/SES044/SA044S11	SES177	-2.07778	-59.2518	-57.1741
BLOCK04/SES044/SA044S24	SES007	-2.29845	-58.6305	-56.332
BLOCK04/SES044/SA044S24	SES101	-0.989487	-57.3215	-56.332
BLOCK04/SES044/SA044S24	SES147	-2.27167	-58.6037	-56.332
BLOCK04/SES044/SA044S24	SES177	-1.97445	-58.3065	-56.332
BLOCK04/SES044/SA044S26	SES007	-1.87952	-57.5522	-55.6726
BLOCK04/SES044/SA044S26	SES016	-0.882999	-56.5556	-55.6726
BLOCK04/SES044/SA044S26	SES101	-0.948185	-56.6208	-55.6726
BLOCK04/SES044/SA044S26	SES147	-1.28918	-56.9618	-55.6726
BLOCK04/SES044/SA044S29	SES007	-1.66597	-56.7567	-55.0907
BLOCK04/SES044/SA044S29	SES101	-0.41312	-55.5038	-55.0907
BLOCK04/SES044/SA044S29	SES147	-1.0476	-56.1383	-55.0907
BLOCK04/SES044/SA044S29	SES177	-1.78042	-56.8712	-55.0907
BLOCK04/SES046/SA046S13	SES101	-2.52134	-59.01	-56.4887
BLOCK04/SES046/SA046S13	SES144	-1.03181	-57.5205	-56.4887
BLOCK04/SES046/SA046S13	SES147	-2.04188	-58.5305	-56.4887
BLOCK04/SES046/SA046S13	SES177	-1.54899	-58.0376	-56.4887
BLOCK04/SES046/SA046S15	SES048	-1.64896	-56.4794	-54.8304
BLOCK04/SES046/SA046S15	SES083	-0.869205	-55.6996	-54.8304
BLOCK04/SES046/SA046S15	SES120	-2.22615	-57.0566	-54.8304
BLOCK04/SES046/SA046S15	SES148	-0.969433	-55.7998	-54.8304
BLOCK04/SES046/SA046S22	SES101	-0.775471	-56.7579	-55.9824
BLOCK04/SES046/SA046S22	SES144	-0.449604	-56.432	-55.9824
BLOCK04/SES046/SA046S22	SES147	-1.80253	-57.7849	-55.9824
BLOCK04/SES046/SA046S22	SES172	-1.05756	-57.0399	-55.9824
BLOCK04/SES046/SA046S25	SES083	-1.52175	-57.0246	-55.5029
BLOCK04/SES046/SA046S25	SES127	-1.24522	-56.7481	-55.5029
BLOCK04/SES046/SA046S25	SES144	-0.975807	-56.4787	-55.5029
BLOCK04/SES046/SA046S25	SES148	-1.11753	-56.6204	-55.5029
BLOCK04/SES046/SA046S28	SES007	-2.92107	-58.9934	-56.0723
BLOCK04/SES046/SA046S28	SES105	-2.51217	-58.5845	-56.0723
BLOCK04/SES046/SA046S28	SES147	-1.81812	-57.8904	-56.0723
BLOCK04/SES046/SA046S28	SES148	-1.38699	-57.4593	-56.0723
BLOCK04/SES049/SA049S16	SES104	-1.5842	-57.1427	-55.5585
BLOCK04/SES049/SA049S16	SES106	-1.15959	-56.7181	-55.5585
BLOCK04/SES049/SA049S16	SES120	-2.02718	-57.5856	-55.5585
BLOCK04/SES049/SA049S16	SES206	-0.986034	-56.5445	-55.5585
BLOCK04/SES049/SA049S18	SES099	-0.136837	-56.7432	-56.6064
BLOCK04/SES049/SA049S18	SES104	-2.17116	-58.7775	-56.6064
BLOCK04/SES049/SA049S18	SES125	-1.72394	-58.3303	-56.6064
BLOCK04/SES049/SA049S18	SES206	-1.3149	-57.9213	-56.6064
BLOCK04/SES049/SA049S25	SES087	-1.23357	-56.3662	-55.1327
BLOCK04/SES049/SA049S25	SES104	-0.960796	-56.0935	-55.1327
BLOCK04/SES049/SA049S25	SES125	-1.64484	-56.7775	-55.1327
BLOCK04/SES049/SA049S25	SES206	-0.409267	-55.5419	-55.1327
BLOCK04/SES049/SA049S27	SES099	-0.448116	-55.6732	-55.2251
BLOCK04/SES049/SA049S27	SES104	-0.733673	-55.9588	-55.2251
BLOCK04/SES049/SA049S27	SES125	-1.07202	-56.2971	-55.2251
BLOCK04/SES049/SA049S27	SES206	-0.649265	-55.8744	-55.2251
BLOCK04/SES049/SA049S29	SES099	-0.249043	-54.4694	-54.2204
BLOCK04/SES049/SA049S29	SES104	-0.348221	-54.5686	-54.2204
BLOCK04/SES049/SA049S29	SES125	-0.880859	-55.1012	-54.2204
BLOCK04/SES049/SA049S29	SES206	-0.0118752	-54.2322	-54.2204
BLOCK06/SES063/SA063S09	SES068	-1.76934	-57.1041	-55.3348
BLOCK06/SES063/SA063S09	SES083	-0.686264	-56.0211	-55.3348
BLOCK06/SES063/SA063S09	SES177	-1.23789	-56.5727	-55.3348
BLOCK06/SES063/SA063S09	SES187	-1.20469	-56.5395	-55.3348
BLOCK06/SES063/SA063S10	SES068	-1.73575	-57.6483	-55.9126
BLOCK06/SES063/SA063S10	SES083	-0.548279	-56.4608	-55.9126
BLOCK06/SES063/SA063S10	SES172	-0.260174	-56.1727	-55.9126
BLOCK06/SES063/SA063S10	SES187	-1.19879	-57.1114	-55.9126
BLOCK06/SES063/SA063S20	SES068	-2.46875	-58.3797	-55.9109
BLOCK06/SES063/SA063S20	SES083	-1.25727	-57.1682	-55.9109
BLOCK06/SES063/SA063S20	SES172	-0.936054	-56.847	-55.9109
BLOCK06/SES063/SA063S20	SES187	-0.831814	-56.7427	-55.9109
BLOCK06/SES063/SA063S24	SES029	-2.70435	-57.5904	-54.8861
BLOCK06/SES063/SA063S24	SES083	-0.371418	-55.2575	-54.8861
BLOCK06/SES063/SA063S24	SES177	-0.438122	-55.3242	-54.8861
BLOCK06/SES063/SA063S24	SES189	-0.99152	-55.8776	-54.8861
BLOCK06/SES063/SA063S27	SES083	-0.36274	-56.3678	-56.005
BLOCK06/SES063/SA063S27	SES172	-0.726265	-56.7313	-56.005
BLOCK06/SES063/SA063S27	SES187	-1.48774	-57.4928	-56.005
BLOCK06/SES063/SA063S27	SES292	-2.17649	-58.1815	-56.005
BLOCK06/SES067/SA067S12	SES083	-1.37551	-56.6724	-55.2968
BLOCK06/SES067/SA067S12	SES172	-2.60276	-57.8996	-55.2968
BLOCK06/SES067/SA067S12	SES202	0.0488129	-55.248	-55.2968
BLOCK06/SES067/SA067S12	SES292	-1.78449	-57.0813	-55.2968
BLOCK06/SES067/SA067S14	SES085	-1.28208	-55.8059	-54.5238
BLOCK06/SES067/SA067S14	SES177	-1.17853	-55.7023	-54.5238
BLOCK06/SES067/SA067S14	SES183	-1.52539	-56.0492	-54.5238
BLOCK06/SES067/SA067S14	SES202	-0.495033	-55.0188	-54.5238
BLOCK06/SES067/SA067S21	SES144	-0.951752	-57.1439	-56.1922
BLOCK06/SES067/SA067S21	SES177	-0.507381	-56.6996	-56.1922
BLOCK06/SES067/SA067S21	SES183	-2.50339	-58.6956	-56.1922
BLOCK06/SES067/SA067S21	SES189	-0.105816	-56.298	-56.1922
BLOCK06/SES067/SA067S25	SES085	-0.519253	-56.0718	-55.5526
BLOCK06/SES067/SA067S25	SES177	-0.69698	-56.2496	-55.5526
BLOCK06/SES067/SA067S25	SES183	-1.43355	-56.9861	-55.5526
BLOCK06/SES067/SA067S25	SES202	-0.395561	-55.9482	-55.5526
BLOCK06/SES067/SA067S29	SES085	-0.47401	-56.3566	-55.8826
BLOCK06/SES067/SA067S29	SES177	-0.843819	-56.7264	-55.8826
BLOCK06/SES067/SA067S29	SES183	-1.35737	-57.24	-55.8826
BLOCK06/SES067/SA067S29	SES202	0.0640221	-55.8186	-55.8826
BLOCK06/SES069/SA069S12	SES029	-2.32676	-56.5195	-54.1927
BLOCK06/SES069/SA069S12	SES082	-1.05353	-55.2462	-54.1927
BLOCK06/SES069/SA069S12	SES087	-1.7989	-55.9916	-54.1927
BLOCK06/SES069/SA069S12	SES206	-0.934856	-55.1276	-54.1927
BLOCK06/SES069/SA069S13	SES029	-2.1509	-56.3885	-54.2376
BLOCK06/SES069/SA069S13	SES087	-1.59205	-55.8296	-54.2376
BLOCK06/SES069/SA069S13	SES206	-0.721478	-54.959	-54.2376
BLOCK06/SES069/SA069S13	SES226	-1.14703	-55.3846	-54.2376
BLOCK06/SES069/SA069S23	SES029	-1.08554	-53.7703	-52.6847
BLOCK06/SES069/SA069S23	SES087	-1.42756	-54.1123	-52.6847
BLOCK06/SES069/SA069S23	SES206	-0.798183	-53.4829	-52.6847
BLOCK06/SES069/SA069S23	SES226	-0.598061	-53.2828	-52.6847
BLOCK06/SES069/SA069S25	SES087	-1.34766	-54.7889	-53.4412
BLOCK06/SES069/SA069S25	SES206	-1.4104	-54.8516	-53.4412
BLOCK06/SES069/SA069S25	SES226	-0.87067	-54.3119	-53.4412
BLOCK06/SES069/SA069S25	SES270	-1.17856	-54.6198	-53.4412
BLOCK06/SES069/SA069S27	SES087	-2.14196	-55.5095	-53.3675
BLOCK06/SES069/SA069S27	SES206	-0.64798	-54.0155	-53.3675
BLOCK06/SES069/SA069S27	SES226	-0.639362	-54.0069	-53.3675
BLOCK06/SES069/SA069S27	SES270	-1.02359	-54.3911	-53.3675
BLOCK08/SES081/SA081S11	SES060	-1.38605	-56.8049	-55.4188
BLOCK08/SES081/SA081S11	SES062	-2.60561	-58.0244	-55.4188
BLOCK08/SES081/SA081S11	SES117	-1.38724	-56.8061	-55.4188
BLOCK08/SES081/SA081S11	SES162	-1.59125	-57.0101	-55.4188
BLOCK08/SES081/SA081S13	SES016	-1.00132	-55.4608	-54.4595
BLOCK08/SES081/SA081S13	SES060	-0.425987	-54.8855	-54.4595
BLOCK08/SES081/SA081S13	SES068	-0.444912	-54.9044	-54.4595
BLOCK08/SES081/SA081S13	SES129	-1.60343	-56.0629	-54.4595
BLOCK08/SES081/SA081S24	SES060	-1.01527	-56.1178	-55.1025
BLOCK08/SES081/SA081S24	SES068	-1.18037	-56.2829	-55.1025
BLOCK08/SES081/SA081S24	SES117	-1.58826	-56.6908	-55.1025
BLOCK08/SES081/SA081S24	SES275	-1.88378	-56.9863	-55.1025
BLOCK08/SES081/SA081S27	SES007	-1.76262	-56.8131	-55.0505
BLOCK08/SES081/SA081S27	SES060	-1.6465	-56.697	-55.0505
BLOCK08/SES081/SA081S27	SES117	-0.638157	-55.6887	-55.0505
BLOCK08/SES081/SA081S27	SES275	-1.69318	-56.7437	-55.0505
BLOCK08/SES081/SA081S29	SES007	-1.40355	-56.1046	-54.701
BLOCK08/SES081/SA081S29	SES060	-0.967419	-55.6684	-54.701
BLOCK08/SES081/SA081S29	SES117	-1.0442	-55.7452	-54.701
BLOCK08/SES081/SA081S29	SES275	-1.80257	-56.5036	-54.701
BLOCK08/SES086/SA086S11	SES029	-3.60538	-59.9797	-56.3743
BLOCK08/SES086/SA086S11	SES082	-1.97467	-58.3489	-56.3743
BLOCK08/SES086/SA086S11	SES087	-0.882404	-57.2567	-56.3743
BLOCK08/SES086/SA086S11	SES206	-1.823	-58.1973	-56.3743
BLOCK08/SES086/SA086S12	SES029	-2.86086	-58.1396	-55.2787
BLOCK08/SES086/SA086S12	SES082	-2.35572	-57.6345	-55.2787
BLOCK08/SES086/SA086S12	SES087	-0.106216	-55.385	-55.2787
BLOCK08/SES086/SA086S12	SES206	-1.14801	-56.4268	-55.2787
BLOCK08/SES086/SA086S20	SES029	-2.98721	-57.1447	-54.1575
BLOCK08/SES086/SA086S20	SES082	-1.97065	-56.1281	-54.1575
BLOCK08/SES086/SA086S20	SES087	-0.338696	-54.4962	-54.1575
BLOCK08/SES086/SA086S20	SES206	-0.483215	-54.6407	-54.1575
BLOCK08/SES086/SA086S24	SES087	0.0756378	-54.9495	-55.0252
BLOCK08/SES086/SA086S24	SES104	-1.77248	-56.7976	-55.0252
BLOCK08/SES086/SA086S24	SES120	-2.17742	-57.2026	-55.0252
BLOCK08/SES086/SA086S24	SES206	-0.0916824	-55.1168	-55.0252
BLOCK08/SES086/SA086S28	SES029	-2.42022	-56.5057	-54.0855
BLOCK08/SES086/SA086S28	SES082	-2.0868	-56.1723	-54.0855
BLOCK08/SES086/SA086S28	SES087	-0.142044	-54.2276	-54.0855
BLOCK08/SES086/SA086S28	SES206	-0.855083	-54.9406	-54.0855
BLOCK08/SES089/SA089S13	SES087	-1.43509	-56.2178	-54.7827
BLOCK08/SES089/SA089S13	SES206	-1.13012	-55.9128	-54.7827
BLOCK08/SES089/SA089S13	SES226	-1.22194	-56.0046	-54.7827
BLOCK08/SES089/SA089S13	SES270	-1.83457	-56.6172	-54.7827
BLOCK08/SES089/SA089S14	SES062	-1.77585	-56.2499	-54.4741
BLOCK08/SES089/SA089S14	SES087	-0.852978	-55.327	-54.4741
BLOCK08/SES089/SA089S14	SES206	-0.711185	-55.1853	-54.4741
BLOCK08/SES089/SA089S14	SES226	-1.13881	-55.6129	-54.4741
BLOCK08/SES089/SA089S23	SES087	-1.23286	-56.6426	-55.4098
BLOCK08/SES089/SA089S23	SES206	-0.914513	-56.3243	-55.4098
BLOCK08/SES089/SA089S23	SES226	-1.44843	-56.8582	-55.4098
BLOCK08/SES089/SA089S23	SES270	-1.67503	-57.0848	-55.4098
BLOCK08/SES089/SA089S25	SES062	-2.19664	-56.4084	-54.2117
BLOCK08/SES089/SA089S25	SES087	-0.834938	-55.0467	-54.2117
BLOCK08/SES089/SA089S25	SES206	-1.21499	-55.4267	-54.2117
BLOCK08/SES089/SA089S25	SES226	-0.910019	-55.1218	-54.2117
BLOCK08/SES089/SA089S28	SES062	-1.61795	-56.3494	-54.7314
BLOCK08/SES089/SA089S28	SES087	-0.442108	-55.1735	-54.7314
BLOCK08/SES089/SA089S28	SES206	-0.238205	-54.9696	-54.7314
BLOCK08/SES089/SA089S28	SES226	-0.605469	-55.3369	-54.7314
BLOCK09/SES097/SA097S11	SES099	0.175625	-55.0794	-55.255
BLOCK09/SES097/SA097S11	SES125	-1.81075	-57.0658	-55.255
BLOCK09/SES097/SA097S11	SES206	-1.15423	-56.4092	-55.255
BLOCK09/SES097/SA097S11	SES226	-0.565342	-55.8203	-55.255
BLOCK09/SES097/SA097S14	SES062	-2.02496	-56.9646	-54.9397
BLOCK09/SES097/SA097S14	SES099	-0.789177	-55.7288	-54.9397
BLOCK09/SES097/SA097S14	SES104	-1.61372	-56.5534	-54.9397
BLOCK09/SES097/SA097S14	SES206	-1.22227	-56.1619	-54.9397
BLOCK09/SES097/SA097S22	SES099	0.0713425	-55.2179	-55.2892
BLOCK09/SES097/SA097S22	SES206	-0.969509	-56.2587	-55.2892
BLOCK09/SES097/SA097S22	SES226	-1.7779	-57.0671	-55.2892
BLOCK09/SES097/SA097S22	SES270	0.0456619	-55.2436	-55.2892
BLOCK09/SES097/SA097S26	SES099	-0.274471	-55.0176	-54.7432
BLOCK09/SES097/SA097S26	SES120	-2.43502	-57.1782	-54.7432
BLOCK09/SES097/SA097S26	SES206	-0.839092	-55.5823	-54.7432
BLOCK09/SES097/SA097S26	SES226	-2.18082	-56.924	-54.7432
BLOCK09/SES097/SA097S28	SES099	-0.390491	-55.2798	-54.8893
BLOCK09/SES097/SA097S28	SES120	-1.86585	-56.7552	-54.8893
BLOCK09/SES097/SA097S28	SES206	-1.485	-56.3743	-54.8893
BLOCK09/SES097/SA097S28	SES226	-2.27854	-57.1678	-54.8893
BLOCK09/SES098/SA098S11	SES127	-2.09848	-59.3449	-57.2464
BLOCK09/SES098/SA098S11	SES144	-1.4116	-58.658	-57.2464
BLOCK09/SES098/SA098S11	SES147	-0.678478	-57.9249	-57.2464
BLOCK09/SES098/SA098S11	SES148	-2.86395	-60.1103	-57.2464
BLOCK09/SES098/SA098S12	SES127	-3.67883	-61.5829	-57.9041
BLOCK09/SES098/SA098S12	SES144	-1.86213	-59.7662	-57.9041
BLOCK09/SES098/SA098S12	SES147	-1.08902	-58.9931	-57.9041
BLOCK09/SES098/SA098S12	SES189	-0.943314	-58.8474	-57.9041
BLOCK09/SES098/SA098S20	SES127	-3.28786	-60.6632	-57.3753
BLOCK09/SES098/SA098S20	SES147	-0.911549	-58.2869	-57.3753
BLOCK09/SES098/SA098S20	SES148	-3.4042	-60.7795	-57.3753
BLOCK09/SES098/SA098S20	SES292	-3.15842	-60.5338	-57.3753
BLOCK09/SES098/SA098S23	SES127	-1.84707	-58.4474	-56.6003
BLOCK09/SES098/SA098S23	SES147	-0.676125	-57.2765	-56.6003
BLOCK09/SES098/SA098S23	SES187	-1.27542	-57.8758	-56.6003
BLOCK09/SES098/SA098S23	SES292	-2.07185	-58.6722	-56.6003
BLOCK09/SES098/SA098S27	SES127	-2.44191	-59.0203	-56.5784
BLOCK09/SES098/SA098S27	SES147	-1.53024	-58.1086	-56.5784
BLOCK09/SES098/SA098S27	SES148	-3.44796	-60.0264	-56.5784
BLOCK09/SES098/SA098S27	SES292	-2.58099	-59.1594	-56.5784
BLOCK10/SES102/SA102S13	SES101	-0.793438	-57.2489	-56.4554
BLOCK10/SES102/SA102S13	SES105	-1.66389	-58.1193	-56.4554
BLOCK10/SES102/SA102S13	SES120	-1.29959	-57.755	-56.4554
BLOCK10/SES102/SA102S13	SES158	-3.73748	-60.1929	-56.4554
BLOCK10/SES102/SA102S14	SES007	-0.324001	-54.6181	-54.2941
BLOCK10/SES102/SA102S14	SES101	-0.419262	-54.7133	-54.2941
BLOCK10/SES102/SA102S14	SES105	-0.578388	-54.8725	-54.2941
BLOCK10/SES102/SA102S14	SES147	-2.19724	-56.4913	-54.2941
BLOCK10/SES102/SA102S22	SES007	-1.25215	-56.313	-55.0608
BLOCK10/SES102/SA102S22	SES101	-0.3092	-55.37	-55.0608
BLOCK10/SES102/SA102S22	SES105	-0.578289	-55.6391	-55.0608
BLOCK10/SES102/SA102S22	SES158	-2.7221	-57.7829	-55.0608
BLOCK10/SES102/SA102S25	SES007	-0.486485	-55.0377	-54.5512
BLOCK10/SES102/SA102S25	SES101	0.00651932	-54.5447	-54.5512
BLOCK10/SES102/SA102S25	SES105	-0.853374	-55.4046	-54.5512
BLOCK10/SES102/SA102S25	SES147	-2.80571	-57.357	-54.5512
BLOCK10/SES102/SA102S27	SES007	-1.20723	-56.4566	-55.2494
BLOCK10/SES102/SA102S27	SES101	-0.545887	-55.7953	-55.2494
BLOCK10/SES102/SA102S27	SES105	-1.01999	-56.2694	-55.2494
BLOCK10/SES102/SA102S27	SES147	-2.23537	-57.4848	-55.2494
BLOCK10/SES103/SA103S14	SES105	-2.69519	-58.8875	-56.1923
BLOCK10/SES103/SA103S14	SES106	-1.43013	-57.6224	-56.1923
BLOCK10/SES103/SA103S14	SES120	-2.47968	-58.672	-56.1923
BLOCK10/SES103/SA103S14	SES206	-1.53082	-57.7231	-56.1923
BLOCK10/SES103/SA103S15	SES099	-0.85218	-57.5575	-56.7053
BLOCK10/SES103/SA103S15	SES101	-3.58431	-60.2896	-56.7053
BLOCK10/SES103/SA103S15	SES104	-1.93449	-58.6398	-56.7053
BLOCK10/SES103/SA103S15	SES125	-1.25246	-57.9578	-56.7053
BLOCK10/SES103/SA103S24	SES104	-1.72371	-57.1579	-55.4342
BLOCK10/SES103/SA103S24	SES125	-1.24181	-56.676	-55.4342
BLOCK10/SES103/SA103S24	SES148	-2.51324	-57.9474	-55.4342
BLOCK10/SES103/SA103S24	SES158	-0.432976	-55.8671	-55.4342
BLOCK10/SES103/SA103S26	SES104	-2.13301	-58.3798	-56.2468
BLOCK10/SES103/SA103S26	SES106	-1.42448	-57.6713	-56.2468
BLOCK10/SES103/SA103S26	SES125	-1.59296	-57.8398	-56.2468
BLOCK10/SES103/SA103S26	SES148	-3.04329	-59.2901	-56.2468
BLOCK10/SES103/SA103S28	SES104	-2.48284	-59.4267	-56.9439
BLOCK10/SES103/SA103S28	SES106	-1.51813	-58.462	-56.9439
BLOCK10/SES103/SA103S28	SES125	-2.18299	-59.1269	-56.9439
BLOCK10/SES103/SA103S28	SES206	-2.01458	-58.9584	-56.9439
BLOCK12/SES121/SA121S12	SES042	-2.30894	-59.4829	-57.1739
BLOCK12/SES121/SA121S12	SES087	-1.59677	-58.7707	-57.1739
BLOCK12/SES121/SA121S12	SES105	-1.70502	-58.8789	-57.1739
BLOCK12/SES121/SA121S12	SES206	-1.54464	-58.7186	-57.1739
BLOCK12/SES121/SA121S14	SES007	-2.40746	-59.9071	-57.4996
BLOCK12/SES121/SA121S14	SES105	-2.44824	-59.9478	-57.4996
BLOCK12/SES121/SA121S14	SES106	-1.58587	-59.0855	-57.4996
BLOCK12/SES121/SA121S14	SES206	-1.5194	-59.019	-57.4996
BLOCK12/SES121/SA121S23	SES105	-2.60245	-59.7139	-57.1115
BLOCK12/SES121/SA121S23	SES106	-1.35701	-58.4685	-57.1115
BLOCK12/SES121/SA121S23	SES120	-2.36076	-59.4722	-57.1115
BLOCK12/SES121/SA121S23	SES206	-1.22629	-58.3377	-57.1115
BLOCK12/SES121/SA121S25	SES007	-2.20553	-60.485	-58.2795
BLOCK12/SES121/SA121S25	SES105	-2.63581	-60.9153	-58.2795
BLOCK12/SES121/SA121S25	SES106	-1.80018	-60.0796	-58.2795
BLOCK12/SES121/SA121S25	SES206	-1.83527	-60.1147	-58.2795
BLOCK12/SES121/SA121S27	SES087	-0.399372	-57.0305	-56.6311
BLOCK12/SES121/SA121S27	SES105	-3.60782	-60.2389	-56.6311
BLOCK12/SES121/SA121S27	SES120	-1.60452	-58.2356	-56.6311
BLOCK12/SES121/SA121S27	SES206	-1.49991	-58.131	-56.6311
BLOCK12/SES124/SA124S16	SES042	-0.644203	-56.019	-55.3748
BLOCK12/SES124/SA124S16	SES082	-1.18151	-56.5563	-55.3748
BLOCK12/SES124/SA124S16	SES183	-2.63888	-58.0137	-55.3748
BLOCK12/SES124/SA124S16	SES206	-1.23067	-56.6054	-55.3748
BLOCK12/SES124/SA124S17	SES105	-2.08825	-58.3606	-56.2724
BLOCK12/SES124/SA124S17	SES149	-2.52354	-58.7959	-56.2724
BLOCK12/SES124/SA124S17	SES158	-2.14699	-58.4193	-56.2724
BLOCK12/SES124/SA124S17	SES275	-2.28036	-58.5527	-56.2724
BLOCK12/SES124/SA124S23	SES105	-2.78127	-56.7049	-53.9236
BLOCK12/SES124/SA124S23	SES125	-0.499599	-54.4232	-53.9236
BLOCK12/SES124/SA124S23	SES129	-3.44007	-57.3637	-53.9236
BLOCK12/SES124/SA124S23	SES158	-0.407795	-54.3314	-53.9236
BLOCK12/SES124/SA124S26	SES105	-3.11434	-57.7179	-54.6036
BLOCK12/SES124/SA124S26	SES125	-0.726933	-55.3305	-54.6036
BLOCK12/SES124/SA124S26	SES129	-3.55841	-58.162	-54.6036
BLOCK12/SES124/SA124S26	SES158	-0.761852	-55.3654	-54.6036
BLOCK12/SES124/SA124S28	SES104	-0.927265	-55.1662	-54.2389
BLOCK12/SES124/SA124S28	SES106	-1.18103	-55.4199	-54.2389
BLOCK12/SES124/SA124S28	SES125	-0.630051	-54.8689	-54.2389
BLOCK12/SES124/SA124S28	SES275	-2.79639	-57.0353	-54.2389
BLOCK12/SES126/SA126S13	SES007	-2.34877	-59.6133	-57.2645
BLOCK12/SES126/SA126S13	SES162	-1.8082	-59.0727	-57.2645
BLOCK12/SES126/SA126S13	SES177	-1.29201	-58.5565	-57.2645
BLOCK12/SES126/SA126S13	SES180	-1.84356	-59.1081	-57.2645
BLOCK12/SES126/SA126S14	SES144	-0.997845	-56.5815	-55.5837
BLOCK12/SES126/SA126S14	SES148	-2.1525	-57.7362	-55.5837
BLOCK12/SES126/SA126S14	SES177	-0.298767	-55.8824	-55.5837
BLOCK12/SES126/SA126S14	SES180	-1.23467	-56.8183	-55.5837
BLOCK12/SES126/SA126S20	SES007	-2.21416	-58.0491	-55.835
BLOCK12/SES126/SA126S20	SES162	-2.21334	-58.0483	-55.835
BLOCK12/SES126/SA126S20	SES172	-3.43207	-59.267	-55.835
BLOCK12/SES126/SA126S20	SES180	-2.172	-58.007	-55.835
BLOCK12/SES126/SA126S24	SES120	-1.04726	-56.3923	-55.345
BLOCK12/SES126/SA126S24	SES162	-1.64445	-56.9895	-55.345
BLOCK12/SES126/SA126S24	SES177	-0.724594	-56.0696	-55.345
BLOCK12/SES126/SA126S24	SES180	-0.710941	-56.056	-55.345
BLOCK12/SES126/SA126S26	SES120	-1.01738	-57.8402	-56.8228
BLOCK12/SES126/SA126S26	SES177	-0.611313	-57.4341	-56.8228
BLOCK12/SES126/SA126S26	SES180	-1.10276	-57.9255	-56.8228
BLOCK12/SES126/SA126S26	SES202	-1.57098	-58.3938	-56.8228
BLOCK12/SES128/SA128S10	SES087	-2.08978	-56.9696	-54.8798
BLOCK12/SES128/SA128S10	SES206	-1.20037	-56.0802	-54.8798
BLOCK12/SES128/SA128S10	SES226	-1.06001	-55.9398	-54.8798
BLOCK12/SES128/SA128S10	SES270	-0.709488	-55.5893	-54.8798
BLOCK12/SES128/SA128S12	SES120	-1.85224	-56.8849	-55.0327
BLOCK12/SES128/SA128S12	SES158	-1.63733	-56.67	-55.0327
BLOCK12/SES128/SA128S12	SES206	-0.806793	-55.8395	-55.0327
BLOCK12/SES128/SA128S12	SES226	-1.25743	-56.2901	-55.0327
BLOCK12/SES128/SA128S21	SES106	-2.55461	-58.4234	-55.8688
BLOCK12/SES128/SA128S21	SES120	-2.04418	-57.913	-55.8688
BLOCK12/SES128/SA128S21	SES206	-1.82622	-57.6951	-55.8688
BLOCK12/SES128/SA128S21	SES226	-1.88649	-57.7553	-55.8688
BLOCK12/SES128/SA128S24	SES087	-1.95023	-57.3495	-55.3993
BLOCK12/SES128/SA128S24	SES120	-1.37458	-56.7739	-55.3993
BLOCK12/SES128/SA128S24	SES206	-1.26881	-56.6681	-55.3993
BLOCK12/SES128/SA128S24	SES226	-1.97723	-57.3766	-55.3993
BLOCK12/SES128/SA128S27	SES099	-0.391125	-54.7118	-54.3206
BLOCK12/SES128/SA128S27	SES120	-1.35728	-55.6779	-54.3206
BLOCK12/SES128/SA128S27	SES206	-1.01235	-55.333	-54.3206
BLOCK12/SES128/SA128S27	SES226	-1.2371	-55.5577	-54.3206
BLOCK13/SES130/SA130S13	SES143	-0.799088	-57.4182	-56.6191
BLOCK13/SES130/SA130S13	SES144	-0.153023	-56.7721	-56.6191
BLOCK13/SES130/SA130S13	SES146	-0.777088	-57.3962	-56.6191
BLOCK13/SES130/SA130S13	SES275	-2.3637	-58.9828	-56.6191
BLOCK13/SES130/SA130S15	SES143	-1.70179	-57.4529	-55.7511
BLOCK13/SES130/SA130S15	SES144	-0.454521	-56.2056	-55.7511
BLOCK13/SES130/SA130S15	SES146	-0.698174	-56.4492	-55.7511
BLOCK13/SES130/SA130S15	SES275	-1.13385	-56.8849	-55.7511
BLOCK13/SES130/SA130S23	SES127	-2.70137	-59.7265	-57.0251
BLOCK13/SES130/SA130S23	SES144	-1.49798	-58.5231	-57.0251
BLOCK13/SES130/SA130S23	SES146	-1.27013	-58.2952	-57.0251
BLOCK13/SES130/SA130S23	SES162	-1.41563	-58.4407	-57.0251
BLOCK13/SES130/SA130S25	SES127	-1.50756	-56.7668	-55.2592
BLOCK13/SES130/SA130S25	SES144	-0.486267	-55.7455	-55.2592
BLOCK13/SES130/SA130S25	SES146	-0.880306	-56.1396	-55.2592
BLOCK13/SES130/SA130S25	SES275	-0.893848	-56.1531	-55.2592
BLOCK13/SES130/SA130S28	SES127	-1.67613	-57.4636	-55.7875
BLOCK13/SES130/SA130S28	SES144	-0.812481	-56.6	-55.7875
BLOCK13/SES130/SA130S28	SES146	-1.25568	-57.0432	-55.7875
BLOCK13/SES130/SA130S28	SES275	-0.564693	-56.3522	-55.7875
BLOCK13/SES131/SA131S13	SES002	-2.36915	-60.0767	-57.7076
BLOCK13/SES131/SA131S13	SES007	-2.84072	-60.5483	-57.7076
BLOCK13/SES131/SA131S13	SES099	-1.70396	-59.4116	-57.7076
BLOCK13/SES131/SA131S13	SES105	-2.25896	-59.9666	-57.7076
BLOCK13/SES131/SA131S14	SES104	-1.10685	-56.6495	-55.5426
BLOCK13/SES131/SA131S14	SES106	-0.946003	-56.4886	-55.5426
BLOCK13/SES131/SA131S14	SES125	-1.21788	-56.7605	-55.5426
BLOCK13/SES131/SA131S14	SES148	-1.64717	-57.1898	-55.5426
BLOCK13/SES131/SA131S20	SES104	-2.01323	-59.0958	-57.0826
BLOCK13/SES131/SA131S20	SES106	-0.991592	-58.0742	-57.0826
BLOCK13/SES131/SA131S20	SES125	-2.10612	-59.1887	-57.0826
BLOCK13/SES131/SA131S20	SES148	-2.49884	-59.5814	-57.0826
BLOCK13/SES131/SA131S22	SES099	-1.25528	-57.0306	-55.7754
BLOCK13/SES131/SA131S22	SES104	-1.86527	-57.6406	-55.7754
BLOCK13/SES131/SA131S22	SES125	-1.69421	-57.4696	-55.7754
BLOCK13/SES131/SA131S22	SES206	-1.59527	-57.3706	-55.7754
BLOCK13/SES131/SA131S29	SES087	-1.52876	-58.1707	-56.6419
BLOCK13/SES131/SA131S29	SES104	-2.56883	-59.2107	-56.6419
BLOCK13/SES131/SA131S29	SES125	-1.858	-58.4999	-56.6419
BLOCK13/SES131/SA131S29	SES206	-1.64046	-58.2824	-56.6419
BLOCK13/SES132/SA132S11	SES083	-1.9148	-56.8423	-54.9275
BLOCK13/SES132/SA132S11	SES120	-0.120277	-55.0478	-54.9275
BLOCK13/SES132/SA132S11	SES127	-0.661869	-55.5894	-54.9275
BLOCK13/SES132/SA132S11	SES275	-1.15356	-56.0811	-54.9275
BLOCK13/SES132/SA132S12	SES083	-1.89839	-57.1771	-55.2787
BLOCK13/SES132/SA132S12	SES143	-1.52228	-56.801	-55.2787
BLOCK13/SES132/SA132S12	SES144	-1.19656	-56.4753	-55.2787
BLOCK13/SES132/SA132S12	SES148	-1.73044	-57.0092	-55.2787
BLOCK13/SES132/SA132S22	SES062	-1.1497	-56.1238	-54.9741
BLOCK13/SES132/SA132S22	SES083	-1.53306	-56.5072	-54.9741
BLOCK13/SES132/SA132S22	SES127	-1.02534	-55.9995	-54.9741
BLOCK13/SES132/SA132S22	SES275	-0.897301	-55.8714	-54.9741
BLOCK13/SES132/SA132S24	SES007	-0.947453	-56.0524	-55.1049
BLOCK13/SES132/SA132S24	SES083	-1.80568	-56.9106	-55.1049
BLOCK13/SES132/SA132S24	SES127	-1.27022	-56.3751	-55.1049
BLOCK13/SES132/SA132S24	SES275	-1.10266	-56.2076	-55.1049
BLOCK13/SES132/SA132S27	SES083	-1.96344	-57.4086	-55.4452
BLOCK13/SES132/SA132S27	SES120	-0.424229	-55.8694	-55.4452
BLOCK13/SES132/SA132S27	SES127	-1.5663	-57.0115	-55.4452
BLOCK13/SES132/SA132S27	SES275	-1.7685	-57.2137	-55.4452
BLOCK14/SES141/SA141S09	SES143	-1.01779	-56.8746	-55.8568
BLOCK14/SES141/SA141S09	SES144	-1.02639	-56.8832	-55.8568
BLOCK14/SES141/SA141S09	SES162	-1.14894	-57.0058	-55.8568
BLOCK14/SES141/SA141S09	SES180	-0.894344	-56.7512	-55.8568
BLOCK14/SES141/SA141S15	SES127	-1.5523	-57.4419	-55.8896
BLOCK14/SES141/SA141S15	SES144	-1.41965	-57.3092	-55.8896
BLOCK14/SES141/SA141S15	SES162	-1.39425	-57.2838	-55.8896
BLOCK14/SES141/SA141S15	SES180	-0.735134	-56.6247	-55.8896
BLOCK14/SES141/SA141S24	SES127	-1.18563	-56.9548	-55.7692
BLOCK14/SES141/SA141S24	SES144	-1.55111	-57.3203	-55.7692
BLOCK14/SES141/SA141S24	SES162	-1.07314	-56.8423	-55.7692
BLOCK14/SES141/SA141S24	SES183	-1.81742	-57.5866	-55.7692
BLOCK14/SES141/SA141S26	SES142	-1.42378	-57.8385	-56.4148
BLOCK14/SES141/SA141S26	SES144	-1.34372	-57.7585	-56.4148
BLOCK14/SES141/SA141S26	SES172	-1.1917	-57.6065	-56.4148
BLOCK14/SES141/SA141S26	SES180	-0.906345	-57.3211	-56.4148
BLOCK14/SES141/SA141S29	SES127	-0.509438	-56.429	-55.9195
BLOCK14/SES141/SA141S29	SES142	-0.351871	-56.2714	-55.9195
BLOCK14/SES141/SA141S29	SES144	-1.07511	-56.9947	-55.9195
BLOCK14/SES141/SA141S29	SES180	-0.391617	-56.3112	-55.9195
BLOCK15/SES157/SA157S08	SES083	-2.33229	-58.2338	-55.9015
BLOCK15/SES157/SA157S08	SES127	-1.7653	-57.6668	-55.9015
BLOCK15/SES157/SA157S08	SES148	-1.2989	-57.2004	-55.9015
BLOCK15/SES157/SA157S08	SES292	-1.77855	-57.6801	-55.9015
BLOCK15/SES157/SA157S11	SES083	-1.88071	-57.2806	-55.3999
BLOCK15/SES157/SA157S11	SES127	-1.63453	-57.0344	-55.3999
BLOCK15/SES157/SA157S11	SES148	-1.21563	-56.6155	-55.3999
BLOCK15/SES157/SA157S11	SES292	-2.10183	-57.5017	-55.3999
BLOCK15/SES157/SA157S21	SES127	-1.57672	-56.6384	-55.0617
BLOCK15/SES157/SA157S21	SES148	-0.772976	-55.8347	-55.0617
BLOCK15/SES157/SA157S21	SES158	-4.05824	-59.1199	-55.0617
BLOCK15/SES157/SA157S21	SES292	-1.43992	-56.5016	-55.0617
BLOCK15/SES157/SA157S24	SES127	-1.72429	-57.0499	-55.3256
BLOCK15/SES157/SA157S24	SES148	-1.4113	-56.7369	-55.3256
BLOCK15/SES157/SA157S24	SES183	-2.04217	-57.3677	-55.3256
BLOCK15/SES157/SA157S24	SES292	-1.86609	-57.1917	-55.3256
BLOCK15/SES157/SA157S26	SES007	-0.956413	-56.187	-55.2306
BLOCK15/SES157/SA157S26	SES127	-1.16766	-56.3983	-55.2306
BLOCK15/SES157/SA157S26	SES147	-2.60498	-57.8356	-55.2306
BLOCK15/SES157/SA157S26	SES148	-1.1668	-56.3974	-55.2306
BLOCK16/SES161/SA161S10	SES007	-2.00809	-58.8195	-56.8114
BLOCK16/SES161/SA161S10	SES105	-1.91539	-58.7268	-56.8114
BLOCK16/SES161/SA161S10	SES158	-1.93932	-58.7507	-56.8114
BLOCK16/SES161/SA161S10	SES275	-1.81149	-58.6229	-56.8114
BLOCK16/SES161/SA161S12	SES007	-1.60231	-57.7077	-56.1054
BLOCK16/SES161/SA161S12	SES105	-1.88225	-57.9876	-56.1054
BLOCK16/SES161/SA161S12	SES158	-1.64456	-57.7499	-56.1054
BLOCK16/SES161/SA161S12	SES275	-1.61534	-57.7207	-56.1054
BLOCK16/SES161/SA161S20	SES007	-2.03234	-59.6145	-57.5821
BLOCK16/SES161/SA161S20	SES105	-2.37261	-59.9547	-57.5821
BLOCK16/SES161/SA161S20	SES158	-1.49596	-59.0781	-57.5821
BLOCK16/SES161/SA161S20	SES275	-1.93356	-59.5157	-57.5821
BLOCK16/SES161/SA161S23	SES007	-1.86654	-57.582	-55.7154
BLOCK16/SES161/SA161S23	SES105	-1.15195	-56.8674	-55.7154
BLOCK16/SES161/SA161S23	SES148	-2.01044	-57.7259	-55.7154
BLOCK16/SES161/SA161S23	SES158	-1.15436	-56.8698	-55.7154
BLOCK16/SES161/SA161S28	SES007	-2.29261	-58.4267	-56.1341
BLOCK16/SES161/SA161S28	SES105	-2.50619	-58.6403	-56.1341
BLOCK16/SES161/SA161S28	SES158	-1.06604	-57.2002	-56.1341
BLOCK16/SES161/SA161S28	SES206	-1.18163	-57.3158	-56.1341
BLOCK16/SES164/SA164S11	SES104	-1.94295	-56.657	-54.714
BLOCK16/SES164/SA164S11	SES125	-0.900879	-55.6149	-54.714
BLOCK16/SES164/SA164S11	SES158	-0.444973	-55.159	-54.714
BLOCK16/SES164/SA164S11	SES206	-1.61926	-56.3333	-54.714
BLOCK16/SES164/SA164S13	SES099	-1.68419	-57.6546	-55.9704
BLOCK16/SES164/SA164S13	SES104	-2.30867	-58.2791	-55.9704
BLOCK16/SES164/SA164S13	SES125	-2.11552	-58.086	-55.9704
BLOCK16/SES164/SA164S13	SES206	-1.83823	-57.8087	-55.9704
BLOCK16/SES164/SA164S24	SES002	-0.591431	-55.7646	-55.1731
BLOCK16/SES164/SA164S24	SES099	-1.44459	-56.6177	-55.1731
BLOCK16/SES164/SA164S24	SES125	-1.8629	-57.036	-55.1731
BLOCK16/SES164/SA164S24	SES226	-1.18426	-56.3574	-55.1731
BLOCK16/SES164/SA164S27	SES087	-2.47841	-58.2398	-55.7613
BLOCK16/SES164/SA164S27	SES125	-1.56582	-57.3272	-55.7613
BLOCK16/SES164/SA164S27	SES206	-1.16725	-56.9286	-55.7613
BLOCK16/SES164/SA164S27	SES226	-1.5784	-57.3398	-55.7613
BLOCK16/SES164/SA164S29	SES002	-0.664597	-56.1043	-55.4397
BLOCK16/SES164/SA164S29	SES019	-1.7961	-57.2358	-55.4397
BLOCK16/SES164/SA164S29	SES125	-1.46145	-56.9011	-55.4397
BLOCK16/SES164/SA164S29	SES226	-1.71117	-57.1508	-55.4397
BLOCK16/SES169/SA169S13	SES117	-1.44666	-57.3002	-55.8535
BLOCK16/SES169/SA169S13	SES144	-1.32241	-57.1759	-55.8535
BLOCK16/SES169/SA169S13	SES146	-1.53331	-57.3868	-55.8535
BLOCK16/SES169/SA169S13	SES162	-1.42457	-57.2781	-55.8535
BLOCK16/SES169/SA169S14	SES144	-0.890278	-55.7515	-54.8612
BLOCK16/SES169/SA169S14	SES148	-1.27337	-56.1346	-54.8612
BLOCK16/SES169/SA169S14	SES177	-1.09862	-55.9598	-54.8612
BLOCK16/SES169/SA169S14	SES180	-2.42319	-57.2844	-54.8612
BLOCK16/SES169/SA169S24	SES117	-1.022	-57.6512	-56.6292
BLOCK16/SES169/SA169S24	SES144	-0.705799	-57.335	-56.6292
BLOCK16/SES169/SA169S24	SES146	-1.23737	-57.8666	-56.6292
BLOCK16/SES169/SA169S24	SES162	-1.41682	-58.046	-56.6292
BLOCK16/SES169/SA169S27	SES127	-1.33287	-57.3722	-56.0394
BLOCK16/SES169/SA169S27	SES129	-1.38585	-57.4252	-56.0394
BLOCK16/SES169/SA169S27	SES144	-1.48161	-57.521	-56.0394
BLOCK16/SES169/SA169S27	SES146	-0.745884	-56.7853	-56.0394
BLOCK16/SES169/SA169S29	SES144	-0.606449	-55.8492	-55.2428
BLOCK16/SES169/SA169S29	SES162	-0.893753	-56.1366	-55.2428
BLOCK16/SES169/SA169S29	SES177	-1.78803	-57.0308	-55.2428
BLOCK16/SES169/SA169S29	SES180	-1.43321	-56.676	-55.2428
BLOCK17/SES171/SA171S12	SES083	-1.33179	-57.9708	-56.639
BLOCK17/SES171/SA171S12	SES148	-1.62331	-58.2623	-56.639
BLOCK17/SES171/SA171S12	SES172	-1.52447	-58.1634	-56.639
BLOCK17/SES171/SA171S12	SES292	-2.3516	-58.9906	-56.639
BLOCK17/SES171/SA171S15	SES148	-1.76048	-58.3019	-56.5414
BLOCK17/SES171/SA171S15	SES177	-1.394	-57.9354	-56.5414
BLOCK17/SES171/SA171S15	SES180	-2.46207	-59.0035	-56.5414
BLOCK17/SES171/SA171S15	SES292	-3.21412	-59.7555	-56.5414
BLOCK17/SES171/SA171S22	SES007	-1.64231	-57.4551	-55.8128
BLOCK17/SES171/SA171S22	SES148	-1.31977	-57.1326	-55.8128
BLOCK17/SES171/SA171S22	SES177	-0.788197	-56.601	-55.8128
BLOCK17/SES171/SA171S22	SES180	-1.44791	-57.2607	-55.8128
BLOCK17/SES171/SA171S25	SES101	-1.94051	-58.9609	-57.0204
BLOCK17/SES171/SA171S25	SES120	-2.56441	-59.5848	-57.0204
BLOCK17/SES171/SA171S25	SES177	-1.15939	-58.1798	-57.0204
BLOCK17/SES171/SA171S25	SES180	-2.00883	-59.0292	-57.0204
BLOCK17/SES171/SA171S27	SES177	-0.768616	-56.9795	-56.2109
BLOCK17/SES171/SA171S27	SES180	-1.90428	-58.1152	-56.2109
BLOCK17/SES171/SA171S27	SES189	-0.830593	-57.0415	-56.2109
BLOCK17/SES171/SA171S27	SES292	-2.36207	-58.573	-56.2109
BLOCK17/SES173/SA173S13	SES162	-2.40447	-59.7234	-57.3189
BLOCK17/SES173/SA173S13	SES177	-1.65156	-58.9705	-57.3189
BLOCK17/SES173/SA173S13	SES180	-2.35255	-59.6715	-57.3189
BLOCK17/SES173/SA173S13	SES292	-2.71819	-60.0371	-57.3189
BLOCK17/SES173/SA173S14	SES007	-3.4567	-61.1778	-57.7211
BLOCK17/SES173/SA173S14	SES162	-2.31747	-60.0386	-57.7211
BLOCK17/SES173/SA173S14	SES177	-1.16162	-58.8827	-57.7211
BLOCK17/SES173/SA173S14	SES180	-2.77956	-60.5007	-57.7211
BLOCK17/SES173/SA173S24	SES144	-1.61898	-59.5346	-57.9157
BLOCK17/SES173/SA173S24	SES162	-2.83564	-60.7513	-57.9157
BLOCK17/SES173/SA173S24	SES177	-1.16219	-59.0779	-57.9157
BLOCK17/SES173/SA173S24	SES180	-2.55046	-60.4661	-57.9157
BLOCK17/SES173/SA173S27	SES162	-2.47268	-59.6026	-57.13
BLOCK17/SES173/SA173S27	SES177	-1.36507	-58.495	-57.13
BLOCK17/SES173/SA173S27	SES180	-1.65662	-58.7866	-57.13
BLOCK17/SES173/SA173S27	SES292	-2.83061	-59.9606	-57.13
BLOCK17/SES173/SA173S29	SES162	-2.1684	-59.4881	-57.3197
BLOCK17/SES173/SA173S29	SES175	-0.713322	-58.033	-57.3197
BLOCK17/SES173/SA173S29	SES177	-0.980007	-58.2997	-57.3197
BLOCK17/SES173/SA173S29	SES292	-3.5333	-60.853	-57.3197
BLOCK18/SES182/SA182S10	SES144	-1.33838	-57.269	-55.9306
BLOCK18/SES182/SA182S10	SES177	-1.32911	-57.2597	-55.9306
BLOCK18/SES182/SA182S10	SES180	-2.08226	-58.0129	-55.9306
BLOCK18/SES182/SA182S10	SES275	-1.24467	-57.1753	-55.9306
BLOCK18/SES182/SA182S12	SES144	-0.600487	-56.493	-55.8925
BLOCK18/SES182/SA182S12	SES177	-0.77544	-56.6679	-55.8925
BLOCK18/SES182/SA182S12	SES180	-1.33718	-57.2297	-55.8925
BLOCK18/SES182/SA182S12	SES275	-1.36307	-57.2556	-55.8925
BLOCK18/SES182/SA182S21	SES117	-1.05759	-57.8562	-56.7986
BLOCK18/SES182/SA182S21	SES144	-1.82853	-58.6271	-56.7986
BLOCK18/SES182/SA182S21	SES162	-0.888752	-57.6873	-56.7986
BLOCK18/SES182/SA182S21	SES180	-1.72823	-58.5268	-56.7986
BLOCK18/SES182/SA182S23	SES117	-0.893032	-56.9149	-56.0218
BLOCK18/SES182/SA182S23	SES144	-1.47695	-57.4988	-56.0218
BLOCK18/SES182/SA182S23	SES180	-1.67463	-57.6965	-56.0218
BLOCK18/SES182/SA182S23	SES275	-1.18489	-57.2067	-56.0218
BLOCK18/SES182/SA182S25	SES007	-0.996677	-57.3039	-56.3072
BLOCK18/SES182/SA182S25	SES162	-0.632965	-56.9402	-56.3072
BLOCK18/SES182/SA182S25	SES177	-0.638767	-56.946	-56.3072
BLOCK18/SES182/SA182S25	SES180	-1.2824	-57.5896	-56.3072
BLOCK18/SES184/SA184S12	SES177	-1.43851	-57.4245	-55.986
BLOCK18/SES184/SA184S12	SES180	-1.11404	-57.1	-55.986
BLOCK18/SES184/SA184S12	SES189	-1.90531	-57.8913	-55.986
BLOCK18/SES184/SA184S12	SES292	-1.61132	-57.5973	-55.986
BLOCK18/SES184/SA184S13	SES101	-1.27953	-57.1327	-55.8532
BLOCK18/SES184/SA184S13	SES177	-1.11041	-56.9636	-55.8532
BLOCK18/SES184/SA184S13	SES180	-1.12257	-56.9758	-55.8532
BLOCK18/SES184/SA184S13	SES292	-1.47603	-57.3292	-55.8532
BLOCK18/SES184/SA184S22	SES177	-1.16285	-55.8661	-54.7032
BLOCK18/SES184/SA184S22	SES180	-0.92001	-55.6232	-54.7032
BLOCK18/SES184/SA184S22	SES189	-2.146	-56.8492	-54.7032
BLOCK18/SES184/SA184S22	SES292	-1.24429	-55.9475	-54.7032
BLOCK18/SES184/SA184S25	SES101	-0.921513	-55.6838	-54.7623
BLOCK18/SES184/SA184S25	SES177	-1.25778	-56.0201	-54.7623
BLOCK18/SES184/SA184S25	SES180	-0.931171	-55.6935	-54.7623
BLOCK18/SES184/SA184S25	SES292	-1.04365	-55.806	-54.7623
BLOCK18/SES184/SA184S27	SES083	-1.18378	-56.6121	-55.4283
BLOCK18/SES184/SA184S27	SES177	-0.988083	-56.4164	-55.4283
BLOCK18/SES184/SA184S27	SES202	-2.02422	-57.4526	-55.4283
BLOCK18/SES184/SA184S27	SES292	-1.25339	-56.6817	-55.4283
BLOCK20/SES204/SA204S12	SES062	-1.57988	-55.9347	-54.3549
BLOCK20/SES204/SA204S12	SES083	-2.45702	-56.8119	-54.3549
BLOCK20/SES204/SA204S12	SES206	-0.497612	-54.8525	-54.3549
BLOCK20/SES204/SA204S12	SES226	-2.10248	-56.4573	-54.3549
BLOCK20/SES204/SA204S14	SES068	-1.97422	-55.2958	-53.3216
BLOCK20/SES204/SA204S14	SES087	-0.771675	-54.0932	-53.3216
BLOCK20/SES204/SA204S14	SES206	-0.967148	-54.2887	-53.3216
BLOCK20/SES204/SA204S14	SES226	-2.06769	-55.3892	-53.3216
BLOCK20/SES204/SA204S22	SES068	-2.3429	-56.7362	-54.3933
BLOCK20/SES204/SA204S22	SES082	-2.97707	-57.3703	-54.3933
BLOCK20/SES204/SA204S22	SES083	-2.66916	-57.0624	-54.3933
BLOCK20/SES204/SA204S22	SES206	-0.917816	-55.3111	-54.3933
BLOCK20/SES204/SA204S25	SES062	-2.50425	-57.2221	-54.7178
BLOCK20/SES204/SA204S25	SES083	-2.45344	-57.1713	-54.7178
BLOCK20/SES204/SA204S25	SES206	-0.906761	-55.6246	-54.7178
BLOCK20/SES204/SA204S25	SES226	-2.05484	-56.7727	-54.7178
BLOCK20/SES204/SA204S27	SES068	-2.59167	-57.8095	-55.2178
BLOCK20/SES204/SA204S27	SES082	-2.54631	-57.7642	-55.2178
BLOCK20/SES204/SA204S27	SES087	-1.19061	-56.4085	-55.2178
BLOCK20/SES204/SA204S27	SES206	-1.12034	-56.3382	-55.2178
BLOCK20/SES207/SA207S10	SES127	-1.28139	-57.6394	-56.358
BLOCK20/SES207/SA207S10	SES183	-1.56512	-57.9231	-56.358
BLOCK20/SES207/SA207S10	SES189	-1.2302	-57.5882	-56.358
BLOCK20/SES207/SA207S10	SES292	-1.62819	-57.9861	-56.358
BLOCK20/SES207/SA207S11	SES127	-1.76194	-57.4774	-55.7154
BLOCK20/SES207/SA207S11	SES183	-1.66353	-57.379	-55.7154
BLOCK20/SES207/SA207S11	SES187	-1.55509	-57.2705	-55.7154
BLOCK20/SES207/SA207S11	SES292	-1.6	-57.3154	-55.7154
BLOCK20/SES207/SA207S25	SES068	-1.66617	-57.8719	-56.2057
BLOCK20/SES207/SA207S25	SES083	-1.91679	-58.1225	-56.2057
BLOCK20/SES207/SA207S25	SES127	-1.05991	-57.2656	-56.2057
BLOCK20/SES207/SA207S25	SES187	-0.757824	-56.9635	-56.2057
BLOCK20/SES207/SA207S27	SES127	-1.25375	-58.0124	-56.7586
BLOCK20/SES207/SA207S27	SES183	-0.730728	-57.4894	-56.7586
BLOCK20/SES207/SA207S27	SES187	-0.891346	-57.65	-56.7586
BLOCK20/SES207/SA207S27	SES292	-1.73316	-58.4918	-56.7586
BLOCK20/SES207/SA207S29	SES083	-1.91714	-57.8729	-55.9558
BLOCK20/SES207/SA207S29	SES085	-1.01009	-56.9659	-55.9558
BLOCK20/SES207/SA207S29	SES172	-1.42323	-57.379	-55.9558
BLOCK20/SES207/SA207S29	SES189	-1.78424	-57.74	-55.9558
BLOCK22/SES221/SA221S12	SES068	-0.980133	-56.9435	-55.9634
BLOCK22/SES221/SA221S12	SES143	-1.7028	-57.6662	-55.9634
BLOCK22/SES221/SA221S12	SES175	-0.910881	-56.8743	-55.9634
BLOCK22/SES221/SA221S12	SES202	-0.685574	-56.649	-55.9634
BLOCK22/SES221/SA221S15	SES085	-2.40791	-59.541	-57.1331
BLOCK22/SES221/SA221S15	SES143	-2.75463	-59.8878	-57.1331
BLOCK22/SES221/SA221S15	SES175	-0.926128	-58.0593	-57.1331
BLOCK22/SES221/SA221S15	SES187	-1.36512	-58.4983	-57.1331
BLOCK22/SES221/SA221S23	SES068	-1.631	-57.7822	-56.1512
BLOCK22/SES221/SA221S23	SES143	-1.86543	-58.0167	-56.1512
BLOCK22/SES221/SA221S23	SES175	-0.643097	-56.7943	-56.1512
BLOCK22/SES221/SA221S23	SES189	-0.215393	-56.3666	-56.1512
BLOCK22/SES221/SA221S27	SES085	-2.25792	-58.4068	-56.1489
BLOCK22/SES221/SA221S27	SES143	-1.26709	-57.416	-56.1489
BLOCK22/SES221/SA221S27	SES175	-0.580036	-56.729	-56.1489
BLOCK22/SES221/SA221S27	SES189	0.895763	-55.2532	-56.1489
BLOCK22/SES221/SA221S29	SES085	-2.68394	-60.0972	-57.4132
BLOCK22/SES221/SA221S29	SES143	-2.08001	-59.4933	-57.4132
BLOCK22/SES221/SA221S29	SES175	-0.495022	-57.9083	-57.4132
BLOCK22/SES221/SA221S29	SES187	-0.412537	-57.8258	-57.4132
BLOCK22/SES223/SA223S11	SES143	-1.17768	-57.9375	-56.7598
BLOCK22/SES223/SA223S11	SES144	-2.07745	-58.8373	-56.7598
BLOCK22/SES223/SA223S11	SES175	-0.662552	-57.4224	-56.7598
BLOCK22/SES223/SA223S11	SES187	-1.15181	-57.9117	-56.7598
BLOCK22/SES223/SA223S13	SES068	-1.81384	-59.0192	-57.2053
BLOCK22/SES223/SA223S13	SES143	-2.24318	-59.4485	-57.2053
BLOCK22/SES223/SA223S13	SES146	-2.15717	-59.3625	-57.2053
BLOCK22/SES223/SA223S13	SES202	-1.68555	-58.8909	-57.2053
BLOCK22/SES223/SA223S22	SES143	-1.27294	-57.9833	-56.7104
BLOCK22/SES223/SA223S22	SES144	-1.96456	-58.6749	-56.7104
BLOCK22/SES223/SA223S22	SES175	-1.07522	-57.7856	-56.7104
BLOCK22/SES223/SA223S22	SES187	-1.19778	-57.9081	-56.7104
BLOCK22/SES223/SA223S25	SES068	-1.27612	-58.1509	-56.8748
BLOCK22/SES223/SA223S25	SES143	-1.25777	-58.1325	-56.8748
BLOCK22/SES223/SA223S25	SES175	-0.521072	-57.3958	-56.8748
BLOCK22/SES223/SA223S25	SES187	-0.696556	-57.5713	-56.8748
BLOCK22/SES223/SA223S27	SES143	-1.11614	-58.0258	-56.9097
BLOCK22/SES223/SA223S27	SES146	-1.82613	-58.7358	-56.9097
BLOCK22/SES223/SA223S27	SES187	-1.06543	-57.9751	-56.9097
BLOCK22/SES223/SA223S27	SES292	-2.19083	-59.1005	-56.9097
BLOCK27/SES273/SA273S12	SES099	-0.298229	-53.2347	-52.9364
BLOCK27/SES273/SA273S12	SES104	-0.599506	-53.5359	-52.9364
BLOCK27/SES273/SA273S12	SES125	-1.02413	-53.9606	-52.9364
BLOCK27/SES273/SA273S12	SES206	-0.183361	-53.1198	-52.9364
BLOCK27/SES273/SA273S13	SES099	-0.694332	-54.0368	-53.3425
BLOCK27/SES273/SA273S13	SES104	-1.00187	-54.3443	-53.3425
BLOCK27/SES273/SA273S13	SES206	-0.293758	-53.6362	-53.3425
BLOCK27/SES273/SA273S13	SES292	-1.87073	-55.2132	-53.3425
BLOCK27/SES273/SA273S21	SES099	-0.652657	-54.0032	-53.3506
BLOCK27/SES273/SA273S21	SES148	-1.7392	-55.0898	-53.3506
BLOCK27/SES273/SA273S21	SES149	-1.07101	-54.4216	-53.3506
BLOCK27/SES273/SA273S21	SES177	-2.33651	-55.6871	-53.3506
BLOCK27/SES273/SA273S25	SES104	-0.886482	-54.5706	-53.6841
BLOCK27/SES273/SA273S25	SES125	-1.17364	-54.8577	-53.6841
BLOCK27/SES273/SA273S25	SES158	-0.533485	-54.2176	-53.6841
BLOCK27/SES273/SA273S25	SES206	0.0785484	-53.6056	-53.6841
BLOCK27/SES273/SA273S27	SES099	-0.472546	-54.5486	-54.0761
BLOCK27/SES273/SA273S27	SES104	-0.801239	-54.8773	-54.0761
BLOCK27/SES273/SA273S27	SES149	-0.830132	-54.9062	-54.0761
BLOCK27/SES273/SA273S27	SES275	-1.42186	-55.4979	-54.0761
BLOCK27/SES274/SA274S10	SES105	-1.54203	-55.723	-54.1809
BLOCK27/SES274/SA274S10	SES125	-1.41578	-55.5967	-54.1809
BLOCK27/SES274/SA274S10	SES129	-1.15023	-55.3312	-54.1809
BLOCK27/SES274/SA274S10	SES158	-1.60065	-55.7816	-54.1809
BLOCK27/SES274/SA274S11	SES105	-1.61919	-55.9053	-54.2861
BLOCK27/SES274/SA274S11	SES149	-1.22234	-55.5084	-54.2861
BLOCK27/SES274/SA274S11	SES158	-1.3545	-55.6406	-54.2861
BLOCK27/SES274/SA274S11	SES275	-1.44857	-55.7347	-54.2861
BLOCK27/SES274/SA274S21	SES105	-1.77996	-56.3474	-54.5674
BLOCK27/SES274/SA274S21	SES129	-1.39633	-55.9637	-54.5674
BLOCK27/SES274/SA274S21	SES149	-1.43858	-56.006	-54.5674
BLOCK27/SES274/SA274S21	SES158	-2.09723	-56.6646	-54.5674
BLOCK27/SES274/SA274S24	SES105	-1.54608	-55.524	-53.9779
BLOCK27/SES274/SA274S24	SES129	-1.80126	-55.7791	-53.9779
BLOCK27/SES274/SA274S24	SES149	-1.5889	-55.5668	-53.9779
BLOCK27/SES274/SA274S24	SES158	-2.4327	-56.4106	-53.9779
BLOCK27/SES274/SA274S29	SES105	-1.77214	-56.1577	-54.3856
BLOCK27/SES274/SA274S29	SES106	-1.82038	-56.206	-54.3856
BLOCK27/SES274/SA274S29	SES120	-1.43649	-55.8221	-54.3856
BLOCK27/SES274/SA274S29	SES275	-1.46246	-55.8481	-54.3856
BLOCK27/SES276/SA276S16	SES148	-1.9488	-57.5754	-55.6266
BLOCK27/SES276/SA276S16	SES172	-1.63922	-57.2659	-55.6266
BLOCK27/SES276/SA276S16	SES180	-2.08346	-57.7101	-55.6266
BLOCK27/SES276/SA276S16	SES292	-1.17869	-56.8053	-55.6266
BLOCK27/SES276/SA276S17	SES101	-1.21109	-56.7256	-55.5145
BLOCK27/SES276/SA276S17	SES177	-1.31059	-56.8251	-55.5145
BLOCK27/SES276/SA276S17	SES180	-1.61279	-57.1273	-55.5145
BLOCK27/SES276/SA276S17	SES292	-1.96865	-57.4831	-55.5145
BLOCK27/SES276/SA276S24	SES101	-0.606033	-55.1498	-54.5438
BLOCK27/SES276/SA276S24	SES177	-1.11216	-55.656	-54.5438
BLOCK27/SES276/SA276S24	SES180	-1.39317	-55.937	-54.5438
BLOCK27/SES276/SA276S24	SES292	-2.06665	-56.6105	-54.5438
BLOCK27/SES276/SA276S26	SES101	-1.70144	-56.6195	-54.9181
BLOCK27/SES276/SA276S26	SES177	-0.768776	-55.6869	-54.9181
BLOCK27/SES276/SA276S26	SES180	-0.822502	-55.7406	-54.9181
BLOCK27/SES276/SA276S26	SES292	-1.03947	-55.9575	-54.9181
BLOCK27/SES276/SA276S28	SES101	-1.00452	-56.0786	-55.0741
BLOCK27/SES276/SA276S28	SES177	-1.56639	-56.6405	-55.0741
BLOCK27/SES276/SA276S28	SES180	-1.19323	-56.2673	-55.0741
BLOCK27/SES276/SA276S28	SES292	-1.47603	-56.5501	-55.0741
BLOCK27/SES277/SA277S12	SES101	-1.17908	-57.5502	-56.3711
BLOCK27/SES277/SA277S12	SES177	-1.60063	-57.9717	-56.3711
BLOCK27/SES277/SA277S12	SES180	-1.76939	-58.1405	-56.3711
BLOCK27/SES277/SA277S12	SES292	-2.63946	-59.0105	-56.3711
BLOCK27/SES277/SA277S14	SES177	-1.03683	-57.8735	-56.8367
BLOCK27/SES277/SA277S14	SES180	-1.66206	-58.4988	-56.8367
BLOCK27/SES277/SA277S14	SES189	-0.558258	-57.395	-56.8367
BLOCK27/SES277/SA277S14	SES292	-2.88816	-59.7249	-56.8367
BLOCK27/SES277/SA277S21	SES177	-0.767895	-56.2926	-55.5247
BLOCK27/SES277/SA277S21	SES180	-1.91982	-57.4445	-55.5247
BLOCK27/SES277/SA277S21	SES189	-0.923977	-56.4487	-55.5247
BLOCK27/SES277/SA277S21	SES292	-2.70488	-58.2296	-55.5247
BLOCK27/SES277/SA277S24	SES144	-1.04711	-58.01	-56.9629
BLOCK27/SES277/SA277S24	SES177	-1.46513	-58.428	-56.9629
BLOCK27/SES277/SA277S24	SES180	-2.20559	-59.1685	-56.9629
BLOCK27/SES277/SA277S24	SES189	-1.02394	-57.9868	-56.9629
BLOCK27/SES277/SA277S29	SES177	-0.988876	-55.9226	-54.9338
BLOCK27/SES277/SA277S29	SES180	-1.07868	-56.0124	-54.9338
BLOCK27/SES277/SA277S29	SES202	-1.42508	-56.3588	-54.9338
BLOCK27/SES277/SA277S29	SES292	-2.04314	-56.9769	-54.9338
BLOCK27/SES279/SA279S09	SES120	-1.37957	-56.0552	-54.6756
BLOCK27/SES279/SA279S09	SES146	-1.53444	-56.2101	-54.6756
BLOCK27/SES279/SA279S09	SES206	-1.12171	-55.7973	-54.6756
BLOCK27/SES279/SA279S09	SES226	-2.21652	-56.8921	-54.6756
BLOCK27/SES279/SA279S10	SES099	-0.665329	-55.0045	-54.3392
BLOCK27/SES279/SA279S10	SES206	-0.957634	-55.2968	-54.3392
BLOCK27/SES279/SA279S10	SES226	-2.1582	-56.4974	-54.3392
BLOCK27/SES279/SA279S10	SES292	-0.96603	-55.3052	-54.3392
BLOCK27/SES279/SA279S20	SES099	-1.59158	-56.3044	-54.7128
BLOCK27/SES279/SA279S20	SES206	-1.00246	-55.7153	-54.7128
BLOCK27/SES279/SA279S20	SES226	-2.29829	-57.0111	-54.7128
BLOCK27/SES279/SA279S20	SES292	-0.799088	-55.5119	-54.7128
BLOCK27/SES279/SA279S26	SES099	-1.10057	-55.605	-54.5044
BLOCK27/SES279/SA279S26	SES206	-0.613617	-55.118	-54.5044
BLOCK27/SES279/SA279S26	SES226	-2.00125	-56.5057	-54.5044
BLOCK27/SES279/SA279S26	SES292	-1.09723	-55.6017	-54.5044
BLOCK27/SES279/SA279S28	SES099	-1.24814	-54.7611	-53.513
BLOCK27/SES279/SA279S28	SES120	-1.47733	-54.9903	-53.513
BLOCK27/SES279/SA279S28	SES177	-1.99728	-55.5103	-53.513
BLOCK27/SES279/SA279S28	SES206	-1.12514	-54.6381	-53.513
BLOCK29/SES290/SA290S12	SES162	-1.9455	-58.0761	-56.1306
BLOCK29/SES290/SA290S12	SES177	-1.61812	-57.7487	-56.1306
BLOCK29/SES290/SA290S12	SES180	-1.85496	-57.9855	-56.1306
BLOCK29/SES290/SA290S12	SES292	-2.96849	-59.099	-56.1306
BLOCK29/SES290/SA290S13	SES007	-2.71072	-58.6039	-55.8932
BLOCK29/SES290/SA290S13	SES162	-2.35313	-58.2463	-55.8932
BLOCK29/SES290/SA290S13	SES177	-1.14765	-57.0409	-55.8932
BLOCK29/SES290/SA290S13	SES180	-1.51785	-57.4111	-55.8932
BLOCK29/SES290/SA290S22	SES177	-0.918259	-56.8223	-55.904
BLOCK29/SES290/SA290S22	SES180	-0.730865	-56.6349	-55.904
BLOCK29/SES290/SA290S22	SES202	-0.946285	-56.8503	-55.904
BLOCK29/SES290/SA290S22	SES292	-2.11834	-58.0223	-55.904
BLOCK29/SES290/SA290S25	SES162	-1.36137	-56.9242	-55.5628
BLOCK29/SES290/SA290S25	SES177	-1.20841	-56.7712	-55.5628
BLOCK29/SES290/SA290S25	SES180	-1.33116	-56.894	-55.5628
BLOCK29/SES290/SA290S25	SES292	-2.12377	-57.6866	-55.5628
BLOCK29/SES290/SA290S29	SES177	-0.192589	-55.8168	-55.6242
BLOCK29/SES290/SA290S29	SES180	-0.429363	-56.0536	-55.6242
BLOCK29/SES290/SA290S29	SES275	-1.91158	-57.5358	-55.6242
BLOCK29/SES290/SA290S29	SES292	-1.69598	-57.3202	-55.6242
BLOCK29/SES291/SA291S11	SES105	-3.17529	-58.4142	-55.2389
BLOCK29/SES291/SA291S11	SES125	-1.07077	-56.3097	-55.2389
BLOCK29/SES291/SA291S11	SES158	-1.1619	-56.4008	-55.2389
BLOCK29/SES291/SA291S11	SES275	-3.10892	-58.3478	-55.2389
BLOCK29/SES291/SA291S12	SES158	-0.302639	-54.8716	-54.569
BLOCK29/SES291/SA291S12	SES226	-1.92642	-56.4954	-54.569
BLOCK29/SES291/SA291S12	SES270	-0.207062	-54.7761	-54.569
BLOCK29/SES291/SA291S12	SES275	-4.49954	-59.0685	-54.569
BLOCK29/SES291/SA291S22	SES082	-1.20472	-55.6639	-54.4592
BLOCK29/SES291/SA291S22	SES158	-0.793949	-55.2532	-54.4592
BLOCK29/SES291/SA291S22	SES259	-1.14003	-55.5992	-54.4592
BLOCK29/SES291/SA291S22	SES275	-3.03662	-57.4958	-54.4592
BLOCK29/SES291/SA291S24	SES104	-0.626942	-54.3185	-53.6915
BLOCK29/SES291/SA291S24	SES125	-0.483978	-54.1755	-53.6915
BLOCK29/SES291/SA291S24	SES158	-0.454998	-54.1465	-53.6915
BLOCK29/SES291/SA291S24	SES275	-3.25417	-56.9457	-53.6915
BLOCK29/SES291/SA291S27	SES158	-0.203197	-54.5385	-54.3353
BLOCK29/SES291/SA291S27	SES172	-3.80592	-58.1413	-54.3353
BLOCK29/SES291/SA291S27	SES275	-3.25102	-57.5864	-54.3353
BLOCK29/SES291/SA291S27	SES292	-2.41803	-56.7534	-54.3353
Threshold search:
THR	-4.49954777469	9	0(0)	1(1000)
THR	-4.4218007969431	8.991	0(0)	0.999(999)
THR	-4.3440538191962	8.991	0(0)	0.999(999)
THR	-4.2663068414493	8.991	0(0)	0.999(999)
THR	-4.1885598637024	8.991	0(0)	0.999(999)
THR	-4.1108128859555	8.991	0(0)	0.999(999)
THR	-4.0330659082086	8.982	0(0)	0.998(998)
THR	-3.9553189304617	8.982	0(0)	0.998(998)
THR	-3.8775719527148	8.982	0(0)	0.998(998)
THR	-3.7998249749679	8.973	0(0)	0.997(997)
THR	-3.722077997221	8.955	0(0)	0.995(995)
THR	-3.6443310194741	8.946	0(0)	0.994(994)
THR	-3.5665840417272	8.91	0(0)	0.99(990)
THR	-3.4888370639803	8.883	0(0)	0.987(987)
THR	-3.4110900862334	8.847	0(0)	0.983(983)
THR	-3.3333431084865	8.838	0(0)	0.982(982)
THR	-3.2555961307396	8.829	0(0)	0.981(981)
THR	-3.1778491529927	8.793	0(0)	0.977(977)
THR	-3.1001021752458	8.748	0(0)	0.972(972)
THR	-3.0223551974989	8.73	0(0)	0.97(970)
THR	-2.944608219752	8.685	0(0)	0.965(965)
THR	-2.8668612420051	8.649	0(0)	0.961(961)
THR	-2.7891142642582	8.577	0(0)	0.953(953)
THR	-2.7113672865113	8.505	0(0)	0.945(945)
THR	-2.6336203087644	8.388	0(0)	0.932(932)
THR	-2.5558733310175	8.271	0(0)	0.919(919)
THR	-2.4781263532706	8.118	0(0)	0.902(902)
THR	-2.4003793755237	7.983	0(0)	0.887(887)
THR	-2.3226323977768	7.83	0(0)	0.87(870)
THR	-2.2448854200299	7.686	0(0)	0.854(854)
THR	-2.167138442283	7.506	0(0)	0.834(834)
THR	-2.0893914645361	7.326	0(0)	0.814(814)
THR	-2.0116444867892	7.083	0(0)	0.787(787)
THR	-1.9338975090423	6.849	0(0)	0.761(761)
THR	-1.8561505312954	6.552	0(0)	0.728(728)
THR	-1.7784035535485	6.183	0(0)	0.687(687)
THR	-1.7006565758016	5.895	0(0)	0.655(655)
THR	-1.6229095980547	5.593	0.004(1)	0.621(621)
THR	-1.5451626203078	5.107	0.004(1)	0.567(567)
THR	-1.4674156425609	4.81	0.004(1)	0.534(534)
THR	-1.389668664814	4.405	0.004(1)	0.489(489)
THR	-1.3119216870671	4.054	0.004(1)	0.45(450)
THR	-1.2341747093202	3.685	0.004(1)	0.409(409)
THR	-1.1564277315733	3.217	0.004(1)	0.357(357)
THR	-1.0786807538264	2.875	0.004(1)	0.319(319)
THR	-1.0009337760795	2.452	0.004(1)	0.272(272)
THR	-0.923186798332596	2.128	0.004(1)	0.236(236)
THR	-0.845439820585696	1.786	0.004(1)	0.198(198)
THR	-0.767692842838796	1.498	0.004(1)	0.166(166)
THR	-0.689945865091896	1.282	0.004(1)	0.142(142)
THR	-0.612198887344996	1.048	0.004(1)	0.116(116)
THR	-0.534451909598096	0.859	0.004(1)	0.095(95)
THR	-0.456704931851196	0.701	0.008(2)	0.077(77)
THR	-0.378957954104296	0.485	0.008(2)	0.053(53)
THR	-0.301210976357396	0.35	0.008(2)	0.038(38)
THR	-0.223463998610496	0.273	0.012(3)	0.029(29)
THR	-0.145717020863597	0.209	0.02(5)	0.021(21)
THR	-0.0679700431166965	0.158	0.032(8)	0.014(14)
THR	0.00977693463020349	0.16	0.052(13)	0.012(12)
THR	0.0875239123771035	0.087	0.06(15)	0.003(3)
THR	0.165270890124003	0.099	0.072(18)	0.003(3)
THR	0.243017867870903	0.085	0.076(19)	0.001(1)
THR	0.320764845617803	0.113	0.104(26)	0.001(1)
THR	0.398511823364703	0.145	0.136(34)	0.001(1)
THR	0.476258801111603	0.157	0.148(37)	0.001(1)
THR	0.554005778858503	0.221	0.212(53)	0.001(1)
THR	0.631752756605403	0.249	0.24(60)	0.001(1)
THR	0.709499734352303	0.277	0.268(67)	0.001(1)
THR	0.787246712099203	0.309	0.3(75)	0.001(1)
THR	0.864993689846103	0.353	0.344(86)	0.001(1)
THR	0.942740667593003	0.4	0.4(100)	0(0)
THR	1.0204876453399	0.476	0.476(119)	0(0)
THR	1.0982346230868	0.532	0.532(133)	0(0)
THR	1.1759816008337	0.612	0.612(153)	0(0)
THR	1.2537285785806	0.656	0.656(164)	0(0)
THR	1.3314755563275	0.704	0.704(176)	0(0)
THR	1.4092225340744	0.74	0.74(185)	0(0)
THR	1.4869695118213	0.768	0.768(192)	0(0)
THR	1.5647164895682	0.792	0.792(198)	0(0)
THR	1.6424634673151	0.82	0.82(205)	0(0)
THR	1.720210445062	0.86	0.86(215)	0(0)
THR	1.7979574228089	0.88	0.88(220)	0(0)
THR	1.8757044005558	0.896	0.896(224)	0(0)
THR	1.9534513783027	0.916	0.916(229)	0(0)
THR	2.0311983560496	0.924	0.924(231)	0(0)
THR	2.1089453337965	0.932	0.932(233)	0(0)
THR	2.1866923115434	0.94	0.94(235)	0(0)
THR	2.2644392892903	0.948	0.948(237)	0(0)
THR	2.3421862670372	0.956	0.956(239)	0(0)
THR	2.4199332447841	0.964	0.964(241)	0(0)
THR	2.497680222531	0.968	0.968(242)	0(0)
THR	2.5754272002779	0.968	0.968(242)	0(0)
THR	2.65317417802481	0.976	0.976(244)	0(0)
THR	2.73092115577171	0.988	0.988(247)	0(0)
THR	2.80866813351861	0.992	0.992(248)	0(0)
THR	2.88641511126551	0.996	0.996(249)	0(0)
THR	2.96416208901241	0.996	0.996(249)	0(0)
THR	3.04190906675931	0.996	0.996(249)	0(0)
THR	3.11965604450621	0.996	0.996(249)	0(0)
THR	3.19740302225311	0.996	0.996(249)	0(0)
THR	3.27515000000001	1	1(250)	0(0)


==============================================
THR: 0.243017867870903
Missed:     19/250=0.0760
FalseAlarm: 1/1000=0.0010
----------------------------------------------
==> CostDetection: 8.5
==============================================
